[0.029s] Invoking command in '/home/agonb/Desktop/Robotica1-26/robotics/final_ws/build/warehouse_gazebo': DEBUGINFOD_URLS=https://debuginfod.ubuntu.com /usr/bin/cmake /home/agonb/Desktop/Robotica1-26/robotics/final_ws/src/warehouse_gazebo -DCATKIN_INSTALL_INTO_PREFIX_ROOT=0 -DCATKIN_SYMLINK_INSTALL=ON -DCMAKE_INSTALL_PREFIX=/home/agonb/Desktop/Robotica1-26/robotics/final_ws/install/warehouse_gazebo
[0.050s] -- Found ament_cmake: 2.5.6 (/opt/ros/jazzy/share/ament_cmake/cmake)
[0.452s] -- Configuring done (0.4s)
[0.456s] -- Generating done (0.0s)
[0.465s] -- Build files have been written to: /home/agonb/Desktop/Robotica1-26/robotics/final_ws/build/warehouse_gazebo
[0.473s] Invoked command in '/home/agonb/Desktop/Robotica1-26/robotics/final_ws/build/warehouse_gazebo' returned '0': DEBUGINFOD_URLS=https://debuginfod.ubuntu.com /usr/bin/cmake /home/agonb/Desktop/Robotica1-26/robotics/final_ws/src/warehouse_gazebo -DCATKIN_INSTALL_INTO_PREFIX_ROOT=0 -DCATKIN_SYMLINK_INSTALL=ON -DCMAKE_INSTALL_PREFIX=/home/agonb/Desktop/Robotica1-26/robotics/final_ws/install/warehouse_gazebo
[0.474s] Invoking command in '/home/agonb/Desktop/Robotica1-26/robotics/final_ws/build/warehouse_gazebo': DEBUGINFOD_URLS=https://debuginfod.ubuntu.com /usr/bin/cmake --build /home/agonb/Desktop/Robotica1-26/robotics/final_ws/build/warehouse_gazebo -- -j12 -l12
[0.519s] Invoked command in '/home/agonb/Desktop/Robotica1-26/robotics/final_ws/build/warehouse_gazebo' returned '0': DEBUGINFOD_URLS=https://debuginfod.ubuntu.com /usr/bin/cmake --build /home/agonb/Desktop/Robotica1-26/robotics/final_ws/build/warehouse_gazebo -- -j12 -l12
[0.520s] Invoking command in '/home/agonb/Desktop/Robotica1-26/robotics/final_ws/build/warehouse_gazebo': DEBUGINFOD_URLS=https://debuginfod.ubuntu.com /usr/bin/cmake --install /home/agonb/Desktop/Robotica1-26/robotics/final_ws/build/warehouse_gazebo
[0.531s] -- Install configuration: ""
[0.531s] -- Up-to-date: /home/agonb/Desktop/Robotica1-26/robotics/final_ws/install/warehouse_gazebo/share/warehouse_gazebo/worlds
[0.532s] -- Up-to-date: /home/agonb/Desktop/Robotica1-26/robotics/final_ws/install/warehouse_gazebo/share/warehouse_gazebo/worlds/warehouse_level2.world
[0.532s] -- Up-to-date: /home/agonb/Desktop/Robotica1-26/robotics/final_ws/install/warehouse_gazebo/share/warehouse_gazebo/models
[0.532s] -- Up-to-date: /home/agonb/Desktop/Robotica1-26/robotics/final_ws/install/warehouse_gazebo/share/warehouse_gazebo/models/shelf
[0.532s] -- Up-to-date: /home/agonb/Desktop/Robotica1-26/robotics/final_ws/install/warehouse_gazebo/share/warehouse_gazebo/models/shelf/model.sdf
[0.532s] -- Up-to-date: /home/agonb/Desktop/Robotica1-26/robotics/final_ws/install/warehouse_gazebo/share/warehouse_gazebo/models/shelf/model.config
[0.532s] -- Up-to-date: /home/agonb/Desktop/Robotica1-26/robotics/final_ws/install/warehouse_gazebo/share/warehouse_gazebo/models/product_box
[0.532s] -- Up-to-date: /home/agonb/Desktop/Robotica1-26/robotics/final_ws/install/warehouse_gazebo/share/warehouse_gazebo/models/product_box/model.sdf
[0.532s] -- Up-to-date: /home/agonb/Desktop/Robotica1-26/robotics/final_ws/install/warehouse_gazebo/share/warehouse_gazebo/models/product_box/model.config
[0.532s] -- Up-to-date: /home/agonb/Desktop/Robotica1-26/robotics/final_ws/install/warehouse_gazebo/share/warehouse_gazebo/launch
[0.532s] -- Up-to-date: /home/agonb/Desktop/Robotica1-26/robotics/final_ws/install/warehouse_gazebo/share/warehouse_gazebo/launch/warehouse.launch.py
[0.533s] -- Up-to-date: /home/agonb/Desktop/Robotica1-26/robotics/final_ws/install/warehouse_gazebo/share/ament_index/resource_index/package_run_dependencies/warehouse_gazebo
[0.533s] -- Installing: /home/agonb/Desktop/Robotica1-26/robotics/final_ws/install/warehouse_gazebo/share/ament_index/resource_index/parent_prefix_path/warehouse_gazebo
[0.533s] -- Up-to-date: /home/agonb/Desktop/Robotica1-26/robotics/final_ws/install/warehouse_gazebo/share/warehouse_gazebo/environment/ament_prefix_path.sh
[0.533s] -- Up-to-date: /home/agonb/Desktop/Robotica1-26/robotics/final_ws/install/warehouse_gazebo/share/warehouse_gazebo/environment/ament_prefix_path.dsv
[0.533s] -- Up-to-date: /home/agonb/Desktop/Robotica1-26/robotics/final_ws/install/warehouse_gazebo/share/warehouse_gazebo/environment/path.sh
[0.534s] -- Up-to-date: /home/agonb/Desktop/Robotica1-26/robotics/final_ws/install/warehouse_gazebo/share/warehouse_gazebo/environment/path.dsv
[0.534s] -- Up-to-date: /home/agonb/Desktop/Robotica1-26/robotics/final_ws/install/warehouse_gazebo/share/warehouse_gazebo/local_setup.bash
[0.534s] -- Up-to-date: /home/agonb/Desktop/Robotica1-26/robotics/final_ws/install/warehouse_gazebo/share/warehouse_gazebo/local_setup.sh
[0.535s] -- Up-to-date: /home/agonb/Desktop/Robotica1-26/robotics/final_ws/install/warehouse_gazebo/share/warehouse_gazebo/local_setup.zsh
[0.535s] -- Up-to-date: /home/agonb/Desktop/Robotica1-26/robotics/final_ws/install/warehouse_gazebo/share/warehouse_gazebo/local_setup.dsv
[0.535s] -- Installing: /home/agonb/Desktop/Robotica1-26/robotics/final_ws/install/warehouse_gazebo/share/warehouse_gazebo/package.dsv
[0.535s] -- Up-to-date: /home/agonb/Desktop/Robotica1-26/robotics/final_ws/install/warehouse_gazebo/share/ament_index/resource_index/packages/warehouse_gazebo
[0.536s] -- Up-to-date: /home/agonb/Desktop/Robotica1-26/robotics/final_ws/install/warehouse_gazebo/share/warehouse_gazebo/cmake/warehouse_gazeboConfig.cmake
[0.536s] -- Up-to-date: /home/agonb/Desktop/Robotica1-26/robotics/final_ws/install/warehouse_gazebo/share/warehouse_gazebo/cmake/warehouse_gazeboConfig-version.cmake
[0.536s] -- Up-to-date: /home/agonb/Desktop/Robotica1-26/robotics/final_ws/install/warehouse_gazebo/share/warehouse_gazebo/package.xml
[0.560s] Invoked command in '/home/agonb/Desktop/Robotica1-26/robotics/final_ws/build/warehouse_gazebo' returned '0': DEBUGINFOD_URLS=https://debuginfod.ubuntu.com /usr/bin/cmake --install /home/agonb/Desktop/Robotica1-26/robotics/final_ws/build/warehouse_gazebo
