[0.025s] Invoking command in '/home/agonb/Desktop/Robotica1-26/robotics/final_ws/build/robot_amr_description': CMAKE_PREFIX_PATH=${CMAKE_PREFIX_PATH}:/opt/ros/jazzy DEBUGINFOD_URLS=https://debuginfod.ubuntu.com /usr/bin/cmake --build /home/agonb/Desktop/Robotica1-26/robotics/final_ws/build/robot_amr_description -- -j12 -l12
[0.065s] Invoked command in '/home/agonb/Desktop/Robotica1-26/robotics/final_ws/build/robot_amr_description' returned '0': CMAKE_PREFIX_PATH=${CMAKE_PREFIX_PATH}:/opt/ros/jazzy DEBUGINFOD_URLS=https://debuginfod.ubuntu.com /usr/bin/cmake --build /home/agonb/Desktop/Robotica1-26/robotics/final_ws/build/robot_amr_description -- -j12 -l12
[0.066s] Invoking command in '/home/agonb/Desktop/Robotica1-26/robotics/final_ws/build/robot_amr_description': CMAKE_PREFIX_PATH=${CMAKE_PREFIX_PATH}:/opt/ros/jazzy DEBUGINFOD_URLS=https://debuginfod.ubuntu.com /usr/bin/cmake --install /home/agonb/Desktop/Robotica1-26/robotics/final_ws/build/robot_amr_description
[0.080s] -- Install configuration: ""
[0.083s] -- Execute custom install script
[0.083s] -- Up-to-date symlink: /home/agonb/Desktop/Robotica1-26/robotics/final_ws/install/robot_amr_description/share/robot_amr_description/urdf/amr.urdf.xacro
[0.084s] -- Up-to-date symlink: /home/agonb/Desktop/Robotica1-26/robotics/final_ws/install/robot_amr_description/share/robot_amr_description/urdf/amr_base.xacro
[0.084s] -- Up-to-date symlink: /home/agonb/Desktop/Robotica1-26/robotics/final_ws/install/robot_amr_description/share/robot_amr_description/urdf/arm.xacro
[0.088s] -- Up-to-date symlink: /home/agonb/Desktop/Robotica1-26/robotics/final_ws/install/robot_amr_description/share/robot_amr_description/urdf/gazebo.xacro
[0.089s] -- Up-to-date symlink: /home/agonb/Desktop/Robotica1-26/robotics/final_ws/install/robot_amr_description/share/robot_amr_description/urdf/robot.urdf.xacro
[0.089s] -- Up-to-date symlink: /home/agonb/Desktop/Robotica1-26/robotics/final_ws/install/robot_amr_description/share/robot_amr_description/urdf/robot_amr_manipulator.urdf.xacro
[0.089s] -- Up-to-date symlink: /home/agonb/Desktop/Robotica1-26/robotics/final_ws/install/robot_amr_description/share/robot_amr_description/urdf/ros2_control.xacro
[0.089s] -- Up-to-date symlink: /home/agonb/Desktop/Robotica1-26/robotics/final_ws/install/robot_amr_description/share/robot_amr_description/urdf/sensors.xacro
[0.090s] -- Up-to-date symlink: /home/agonb/Desktop/Robotica1-26/robotics/final_ws/install/robot_amr_description/share/robot_amr_description/launch/display.launch.py
[0.090s] -- Up-to-date symlink: /home/agonb/Desktop/Robotica1-26/robotics/final_ws/install/robot_amr_description/share/robot_amr_description/launch/gazebo.launch.py
[0.090s] -- Up-to-date symlink: /home/agonb/Desktop/Robotica1-26/robotics/final_ws/install/robot_amr_description/lib/robot_amr_description/read_camera.py
[0.090s] -- Up-to-date symlink: /home/agonb/Desktop/Robotica1-26/robotics/final_ws/install/robot_amr_description/share/ament_index/resource_index/package_run_dependencies/robot_amr_description
[0.090s] -- Up-to-date symlink: /home/agonb/Desktop/Robotica1-26/robotics/final_ws/install/robot_amr_description/share/ament_index/resource_index/parent_prefix_path/robot_amr_description
[0.098s] -- Up-to-date symlink: /home/agonb/Desktop/Robotica1-26/robotics/final_ws/install/robot_amr_description/share/robot_amr_description/environment/ament_prefix_path.sh
[0.103s] -- Up-to-date symlink: /home/agonb/Desktop/Robotica1-26/robotics/final_ws/install/robot_amr_description/share/robot_amr_description/environment/ament_prefix_path.dsv
[0.103s] -- Up-to-date symlink: /home/agonb/Desktop/Robotica1-26/robotics/final_ws/install/robot_amr_description/share/robot_amr_description/environment/path.sh
[0.103s] -- Up-to-date symlink: /home/agonb/Desktop/Robotica1-26/robotics/final_ws/install/robot_amr_description/share/robot_amr_description/environment/path.dsv
[0.103s] -- Up-to-date symlink: /home/agonb/Desktop/Robotica1-26/robotics/final_ws/install/robot_amr_description/share/robot_amr_description/local_setup.bash
[0.103s] -- Up-to-date symlink: /home/agonb/Desktop/Robotica1-26/robotics/final_ws/install/robot_amr_description/share/robot_amr_description/local_setup.sh
[0.103s] -- Up-to-date symlink: /home/agonb/Desktop/Robotica1-26/robotics/final_ws/install/robot_amr_description/share/robot_amr_description/local_setup.zsh
[0.103s] -- Up-to-date symlink: /home/agonb/Desktop/Robotica1-26/robotics/final_ws/install/robot_amr_description/share/robot_amr_description/local_setup.dsv
[0.103s] -- Symlinking: /home/agonb/Desktop/Robotica1-26/robotics/final_ws/install/robot_amr_description/share/robot_amr_description/package.dsv
[0.117s] -- Up-to-date symlink: /home/agonb/Desktop/Robotica1-26/robotics/final_ws/install/robot_amr_description/share/ament_index/resource_index/packages/robot_amr_description
[0.117s] -- Up-to-date symlink: /home/agonb/Desktop/Robotica1-26/robotics/final_ws/install/robot_amr_description/share/robot_amr_description/cmake/robot_amr_descriptionConfig.cmake
[0.117s] -- Up-to-date symlink: /home/agonb/Desktop/Robotica1-26/robotics/final_ws/install/robot_amr_description/share/robot_amr_description/cmake/robot_amr_descriptionConfig-version.cmake
[0.117s] -- Up-to-date symlink: /home/agonb/Desktop/Robotica1-26/robotics/final_ws/install/robot_amr_description/share/robot_amr_description/package.xml
[0.160s] Invoked command in '/home/agonb/Desktop/Robotica1-26/robotics/final_ws/build/robot_amr_description' returned '0': CMAKE_PREFIX_PATH=${CMAKE_PREFIX_PATH}:/opt/ros/jazzy DEBUGINFOD_URLS=https://debuginfod.ubuntu.com /usr/bin/cmake --install /home/agonb/Desktop/Robotica1-26/robotics/final_ws/build/robot_amr_description
