-- Found ament_cmake: 2.5.6 (/opt/ros/jazzy/share/ament_cmake/cmake)
-- Override CMake install command with custom implementation using symlinks instead of copying resources
-- Found rclcpp: 28.1.21 (/opt/ros/jazzy/share/rclcpp/cmake)
-- Found rosidl_generator_c: 4.6.9 (/opt/ros/jazzy/share/rosidl_generator_c/cmake)
-- Found rosidl_generator_cpp: 4.6.9 (/opt/ros/jazzy/share/rosidl_generator_cpp/cmake)
-- Using all available rosidl_typesupport_c: rosidl_typesupport_fastrtps_c;rosidl_typesupport_introspection_c
-- Using all available rosidl_typesupport_cpp: rosidl_typesupport_fastrtps_cpp;rosidl_typesupport_introspection_cpp
-- Found rmw_implementation_cmake: 7.3.3 (/opt/ros/jazzy/share/rmw_implementation_cmake/cmake)
-- Found rmw_fastrtps_cpp: 8.4.4 (/opt/ros/jazzy/share/rmw_fastrtps_cpp/cmake)
-- Using RMW implementation 'rmw_fastrtps_cpp' as default
-- Found warehouse_interfaces: 0.1.0 (/home/agonb/Desktop/Robotica1-26/robotics/final_ws/install/warehouse_interfaces/share/warehouse_interfaces/cmake)
-- Found ament_cmake_gtest: 2.5.6 (/opt/ros/jazzy/share/ament_cmake_gtest/cmake)
-- Found gtest sources under '/opt/ros/jazzy/src/gtest_vendor': C++ tests using 'Google Test' will be built
-- Configuring done (1.5s)
-- Generating done (0.0s)
-- Build files have been written to: /home/agonb/Desktop/Robotica1-26/robotics/final_ws/build/warehouse_inventory
[ 10%] [32mBuilding CXX object CMakeFiles/inventory_store.dir/src/inventory_store.cpp.o[0m
[ 20%] [32m[1mLinking CXX static library libinventory_store.a[0m
[ 20%] Built target inventory_store
[ 40%] Built target gtest
[ 50%] [32mBuilding CXX object CMakeFiles/inventory_manager.dir/src/inventory_manager.cpp.o[0m
[ 60%] [32m[1mLinking CXX executable inventory_manager[0m
[ 60%] Built target inventory_manager
[ 80%] Built target gtest_main
[ 90%] [32mBuilding CXX object CMakeFiles/test_inventory_store.dir/test/test_inventory_store.cpp.o[0m
[100%] [32m[1mLinking CXX executable test_inventory_store[0m
[100%] Built target test_inventory_store
-- Install configuration: ""
-- Execute custom install script
-- Up-to-date symlink: /home/agonb/Desktop/Robotica1-26/robotics/final_ws/install/warehouse_inventory/lib/libinventory_store.a
-- Up-to-date symlink: /home/agonb/Desktop/Robotica1-26/robotics/final_ws/install/warehouse_inventory/lib/warehouse_inventory/inventory_manager
-- Up-to-date symlink: /home/agonb/Desktop/Robotica1-26/robotics/final_ws/install/warehouse_inventory/include/warehouse_inventory/inventory_store.hpp
-- Up-to-date symlink: /home/agonb/Desktop/Robotica1-26/robotics/final_ws/install/warehouse_inventory/share/warehouse_inventory/launch/inventory_manager.launch.py
-- Up-to-date symlink: /home/agonb/Desktop/Robotica1-26/robotics/final_ws/install/warehouse_inventory/share/ament_index/resource_index/package_run_dependencies/warehouse_inventory
-- Up-to-date symlink: /home/agonb/Desktop/Robotica1-26/robotics/final_ws/install/warehouse_inventory/share/ament_index/resource_index/parent_prefix_path/warehouse_inventory
-- Up-to-date symlink: /home/agonb/Desktop/Robotica1-26/robotics/final_ws/install/warehouse_inventory/share/warehouse_inventory/environment/ament_prefix_path.sh
-- Up-to-date symlink: /home/agonb/Desktop/Robotica1-26/robotics/final_ws/install/warehouse_inventory/share/warehouse_inventory/environment/ament_prefix_path.dsv
-- Up-to-date symlink: /home/agonb/Desktop/Robotica1-26/robotics/final_ws/install/warehouse_inventory/share/warehouse_inventory/environment/path.sh
-- Up-to-date symlink: /home/agonb/Desktop/Robotica1-26/robotics/final_ws/install/warehouse_inventory/share/warehouse_inventory/environment/path.dsv
-- Up-to-date symlink: /home/agonb/Desktop/Robotica1-26/robotics/final_ws/install/warehouse_inventory/share/warehouse_inventory/local_setup.bash
-- Up-to-date symlink: /home/agonb/Desktop/Robotica1-26/robotics/final_ws/install/warehouse_inventory/share/warehouse_inventory/local_setup.sh
-- Up-to-date symlink: /home/agonb/Desktop/Robotica1-26/robotics/final_ws/install/warehouse_inventory/share/warehouse_inventory/local_setup.zsh
-- Up-to-date symlink: /home/agonb/Desktop/Robotica1-26/robotics/final_ws/install/warehouse_inventory/share/warehouse_inventory/local_setup.dsv
-- Symlinking: /home/agonb/Desktop/Robotica1-26/robotics/final_ws/install/warehouse_inventory/share/warehouse_inventory/package.dsv
-- Up-to-date symlink: /home/agonb/Desktop/Robotica1-26/robotics/final_ws/install/warehouse_inventory/share/ament_index/resource_index/packages/warehouse_inventory
-- Up-to-date symlink: /home/agonb/Desktop/Robotica1-26/robotics/final_ws/install/warehouse_inventory/share/warehouse_inventory/cmake/warehouse_inventoryConfig.cmake
-- Up-to-date symlink: /home/agonb/Desktop/Robotica1-26/robotics/final_ws/install/warehouse_inventory/share/warehouse_inventory/cmake/warehouse_inventoryConfig-version.cmake
-- Up-to-date symlink: /home/agonb/Desktop/Robotica1-26/robotics/final_ws/install/warehouse_inventory/share/warehouse_inventory/package.xml
