[0.016s] Invoking command in '/home/agonb/Desktop/Robotica1-26/robotics/final_ws/build/warehouse_interfaces': CMAKE_PREFIX_PATH=${CMAKE_PREFIX_PATH}:/opt/ros/jazzy DEBUGINFOD_URLS=https://debuginfod.ubuntu.com /usr/bin/cmake /home/agonb/Desktop/Robotica1-26/robotics/final_ws/src/warehouse_interfaces -DAMENT_CMAKE_SYMLINK_INSTALL=1 -DCMAKE_INSTALL_PREFIX=/home/agonb/Desktop/Robotica1-26/robotics/final_ws/install/warehouse_interfaces
[0.030s] -- Found ament_cmake: 2.5.6 (/opt/ros/jazzy/share/ament_cmake/cmake)
[0.112s] -- Override CMake install command with custom implementation using symlinks instead of copying resources
[0.116s] -- Found rosidl_default_generators: 1.6.1 (/opt/ros/jazzy/share/rosidl_default_generators/cmake)
[0.117s] -- Using all available rosidl_typesupport_c: rosidl_typesupport_fastrtps_c;rosidl_typesupport_introspection_c
[0.140s] -- Using all available rosidl_typesupport_cpp: rosidl_typesupport_fastrtps_cpp;rosidl_typesupport_introspection_cpp
[0.159s] -- Found rosidl_adapter: 4.6.9 (/opt/ros/jazzy/share/rosidl_adapter/cmake)
[0.339s] -- Found ament_cmake_ros: 0.12.1 (/opt/ros/jazzy/share/ament_cmake_ros/cmake)
[0.409s] -- Using all available rosidl_typesupport_c: rosidl_typesupport_fastrtps_c;rosidl_typesupport_introspection_c
[0.517s] -- Using all available rosidl_typesupport_cpp: rosidl_typesupport_fastrtps_cpp;rosidl_typesupport_introspection_cpp
[0.518s] -- Found python_cmake_module: 0.11.1 (/opt/ros/jazzy/share/python_cmake_module/cmake)
[0.762s] -- Found Python3: /usr/bin/python3 (found version "3.12.3") found components: Interpreter Development NumPy Development.Module Development.Embed 
[0.856s] -- Found Python3: /usr/bin/python3 (found version "3.12.3") found components: Interpreter 
[0.919s] -- Configuring done (0.9s)
[0.955s] -- Generating done (0.0s)
[0.963s] -- Build files have been written to: /home/agonb/Desktop/Robotica1-26/robotics/final_ws/build/warehouse_interfaces
[0.969s] Invoked command in '/home/agonb/Desktop/Robotica1-26/robotics/final_ws/build/warehouse_interfaces' returned '0': CMAKE_PREFIX_PATH=${CMAKE_PREFIX_PATH}:/opt/ros/jazzy DEBUGINFOD_URLS=https://debuginfod.ubuntu.com /usr/bin/cmake /home/agonb/Desktop/Robotica1-26/robotics/final_ws/src/warehouse_interfaces -DAMENT_CMAKE_SYMLINK_INSTALL=1 -DCMAKE_INSTALL_PREFIX=/home/agonb/Desktop/Robotica1-26/robotics/final_ws/install/warehouse_interfaces
[0.970s] Invoking command in '/home/agonb/Desktop/Robotica1-26/robotics/final_ws/build/warehouse_interfaces': CMAKE_PREFIX_PATH=${CMAKE_PREFIX_PATH}:/opt/ros/jazzy DEBUGINFOD_URLS=https://debuginfod.ubuntu.com /usr/bin/cmake --build /home/agonb/Desktop/Robotica1-26/robotics/final_ws/build/warehouse_interfaces -- -j12 -l12
[1.017s] [  1%] Built target warehouse_interfaces__rs
[1.017s] [  1%] Built target warehouse_interfaces__rosidl_generator_type_description
[1.023s] [  1%] Built target ament_cmake_python_symlink_warehouse_interfaces
[1.033s] [  1%] Built target warehouse_interfaces__cpp
[1.050s] [ 27%] Built target warehouse_interfaces__rosidl_generator_c
[1.069s] [ 45%] Built target warehouse_interfaces__rosidl_typesupport_introspection_c
[1.069s] [ 46%] Built target warehouse_interfaces__rosidl_typesupport_c
[1.081s] [ 56%] Built target warehouse_interfaces__rosidl_typesupport_introspection_cpp
[1.082s] [ 69%] Built target warehouse_interfaces__rosidl_typesupport_fastrtps_cpp
[1.083s] [ 75%] Built target warehouse_interfaces__rosidl_typesupport_fastrtps_c
[1.084s] [ 85%] Built target warehouse_interfaces__rosidl_typesupport_cpp
[1.104s] [ 85%] Built target warehouse_interfaces
[1.124s] [ 86%] Built target warehouse_interfaces__py
[1.153s] [ 95%] Built target warehouse_interfaces__rosidl_generator_py
[1.171s] [ 97%] Built target warehouse_interfaces_s__rosidl_typesupport_introspection_c
[1.174s] [ 98%] Built target warehouse_interfaces_s__rosidl_typesupport_c
[1.177s] [100%] Built target warehouse_interfaces_s__rosidl_typesupport_fastrtps_c
[1.199s] running egg_info
[1.212s] writing warehouse_interfaces.egg-info/PKG-INFO
[1.212s] writing dependency_links to warehouse_interfaces.egg-info/dependency_links.txt
[1.212s] writing top-level names to warehouse_interfaces.egg-info/top_level.txt
[1.250s] reading manifest file 'warehouse_interfaces.egg-info/SOURCES.txt'
[1.250s] writing manifest file 'warehouse_interfaces.egg-info/SOURCES.txt'
[1.271s] [100%] Built target ament_cmake_python_build_warehouse_interfaces_egg
[1.280s] Invoked command in '/home/agonb/Desktop/Robotica1-26/robotics/final_ws/build/warehouse_interfaces' returned '0': CMAKE_PREFIX_PATH=${CMAKE_PREFIX_PATH}:/opt/ros/jazzy DEBUGINFOD_URLS=https://debuginfod.ubuntu.com /usr/bin/cmake --build /home/agonb/Desktop/Robotica1-26/robotics/final_ws/build/warehouse_interfaces -- -j12 -l12
[1.280s] Invoking command in '/home/agonb/Desktop/Robotica1-26/robotics/final_ws/build/warehouse_interfaces': CMAKE_PREFIX_PATH=${CMAKE_PREFIX_PATH}:/opt/ros/jazzy DEBUGINFOD_URLS=https://debuginfod.ubuntu.com /usr/bin/cmake --install /home/agonb/Desktop/Robotica1-26/robotics/final_ws/build/warehouse_interfaces
[1.286s] -- Install configuration: ""
[1.286s] -- Execute custom install script
[1.286s] -- Up-to-date symlink: /home/agonb/Desktop/Robotica1-26/robotics/final_ws/install/warehouse_interfaces/share/ament_index/resource_index/rosidl_interfaces/warehouse_interfaces
[1.286s] -- Up-to-date symlink: /home/agonb/Desktop/Robotica1-26/robotics/final_ws/install/warehouse_interfaces/share/warehouse_interfaces/msg/DetectedProduct.json
[1.286s] -- Up-to-date symlink: /home/agonb/Desktop/Robotica1-26/robotics/final_ws/install/warehouse_interfaces/share/warehouse_interfaces/msg/ProductRecord.json
[1.287s] -- Up-to-date symlink: /home/agonb/Desktop/Robotica1-26/robotics/final_ws/install/warehouse_interfaces/share/warehouse_interfaces/msg/StorageLocation.json
[1.287s] -- Up-to-date symlink: /home/agonb/Desktop/Robotica1-26/robotics/final_ws/install/warehouse_interfaces/share/warehouse_interfaces/srv/RegisterProduct.json
[1.287s] -- Up-to-date symlink: /home/agonb/Desktop/Robotica1-26/robotics/final_ws/install/warehouse_interfaces/share/warehouse_interfaces/srv/AssignStorageLocation.json
[1.287s] -- Up-to-date symlink: /home/agonb/Desktop/Robotica1-26/robotics/final_ws/install/warehouse_interfaces/share/warehouse_interfaces/srv/UpdateInventory.json
[1.287s] -- Up-to-date symlink: /home/agonb/Desktop/Robotica1-26/robotics/final_ws/install/warehouse_interfaces/share/warehouse_interfaces/srv/PlaceProduct.json
[1.287s] -- Up-to-date symlink: /home/agonb/Desktop/Robotica1-26/robotics/final_ws/install/warehouse_interfaces/share/warehouse_interfaces/srv/PickProduct.json
[1.287s] -- Up-to-date symlink: /home/agonb/Desktop/Robotica1-26/robotics/final_ws/install/warehouse_interfaces/share/warehouse_interfaces/srv/SpawnProduct.json
[1.287s] -- Up-to-date symlink: /home/agonb/Desktop/Robotica1-26/robotics/final_ws/install/warehouse_interfaces/share/warehouse_interfaces/action/ExecuteStorageMission.json
[1.288s] -- Up-to-date symlink: /home/agonb/Desktop/Robotica1-26/robotics/final_ws/install/warehouse_interfaces/include/warehouse_interfaces/warehouse_interfaces/action/detail/execute_storage_mission__functions.h
[1.288s] -- Up-to-date symlink: /home/agonb/Desktop/Robotica1-26/robotics/final_ws/install/warehouse_interfaces/include/warehouse_interfaces/warehouse_interfaces/action/detail/execute_storage_mission__struct.h
[1.288s] -- Up-to-date symlink: /home/agonb/Desktop/Robotica1-26/robotics/final_ws/install/warehouse_interfaces/include/warehouse_interfaces/warehouse_interfaces/action/detail/execute_storage_mission__type_support.h
[1.288s] -- Up-to-date symlink: /home/agonb/Desktop/Robotica1-26/robotics/final_ws/install/warehouse_interfaces/include/warehouse_interfaces/warehouse_interfaces/action/execute_storage_mission.h
[1.288s] -- Up-to-date symlink: /home/agonb/Desktop/Robotica1-26/robotics/final_ws/install/warehouse_interfaces/include/warehouse_interfaces/warehouse_interfaces/msg/detail/detected_product__functions.h
[1.288s] -- Up-to-date symlink: /home/agonb/Desktop/Robotica1-26/robotics/final_ws/install/warehouse_interfaces/include/warehouse_interfaces/warehouse_interfaces/msg/detail/detected_product__struct.h
[1.288s] -- Up-to-date symlink: /home/agonb/Desktop/Robotica1-26/robotics/final_ws/install/warehouse_interfaces/include/warehouse_interfaces/warehouse_interfaces/msg/detail/detected_product__type_support.h
[1.288s] -- Up-to-date symlink: /home/agonb/Desktop/Robotica1-26/robotics/final_ws/install/warehouse_interfaces/include/warehouse_interfaces/warehouse_interfaces/msg/detail/product_record__functions.h
[1.288s] -- Up-to-date symlink: /home/agonb/Desktop/Robotica1-26/robotics/final_ws/install/warehouse_interfaces/include/warehouse_interfaces/warehouse_interfaces/msg/detail/product_record__struct.h
[1.288s] -- Up-to-date symlink: /home/agonb/Desktop/Robotica1-26/robotics/final_ws/install/warehouse_interfaces/include/warehouse_interfaces/warehouse_interfaces/msg/detail/product_record__type_support.h
[1.288s] -- Up-to-date symlink: /home/agonb/Desktop/Robotica1-26/robotics/final_ws/install/warehouse_interfaces/include/warehouse_interfaces/warehouse_interfaces/msg/detail/storage_location__functions.h
[1.288s] -- Up-to-date symlink: /home/agonb/Desktop/Robotica1-26/robotics/final_ws/install/warehouse_interfaces/include/warehouse_interfaces/warehouse_interfaces/msg/detail/storage_location__struct.h
[1.288s] -- Up-to-date symlink: /home/agonb/Desktop/Robotica1-26/robotics/final_ws/install/warehouse_interfaces/include/warehouse_interfaces/warehouse_interfaces/msg/detail/storage_location__type_support.h
[1.288s] -- Up-to-date symlink: /home/agonb/Desktop/Robotica1-26/robotics/final_ws/install/warehouse_interfaces/include/warehouse_interfaces/warehouse_interfaces/msg/detected_product.h
[1.288s] -- Up-to-date symlink: /home/agonb/Desktop/Robotica1-26/robotics/final_ws/install/warehouse_interfaces/include/warehouse_interfaces/warehouse_interfaces/msg/product_record.h
[1.288s] -- Up-to-date symlink: /home/agonb/Desktop/Robotica1-26/robotics/final_ws/install/warehouse_interfaces/include/warehouse_interfaces/warehouse_interfaces/msg/rosidl_generator_c__visibility_control.h
[1.288s] -- Up-to-date symlink: /home/agonb/Desktop/Robotica1-26/robotics/final_ws/install/warehouse_interfaces/include/warehouse_interfaces/warehouse_interfaces/msg/storage_location.h
[1.288s] -- Up-to-date symlink: /home/agonb/Desktop/Robotica1-26/robotics/final_ws/install/warehouse_interfaces/include/warehouse_interfaces/warehouse_interfaces/srv/assign_storage_location.h
[1.288s] -- Up-to-date symlink: /home/agonb/Desktop/Robotica1-26/robotics/final_ws/install/warehouse_interfaces/include/warehouse_interfaces/warehouse_interfaces/srv/detail/assign_storage_location__functions.h
[1.289s] -- Up-to-date symlink: /home/agonb/Desktop/Robotica1-26/robotics/final_ws/install/warehouse_interfaces/include/warehouse_interfaces/warehouse_interfaces/srv/detail/assign_storage_location__struct.h
[1.289s] -- Up-to-date symlink: /home/agonb/Desktop/Robotica1-26/robotics/final_ws/install/warehouse_interfaces/include/warehouse_interfaces/warehouse_interfaces/srv/detail/assign_storage_location__type_support.h
[1.289s] -- Up-to-date symlink: /home/agonb/Desktop/Robotica1-26/robotics/final_ws/install/warehouse_interfaces/include/warehouse_interfaces/warehouse_interfaces/srv/detail/pick_product__functions.h
[1.289s] -- Up-to-date symlink: /home/agonb/Desktop/Robotica1-26/robotics/final_ws/install/warehouse_interfaces/include/warehouse_interfaces/warehouse_interfaces/srv/detail/pick_product__struct.h
[1.289s] -- Up-to-date symlink: /home/agonb/Desktop/Robotica1-26/robotics/final_ws/install/warehouse_interfaces/include/warehouse_interfaces/warehouse_interfaces/srv/detail/pick_product__type_support.h
[1.289s] -- Up-to-date symlink: /home/agonb/Desktop/Robotica1-26/robotics/final_ws/install/warehouse_interfaces/include/warehouse_interfaces/warehouse_interfaces/srv/detail/place_product__functions.h
[1.289s] -- Up-to-date symlink: /home/agonb/Desktop/Robotica1-26/robotics/final_ws/install/warehouse_interfaces/include/warehouse_interfaces/warehouse_interfaces/srv/detail/place_product__struct.h
[1.289s] -- Up-to-date symlink: /home/agonb/Desktop/Robotica1-26/robotics/final_ws/install/warehouse_interfaces/include/warehouse_interfaces/warehouse_interfaces/srv/detail/place_product__type_support.h
[1.289s] -- Up-to-date symlink: /home/agonb/Desktop/Robotica1-26/robotics/final_ws/install/warehouse_interfaces/include/warehouse_interfaces/warehouse_interfaces/srv/detail/register_product__functions.h
[1.289s] -- Up-to-date symlink: /home/agonb/Desktop/Robotica1-26/robotics/final_ws/install/warehouse_interfaces/include/warehouse_interfaces/warehouse_interfaces/srv/detail/register_product__struct.h
[1.289s] -- Up-to-date symlink: /home/agonb/Desktop/Robotica1-26/robotics/final_ws/install/warehouse_interfaces/include/warehouse_interfaces/warehouse_interfaces/srv/detail/register_product__type_support.h
[1.289s] -- Up-to-date symlink: /home/agonb/Desktop/Robotica1-26/robotics/final_ws/install/warehouse_interfaces/include/warehouse_interfaces/warehouse_interfaces/srv/detail/spawn_product__functions.h
[1.289s] -- Up-to-date symlink: /home/agonb/Desktop/Robotica1-26/robotics/final_ws/install/warehouse_interfaces/include/warehouse_interfaces/warehouse_interfaces/srv/detail/spawn_product__struct.h
[1.289s] -- Up-to-date symlink: /home/agonb/Desktop/Robotica1-26/robotics/final_ws/install/warehouse_interfaces/include/warehouse_interfaces/warehouse_interfaces/srv/detail/spawn_product__type_support.h
[1.289s] -- Up-to-date symlink: /home/agonb/Desktop/Robotica1-26/robotics/final_ws/install/warehouse_interfaces/include/warehouse_interfaces/warehouse_interfaces/srv/detail/update_inventory__functions.h
[1.289s] -- Up-to-date symlink: /home/agonb/Desktop/Robotica1-26/robotics/final_ws/install/warehouse_interfaces/include/warehouse_interfaces/warehouse_interfaces/srv/detail/update_inventory__struct.h
[1.289s] -- Up-to-date symlink: /home/agonb/Desktop/Robotica1-26/robotics/final_ws/install/warehouse_interfaces/include/warehouse_interfaces/warehouse_interfaces/srv/detail/update_inventory__type_support.h
[1.289s] -- Up-to-date symlink: /home/agonb/Desktop/Robotica1-26/robotics/final_ws/install/warehouse_interfaces/include/warehouse_interfaces/warehouse_interfaces/srv/pick_product.h
[1.289s] -- Up-to-date symlink: /home/agonb/Desktop/Robotica1-26/robotics/final_ws/install/warehouse_interfaces/include/warehouse_interfaces/warehouse_interfaces/srv/place_product.h
[1.289s] -- Up-to-date symlink: /home/agonb/Desktop/Robotica1-26/robotics/final_ws/install/warehouse_interfaces/include/warehouse_interfaces/warehouse_interfaces/srv/register_product.h
[1.289s] -- Up-to-date symlink: /home/agonb/Desktop/Robotica1-26/robotics/final_ws/install/warehouse_interfaces/include/warehouse_interfaces/warehouse_interfaces/srv/spawn_product.h
[1.290s] -- Up-to-date symlink: /home/agonb/Desktop/Robotica1-26/robotics/final_ws/install/warehouse_interfaces/include/warehouse_interfaces/warehouse_interfaces/srv/update_inventory.h
[1.290s] -- Up-to-date symlink: /home/agonb/Desktop/Robotica1-26/robotics/final_ws/install/warehouse_interfaces/share/warehouse_interfaces/environment/library_path.sh
[1.290s] -- Up-to-date symlink: /home/agonb/Desktop/Robotica1-26/robotics/final_ws/install/warehouse_interfaces/share/warehouse_interfaces/environment/library_path.dsv
[1.290s] -- Up-to-date symlink: /home/agonb/Desktop/Robotica1-26/robotics/final_ws/install/warehouse_interfaces/include/warehouse_interfaces/warehouse_interfaces/action/detail/execute_storage_mission__rosidl_typesupport_fastrtps_c.h
[1.290s] -- Up-to-date symlink: /home/agonb/Desktop/Robotica1-26/robotics/final_ws/install/warehouse_interfaces/include/warehouse_interfaces/warehouse_interfaces/msg/detail/detected_product__rosidl_typesupport_fastrtps_c.h
[1.290s] -- Up-to-date symlink: /home/agonb/Desktop/Robotica1-26/robotics/final_ws/install/warehouse_interfaces/include/warehouse_interfaces/warehouse_interfaces/msg/detail/product_record__rosidl_typesupport_fastrtps_c.h
[1.290s] -- Up-to-date symlink: /home/agonb/Desktop/Robotica1-26/robotics/final_ws/install/warehouse_interfaces/include/warehouse_interfaces/warehouse_interfaces/msg/detail/storage_location__rosidl_typesupport_fastrtps_c.h
[1.290s] -- Up-to-date symlink: /home/agonb/Desktop/Robotica1-26/robotics/final_ws/install/warehouse_interfaces/include/warehouse_interfaces/warehouse_interfaces/msg/rosidl_typesupport_fastrtps_c__visibility_control.h
[1.290s] -- Up-to-date symlink: /home/agonb/Desktop/Robotica1-26/robotics/final_ws/install/warehouse_interfaces/include/warehouse_interfaces/warehouse_interfaces/srv/detail/assign_storage_location__rosidl_typesupport_fastrtps_c.h
[1.290s] -- Up-to-date symlink: /home/agonb/Desktop/Robotica1-26/robotics/final_ws/install/warehouse_interfaces/include/warehouse_interfaces/warehouse_interfaces/srv/detail/pick_product__rosidl_typesupport_fastrtps_c.h
[1.291s] -- Up-to-date symlink: /home/agonb/Desktop/Robotica1-26/robotics/final_ws/install/warehouse_interfaces/include/warehouse_interfaces/warehouse_interfaces/srv/detail/place_product__rosidl_typesupport_fastrtps_c.h
[1.291s] -- Up-to-date symlink: /home/agonb/Desktop/Robotica1-26/robotics/final_ws/install/warehouse_interfaces/include/warehouse_interfaces/warehouse_interfaces/srv/detail/register_product__rosidl_typesupport_fastrtps_c.h
[1.291s] -- Up-to-date symlink: /home/agonb/Desktop/Robotica1-26/robotics/final_ws/install/warehouse_interfaces/include/warehouse_interfaces/warehouse_interfaces/srv/detail/spawn_product__rosidl_typesupport_fastrtps_c.h
[1.291s] -- Up-to-date symlink: /home/agonb/Desktop/Robotica1-26/robotics/final_ws/install/warehouse_interfaces/include/warehouse_interfaces/warehouse_interfaces/srv/detail/update_inventory__rosidl_typesupport_fastrtps_c.h
[1.291s] -- Up-to-date symlink: /home/agonb/Desktop/Robotica1-26/robotics/final_ws/install/warehouse_interfaces/include/warehouse_interfaces/warehouse_interfaces/action/detail/execute_storage_mission__rosidl_typesupport_introspection_c.h
[1.291s] -- Up-to-date symlink: /home/agonb/Desktop/Robotica1-26/robotics/final_ws/install/warehouse_interfaces/include/warehouse_interfaces/warehouse_interfaces/msg/detail/detected_product__rosidl_typesupport_introspection_c.h
[1.291s] -- Up-to-date symlink: /home/agonb/Desktop/Robotica1-26/robotics/final_ws/install/warehouse_interfaces/include/warehouse_interfaces/warehouse_interfaces/msg/detail/product_record__rosidl_typesupport_introspection_c.h
[1.291s] -- Up-to-date symlink: /home/agonb/Desktop/Robotica1-26/robotics/final_ws/install/warehouse_interfaces/include/warehouse_interfaces/warehouse_interfaces/msg/detail/storage_location__rosidl_typesupport_introspection_c.h
[1.291s] -- Up-to-date symlink: /home/agonb/Desktop/Robotica1-26/robotics/final_ws/install/warehouse_interfaces/include/warehouse_interfaces/warehouse_interfaces/msg/rosidl_typesupport_introspection_c__visibility_control.h
[1.291s] -- Up-to-date symlink: /home/agonb/Desktop/Robotica1-26/robotics/final_ws/install/warehouse_interfaces/include/warehouse_interfaces/warehouse_interfaces/srv/detail/assign_storage_location__rosidl_typesupport_introspection_c.h
[1.291s] -- Up-to-date symlink: /home/agonb/Desktop/Robotica1-26/robotics/final_ws/install/warehouse_interfaces/include/warehouse_interfaces/warehouse_interfaces/srv/detail/pick_product__rosidl_typesupport_introspection_c.h
[1.291s] -- Up-to-date symlink: /home/agonb/Desktop/Robotica1-26/robotics/final_ws/install/warehouse_interfaces/include/warehouse_interfaces/warehouse_interfaces/srv/detail/place_product__rosidl_typesupport_introspection_c.h
[1.291s] -- Up-to-date symlink: /home/agonb/Desktop/Robotica1-26/robotics/final_ws/install/warehouse_interfaces/include/warehouse_interfaces/warehouse_interfaces/srv/detail/register_product__rosidl_typesupport_introspection_c.h
[1.291s] -- Up-to-date symlink: /home/agonb/Desktop/Robotica1-26/robotics/final_ws/install/warehouse_interfaces/include/warehouse_interfaces/warehouse_interfaces/srv/detail/spawn_product__rosidl_typesupport_introspection_c.h
[1.291s] -- Up-to-date symlink: /home/agonb/Desktop/Robotica1-26/robotics/final_ws/install/warehouse_interfaces/include/warehouse_interfaces/warehouse_interfaces/srv/detail/update_inventory__rosidl_typesupport_introspection_c.h
[1.292s] -- Up-to-date symlink: /home/agonb/Desktop/Robotica1-26/robotics/final_ws/install/warehouse_interfaces/include/warehouse_interfaces/warehouse_interfaces/action/detail/execute_storage_mission__builder.hpp
[1.292s] -- Up-to-date symlink: /home/agonb/Desktop/Robotica1-26/robotics/final_ws/install/warehouse_interfaces/include/warehouse_interfaces/warehouse_interfaces/action/detail/execute_storage_mission__struct.hpp
[1.292s] -- Up-to-date symlink: /home/agonb/Desktop/Robotica1-26/robotics/final_ws/install/warehouse_interfaces/include/warehouse_interfaces/warehouse_interfaces/action/detail/execute_storage_mission__traits.hpp
[1.292s] -- Up-to-date symlink: /home/agonb/Desktop/Robotica1-26/robotics/final_ws/install/warehouse_interfaces/include/warehouse_interfaces/warehouse_interfaces/action/detail/execute_storage_mission__type_support.hpp
[1.292s] -- Up-to-date symlink: /home/agonb/Desktop/Robotica1-26/robotics/final_ws/install/warehouse_interfaces/include/warehouse_interfaces/warehouse_interfaces/action/execute_storage_mission.hpp
[1.292s] -- Up-to-date symlink: /home/agonb/Desktop/Robotica1-26/robotics/final_ws/install/warehouse_interfaces/include/warehouse_interfaces/warehouse_interfaces/msg/detail/detected_product__builder.hpp
[1.292s] -- Up-to-date symlink: /home/agonb/Desktop/Robotica1-26/robotics/final_ws/install/warehouse_interfaces/include/warehouse_interfaces/warehouse_interfaces/msg/detail/detected_product__struct.hpp
[1.292s] -- Up-to-date symlink: /home/agonb/Desktop/Robotica1-26/robotics/final_ws/install/warehouse_interfaces/include/warehouse_interfaces/warehouse_interfaces/msg/detail/detected_product__traits.hpp
[1.292s] -- Up-to-date symlink: /home/agonb/Desktop/Robotica1-26/robotics/final_ws/install/warehouse_interfaces/include/warehouse_interfaces/warehouse_interfaces/msg/detail/detected_product__type_support.hpp
[1.292s] -- Up-to-date symlink: /home/agonb/Desktop/Robotica1-26/robotics/final_ws/install/warehouse_interfaces/include/warehouse_interfaces/warehouse_interfaces/msg/detail/product_record__builder.hpp
[1.292s] -- Up-to-date symlink: /home/agonb/Desktop/Robotica1-26/robotics/final_ws/install/warehouse_interfaces/include/warehouse_interfaces/warehouse_interfaces/msg/detail/product_record__struct.hpp
[1.292s] -- Up-to-date symlink: /home/agonb/Desktop/Robotica1-26/robotics/final_ws/install/warehouse_interfaces/include/warehouse_interfaces/warehouse_interfaces/msg/detail/product_record__traits.hpp
[1.292s] -- Up-to-date symlink: /home/agonb/Desktop/Robotica1-26/robotics/final_ws/install/warehouse_interfaces/include/warehouse_interfaces/warehouse_interfaces/msg/detail/product_record__type_support.hpp
[1.293s] -- Up-to-date symlink: /home/agonb/Desktop/Robotica1-26/robotics/final_ws/install/warehouse_interfaces/include/warehouse_interfaces/warehouse_interfaces/msg/detail/storage_location__builder.hpp
[1.293s] -- Up-to-date symlink: /home/agonb/Desktop/Robotica1-26/robotics/final_ws/install/warehouse_interfaces/include/warehouse_interfaces/warehouse_interfaces/msg/detail/storage_location__struct.hpp
[1.293s] -- Up-to-date symlink: /home/agonb/Desktop/Robotica1-26/robotics/final_ws/install/warehouse_interfaces/include/warehouse_interfaces/warehouse_interfaces/msg/detail/storage_location__traits.hpp
[1.293s] -- Up-to-date symlink: /home/agonb/Desktop/Robotica1-26/robotics/final_ws/install/warehouse_interfaces/include/warehouse_interfaces/warehouse_interfaces/msg/detail/storage_location__type_support.hpp
[1.293s] -- Up-to-date symlink: /home/agonb/Desktop/Robotica1-26/robotics/final_ws/install/warehouse_interfaces/include/warehouse_interfaces/warehouse_interfaces/msg/detected_product.hpp
[1.293s] -- Up-to-date symlink: /home/agonb/Desktop/Robotica1-26/robotics/final_ws/install/warehouse_interfaces/include/warehouse_interfaces/warehouse_interfaces/msg/product_record.hpp
[1.293s] -- Up-to-date symlink: /home/agonb/Desktop/Robotica1-26/robotics/final_ws/install/warehouse_interfaces/include/warehouse_interfaces/warehouse_interfaces/msg/rosidl_generator_cpp__visibility_control.hpp
[1.293s] -- Up-to-date symlink: /home/agonb/Desktop/Robotica1-26/robotics/final_ws/install/warehouse_interfaces/include/warehouse_interfaces/warehouse_interfaces/msg/storage_location.hpp
[1.293s] -- Up-to-date symlink: /home/agonb/Desktop/Robotica1-26/robotics/final_ws/install/warehouse_interfaces/include/warehouse_interfaces/warehouse_interfaces/srv/assign_storage_location.hpp
[1.293s] -- Up-to-date symlink: /home/agonb/Desktop/Robotica1-26/robotics/final_ws/install/warehouse_interfaces/include/warehouse_interfaces/warehouse_interfaces/srv/detail/assign_storage_location__builder.hpp
[1.293s] -- Up-to-date symlink: /home/agonb/Desktop/Robotica1-26/robotics/final_ws/install/warehouse_interfaces/include/warehouse_interfaces/warehouse_interfaces/srv/detail/assign_storage_location__struct.hpp
[1.293s] -- Up-to-date symlink: /home/agonb/Desktop/Robotica1-26/robotics/final_ws/install/warehouse_interfaces/include/warehouse_interfaces/warehouse_interfaces/srv/detail/assign_storage_location__traits.hpp
[1.293s] -- Up-to-date symlink: /home/agonb/Desktop/Robotica1-26/robotics/final_ws/install/warehouse_interfaces/include/warehouse_interfaces/warehouse_interfaces/srv/detail/assign_storage_location__type_support.hpp
[1.293s] -- Up-to-date symlink: /home/agonb/Desktop/Robotica1-26/robotics/final_ws/install/warehouse_interfaces/include/warehouse_interfaces/warehouse_interfaces/srv/detail/pick_product__builder.hpp
[1.293s] -- Up-to-date symlink: /home/agonb/Desktop/Robotica1-26/robotics/final_ws/install/warehouse_interfaces/include/warehouse_interfaces/warehouse_interfaces/srv/detail/pick_product__struct.hpp
[1.293s] -- Up-to-date symlink: /home/agonb/Desktop/Robotica1-26/robotics/final_ws/install/warehouse_interfaces/include/warehouse_interfaces/warehouse_interfaces/srv/detail/pick_product__traits.hpp
[1.293s] -- Up-to-date symlink: /home/agonb/Desktop/Robotica1-26/robotics/final_ws/install/warehouse_interfaces/include/warehouse_interfaces/warehouse_interfaces/srv/detail/pick_product__type_support.hpp
[1.293s] -- Up-to-date symlink: /home/agonb/Desktop/Robotica1-26/robotics/final_ws/install/warehouse_interfaces/include/warehouse_interfaces/warehouse_interfaces/srv/detail/place_product__builder.hpp
[1.293s] -- Up-to-date symlink: /home/agonb/Desktop/Robotica1-26/robotics/final_ws/install/warehouse_interfaces/include/warehouse_interfaces/warehouse_interfaces/srv/detail/place_product__struct.hpp
[1.293s] -- Up-to-date symlink: /home/agonb/Desktop/Robotica1-26/robotics/final_ws/install/warehouse_interfaces/include/warehouse_interfaces/warehouse_interfaces/srv/detail/place_product__traits.hpp
[1.294s] -- Up-to-date symlink: /home/agonb/Desktop/Robotica1-26/robotics/final_ws/install/warehouse_interfaces/include/warehouse_interfaces/warehouse_interfaces/srv/detail/place_product__type_support.hpp
[1.294s] -- Up-to-date symlink: /home/agonb/Desktop/Robotica1-26/robotics/final_ws/install/warehouse_interfaces/include/warehouse_interfaces/warehouse_interfaces/srv/detail/register_product__builder.hpp
[1.294s] -- Up-to-date symlink: /home/agonb/Desktop/Robotica1-26/robotics/final_ws/install/warehouse_interfaces/include/warehouse_interfaces/warehouse_interfaces/srv/detail/register_product__struct.hpp
[1.294s] -- Up-to-date symlink: /home/agonb/Desktop/Robotica1-26/robotics/final_ws/install/warehouse_interfaces/include/warehouse_interfaces/warehouse_interfaces/srv/detail/register_product__traits.hpp
[1.294s] -- Up-to-date symlink: /home/agonb/Desktop/Robotica1-26/robotics/final_ws/install/warehouse_interfaces/include/warehouse_interfaces/warehouse_interfaces/srv/detail/register_product__type_support.hpp
[1.294s] -- Up-to-date symlink: /home/agonb/Desktop/Robotica1-26/robotics/final_ws/install/warehouse_interfaces/include/warehouse_interfaces/warehouse_interfaces/srv/detail/spawn_product__builder.hpp
[1.294s] -- Up-to-date symlink: /home/agonb/Desktop/Robotica1-26/robotics/final_ws/install/warehouse_interfaces/include/warehouse_interfaces/warehouse_interfaces/srv/detail/spawn_product__struct.hpp
[1.294s] -- Up-to-date symlink: /home/agonb/Desktop/Robotica1-26/robotics/final_ws/install/warehouse_interfaces/include/warehouse_interfaces/warehouse_interfaces/srv/detail/spawn_product__traits.hpp
[1.294s] -- Up-to-date symlink: /home/agonb/Desktop/Robotica1-26/robotics/final_ws/install/warehouse_interfaces/include/warehouse_interfaces/warehouse_interfaces/srv/detail/spawn_product__type_support.hpp
[1.294s] -- Up-to-date symlink: /home/agonb/Desktop/Robotica1-26/robotics/final_ws/install/warehouse_interfaces/include/warehouse_interfaces/warehouse_interfaces/srv/detail/update_inventory__builder.hpp
[1.294s] -- Up-to-date symlink: /home/agonb/Desktop/Robotica1-26/robotics/final_ws/install/warehouse_interfaces/include/warehouse_interfaces/warehouse_interfaces/srv/detail/update_inventory__struct.hpp
[1.294s] -- Up-to-date symlink: /home/agonb/Desktop/Robotica1-26/robotics/final_ws/install/warehouse_interfaces/include/warehouse_interfaces/warehouse_interfaces/srv/detail/update_inventory__traits.hpp
[1.294s] -- Up-to-date symlink: /home/agonb/Desktop/Robotica1-26/robotics/final_ws/install/warehouse_interfaces/include/warehouse_interfaces/warehouse_interfaces/srv/detail/update_inventory__type_support.hpp
[1.294s] -- Up-to-date symlink: /home/agonb/Desktop/Robotica1-26/robotics/final_ws/install/warehouse_interfaces/include/warehouse_interfaces/warehouse_interfaces/srv/pick_product.hpp
[1.294s] -- Up-to-date symlink: /home/agonb/Desktop/Robotica1-26/robotics/final_ws/install/warehouse_interfaces/include/warehouse_interfaces/warehouse_interfaces/srv/place_product.hpp
[1.294s] -- Up-to-date symlink: /home/agonb/Desktop/Robotica1-26/robotics/final_ws/install/warehouse_interfaces/include/warehouse_interfaces/warehouse_interfaces/srv/register_product.hpp
[1.294s] -- Up-to-date symlink: /home/agonb/Desktop/Robotica1-26/robotics/final_ws/install/warehouse_interfaces/include/warehouse_interfaces/warehouse_interfaces/srv/spawn_product.hpp
[1.294s] -- Up-to-date symlink: /home/agonb/Desktop/Robotica1-26/robotics/final_ws/install/warehouse_interfaces/include/warehouse_interfaces/warehouse_interfaces/srv/update_inventory.hpp
[1.295s] -- Up-to-date symlink: /home/agonb/Desktop/Robotica1-26/robotics/final_ws/install/warehouse_interfaces/include/warehouse_interfaces/warehouse_interfaces/action/detail/execute_storage_mission__rosidl_typesupport_fastrtps_cpp.hpp
[1.295s] -- Up-to-date symlink: /home/agonb/Desktop/Robotica1-26/robotics/final_ws/install/warehouse_interfaces/include/warehouse_interfaces/warehouse_interfaces/msg/detail/detected_product__rosidl_typesupport_fastrtps_cpp.hpp
[1.295s] -- Up-to-date symlink: /home/agonb/Desktop/Robotica1-26/robotics/final_ws/install/warehouse_interfaces/include/warehouse_interfaces/warehouse_interfaces/msg/detail/product_record__rosidl_typesupport_fastrtps_cpp.hpp
[1.295s] -- Up-to-date symlink: /home/agonb/Desktop/Robotica1-26/robotics/final_ws/install/warehouse_interfaces/include/warehouse_interfaces/warehouse_interfaces/msg/detail/storage_location__rosidl_typesupport_fastrtps_cpp.hpp
[1.295s] -- Up-to-date symlink: /home/agonb/Desktop/Robotica1-26/robotics/final_ws/install/warehouse_interfaces/include/warehouse_interfaces/warehouse_interfaces/msg/rosidl_typesupport_fastrtps_cpp__visibility_control.h
[1.295s] -- Up-to-date symlink: /home/agonb/Desktop/Robotica1-26/robotics/final_ws/install/warehouse_interfaces/include/warehouse_interfaces/warehouse_interfaces/srv/detail/assign_storage_location__rosidl_typesupport_fastrtps_cpp.hpp
[1.295s] -- Up-to-date symlink: /home/agonb/Desktop/Robotica1-26/robotics/final_ws/install/warehouse_interfaces/include/warehouse_interfaces/warehouse_interfaces/srv/detail/pick_product__rosidl_typesupport_fastrtps_cpp.hpp
[1.295s] -- Up-to-date symlink: /home/agonb/Desktop/Robotica1-26/robotics/final_ws/install/warehouse_interfaces/include/warehouse_interfaces/warehouse_interfaces/srv/detail/place_product__rosidl_typesupport_fastrtps_cpp.hpp
[1.295s] -- Up-to-date symlink: /home/agonb/Desktop/Robotica1-26/robotics/final_ws/install/warehouse_interfaces/include/warehouse_interfaces/warehouse_interfaces/srv/detail/register_product__rosidl_typesupport_fastrtps_cpp.hpp
[1.295s] -- Up-to-date symlink: /home/agonb/Desktop/Robotica1-26/robotics/final_ws/install/warehouse_interfaces/include/warehouse_interfaces/warehouse_interfaces/srv/detail/spawn_product__rosidl_typesupport_fastrtps_cpp.hpp
[1.295s] -- Up-to-date symlink: /home/agonb/Desktop/Robotica1-26/robotics/final_ws/install/warehouse_interfaces/include/warehouse_interfaces/warehouse_interfaces/srv/detail/update_inventory__rosidl_typesupport_fastrtps_cpp.hpp
[1.296s] -- Up-to-date symlink: /home/agonb/Desktop/Robotica1-26/robotics/final_ws/install/warehouse_interfaces/include/warehouse_interfaces/warehouse_interfaces/action/detail/execute_storage_mission__rosidl_typesupport_introspection_cpp.hpp
[1.296s] -- Up-to-date symlink: /home/agonb/Desktop/Robotica1-26/robotics/final_ws/install/warehouse_interfaces/include/warehouse_interfaces/warehouse_interfaces/msg/detail/detected_product__rosidl_typesupport_introspection_cpp.hpp
[1.296s] -- Up-to-date symlink: /home/agonb/Desktop/Robotica1-26/robotics/final_ws/install/warehouse_interfaces/include/warehouse_interfaces/warehouse_interfaces/msg/detail/product_record__rosidl_typesupport_introspection_cpp.hpp
[1.296s] -- Up-to-date symlink: /home/agonb/Desktop/Robotica1-26/robotics/final_ws/install/warehouse_interfaces/include/warehouse_interfaces/warehouse_interfaces/msg/detail/storage_location__rosidl_typesupport_introspection_cpp.hpp
[1.296s] -- Up-to-date symlink: /home/agonb/Desktop/Robotica1-26/robotics/final_ws/install/warehouse_interfaces/include/warehouse_interfaces/warehouse_interfaces/srv/detail/assign_storage_location__rosidl_typesupport_introspection_cpp.hpp
[1.296s] -- Up-to-date symlink: /home/agonb/Desktop/Robotica1-26/robotics/final_ws/install/warehouse_interfaces/include/warehouse_interfaces/warehouse_interfaces/srv/detail/pick_product__rosidl_typesupport_introspection_cpp.hpp
[1.296s] -- Up-to-date symlink: /home/agonb/Desktop/Robotica1-26/robotics/final_ws/install/warehouse_interfaces/include/warehouse_interfaces/warehouse_interfaces/srv/detail/place_product__rosidl_typesupport_introspection_cpp.hpp
[1.296s] -- Up-to-date symlink: /home/agonb/Desktop/Robotica1-26/robotics/final_ws/install/warehouse_interfaces/include/warehouse_interfaces/warehouse_interfaces/srv/detail/register_product__rosidl_typesupport_introspection_cpp.hpp
[1.296s] -- Up-to-date symlink: /home/agonb/Desktop/Robotica1-26/robotics/final_ws/install/warehouse_interfaces/include/warehouse_interfaces/warehouse_interfaces/srv/detail/spawn_product__rosidl_typesupport_introspection_cpp.hpp
[1.296s] -- Up-to-date symlink: /home/agonb/Desktop/Robotica1-26/robotics/final_ws/install/warehouse_interfaces/include/warehouse_interfaces/warehouse_interfaces/srv/detail/update_inventory__rosidl_typesupport_introspection_cpp.hpp
[1.296s] -- Up-to-date symlink: /home/agonb/Desktop/Robotica1-26/robotics/final_ws/install/warehouse_interfaces/share/warehouse_interfaces/environment/pythonpath.sh
[1.296s] -- Up-to-date symlink: /home/agonb/Desktop/Robotica1-26/robotics/final_ws/install/warehouse_interfaces/share/warehouse_interfaces/environment/pythonpath.dsv
[1.297s] -- Up-to-date symlink: /home/agonb/Desktop/Robotica1-26/robotics/final_ws/install/warehouse_interfaces/lib/python3.12/site-packages/warehouse_interfaces-0.1.0-py3.12.egg-info/PKG-INFO
[1.297s] -- Up-to-date symlink: /home/agonb/Desktop/Robotica1-26/robotics/final_ws/install/warehouse_interfaces/lib/python3.12/site-packages/warehouse_interfaces-0.1.0-py3.12.egg-info/SOURCES.txt
[1.297s] -- Up-to-date symlink: /home/agonb/Desktop/Robotica1-26/robotics/final_ws/install/warehouse_interfaces/lib/python3.12/site-packages/warehouse_interfaces-0.1.0-py3.12.egg-info/dependency_links.txt
[1.297s] -- Up-to-date symlink: /home/agonb/Desktop/Robotica1-26/robotics/final_ws/install/warehouse_interfaces/lib/python3.12/site-packages/warehouse_interfaces-0.1.0-py3.12.egg-info/top_level.txt
[1.298s] -- Up-to-date symlink: /home/agonb/Desktop/Robotica1-26/robotics/final_ws/install/warehouse_interfaces/lib/python3.12/site-packages/warehouse_interfaces/__init__.py
[1.298s] -- Up-to-date symlink: /home/agonb/Desktop/Robotica1-26/robotics/final_ws/install/warehouse_interfaces/lib/python3.12/site-packages/warehouse_interfaces/_warehouse_interfaces_s.ep.rosidl_typesupport_c.c
[1.298s] -- Up-to-date symlink: /home/agonb/Desktop/Robotica1-26/robotics/final_ws/install/warehouse_interfaces/lib/python3.12/site-packages/warehouse_interfaces/_warehouse_interfaces_s.ep.rosidl_typesupport_fastrtps_c.c
[1.298s] -- Up-to-date symlink: /home/agonb/Desktop/Robotica1-26/robotics/final_ws/install/warehouse_interfaces/lib/python3.12/site-packages/warehouse_interfaces/_warehouse_interfaces_s.ep.rosidl_typesupport_introspection_c.c
[1.299s] -- Up-to-date symlink: /home/agonb/Desktop/Robotica1-26/robotics/final_ws/install/warehouse_interfaces/lib/python3.12/site-packages/warehouse_interfaces/action/__init__.py
[1.299s] -- Up-to-date symlink: /home/agonb/Desktop/Robotica1-26/robotics/final_ws/install/warehouse_interfaces/lib/python3.12/site-packages/warehouse_interfaces/action/_execute_storage_mission.py
[1.299s] -- Up-to-date symlink: /home/agonb/Desktop/Robotica1-26/robotics/final_ws/install/warehouse_interfaces/lib/python3.12/site-packages/warehouse_interfaces/action/_execute_storage_mission_s.c
[1.299s] -- Up-to-date symlink: /home/agonb/Desktop/Robotica1-26/robotics/final_ws/install/warehouse_interfaces/lib/python3.12/site-packages/warehouse_interfaces/msg/__init__.py
[1.299s] -- Up-to-date symlink: /home/agonb/Desktop/Robotica1-26/robotics/final_ws/install/warehouse_interfaces/lib/python3.12/site-packages/warehouse_interfaces/msg/_detected_product.py
[1.299s] -- Up-to-date symlink: /home/agonb/Desktop/Robotica1-26/robotics/final_ws/install/warehouse_interfaces/lib/python3.12/site-packages/warehouse_interfaces/msg/_detected_product_s.c
[1.299s] -- Up-to-date symlink: /home/agonb/Desktop/Robotica1-26/robotics/final_ws/install/warehouse_interfaces/lib/python3.12/site-packages/warehouse_interfaces/msg/_product_record.py
[1.299s] -- Up-to-date symlink: /home/agonb/Desktop/Robotica1-26/robotics/final_ws/install/warehouse_interfaces/lib/python3.12/site-packages/warehouse_interfaces/msg/_product_record_s.c
[1.300s] -- Up-to-date symlink: /home/agonb/Desktop/Robotica1-26/robotics/final_ws/install/warehouse_interfaces/lib/python3.12/site-packages/warehouse_interfaces/msg/_storage_location.py
[1.300s] -- Up-to-date symlink: /home/agonb/Desktop/Robotica1-26/robotics/final_ws/install/warehouse_interfaces/lib/python3.12/site-packages/warehouse_interfaces/msg/_storage_location_s.c
[1.300s] -- Up-to-date symlink: /home/agonb/Desktop/Robotica1-26/robotics/final_ws/install/warehouse_interfaces/lib/python3.12/site-packages/warehouse_interfaces/srv/__init__.py
[1.300s] -- Up-to-date symlink: /home/agonb/Desktop/Robotica1-26/robotics/final_ws/install/warehouse_interfaces/lib/python3.12/site-packages/warehouse_interfaces/srv/_assign_storage_location.py
[1.300s] -- Up-to-date symlink: /home/agonb/Desktop/Robotica1-26/robotics/final_ws/install/warehouse_interfaces/lib/python3.12/site-packages/warehouse_interfaces/srv/_assign_storage_location_s.c
[1.300s] -- Up-to-date symlink: /home/agonb/Desktop/Robotica1-26/robotics/final_ws/install/warehouse_interfaces/lib/python3.12/site-packages/warehouse_interfaces/srv/_pick_product.py
[1.300s] -- Up-to-date symlink: /home/agonb/Desktop/Robotica1-26/robotics/final_ws/install/warehouse_interfaces/lib/python3.12/site-packages/warehouse_interfaces/srv/_pick_product_s.c
[1.300s] -- Up-to-date symlink: /home/agonb/Desktop/Robotica1-26/robotics/final_ws/install/warehouse_interfaces/lib/python3.12/site-packages/warehouse_interfaces/srv/_place_product.py
[1.300s] -- Up-to-date symlink: /home/agonb/Desktop/Robotica1-26/robotics/final_ws/install/warehouse_interfaces/lib/python3.12/site-packages/warehouse_interfaces/srv/_place_product_s.c
[1.300s] -- Up-to-date symlink: /home/agonb/Desktop/Robotica1-26/robotics/final_ws/install/warehouse_interfaces/lib/python3.12/site-packages/warehouse_interfaces/srv/_register_product.py
[1.301s] -- Up-to-date symlink: /home/agonb/Desktop/Robotica1-26/robotics/final_ws/install/warehouse_interfaces/lib/python3.12/site-packages/warehouse_interfaces/srv/_register_product_s.c
[1.301s] -- Up-to-date symlink: /home/agonb/Desktop/Robotica1-26/robotics/final_ws/install/warehouse_interfaces/lib/python3.12/site-packages/warehouse_interfaces/srv/_spawn_product.py
[1.301s] -- Up-to-date symlink: /home/agonb/Desktop/Robotica1-26/robotics/final_ws/install/warehouse_interfaces/lib/python3.12/site-packages/warehouse_interfaces/srv/_spawn_product_s.c
[1.301s] -- Up-to-date symlink: /home/agonb/Desktop/Robotica1-26/robotics/final_ws/install/warehouse_interfaces/lib/python3.12/site-packages/warehouse_interfaces/srv/_update_inventory.py
[1.301s] -- Up-to-date symlink: /home/agonb/Desktop/Robotica1-26/robotics/final_ws/install/warehouse_interfaces/lib/python3.12/site-packages/warehouse_interfaces/srv/_update_inventory_s.c
[1.301s] -- Up-to-date symlink: /home/agonb/Desktop/Robotica1-26/robotics/final_ws/install/warehouse_interfaces/lib/python3.12/site-packages/warehouse_interfaces/warehouse_interfaces_s__rosidl_typesupport_c.so
[1.301s] -- Up-to-date symlink: /home/agonb/Desktop/Robotica1-26/robotics/final_ws/install/warehouse_interfaces/lib/python3.12/site-packages/warehouse_interfaces/warehouse_interfaces_s__rosidl_typesupport_fastrtps_c.so
[1.301s] -- Up-to-date symlink: /home/agonb/Desktop/Robotica1-26/robotics/final_ws/install/warehouse_interfaces/lib/python3.12/site-packages/warehouse_interfaces/warehouse_interfaces_s__rosidl_typesupport_introspection_c.so
[1.301s] -- Up-to-date symlink: /home/agonb/Desktop/Robotica1-26/robotics/final_ws/install/warehouse_interfaces/lib/python3.12/site-packages/warehouse_interfaces/warehouse_interfaces_s__rosidl_typesupport_fastrtps_c.so
[1.301s] -- Up-to-date symlink: /home/agonb/Desktop/Robotica1-26/robotics/final_ws/install/warehouse_interfaces/lib/python3.12/site-packages/warehouse_interfaces/warehouse_interfaces_s__rosidl_typesupport_introspection_c.so
[1.302s] -- Up-to-date symlink: /home/agonb/Desktop/Robotica1-26/robotics/final_ws/install/warehouse_interfaces/lib/python3.12/site-packages/warehouse_interfaces/warehouse_interfaces_s__rosidl_typesupport_c.so
[1.302s] -- Up-to-date symlink: /home/agonb/Desktop/Robotica1-26/robotics/final_ws/install/warehouse_interfaces/share/ament_index/resource_index/rust_packages/warehouse_interfaces
[1.302s] -- Up-to-date symlink: /home/agonb/Desktop/Robotica1-26/robotics/final_ws/install/warehouse_interfaces/share/warehouse_interfaces/rust/Cargo.toml
[1.302s] -- Up-to-date symlink: /home/agonb/Desktop/Robotica1-26/robotics/final_ws/install/warehouse_interfaces/share/warehouse_interfaces/rust/build.rs
[1.302s] -- Up-to-date symlink: /home/agonb/Desktop/Robotica1-26/robotics/final_ws/install/warehouse_interfaces/share/warehouse_interfaces/rust/src/action.rs
[1.302s] -- Up-to-date symlink: /home/agonb/Desktop/Robotica1-26/robotics/final_ws/install/warehouse_interfaces/share/warehouse_interfaces/rust/src/action/rmw.rs
[1.302s] -- Up-to-date symlink: /home/agonb/Desktop/Robotica1-26/robotics/final_ws/install/warehouse_interfaces/share/warehouse_interfaces/rust/src/lib.rs
[1.303s] -- Up-to-date symlink: /home/agonb/Desktop/Robotica1-26/robotics/final_ws/install/warehouse_interfaces/share/warehouse_interfaces/rust/src/msg.rs
[1.303s] -- Up-to-date symlink: /home/agonb/Desktop/Robotica1-26/robotics/final_ws/install/warehouse_interfaces/share/warehouse_interfaces/rust/src/msg/rmw.rs
[1.303s] -- Up-to-date symlink: /home/agonb/Desktop/Robotica1-26/robotics/final_ws/install/warehouse_interfaces/share/warehouse_interfaces/rust/src/srv.rs
[1.303s] -- Up-to-date symlink: /home/agonb/Desktop/Robotica1-26/robotics/final_ws/install/warehouse_interfaces/share/warehouse_interfaces/rust/src/srv/rmw.rs
[1.303s] -- Up-to-date symlink: /home/agonb/Desktop/Robotica1-26/robotics/final_ws/install/warehouse_interfaces/share/warehouse_interfaces/msg/DetectedProduct.idl
[1.303s] -- Up-to-date symlink: /home/agonb/Desktop/Robotica1-26/robotics/final_ws/install/warehouse_interfaces/share/warehouse_interfaces/msg/ProductRecord.idl
[1.303s] -- Up-to-date symlink: /home/agonb/Desktop/Robotica1-26/robotics/final_ws/install/warehouse_interfaces/share/warehouse_interfaces/msg/StorageLocation.idl
[1.304s] -- Up-to-date symlink: /home/agonb/Desktop/Robotica1-26/robotics/final_ws/install/warehouse_interfaces/share/warehouse_interfaces/srv/RegisterProduct.idl
[1.304s] -- Up-to-date symlink: /home/agonb/Desktop/Robotica1-26/robotics/final_ws/install/warehouse_interfaces/share/warehouse_interfaces/srv/AssignStorageLocation.idl
[1.304s] -- Up-to-date symlink: /home/agonb/Desktop/Robotica1-26/robotics/final_ws/install/warehouse_interfaces/share/warehouse_interfaces/srv/UpdateInventory.idl
[1.304s] -- Up-to-date symlink: /home/agonb/Desktop/Robotica1-26/robotics/final_ws/install/warehouse_interfaces/share/warehouse_interfaces/srv/PlaceProduct.idl
[1.304s] -- Up-to-date symlink: /home/agonb/Desktop/Robotica1-26/robotics/final_ws/install/warehouse_interfaces/share/warehouse_interfaces/srv/PickProduct.idl
[1.304s] -- Up-to-date symlink: /home/agonb/Desktop/Robotica1-26/robotics/final_ws/install/warehouse_interfaces/share/warehouse_interfaces/srv/SpawnProduct.idl
[1.304s] -- Up-to-date symlink: /home/agonb/Desktop/Robotica1-26/robotics/final_ws/install/warehouse_interfaces/share/warehouse_interfaces/action/ExecuteStorageMission.idl
[1.304s] -- Up-to-date symlink: /home/agonb/Desktop/Robotica1-26/robotics/final_ws/install/warehouse_interfaces/share/warehouse_interfaces/msg/DetectedProduct.msg
[1.305s] -- Up-to-date symlink: /home/agonb/Desktop/Robotica1-26/robotics/final_ws/install/warehouse_interfaces/share/warehouse_interfaces/msg/ProductRecord.msg
[1.305s] -- Up-to-date symlink: /home/agonb/Desktop/Robotica1-26/robotics/final_ws/install/warehouse_interfaces/share/warehouse_interfaces/msg/StorageLocation.msg
[1.305s] -- Up-to-date symlink: /home/agonb/Desktop/Robotica1-26/robotics/final_ws/install/warehouse_interfaces/share/warehouse_interfaces/srv/RegisterProduct.srv
[1.305s] -- Up-to-date symlink: /home/agonb/Desktop/Robotica1-26/robotics/final_ws/install/warehouse_interfaces/share/warehouse_interfaces/srv/AssignStorageLocation.srv
[1.305s] -- Up-to-date symlink: /home/agonb/Desktop/Robotica1-26/robotics/final_ws/install/warehouse_interfaces/share/warehouse_interfaces/srv/UpdateInventory.srv
[1.305s] -- Up-to-date symlink: /home/agonb/Desktop/Robotica1-26/robotics/final_ws/install/warehouse_interfaces/share/warehouse_interfaces/srv/PlaceProduct.srv
[1.305s] -- Up-to-date symlink: /home/agonb/Desktop/Robotica1-26/robotics/final_ws/install/warehouse_interfaces/share/warehouse_interfaces/srv/PickProduct.srv
[1.306s] -- Up-to-date symlink: /home/agonb/Desktop/Robotica1-26/robotics/final_ws/install/warehouse_interfaces/share/warehouse_interfaces/srv/SpawnProduct.srv
[1.306s] -- Up-to-date symlink: /home/agonb/Desktop/Robotica1-26/robotics/final_ws/install/warehouse_interfaces/share/warehouse_interfaces/action/ExecuteStorageMission.action
[1.306s] -- Up-to-date symlink: /home/agonb/Desktop/Robotica1-26/robotics/final_ws/install/warehouse_interfaces/share/ament_index/resource_index/package_run_dependencies/warehouse_interfaces
[1.306s] -- Up-to-date symlink: /home/agonb/Desktop/Robotica1-26/robotics/final_ws/install/warehouse_interfaces/share/ament_index/resource_index/parent_prefix_path/warehouse_interfaces
[1.306s] -- Up-to-date symlink: /home/agonb/Desktop/Robotica1-26/robotics/final_ws/install/warehouse_interfaces/share/warehouse_interfaces/environment/ament_prefix_path.sh
[1.306s] -- Up-to-date symlink: /home/agonb/Desktop/Robotica1-26/robotics/final_ws/install/warehouse_interfaces/share/warehouse_interfaces/environment/ament_prefix_path.dsv
[1.306s] -- Up-to-date symlink: /home/agonb/Desktop/Robotica1-26/robotics/final_ws/install/warehouse_interfaces/share/warehouse_interfaces/environment/path.sh
[1.306s] -- Up-to-date symlink: /home/agonb/Desktop/Robotica1-26/robotics/final_ws/install/warehouse_interfaces/share/warehouse_interfaces/environment/path.dsv
[1.306s] -- Up-to-date symlink: /home/agonb/Desktop/Robotica1-26/robotics/final_ws/install/warehouse_interfaces/share/warehouse_interfaces/local_setup.bash
[1.306s] -- Up-to-date symlink: /home/agonb/Desktop/Robotica1-26/robotics/final_ws/install/warehouse_interfaces/share/warehouse_interfaces/local_setup.sh
[1.306s] -- Up-to-date symlink: /home/agonb/Desktop/Robotica1-26/robotics/final_ws/install/warehouse_interfaces/share/warehouse_interfaces/local_setup.zsh
[1.306s] -- Up-to-date symlink: /home/agonb/Desktop/Robotica1-26/robotics/final_ws/install/warehouse_interfaces/share/warehouse_interfaces/local_setup.dsv
[1.306s] -- Symlinking: /home/agonb/Desktop/Robotica1-26/robotics/final_ws/install/warehouse_interfaces/share/warehouse_interfaces/package.dsv
[1.313s] -- Up-to-date symlink: /home/agonb/Desktop/Robotica1-26/robotics/final_ws/install/warehouse_interfaces/share/ament_index/resource_index/packages/warehouse_interfaces
[1.313s] -- Up-to-date symlink: /home/agonb/Desktop/Robotica1-26/robotics/final_ws/install/warehouse_interfaces/share/warehouse_interfaces/cmake/rosidl_cmake-extras.cmake
[1.313s] -- Up-to-date symlink: /home/agonb/Desktop/Robotica1-26/robotics/final_ws/install/warehouse_interfaces/share/warehouse_interfaces/cmake/ament_cmake_export_dependencies-extras.cmake
[1.313s] -- Up-to-date symlink: /home/agonb/Desktop/Robotica1-26/robotics/final_ws/install/warehouse_interfaces/share/warehouse_interfaces/cmake/ament_cmake_export_include_directories-extras.cmake
[1.313s] -- Up-to-date symlink: /home/agonb/Desktop/Robotica1-26/robotics/final_ws/install/warehouse_interfaces/share/warehouse_interfaces/cmake/ament_cmake_export_libraries-extras.cmake
[1.313s] -- Up-to-date symlink: /home/agonb/Desktop/Robotica1-26/robotics/final_ws/install/warehouse_interfaces/share/warehouse_interfaces/cmake/ament_cmake_export_targets-extras.cmake
[1.313s] -- Up-to-date symlink: /home/agonb/Desktop/Robotica1-26/robotics/final_ws/install/warehouse_interfaces/share/warehouse_interfaces/cmake/rosidl_cmake_export_typesupport_targets-extras.cmake
[1.313s] -- Up-to-date symlink: /home/agonb/Desktop/Robotica1-26/robotics/final_ws/install/warehouse_interfaces/share/warehouse_interfaces/cmake/rosidl_cmake_export_typesupport_libraries-extras.cmake
[1.313s] -- Up-to-date symlink: /home/agonb/Desktop/Robotica1-26/robotics/final_ws/install/warehouse_interfaces/share/warehouse_interfaces/cmake/rosidl_cmake_aggregate_target-extras.cmake
[1.313s] -- Up-to-date symlink: /home/agonb/Desktop/Robotica1-26/robotics/final_ws/install/warehouse_interfaces/share/warehouse_interfaces/cmake/warehouse_interfacesConfig.cmake
[1.314s] -- Up-to-date symlink: /home/agonb/Desktop/Robotica1-26/robotics/final_ws/install/warehouse_interfaces/share/warehouse_interfaces/cmake/warehouse_interfacesConfig-version.cmake
[1.314s] -- Up-to-date symlink: /home/agonb/Desktop/Robotica1-26/robotics/final_ws/install/warehouse_interfaces/share/warehouse_interfaces/package.xml
[1.314s] -- Up-to-date: /home/agonb/Desktop/Robotica1-26/robotics/final_ws/install/warehouse_interfaces/lib/libwarehouse_interfaces__rosidl_generator_c.so
[1.314s] -- Up-to-date: /home/agonb/Desktop/Robotica1-26/robotics/final_ws/install/warehouse_interfaces/lib/libwarehouse_interfaces__rosidl_typesupport_fastrtps_c.so
[1.314s] -- Up-to-date: /home/agonb/Desktop/Robotica1-26/robotics/final_ws/install/warehouse_interfaces/lib/libwarehouse_interfaces__rosidl_typesupport_introspection_c.so
[1.314s] -- Up-to-date: /home/agonb/Desktop/Robotica1-26/robotics/final_ws/install/warehouse_interfaces/lib/libwarehouse_interfaces__rosidl_typesupport_c.so
[1.314s] -- Up-to-date: /home/agonb/Desktop/Robotica1-26/robotics/final_ws/install/warehouse_interfaces/lib/libwarehouse_interfaces__rosidl_typesupport_fastrtps_cpp.so
[1.314s] -- Up-to-date: /home/agonb/Desktop/Robotica1-26/robotics/final_ws/install/warehouse_interfaces/lib/libwarehouse_interfaces__rosidl_typesupport_introspection_cpp.so
[1.314s] -- Up-to-date: /home/agonb/Desktop/Robotica1-26/robotics/final_ws/install/warehouse_interfaces/lib/libwarehouse_interfaces__rosidl_typesupport_cpp.so
[1.338s] Listing '/home/agonb/Desktop/Robotica1-26/robotics/final_ws/install/warehouse_interfaces/lib/python3.12/site-packages/warehouse_interfaces'...
[1.338s] Compiling '/home/agonb/Desktop/Robotica1-26/robotics/final_ws/install/warehouse_interfaces/lib/python3.12/site-packages/warehouse_interfaces/__init__.py'...
[1.338s] Listing '/home/agonb/Desktop/Robotica1-26/robotics/final_ws/install/warehouse_interfaces/lib/python3.12/site-packages/warehouse_interfaces/action'...
[1.338s] Listing '/home/agonb/Desktop/Robotica1-26/robotics/final_ws/install/warehouse_interfaces/lib/python3.12/site-packages/warehouse_interfaces/msg'...
[1.338s] Listing '/home/agonb/Desktop/Robotica1-26/robotics/final_ws/install/warehouse_interfaces/lib/python3.12/site-packages/warehouse_interfaces/srv'...
[1.342s] -- Up-to-date: /home/agonb/Desktop/Robotica1-26/robotics/final_ws/install/warehouse_interfaces/lib/libwarehouse_interfaces__rosidl_generator_py.so
[1.342s] -- Up-to-date: /home/agonb/Desktop/Robotica1-26/robotics/final_ws/install/warehouse_interfaces/share/warehouse_interfaces/cmake/export_warehouse_interfaces__rosidl_generator_cExport.cmake
[1.343s] -- Up-to-date: /home/agonb/Desktop/Robotica1-26/robotics/final_ws/install/warehouse_interfaces/share/warehouse_interfaces/cmake/export_warehouse_interfaces__rosidl_generator_cExport-noconfig.cmake
[1.343s] -- Up-to-date: /home/agonb/Desktop/Robotica1-26/robotics/final_ws/install/warehouse_interfaces/share/warehouse_interfaces/cmake/export_warehouse_interfaces__rosidl_typesupport_fastrtps_cExport.cmake
[1.343s] -- Up-to-date: /home/agonb/Desktop/Robotica1-26/robotics/final_ws/install/warehouse_interfaces/share/warehouse_interfaces/cmake/export_warehouse_interfaces__rosidl_typesupport_fastrtps_cExport-noconfig.cmake
[1.343s] -- Up-to-date: /home/agonb/Desktop/Robotica1-26/robotics/final_ws/install/warehouse_interfaces/share/warehouse_interfaces/cmake/warehouse_interfaces__rosidl_typesupport_introspection_cExport.cmake
[1.343s] -- Up-to-date: /home/agonb/Desktop/Robotica1-26/robotics/final_ws/install/warehouse_interfaces/share/warehouse_interfaces/cmake/warehouse_interfaces__rosidl_typesupport_introspection_cExport-noconfig.cmake
[1.343s] -- Up-to-date: /home/agonb/Desktop/Robotica1-26/robotics/final_ws/install/warehouse_interfaces/share/warehouse_interfaces/cmake/warehouse_interfaces__rosidl_typesupport_cExport.cmake
[1.343s] -- Up-to-date: /home/agonb/Desktop/Robotica1-26/robotics/final_ws/install/warehouse_interfaces/share/warehouse_interfaces/cmake/warehouse_interfaces__rosidl_typesupport_cExport-noconfig.cmake
[1.343s] -- Up-to-date: /home/agonb/Desktop/Robotica1-26/robotics/final_ws/install/warehouse_interfaces/share/warehouse_interfaces/cmake/export_warehouse_interfaces__rosidl_generator_cppExport.cmake
[1.343s] -- Up-to-date: /home/agonb/Desktop/Robotica1-26/robotics/final_ws/install/warehouse_interfaces/share/warehouse_interfaces/cmake/export_warehouse_interfaces__rosidl_typesupport_fastrtps_cppExport.cmake
[1.343s] -- Up-to-date: /home/agonb/Desktop/Robotica1-26/robotics/final_ws/install/warehouse_interfaces/share/warehouse_interfaces/cmake/export_warehouse_interfaces__rosidl_typesupport_fastrtps_cppExport-noconfig.cmake
[1.343s] -- Up-to-date: /home/agonb/Desktop/Robotica1-26/robotics/final_ws/install/warehouse_interfaces/share/warehouse_interfaces/cmake/warehouse_interfaces__rosidl_typesupport_introspection_cppExport.cmake
[1.343s] -- Up-to-date: /home/agonb/Desktop/Robotica1-26/robotics/final_ws/install/warehouse_interfaces/share/warehouse_interfaces/cmake/warehouse_interfaces__rosidl_typesupport_introspection_cppExport-noconfig.cmake
[1.343s] -- Up-to-date: /home/agonb/Desktop/Robotica1-26/robotics/final_ws/install/warehouse_interfaces/share/warehouse_interfaces/cmake/warehouse_interfaces__rosidl_typesupport_cppExport.cmake
[1.343s] -- Up-to-date: /home/agonb/Desktop/Robotica1-26/robotics/final_ws/install/warehouse_interfaces/share/warehouse_interfaces/cmake/warehouse_interfaces__rosidl_typesupport_cppExport-noconfig.cmake
[1.343s] -- Up-to-date: /home/agonb/Desktop/Robotica1-26/robotics/final_ws/install/warehouse_interfaces/share/warehouse_interfaces/cmake/export_warehouse_interfaces__rosidl_generator_pyExport.cmake
[1.343s] -- Up-to-date: /home/agonb/Desktop/Robotica1-26/robotics/final_ws/install/warehouse_interfaces/share/warehouse_interfaces/cmake/export_warehouse_interfaces__rosidl_generator_pyExport-noconfig.cmake
[1.344s] Invoked command in '/home/agonb/Desktop/Robotica1-26/robotics/final_ws/build/warehouse_interfaces' returned '0': CMAKE_PREFIX_PATH=${CMAKE_PREFIX_PATH}:/opt/ros/jazzy DEBUGINFOD_URLS=https://debuginfod.ubuntu.com /usr/bin/cmake --install /home/agonb/Desktop/Robotica1-26/robotics/final_ws/build/warehouse_interfaces
