[0.165s] DEBUG:colcon:Command line arguments: ['/usr/bin/colcon', 'build', '--packages-select', 'warehouse_gazebo', 'warehouse_task_manager', '--symlink-install', '--event-handlers', 'console_direct+']
[0.166s] DEBUG:colcon:Parsed command line arguments: Namespace(log_base=None, log_level=None, verb_name='build', build_base='build', install_base='install', merge_install=False, symlink_install=True, test_result_base=None, continue_on_error=False, executor='parallel', parallel_workers=12, event_handlers=['console_direct+'], ignore_user_meta=False, metas=['./colcon.meta'], base_paths=['.'], packages_ignore=None, packages_ignore_regex=None, paths=None, packages_up_to=None, packages_up_to_regex=None, packages_above=None, packages_above_and_dependencies=None, packages_above_depth=None, packages_select_by_dep=None, packages_skip_by_dep=None, packages_skip_up_to=None, packages_select_build_failed=False, packages_skip_build_finished=False, packages_select_test_failures=False, packages_skip_test_passed=False, packages_select=['warehouse_gazebo', 'warehouse_task_manager'], packages_skip=None, packages_select_regex=None, packages_skip_regex=None, packages_start=None, packages_end=None, allow_overriding=[], cmake_args=None, cmake_target=None, cmake_target_skip_unavailable=False, cmake_clean_cache=False, cmake_clean_first=False, cmake_force_configure=False, ament_cmake_args=None, catkin_cmake_args=None, catkin_skip_building_tests=False, mixin_files=None, mixin=None, verb_parser=<colcon_mixin.mixin.mixin_argument.MixinArgumentDecorator object at 0x7a323f3ba150>, verb_extension=<colcon_core.verb.build.BuildVerb object at 0x7a323f3b9d30>, main=<bound method BuildVerb.main of <colcon_core.verb.build.BuildVerb object at 0x7a323f3b9d30>>, mixin_verb=('build',))
[0.226s] Level 1:colcon.colcon_core.package_discovery:discover_packages(colcon_meta) check parameters
[0.226s] Level 1:colcon.colcon_core.package_discovery:discover_packages(recursive) check parameters
[0.226s] Level 1:colcon.colcon_core.package_discovery:discover_packages(ignore) check parameters
[0.226s] Level 1:colcon.colcon_core.package_discovery:discover_packages(path) check parameters
[0.226s] Level 1:colcon.colcon_core.package_discovery:discover_packages(colcon_meta) discover
[0.226s] Level 1:colcon.colcon_core.package_discovery:discover_packages(recursive) discover
[0.226s] INFO:colcon.colcon_core.package_discovery:Crawling recursively for packages in '/home/agonb/Desktop/Robotica1-26/robotics/final_ws'
[0.227s] Level 1:colcon.colcon_core.package_identification:_identify(.) by extensions ['ignore', 'ignore_ament_install']
[0.227s] Level 1:colcon.colcon_core.package_identification:_identify(.) by extension 'ignore'
[0.227s] Level 1:colcon.colcon_core.package_identification:_identify(.) by extension 'ignore_ament_install'
[0.227s] Level 1:colcon.colcon_core.package_identification:_identify(.) by extensions ['colcon_pkg']
[0.227s] Level 1:colcon.colcon_core.package_identification:_identify(.) by extension 'colcon_pkg'
[0.227s] Level 1:colcon.colcon_core.package_identification:_identify(.) by extensions ['colcon_meta']
[0.227s] Level 1:colcon.colcon_core.package_identification:_identify(.) by extension 'colcon_meta'
[0.227s] Level 1:colcon.colcon_core.package_identification:_identify(.) by extensions ['ros']
[0.227s] Level 1:colcon.colcon_core.package_identification:_identify(.) by extension 'ros'
[0.268s] Level 1:colcon.colcon_core.package_identification:_identify(.) by extensions ['cmake', 'python']
[0.268s] Level 1:colcon.colcon_core.package_identification:_identify(.) by extension 'cmake'
[0.268s] Level 1:colcon.colcon_core.package_identification:_identify(.) by extension 'python'
[0.268s] Level 1:colcon.colcon_core.package_identification:_identify(.) by extensions ['python_setup_py']
[0.268s] Level 1:colcon.colcon_core.package_identification:_identify(.) by extension 'python_setup_py'
[0.268s] Level 1:colcon.colcon_core.package_identification:_identify(build) by extensions ['ignore', 'ignore_ament_install']
[0.268s] Level 1:colcon.colcon_core.package_identification:_identify(build) by extension 'ignore'
[0.268s] Level 1:colcon.colcon_core.package_identification:_identify(build) ignored
[0.269s] Level 1:colcon.colcon_core.package_identification:_identify(database) by extensions ['ignore', 'ignore_ament_install']
[0.269s] Level 1:colcon.colcon_core.package_identification:_identify(database) by extension 'ignore'
[0.269s] Level 1:colcon.colcon_core.package_identification:_identify(database) by extension 'ignore_ament_install'
[0.269s] Level 1:colcon.colcon_core.package_identification:_identify(database) by extensions ['colcon_pkg']
[0.269s] Level 1:colcon.colcon_core.package_identification:_identify(database) by extension 'colcon_pkg'
[0.269s] Level 1:colcon.colcon_core.package_identification:_identify(database) by extensions ['colcon_meta']
[0.269s] Level 1:colcon.colcon_core.package_identification:_identify(database) by extension 'colcon_meta'
[0.269s] Level 1:colcon.colcon_core.package_identification:_identify(database) by extensions ['ros']
[0.269s] Level 1:colcon.colcon_core.package_identification:_identify(database) by extension 'ros'
[0.269s] Level 1:colcon.colcon_core.package_identification:_identify(database) by extensions ['cmake', 'python']
[0.269s] Level 1:colcon.colcon_core.package_identification:_identify(database) by extension 'cmake'
[0.269s] Level 1:colcon.colcon_core.package_identification:_identify(database) by extension 'python'
[0.269s] Level 1:colcon.colcon_core.package_identification:_identify(database) by extensions ['python_setup_py']
[0.269s] Level 1:colcon.colcon_core.package_identification:_identify(database) by extension 'python_setup_py'
[0.270s] Level 1:colcon.colcon_core.package_identification:_identify(docs) by extensions ['ignore', 'ignore_ament_install']
[0.270s] Level 1:colcon.colcon_core.package_identification:_identify(docs) by extension 'ignore'
[0.270s] Level 1:colcon.colcon_core.package_identification:_identify(docs) by extension 'ignore_ament_install'
[0.270s] Level 1:colcon.colcon_core.package_identification:_identify(docs) by extensions ['colcon_pkg']
[0.270s] Level 1:colcon.colcon_core.package_identification:_identify(docs) by extension 'colcon_pkg'
[0.270s] Level 1:colcon.colcon_core.package_identification:_identify(docs) by extensions ['colcon_meta']
[0.270s] Level 1:colcon.colcon_core.package_identification:_identify(docs) by extension 'colcon_meta'
[0.270s] Level 1:colcon.colcon_core.package_identification:_identify(docs) by extensions ['ros']
[0.270s] Level 1:colcon.colcon_core.package_identification:_identify(docs) by extension 'ros'
[0.270s] Level 1:colcon.colcon_core.package_identification:_identify(docs) by extensions ['cmake', 'python']
[0.270s] Level 1:colcon.colcon_core.package_identification:_identify(docs) by extension 'cmake'
[0.270s] Level 1:colcon.colcon_core.package_identification:_identify(docs) by extension 'python'
[0.270s] Level 1:colcon.colcon_core.package_identification:_identify(docs) by extensions ['python_setup_py']
[0.270s] Level 1:colcon.colcon_core.package_identification:_identify(docs) by extension 'python_setup_py'
[0.270s] Level 1:colcon.colcon_core.package_identification:_identify(docs/adr) by extensions ['ignore', 'ignore_ament_install']
[0.270s] Level 1:colcon.colcon_core.package_identification:_identify(docs/adr) by extension 'ignore'
[0.270s] Level 1:colcon.colcon_core.package_identification:_identify(docs/adr) by extension 'ignore_ament_install'
[0.270s] Level 1:colcon.colcon_core.package_identification:_identify(docs/adr) by extensions ['colcon_pkg']
[0.270s] Level 1:colcon.colcon_core.package_identification:_identify(docs/adr) by extension 'colcon_pkg'
[0.270s] Level 1:colcon.colcon_core.package_identification:_identify(docs/adr) by extensions ['colcon_meta']
[0.270s] Level 1:colcon.colcon_core.package_identification:_identify(docs/adr) by extension 'colcon_meta'
[0.270s] Level 1:colcon.colcon_core.package_identification:_identify(docs/adr) by extensions ['ros']
[0.270s] Level 1:colcon.colcon_core.package_identification:_identify(docs/adr) by extension 'ros'
[0.270s] Level 1:colcon.colcon_core.package_identification:_identify(docs/adr) by extensions ['cmake', 'python']
[0.271s] Level 1:colcon.colcon_core.package_identification:_identify(docs/adr) by extension 'cmake'
[0.271s] Level 1:colcon.colcon_core.package_identification:_identify(docs/adr) by extension 'python'
[0.271s] Level 1:colcon.colcon_core.package_identification:_identify(docs/adr) by extensions ['python_setup_py']
[0.271s] Level 1:colcon.colcon_core.package_identification:_identify(docs/adr) by extension 'python_setup_py'
[0.271s] Level 1:colcon.colcon_core.package_identification:_identify(docs/agents) by extensions ['ignore', 'ignore_ament_install']
[0.271s] Level 1:colcon.colcon_core.package_identification:_identify(docs/agents) by extension 'ignore'
[0.271s] Level 1:colcon.colcon_core.package_identification:_identify(docs/agents) by extension 'ignore_ament_install'
[0.271s] Level 1:colcon.colcon_core.package_identification:_identify(docs/agents) by extensions ['colcon_pkg']
[0.271s] Level 1:colcon.colcon_core.package_identification:_identify(docs/agents) by extension 'colcon_pkg'
[0.271s] Level 1:colcon.colcon_core.package_identification:_identify(docs/agents) by extensions ['colcon_meta']
[0.271s] Level 1:colcon.colcon_core.package_identification:_identify(docs/agents) by extension 'colcon_meta'
[0.271s] Level 1:colcon.colcon_core.package_identification:_identify(docs/agents) by extensions ['ros']
[0.271s] Level 1:colcon.colcon_core.package_identification:_identify(docs/agents) by extension 'ros'
[0.271s] Level 1:colcon.colcon_core.package_identification:_identify(docs/agents) by extensions ['cmake', 'python']
[0.271s] Level 1:colcon.colcon_core.package_identification:_identify(docs/agents) by extension 'cmake'
[0.271s] Level 1:colcon.colcon_core.package_identification:_identify(docs/agents) by extension 'python'
[0.271s] Level 1:colcon.colcon_core.package_identification:_identify(docs/agents) by extensions ['python_setup_py']
[0.271s] Level 1:colcon.colcon_core.package_identification:_identify(docs/agents) by extension 'python_setup_py'
[0.272s] Level 1:colcon.colcon_core.package_identification:_identify(docs/agents/progress) by extensions ['ignore', 'ignore_ament_install']
[0.272s] Level 1:colcon.colcon_core.package_identification:_identify(docs/agents/progress) by extension 'ignore'
[0.272s] Level 1:colcon.colcon_core.package_identification:_identify(docs/agents/progress) by extension 'ignore_ament_install'
[0.272s] Level 1:colcon.colcon_core.package_identification:_identify(docs/agents/progress) by extensions ['colcon_pkg']
[0.272s] Level 1:colcon.colcon_core.package_identification:_identify(docs/agents/progress) by extension 'colcon_pkg'
[0.272s] Level 1:colcon.colcon_core.package_identification:_identify(docs/agents/progress) by extensions ['colcon_meta']
[0.272s] Level 1:colcon.colcon_core.package_identification:_identify(docs/agents/progress) by extension 'colcon_meta'
[0.272s] Level 1:colcon.colcon_core.package_identification:_identify(docs/agents/progress) by extensions ['ros']
[0.272s] Level 1:colcon.colcon_core.package_identification:_identify(docs/agents/progress) by extension 'ros'
[0.272s] Level 1:colcon.colcon_core.package_identification:_identify(docs/agents/progress) by extensions ['cmake', 'python']
[0.272s] Level 1:colcon.colcon_core.package_identification:_identify(docs/agents/progress) by extension 'cmake'
[0.272s] Level 1:colcon.colcon_core.package_identification:_identify(docs/agents/progress) by extension 'python'
[0.272s] Level 1:colcon.colcon_core.package_identification:_identify(docs/agents/progress) by extensions ['python_setup_py']
[0.272s] Level 1:colcon.colcon_core.package_identification:_identify(docs/agents/progress) by extension 'python_setup_py'
[0.272s] Level 1:colcon.colcon_core.package_identification:_identify(docs/agents/reports) by extensions ['ignore', 'ignore_ament_install']
[0.272s] Level 1:colcon.colcon_core.package_identification:_identify(docs/agents/reports) by extension 'ignore'
[0.272s] Level 1:colcon.colcon_core.package_identification:_identify(docs/agents/reports) by extension 'ignore_ament_install'
[0.273s] Level 1:colcon.colcon_core.package_identification:_identify(docs/agents/reports) by extensions ['colcon_pkg']
[0.273s] Level 1:colcon.colcon_core.package_identification:_identify(docs/agents/reports) by extension 'colcon_pkg'
[0.273s] Level 1:colcon.colcon_core.package_identification:_identify(docs/agents/reports) by extensions ['colcon_meta']
[0.273s] Level 1:colcon.colcon_core.package_identification:_identify(docs/agents/reports) by extension 'colcon_meta'
[0.273s] Level 1:colcon.colcon_core.package_identification:_identify(docs/agents/reports) by extensions ['ros']
[0.273s] Level 1:colcon.colcon_core.package_identification:_identify(docs/agents/reports) by extension 'ros'
[0.273s] Level 1:colcon.colcon_core.package_identification:_identify(docs/agents/reports) by extensions ['cmake', 'python']
[0.273s] Level 1:colcon.colcon_core.package_identification:_identify(docs/agents/reports) by extension 'cmake'
[0.273s] Level 1:colcon.colcon_core.package_identification:_identify(docs/agents/reports) by extension 'python'
[0.273s] Level 1:colcon.colcon_core.package_identification:_identify(docs/agents/reports) by extensions ['python_setup_py']
[0.273s] Level 1:colcon.colcon_core.package_identification:_identify(docs/agents/reports) by extension 'python_setup_py'
[0.273s] Level 1:colcon.colcon_core.package_identification:_identify(docs/agents/reports/plataforma_a) by extensions ['ignore', 'ignore_ament_install']
[0.273s] Level 1:colcon.colcon_core.package_identification:_identify(docs/agents/reports/plataforma_a) by extension 'ignore'
[0.273s] Level 1:colcon.colcon_core.package_identification:_identify(docs/agents/reports/plataforma_a) by extension 'ignore_ament_install'
[0.273s] Level 1:colcon.colcon_core.package_identification:_identify(docs/agents/reports/plataforma_a) by extensions ['colcon_pkg']
[0.273s] Level 1:colcon.colcon_core.package_identification:_identify(docs/agents/reports/plataforma_a) by extension 'colcon_pkg'
[0.273s] Level 1:colcon.colcon_core.package_identification:_identify(docs/agents/reports/plataforma_a) by extensions ['colcon_meta']
[0.273s] Level 1:colcon.colcon_core.package_identification:_identify(docs/agents/reports/plataforma_a) by extension 'colcon_meta'
[0.273s] Level 1:colcon.colcon_core.package_identification:_identify(docs/agents/reports/plataforma_a) by extensions ['ros']
[0.273s] Level 1:colcon.colcon_core.package_identification:_identify(docs/agents/reports/plataforma_a) by extension 'ros'
[0.274s] Level 1:colcon.colcon_core.package_identification:_identify(docs/agents/reports/plataforma_a) by extensions ['cmake', 'python']
[0.274s] Level 1:colcon.colcon_core.package_identification:_identify(docs/agents/reports/plataforma_a) by extension 'cmake'
[0.274s] Level 1:colcon.colcon_core.package_identification:_identify(docs/agents/reports/plataforma_a) by extension 'python'
[0.274s] Level 1:colcon.colcon_core.package_identification:_identify(docs/agents/reports/plataforma_a) by extensions ['python_setup_py']
[0.274s] Level 1:colcon.colcon_core.package_identification:_identify(docs/agents/reports/plataforma_a) by extension 'python_setup_py'
[0.274s] Level 1:colcon.colcon_core.package_identification:_identify(docs/agents/reports/plataforma_b) by extensions ['ignore', 'ignore_ament_install']
[0.274s] Level 1:colcon.colcon_core.package_identification:_identify(docs/agents/reports/plataforma_b) by extension 'ignore'
[0.274s] Level 1:colcon.colcon_core.package_identification:_identify(docs/agents/reports/plataforma_b) by extension 'ignore_ament_install'
[0.274s] Level 1:colcon.colcon_core.package_identification:_identify(docs/agents/reports/plataforma_b) by extensions ['colcon_pkg']
[0.274s] Level 1:colcon.colcon_core.package_identification:_identify(docs/agents/reports/plataforma_b) by extension 'colcon_pkg'
[0.274s] Level 1:colcon.colcon_core.package_identification:_identify(docs/agents/reports/plataforma_b) by extensions ['colcon_meta']
[0.274s] Level 1:colcon.colcon_core.package_identification:_identify(docs/agents/reports/plataforma_b) by extension 'colcon_meta'
[0.274s] Level 1:colcon.colcon_core.package_identification:_identify(docs/agents/reports/plataforma_b) by extensions ['ros']
[0.274s] Level 1:colcon.colcon_core.package_identification:_identify(docs/agents/reports/plataforma_b) by extension 'ros'
[0.274s] Level 1:colcon.colcon_core.package_identification:_identify(docs/agents/reports/plataforma_b) by extensions ['cmake', 'python']
[0.274s] Level 1:colcon.colcon_core.package_identification:_identify(docs/agents/reports/plataforma_b) by extension 'cmake'
[0.274s] Level 1:colcon.colcon_core.package_identification:_identify(docs/agents/reports/plataforma_b) by extension 'python'
[0.274s] Level 1:colcon.colcon_core.package_identification:_identify(docs/agents/reports/plataforma_b) by extensions ['python_setup_py']
[0.274s] Level 1:colcon.colcon_core.package_identification:_identify(docs/agents/reports/plataforma_b) by extension 'python_setup_py'
[0.274s] Level 1:colcon.colcon_core.package_identification:_identify(docs/agents/reports/plataforma_c) by extensions ['ignore', 'ignore_ament_install']
[0.275s] Level 1:colcon.colcon_core.package_identification:_identify(docs/agents/reports/plataforma_c) by extension 'ignore'
[0.275s] Level 1:colcon.colcon_core.package_identification:_identify(docs/agents/reports/plataforma_c) by extension 'ignore_ament_install'
[0.275s] Level 1:colcon.colcon_core.package_identification:_identify(docs/agents/reports/plataforma_c) by extensions ['colcon_pkg']
[0.275s] Level 1:colcon.colcon_core.package_identification:_identify(docs/agents/reports/plataforma_c) by extension 'colcon_pkg'
[0.275s] Level 1:colcon.colcon_core.package_identification:_identify(docs/agents/reports/plataforma_c) by extensions ['colcon_meta']
[0.275s] Level 1:colcon.colcon_core.package_identification:_identify(docs/agents/reports/plataforma_c) by extension 'colcon_meta'
[0.275s] Level 1:colcon.colcon_core.package_identification:_identify(docs/agents/reports/plataforma_c) by extensions ['ros']
[0.275s] Level 1:colcon.colcon_core.package_identification:_identify(docs/agents/reports/plataforma_c) by extension 'ros'
[0.275s] Level 1:colcon.colcon_core.package_identification:_identify(docs/agents/reports/plataforma_c) by extensions ['cmake', 'python']
[0.275s] Level 1:colcon.colcon_core.package_identification:_identify(docs/agents/reports/plataforma_c) by extension 'cmake'
[0.275s] Level 1:colcon.colcon_core.package_identification:_identify(docs/agents/reports/plataforma_c) by extension 'python'
[0.275s] Level 1:colcon.colcon_core.package_identification:_identify(docs/agents/reports/plataforma_c) by extensions ['python_setup_py']
[0.275s] Level 1:colcon.colcon_core.package_identification:_identify(docs/agents/reports/plataforma_c) by extension 'python_setup_py'
[0.276s] Level 1:colcon.colcon_core.package_identification:_identify(docs/archive) by extensions ['ignore', 'ignore_ament_install']
[0.276s] Level 1:colcon.colcon_core.package_identification:_identify(docs/archive) by extension 'ignore'
[0.276s] Level 1:colcon.colcon_core.package_identification:_identify(docs/archive) by extension 'ignore_ament_install'
[0.276s] Level 1:colcon.colcon_core.package_identification:_identify(docs/archive) by extensions ['colcon_pkg']
[0.276s] Level 1:colcon.colcon_core.package_identification:_identify(docs/archive) by extension 'colcon_pkg'
[0.276s] Level 1:colcon.colcon_core.package_identification:_identify(docs/archive) by extensions ['colcon_meta']
[0.276s] Level 1:colcon.colcon_core.package_identification:_identify(docs/archive) by extension 'colcon_meta'
[0.276s] Level 1:colcon.colcon_core.package_identification:_identify(docs/archive) by extensions ['ros']
[0.276s] Level 1:colcon.colcon_core.package_identification:_identify(docs/archive) by extension 'ros'
[0.276s] Level 1:colcon.colcon_core.package_identification:_identify(docs/archive) by extensions ['cmake', 'python']
[0.276s] Level 1:colcon.colcon_core.package_identification:_identify(docs/archive) by extension 'cmake'
[0.276s] Level 1:colcon.colcon_core.package_identification:_identify(docs/archive) by extension 'python'
[0.276s] Level 1:colcon.colcon_core.package_identification:_identify(docs/archive) by extensions ['python_setup_py']
[0.276s] Level 1:colcon.colcon_core.package_identification:_identify(docs/archive) by extension 'python_setup_py'
[0.276s] Level 1:colcon.colcon_core.package_identification:_identify(docs/audit) by extensions ['ignore', 'ignore_ament_install']
[0.276s] Level 1:colcon.colcon_core.package_identification:_identify(docs/audit) by extension 'ignore'
[0.277s] Level 1:colcon.colcon_core.package_identification:_identify(docs/audit) by extension 'ignore_ament_install'
[0.277s] Level 1:colcon.colcon_core.package_identification:_identify(docs/audit) by extensions ['colcon_pkg']
[0.277s] Level 1:colcon.colcon_core.package_identification:_identify(docs/audit) by extension 'colcon_pkg'
[0.277s] Level 1:colcon.colcon_core.package_identification:_identify(docs/audit) by extensions ['colcon_meta']
[0.277s] Level 1:colcon.colcon_core.package_identification:_identify(docs/audit) by extension 'colcon_meta'
[0.277s] Level 1:colcon.colcon_core.package_identification:_identify(docs/audit) by extensions ['ros']
[0.277s] Level 1:colcon.colcon_core.package_identification:_identify(docs/audit) by extension 'ros'
[0.277s] Level 1:colcon.colcon_core.package_identification:_identify(docs/audit) by extensions ['cmake', 'python']
[0.277s] Level 1:colcon.colcon_core.package_identification:_identify(docs/audit) by extension 'cmake'
[0.277s] Level 1:colcon.colcon_core.package_identification:_identify(docs/audit) by extension 'python'
[0.277s] Level 1:colcon.colcon_core.package_identification:_identify(docs/audit) by extensions ['python_setup_py']
[0.277s] Level 1:colcon.colcon_core.package_identification:_identify(docs/audit) by extension 'python_setup_py'
[0.277s] Level 1:colcon.colcon_core.package_identification:_identify(docs/director) by extensions ['ignore', 'ignore_ament_install']
[0.277s] Level 1:colcon.colcon_core.package_identification:_identify(docs/director) by extension 'ignore'
[0.277s] Level 1:colcon.colcon_core.package_identification:_identify(docs/director) by extension 'ignore_ament_install'
[0.277s] Level 1:colcon.colcon_core.package_identification:_identify(docs/director) by extensions ['colcon_pkg']
[0.277s] Level 1:colcon.colcon_core.package_identification:_identify(docs/director) by extension 'colcon_pkg'
[0.277s] Level 1:colcon.colcon_core.package_identification:_identify(docs/director) by extensions ['colcon_meta']
[0.277s] Level 1:colcon.colcon_core.package_identification:_identify(docs/director) by extension 'colcon_meta'
[0.277s] Level 1:colcon.colcon_core.package_identification:_identify(docs/director) by extensions ['ros']
[0.277s] Level 1:colcon.colcon_core.package_identification:_identify(docs/director) by extension 'ros'
[0.278s] Level 1:colcon.colcon_core.package_identification:_identify(docs/director) by extensions ['cmake', 'python']
[0.278s] Level 1:colcon.colcon_core.package_identification:_identify(docs/director) by extension 'cmake'
[0.278s] Level 1:colcon.colcon_core.package_identification:_identify(docs/director) by extension 'python'
[0.278s] Level 1:colcon.colcon_core.package_identification:_identify(docs/director) by extensions ['python_setup_py']
[0.278s] Level 1:colcon.colcon_core.package_identification:_identify(docs/director) by extension 'python_setup_py'
[0.278s] Level 1:colcon.colcon_core.package_identification:_identify(docs/tasks) by extensions ['ignore', 'ignore_ament_install']
[0.278s] Level 1:colcon.colcon_core.package_identification:_identify(docs/tasks) by extension 'ignore'
[0.278s] Level 1:colcon.colcon_core.package_identification:_identify(docs/tasks) by extension 'ignore_ament_install'
[0.278s] Level 1:colcon.colcon_core.package_identification:_identify(docs/tasks) by extensions ['colcon_pkg']
[0.278s] Level 1:colcon.colcon_core.package_identification:_identify(docs/tasks) by extension 'colcon_pkg'
[0.278s] Level 1:colcon.colcon_core.package_identification:_identify(docs/tasks) by extensions ['colcon_meta']
[0.278s] Level 1:colcon.colcon_core.package_identification:_identify(docs/tasks) by extension 'colcon_meta'
[0.278s] Level 1:colcon.colcon_core.package_identification:_identify(docs/tasks) by extensions ['ros']
[0.278s] Level 1:colcon.colcon_core.package_identification:_identify(docs/tasks) by extension 'ros'
[0.278s] Level 1:colcon.colcon_core.package_identification:_identify(docs/tasks) by extensions ['cmake', 'python']
[0.278s] Level 1:colcon.colcon_core.package_identification:_identify(docs/tasks) by extension 'cmake'
[0.278s] Level 1:colcon.colcon_core.package_identification:_identify(docs/tasks) by extension 'python'
[0.278s] Level 1:colcon.colcon_core.package_identification:_identify(docs/tasks) by extensions ['python_setup_py']
[0.278s] Level 1:colcon.colcon_core.package_identification:_identify(docs/tasks) by extension 'python_setup_py'
[0.278s] Level 1:colcon.colcon_core.package_identification:_identify(docs/workflow) by extensions ['ignore', 'ignore_ament_install']
[0.278s] Level 1:colcon.colcon_core.package_identification:_identify(docs/workflow) by extension 'ignore'
[0.279s] Level 1:colcon.colcon_core.package_identification:_identify(docs/workflow) by extension 'ignore_ament_install'
[0.279s] Level 1:colcon.colcon_core.package_identification:_identify(docs/workflow) by extensions ['colcon_pkg']
[0.279s] Level 1:colcon.colcon_core.package_identification:_identify(docs/workflow) by extension 'colcon_pkg'
[0.279s] Level 1:colcon.colcon_core.package_identification:_identify(docs/workflow) by extensions ['colcon_meta']
[0.279s] Level 1:colcon.colcon_core.package_identification:_identify(docs/workflow) by extension 'colcon_meta'
[0.279s] Level 1:colcon.colcon_core.package_identification:_identify(docs/workflow) by extensions ['ros']
[0.279s] Level 1:colcon.colcon_core.package_identification:_identify(docs/workflow) by extension 'ros'
[0.279s] Level 1:colcon.colcon_core.package_identification:_identify(docs/workflow) by extensions ['cmake', 'python']
[0.279s] Level 1:colcon.colcon_core.package_identification:_identify(docs/workflow) by extension 'cmake'
[0.279s] Level 1:colcon.colcon_core.package_identification:_identify(docs/workflow) by extension 'python'
[0.279s] Level 1:colcon.colcon_core.package_identification:_identify(docs/workflow) by extensions ['python_setup_py']
[0.279s] Level 1:colcon.colcon_core.package_identification:_identify(docs/workflow) by extension 'python_setup_py'
[0.279s] Level 1:colcon.colcon_core.package_identification:_identify(docs/workflow/reports) by extensions ['ignore', 'ignore_ament_install']
[0.279s] Level 1:colcon.colcon_core.package_identification:_identify(docs/workflow/reports) by extension 'ignore'
[0.279s] Level 1:colcon.colcon_core.package_identification:_identify(docs/workflow/reports) by extension 'ignore_ament_install'
[0.280s] Level 1:colcon.colcon_core.package_identification:_identify(docs/workflow/reports) by extensions ['colcon_pkg']
[0.280s] Level 1:colcon.colcon_core.package_identification:_identify(docs/workflow/reports) by extension 'colcon_pkg'
[0.280s] Level 1:colcon.colcon_core.package_identification:_identify(docs/workflow/reports) by extensions ['colcon_meta']
[0.280s] Level 1:colcon.colcon_core.package_identification:_identify(docs/workflow/reports) by extension 'colcon_meta'
[0.280s] Level 1:colcon.colcon_core.package_identification:_identify(docs/workflow/reports) by extensions ['ros']
[0.280s] Level 1:colcon.colcon_core.package_identification:_identify(docs/workflow/reports) by extension 'ros'
[0.280s] Level 1:colcon.colcon_core.package_identification:_identify(docs/workflow/reports) by extensions ['cmake', 'python']
[0.280s] Level 1:colcon.colcon_core.package_identification:_identify(docs/workflow/reports) by extension 'cmake'
[0.280s] Level 1:colcon.colcon_core.package_identification:_identify(docs/workflow/reports) by extension 'python'
[0.280s] Level 1:colcon.colcon_core.package_identification:_identify(docs/workflow/reports) by extensions ['python_setup_py']
[0.280s] Level 1:colcon.colcon_core.package_identification:_identify(docs/workflow/reports) by extension 'python_setup_py'
[0.280s] Level 1:colcon.colcon_core.package_identification:_identify(install) by extensions ['ignore', 'ignore_ament_install']
[0.280s] Level 1:colcon.colcon_core.package_identification:_identify(install) by extension 'ignore'
[0.281s] Level 1:colcon.colcon_core.package_identification:_identify(install) ignored
[0.281s] Level 1:colcon.colcon_core.package_identification:_identify(log) by extensions ['ignore', 'ignore_ament_install']
[0.281s] Level 1:colcon.colcon_core.package_identification:_identify(log) by extension 'ignore'
[0.281s] Level 1:colcon.colcon_core.package_identification:_identify(log) ignored
[0.281s] Level 1:colcon.colcon_core.package_identification:_identify(scripts) by extensions ['ignore', 'ignore_ament_install']
[0.281s] Level 1:colcon.colcon_core.package_identification:_identify(scripts) by extension 'ignore'
[0.281s] Level 1:colcon.colcon_core.package_identification:_identify(scripts) by extension 'ignore_ament_install'
[0.281s] Level 1:colcon.colcon_core.package_identification:_identify(scripts) by extensions ['colcon_pkg']
[0.281s] Level 1:colcon.colcon_core.package_identification:_identify(scripts) by extension 'colcon_pkg'
[0.281s] Level 1:colcon.colcon_core.package_identification:_identify(scripts) by extensions ['colcon_meta']
[0.281s] Level 1:colcon.colcon_core.package_identification:_identify(scripts) by extension 'colcon_meta'
[0.281s] Level 1:colcon.colcon_core.package_identification:_identify(scripts) by extensions ['ros']
[0.281s] Level 1:colcon.colcon_core.package_identification:_identify(scripts) by extension 'ros'
[0.282s] Level 1:colcon.colcon_core.package_identification:_identify(scripts) by extensions ['cmake', 'python']
[0.282s] Level 1:colcon.colcon_core.package_identification:_identify(scripts) by extension 'cmake'
[0.282s] Level 1:colcon.colcon_core.package_identification:_identify(scripts) by extension 'python'
[0.282s] Level 1:colcon.colcon_core.package_identification:_identify(scripts) by extensions ['python_setup_py']
[0.282s] Level 1:colcon.colcon_core.package_identification:_identify(scripts) by extension 'python_setup_py'
[0.282s] Level 1:colcon.colcon_core.package_identification:_identify(src) by extensions ['ignore', 'ignore_ament_install']
[0.282s] Level 1:colcon.colcon_core.package_identification:_identify(src) by extension 'ignore'
[0.282s] Level 1:colcon.colcon_core.package_identification:_identify(src) by extension 'ignore_ament_install'
[0.282s] Level 1:colcon.colcon_core.package_identification:_identify(src) by extensions ['colcon_pkg']
[0.282s] Level 1:colcon.colcon_core.package_identification:_identify(src) by extension 'colcon_pkg'
[0.282s] Level 1:colcon.colcon_core.package_identification:_identify(src) by extensions ['colcon_meta']
[0.282s] Level 1:colcon.colcon_core.package_identification:_identify(src) by extension 'colcon_meta'
[0.282s] Level 1:colcon.colcon_core.package_identification:_identify(src) by extensions ['ros']
[0.282s] Level 1:colcon.colcon_core.package_identification:_identify(src) by extension 'ros'
[0.282s] Level 1:colcon.colcon_core.package_identification:_identify(src) by extensions ['cmake', 'python']
[0.282s] Level 1:colcon.colcon_core.package_identification:_identify(src) by extension 'cmake'
[0.282s] Level 1:colcon.colcon_core.package_identification:_identify(src) by extension 'python'
[0.283s] Level 1:colcon.colcon_core.package_identification:_identify(src) by extensions ['python_setup_py']
[0.283s] Level 1:colcon.colcon_core.package_identification:_identify(src) by extension 'python_setup_py'
[0.283s] Level 1:colcon.colcon_core.package_identification:_identify(src/robot_amr_description) by extensions ['ignore', 'ignore_ament_install']
[0.283s] Level 1:colcon.colcon_core.package_identification:_identify(src/robot_amr_description) by extension 'ignore'
[0.283s] Level 1:colcon.colcon_core.package_identification:_identify(src/robot_amr_description) by extension 'ignore_ament_install'
[0.283s] Level 1:colcon.colcon_core.package_identification:_identify(src/robot_amr_description) by extensions ['colcon_pkg']
[0.283s] Level 1:colcon.colcon_core.package_identification:_identify(src/robot_amr_description) by extension 'colcon_pkg'
[0.283s] Level 1:colcon.colcon_core.package_identification:_identify(src/robot_amr_description) by extensions ['colcon_meta']
[0.283s] Level 1:colcon.colcon_core.package_identification:_identify(src/robot_amr_description) by extension 'colcon_meta'
[0.283s] Level 1:colcon.colcon_core.package_identification:_identify(src/robot_amr_description) by extensions ['ros']
[0.283s] Level 1:colcon.colcon_core.package_identification:_identify(src/robot_amr_description) by extension 'ros'
[0.287s] DEBUG:colcon.colcon_core.package_identification:Package 'src/robot_amr_description' with type 'ros.ament_cmake' and name 'robot_amr_description'
[0.288s] Level 1:colcon.colcon_core.package_identification:_identify(src/warehouse_bringup) by extensions ['ignore', 'ignore_ament_install']
[0.288s] Level 1:colcon.colcon_core.package_identification:_identify(src/warehouse_bringup) by extension 'ignore'
[0.288s] Level 1:colcon.colcon_core.package_identification:_identify(src/warehouse_bringup) by extension 'ignore_ament_install'
[0.288s] Level 1:colcon.colcon_core.package_identification:_identify(src/warehouse_bringup) by extensions ['colcon_pkg']
[0.288s] Level 1:colcon.colcon_core.package_identification:_identify(src/warehouse_bringup) by extension 'colcon_pkg'
[0.288s] Level 1:colcon.colcon_core.package_identification:_identify(src/warehouse_bringup) by extensions ['colcon_meta']
[0.288s] Level 1:colcon.colcon_core.package_identification:_identify(src/warehouse_bringup) by extension 'colcon_meta'
[0.289s] Level 1:colcon.colcon_core.package_identification:_identify(src/warehouse_bringup) by extensions ['ros']
[0.289s] Level 1:colcon.colcon_core.package_identification:_identify(src/warehouse_bringup) by extension 'ros'
[0.290s] DEBUG:colcon.colcon_core.package_identification:Package 'src/warehouse_bringup' with type 'ros.ament_cmake' and name 'warehouse_bringup'
[0.290s] Level 1:colcon.colcon_core.package_identification:_identify(src/warehouse_gazebo) by extensions ['ignore', 'ignore_ament_install']
[0.290s] Level 1:colcon.colcon_core.package_identification:_identify(src/warehouse_gazebo) by extension 'ignore'
[0.290s] Level 1:colcon.colcon_core.package_identification:_identify(src/warehouse_gazebo) by extension 'ignore_ament_install'
[0.290s] Level 1:colcon.colcon_core.package_identification:_identify(src/warehouse_gazebo) by extensions ['colcon_pkg']
[0.290s] Level 1:colcon.colcon_core.package_identification:_identify(src/warehouse_gazebo) by extension 'colcon_pkg'
[0.290s] Level 1:colcon.colcon_core.package_identification:_identify(src/warehouse_gazebo) by extensions ['colcon_meta']
[0.290s] Level 1:colcon.colcon_core.package_identification:_identify(src/warehouse_gazebo) by extension 'colcon_meta'
[0.290s] Level 1:colcon.colcon_core.package_identification:_identify(src/warehouse_gazebo) by extensions ['ros']
[0.290s] Level 1:colcon.colcon_core.package_identification:_identify(src/warehouse_gazebo) by extension 'ros'
[0.291s] DEBUG:colcon.colcon_core.package_identification:Package 'src/warehouse_gazebo' with type 'ros.ament_cmake' and name 'warehouse_gazebo'
[0.291s] Level 1:colcon.colcon_core.package_identification:_identify(src/warehouse_interfaces) by extensions ['ignore', 'ignore_ament_install']
[0.292s] Level 1:colcon.colcon_core.package_identification:_identify(src/warehouse_interfaces) by extension 'ignore'
[0.292s] Level 1:colcon.colcon_core.package_identification:_identify(src/warehouse_interfaces) by extension 'ignore_ament_install'
[0.292s] Level 1:colcon.colcon_core.package_identification:_identify(src/warehouse_interfaces) by extensions ['colcon_pkg']
[0.292s] Level 1:colcon.colcon_core.package_identification:_identify(src/warehouse_interfaces) by extension 'colcon_pkg'
[0.292s] Level 1:colcon.colcon_core.package_identification:_identify(src/warehouse_interfaces) by extensions ['colcon_meta']
[0.292s] Level 1:colcon.colcon_core.package_identification:_identify(src/warehouse_interfaces) by extension 'colcon_meta'
[0.292s] Level 1:colcon.colcon_core.package_identification:_identify(src/warehouse_interfaces) by extensions ['ros']
[0.292s] Level 1:colcon.colcon_core.package_identification:_identify(src/warehouse_interfaces) by extension 'ros'
[0.293s] DEBUG:colcon.colcon_core.package_identification:Package 'src/warehouse_interfaces' with type 'ros.ament_cmake' and name 'warehouse_interfaces'
[0.293s] Level 1:colcon.colcon_core.package_identification:_identify(src/warehouse_inventory) by extensions ['ignore', 'ignore_ament_install']
[0.293s] Level 1:colcon.colcon_core.package_identification:_identify(src/warehouse_inventory) by extension 'ignore'
[0.294s] Level 1:colcon.colcon_core.package_identification:_identify(src/warehouse_inventory) by extension 'ignore_ament_install'
[0.294s] Level 1:colcon.colcon_core.package_identification:_identify(src/warehouse_inventory) by extensions ['colcon_pkg']
[0.294s] Level 1:colcon.colcon_core.package_identification:_identify(src/warehouse_inventory) by extension 'colcon_pkg'
[0.294s] Level 1:colcon.colcon_core.package_identification:_identify(src/warehouse_inventory) by extensions ['colcon_meta']
[0.294s] Level 1:colcon.colcon_core.package_identification:_identify(src/warehouse_inventory) by extension 'colcon_meta'
[0.294s] Level 1:colcon.colcon_core.package_identification:_identify(src/warehouse_inventory) by extensions ['ros']
[0.294s] Level 1:colcon.colcon_core.package_identification:_identify(src/warehouse_inventory) by extension 'ros'
[0.295s] DEBUG:colcon.colcon_core.package_identification:Package 'src/warehouse_inventory' with type 'ros.ament_cmake' and name 'warehouse_inventory'
[0.295s] Level 1:colcon.colcon_core.package_identification:_identify(src/warehouse_manipulation) by extensions ['ignore', 'ignore_ament_install']
[0.295s] Level 1:colcon.colcon_core.package_identification:_identify(src/warehouse_manipulation) by extension 'ignore'
[0.295s] Level 1:colcon.colcon_core.package_identification:_identify(src/warehouse_manipulation) by extension 'ignore_ament_install'
[0.295s] Level 1:colcon.colcon_core.package_identification:_identify(src/warehouse_manipulation) by extensions ['colcon_pkg']
[0.296s] Level 1:colcon.colcon_core.package_identification:_identify(src/warehouse_manipulation) by extension 'colcon_pkg'
[0.296s] Level 1:colcon.colcon_core.package_identification:_identify(src/warehouse_manipulation) by extensions ['colcon_meta']
[0.296s] Level 1:colcon.colcon_core.package_identification:_identify(src/warehouse_manipulation) by extension 'colcon_meta'
[0.296s] Level 1:colcon.colcon_core.package_identification:_identify(src/warehouse_manipulation) by extensions ['ros']
[0.296s] Level 1:colcon.colcon_core.package_identification:_identify(src/warehouse_manipulation) by extension 'ros'
[0.297s] DEBUG:colcon.colcon_core.package_identification:Package 'src/warehouse_manipulation' with type 'ros.ament_cmake' and name 'warehouse_manipulation'
[0.297s] Level 1:colcon.colcon_core.package_identification:_identify(src/warehouse_moveit_config) by extensions ['ignore', 'ignore_ament_install']
[0.297s] Level 1:colcon.colcon_core.package_identification:_identify(src/warehouse_moveit_config) by extension 'ignore'
[0.298s] Level 1:colcon.colcon_core.package_identification:_identify(src/warehouse_moveit_config) by extension 'ignore_ament_install'
[0.298s] Level 1:colcon.colcon_core.package_identification:_identify(src/warehouse_moveit_config) by extensions ['colcon_pkg']
[0.298s] Level 1:colcon.colcon_core.package_identification:_identify(src/warehouse_moveit_config) by extension 'colcon_pkg'
[0.298s] Level 1:colcon.colcon_core.package_identification:_identify(src/warehouse_moveit_config) by extensions ['colcon_meta']
[0.298s] Level 1:colcon.colcon_core.package_identification:_identify(src/warehouse_moveit_config) by extension 'colcon_meta'
[0.298s] Level 1:colcon.colcon_core.package_identification:_identify(src/warehouse_moveit_config) by extensions ['ros']
[0.298s] Level 1:colcon.colcon_core.package_identification:_identify(src/warehouse_moveit_config) by extension 'ros'
[0.299s] DEBUG:colcon.colcon_core.package_identification:Package 'src/warehouse_moveit_config' with type 'ros.ament_cmake' and name 'warehouse_moveit_config'
[0.299s] Level 1:colcon.colcon_core.package_identification:_identify(src/warehouse_navigation) by extensions ['ignore', 'ignore_ament_install']
[0.299s] Level 1:colcon.colcon_core.package_identification:_identify(src/warehouse_navigation) by extension 'ignore'
[0.300s] Level 1:colcon.colcon_core.package_identification:_identify(src/warehouse_navigation) by extension 'ignore_ament_install'
[0.300s] Level 1:colcon.colcon_core.package_identification:_identify(src/warehouse_navigation) by extensions ['colcon_pkg']
[0.300s] Level 1:colcon.colcon_core.package_identification:_identify(src/warehouse_navigation) by extension 'colcon_pkg'
[0.300s] Level 1:colcon.colcon_core.package_identification:_identify(src/warehouse_navigation) by extensions ['colcon_meta']
[0.300s] Level 1:colcon.colcon_core.package_identification:_identify(src/warehouse_navigation) by extension 'colcon_meta'
[0.300s] Level 1:colcon.colcon_core.package_identification:_identify(src/warehouse_navigation) by extensions ['ros']
[0.300s] Level 1:colcon.colcon_core.package_identification:_identify(src/warehouse_navigation) by extension 'ros'
[0.301s] DEBUG:colcon.colcon_core.package_identification:Package 'src/warehouse_navigation' with type 'ros.ament_cmake' and name 'warehouse_navigation'
[0.301s] Level 1:colcon.colcon_core.package_identification:_identify(src/warehouse_perception) by extensions ['ignore', 'ignore_ament_install']
[0.301s] Level 1:colcon.colcon_core.package_identification:_identify(src/warehouse_perception) by extension 'ignore'
[0.301s] Level 1:colcon.colcon_core.package_identification:_identify(src/warehouse_perception) by extension 'ignore_ament_install'
[0.301s] Level 1:colcon.colcon_core.package_identification:_identify(src/warehouse_perception) by extensions ['colcon_pkg']
[0.301s] Level 1:colcon.colcon_core.package_identification:_identify(src/warehouse_perception) by extension 'colcon_pkg'
[0.301s] Level 1:colcon.colcon_core.package_identification:_identify(src/warehouse_perception) by extensions ['colcon_meta']
[0.301s] Level 1:colcon.colcon_core.package_identification:_identify(src/warehouse_perception) by extension 'colcon_meta'
[0.301s] Level 1:colcon.colcon_core.package_identification:_identify(src/warehouse_perception) by extensions ['ros']
[0.301s] Level 1:colcon.colcon_core.package_identification:_identify(src/warehouse_perception) by extension 'ros'
[0.302s] DEBUG:colcon.colcon_core.package_identification:Package 'src/warehouse_perception' with type 'ros.ament_cmake' and name 'warehouse_perception'
[0.303s] Level 1:colcon.colcon_core.package_identification:_identify(src/warehouse_robot_description) by extensions ['ignore', 'ignore_ament_install']
[0.303s] Level 1:colcon.colcon_core.package_identification:_identify(src/warehouse_robot_description) by extension 'ignore'
[0.303s] Level 1:colcon.colcon_core.package_identification:_identify(src/warehouse_robot_description) by extension 'ignore_ament_install'
[0.303s] Level 1:colcon.colcon_core.package_identification:_identify(src/warehouse_robot_description) by extensions ['colcon_pkg']
[0.303s] Level 1:colcon.colcon_core.package_identification:_identify(src/warehouse_robot_description) by extension 'colcon_pkg'
[0.303s] Level 1:colcon.colcon_core.package_identification:_identify(src/warehouse_robot_description) by extensions ['colcon_meta']
[0.303s] Level 1:colcon.colcon_core.package_identification:_identify(src/warehouse_robot_description) by extension 'colcon_meta'
[0.303s] Level 1:colcon.colcon_core.package_identification:_identify(src/warehouse_robot_description) by extensions ['ros']
[0.303s] Level 1:colcon.colcon_core.package_identification:_identify(src/warehouse_robot_description) by extension 'ros'
[0.304s] DEBUG:colcon.colcon_core.package_identification:Package 'src/warehouse_robot_description' with type 'ros.ament_cmake' and name 'warehouse_robot_description'
[0.305s] Level 1:colcon.colcon_core.package_identification:_identify(src/warehouse_task_manager) by extensions ['ignore', 'ignore_ament_install']
[0.305s] Level 1:colcon.colcon_core.package_identification:_identify(src/warehouse_task_manager) by extension 'ignore'
[0.305s] Level 1:colcon.colcon_core.package_identification:_identify(src/warehouse_task_manager) by extension 'ignore_ament_install'
[0.305s] Level 1:colcon.colcon_core.package_identification:_identify(src/warehouse_task_manager) by extensions ['colcon_pkg']
[0.305s] Level 1:colcon.colcon_core.package_identification:_identify(src/warehouse_task_manager) by extension 'colcon_pkg'
[0.305s] Level 1:colcon.colcon_core.package_identification:_identify(src/warehouse_task_manager) by extensions ['colcon_meta']
[0.305s] Level 1:colcon.colcon_core.package_identification:_identify(src/warehouse_task_manager) by extension 'colcon_meta'
[0.305s] Level 1:colcon.colcon_core.package_identification:_identify(src/warehouse_task_manager) by extensions ['ros']
[0.305s] Level 1:colcon.colcon_core.package_identification:_identify(src/warehouse_task_manager) by extension 'ros'
[0.306s] DEBUG:colcon.colcon_core.package_identification:Package 'src/warehouse_task_manager' with type 'ros.ament_cmake' and name 'warehouse_task_manager'
[0.307s] Level 1:colcon.colcon_core.package_discovery:discover_packages(recursive) using defaults
[0.307s] Level 1:colcon.colcon_core.package_discovery:discover_packages(ignore) discover
[0.307s] Level 1:colcon.colcon_core.package_discovery:discover_packages(ignore) using defaults
[0.307s] Level 1:colcon.colcon_core.package_discovery:discover_packages(path) discover
[0.307s] Level 1:colcon.colcon_core.package_discovery:discover_packages(path) using defaults
[0.348s] INFO:colcon.colcon_core.package_selection:Skipping not selected package 'robot_amr_description' in 'src/robot_amr_description'
[0.348s] INFO:colcon.colcon_core.package_selection:Skipping not selected package 'warehouse_bringup' in 'src/warehouse_bringup'
[0.349s] INFO:colcon.colcon_core.package_selection:Skipping not selected package 'warehouse_interfaces' in 'src/warehouse_interfaces'
[0.349s] INFO:colcon.colcon_core.package_selection:Skipping not selected package 'warehouse_moveit_config' in 'src/warehouse_moveit_config'
[0.349s] INFO:colcon.colcon_core.package_selection:Skipping not selected package 'warehouse_navigation' in 'src/warehouse_navigation'
[0.349s] INFO:colcon.colcon_core.package_selection:Skipping not selected package 'warehouse_robot_description' in 'src/warehouse_robot_description'
[0.349s] INFO:colcon.colcon_core.package_selection:Skipping not selected package 'warehouse_inventory' in 'src/warehouse_inventory'
[0.349s] INFO:colcon.colcon_core.package_selection:Skipping not selected package 'warehouse_manipulation' in 'src/warehouse_manipulation'
[0.349s] INFO:colcon.colcon_core.package_selection:Skipping not selected package 'warehouse_perception' in 'src/warehouse_perception'
[0.350s] Level 1:colcon.colcon_core.package_discovery:discover_packages(prefix_path) check parameters
[0.350s] Level 1:colcon.colcon_core.package_discovery:discover_packages(prefix_path) discover
[0.355s] DEBUG:colcon.colcon_installed_package_information.package_discovery:Found 531 installed packages in /opt/ros/jazzy
[0.357s] Level 1:colcon.colcon_core.package_discovery:discover_packages(prefix_path) using defaults
[0.496s] Level 5:colcon.colcon_core.verb:set package 'warehouse_gazebo' build argument 'cmake_args' from command line to 'None'
[0.497s] Level 5:colcon.colcon_core.verb:set package 'warehouse_gazebo' build argument 'cmake_target' from command line to 'None'
[0.497s] Level 5:colcon.colcon_core.verb:set package 'warehouse_gazebo' build argument 'cmake_target_skip_unavailable' from command line to 'False'
[0.497s] Level 5:colcon.colcon_core.verb:set package 'warehouse_gazebo' build argument 'cmake_clean_cache' from command line to 'False'
[0.497s] Level 5:colcon.colcon_core.verb:set package 'warehouse_gazebo' build argument 'cmake_clean_first' from command line to 'False'
[0.497s] Level 5:colcon.colcon_core.verb:set package 'warehouse_gazebo' build argument 'cmake_force_configure' from command line to 'False'
[0.497s] Level 5:colcon.colcon_core.verb:set package 'warehouse_gazebo' build argument 'ament_cmake_args' from command line to 'None'
[0.497s] Level 5:colcon.colcon_core.verb:set package 'warehouse_gazebo' build argument 'catkin_cmake_args' from command line to 'None'
[0.497s] Level 5:colcon.colcon_core.verb:set package 'warehouse_gazebo' build argument 'catkin_skip_building_tests' from command line to 'False'
[0.497s] DEBUG:colcon.colcon_core.verb:Building package 'warehouse_gazebo' with the following arguments: {'ament_cmake_args': None, 'build_base': '/home/agonb/Desktop/Robotica1-26/robotics/final_ws/build/warehouse_gazebo', 'catkin_cmake_args': None, 'catkin_skip_building_tests': False, 'cmake_args': None, 'cmake_clean_cache': False, 'cmake_clean_first': False, 'cmake_force_configure': False, 'cmake_target': None, 'cmake_target_skip_unavailable': False, 'install_base': '/home/agonb/Desktop/Robotica1-26/robotics/final_ws/install/warehouse_gazebo', 'merge_install': False, 'path': '/home/agonb/Desktop/Robotica1-26/robotics/final_ws/src/warehouse_gazebo', 'symlink_install': True, 'test_result_base': None}
[0.497s] Level 5:colcon.colcon_core.verb:set package 'warehouse_task_manager' build argument 'cmake_args' from command line to 'None'
[0.498s] Level 5:colcon.colcon_core.verb:set package 'warehouse_task_manager' build argument 'cmake_target' from command line to 'None'
[0.498s] Level 5:colcon.colcon_core.verb:set package 'warehouse_task_manager' build argument 'cmake_target_skip_unavailable' from command line to 'False'
[0.498s] Level 5:colcon.colcon_core.verb:set package 'warehouse_task_manager' build argument 'cmake_clean_cache' from command line to 'False'
[0.498s] Level 5:colcon.colcon_core.verb:set package 'warehouse_task_manager' build argument 'cmake_clean_first' from command line to 'False'
[0.498s] Level 5:colcon.colcon_core.verb:set package 'warehouse_task_manager' build argument 'cmake_force_configure' from command line to 'False'
[0.498s] Level 5:colcon.colcon_core.verb:set package 'warehouse_task_manager' build argument 'ament_cmake_args' from command line to 'None'
[0.498s] Level 5:colcon.colcon_core.verb:set package 'warehouse_task_manager' build argument 'catkin_cmake_args' from command line to 'None'
[0.498s] Level 5:colcon.colcon_core.verb:set package 'warehouse_task_manager' build argument 'catkin_skip_building_tests' from command line to 'False'
[0.498s] DEBUG:colcon.colcon_core.verb:Building package 'warehouse_task_manager' with the following arguments: {'ament_cmake_args': None, 'build_base': '/home/agonb/Desktop/Robotica1-26/robotics/final_ws/build/warehouse_task_manager', 'catkin_cmake_args': None, 'catkin_skip_building_tests': False, 'cmake_args': None, 'cmake_clean_cache': False, 'cmake_clean_first': False, 'cmake_force_configure': False, 'cmake_target': None, 'cmake_target_skip_unavailable': False, 'install_base': '/home/agonb/Desktop/Robotica1-26/robotics/final_ws/install/warehouse_task_manager', 'merge_install': False, 'path': '/home/agonb/Desktop/Robotica1-26/robotics/final_ws/src/warehouse_task_manager', 'symlink_install': True, 'test_result_base': None}
[0.498s] INFO:colcon.colcon_core.executor:Executing jobs using 'parallel' executor
[0.499s] DEBUG:colcon.colcon_parallel_executor.executor.parallel:run_until_complete
[0.501s] INFO:colcon.colcon_ros.task.ament_cmake.build:Building ROS package in '/home/agonb/Desktop/Robotica1-26/robotics/final_ws/src/warehouse_gazebo' with build type 'ament_cmake'
[0.501s] INFO:colcon.colcon_cmake.task.cmake.build:Building CMake package in '/home/agonb/Desktop/Robotica1-26/robotics/final_ws/src/warehouse_gazebo'
[0.504s] INFO:colcon.colcon_core.plugin_system:Skipping extension 'colcon_core.shell.bat': Not used on non-Windows systems
[0.506s] INFO:colcon.colcon_core.shell:Skip shell extension 'powershell' for command environment: Not usable outside of PowerShell
[0.506s] DEBUG:colcon.colcon_core.shell:Skip shell extension 'dsv' for command environment
[0.513s] INFO:colcon.colcon_ros.task.ament_cmake.build:Building ROS package in '/home/agonb/Desktop/Robotica1-26/robotics/final_ws/src/warehouse_task_manager' with build type 'ament_cmake'
[0.515s] INFO:colcon.colcon_cmake.task.cmake.build:Building CMake package in '/home/agonb/Desktop/Robotica1-26/robotics/final_ws/src/warehouse_task_manager'
[0.515s] INFO:colcon.colcon_core.shell:Skip shell extension 'powershell' for command environment: Not usable outside of PowerShell
[0.515s] DEBUG:colcon.colcon_core.shell:Skip shell extension 'dsv' for command environment
[0.534s] DEBUG:colcon.colcon_core.event_handler.log_command:Invoking command in '/home/agonb/Desktop/Robotica1-26/robotics/final_ws/build/warehouse_gazebo': AMENT_PREFIX_PATH=/home/agonb/Desktop/Robotica1-26/robotics/final_ws/install/warehouse_robot_description:/home/agonb/Desktop/Robotica1-26/robotics/final_ws/install/warehouse_bringup:${AMENT_PREFIX_PATH} CMAKE_PREFIX_PATH=/home/agonb/Desktop/Robotica1-26/robotics/final_ws/install/warehouse_robot_description:/opt/ros/jazzy:/home/agonb/Desktop/Robotica1-26/robotics/final_ws/install/warehouse_bringup:${CMAKE_PREFIX_PATH} DEBUGINFOD_URLS=https://debuginfod.ubuntu.com /usr/bin/cmake --build /home/agonb/Desktop/Robotica1-26/robotics/final_ws/build/warehouse_gazebo -- -j12 -l12
[0.546s] DEBUG:colcon.colcon_core.event_handler.log_command:Invoking command in '/home/agonb/Desktop/Robotica1-26/robotics/final_ws/build/warehouse_task_manager': AMENT_PREFIX_PATH=/home/agonb/Desktop/Robotica1-26/robotics/final_ws/install/warehouse_perception:/home/agonb/Desktop/Robotica1-26/robotics/final_ws/install/warehouse_manipulation:/home/agonb/Desktop/Robotica1-26/robotics/final_ws/install/warehouse_inventory:/home/agonb/Desktop/Robotica1-26/robotics/final_ws/install/warehouse_navigation:/home/agonb/Desktop/Robotica1-26/robotics/final_ws/install/warehouse_moveit_config:/home/agonb/Desktop/Robotica1-26/robotics/final_ws/install/warehouse_interfaces:${AMENT_PREFIX_PATH} CMAKE_PREFIX_PATH=/opt/ros/jazzy:/home/agonb/Desktop/Robotica1-26/robotics/final_ws/install/warehouse_perception:/home/agonb/Desktop/Robotica1-26/robotics/final_ws/install/warehouse_manipulation:/home/agonb/Desktop/Robotica1-26/robotics/final_ws/install/warehouse_inventory:/home/agonb/Desktop/Robotica1-26/robotics/final_ws/install/warehouse_navigation:/home/agonb/Desktop/Robotica1-26/robotics/final_ws/install/warehouse_moveit_config:/home/agonb/Desktop/Robotica1-26/robotics/final_ws/install/warehouse_interfaces:${CMAKE_PREFIX_PATH} DEBUGINFOD_URLS=https://debuginfod.ubuntu.com LD_LIBRARY_PATH=/home/agonb/Desktop/Robotica1-26/robotics/final_ws/install/warehouse_interfaces/lib:${LD_LIBRARY_PATH} PYTHONPATH=/home/agonb/Desktop/Robotica1-26/robotics/final_ws/install/warehouse_interfaces/lib/python3.12/site-packages:${PYTHONPATH} /usr/bin/cmake --build /home/agonb/Desktop/Robotica1-26/robotics/final_ws/build/warehouse_task_manager -- -j12 -l12
[0.654s] DEBUG:colcon.colcon_core.event_handler.log_command:Invoked command in '/home/agonb/Desktop/Robotica1-26/robotics/final_ws/build/warehouse_gazebo' returned '0': AMENT_PREFIX_PATH=/home/agonb/Desktop/Robotica1-26/robotics/final_ws/install/warehouse_robot_description:/home/agonb/Desktop/Robotica1-26/robotics/final_ws/install/warehouse_bringup:${AMENT_PREFIX_PATH} CMAKE_PREFIX_PATH=/home/agonb/Desktop/Robotica1-26/robotics/final_ws/install/warehouse_robot_description:/opt/ros/jazzy:/home/agonb/Desktop/Robotica1-26/robotics/final_ws/install/warehouse_bringup:${CMAKE_PREFIX_PATH} DEBUGINFOD_URLS=https://debuginfod.ubuntu.com /usr/bin/cmake --build /home/agonb/Desktop/Robotica1-26/robotics/final_ws/build/warehouse_gazebo -- -j12 -l12
[0.676s] DEBUG:colcon.colcon_core.event_handler.log_command:Invoking command in '/home/agonb/Desktop/Robotica1-26/robotics/final_ws/build/warehouse_gazebo': AMENT_PREFIX_PATH=/home/agonb/Desktop/Robotica1-26/robotics/final_ws/install/warehouse_robot_description:/home/agonb/Desktop/Robotica1-26/robotics/final_ws/install/warehouse_bringup:${AMENT_PREFIX_PATH} CMAKE_PREFIX_PATH=/home/agonb/Desktop/Robotica1-26/robotics/final_ws/install/warehouse_robot_description:/opt/ros/jazzy:/home/agonb/Desktop/Robotica1-26/robotics/final_ws/install/warehouse_bringup:${CMAKE_PREFIX_PATH} DEBUGINFOD_URLS=https://debuginfod.ubuntu.com /usr/bin/cmake --install /home/agonb/Desktop/Robotica1-26/robotics/final_ws/build/warehouse_gazebo
[0.740s] Level 1:colcon.colcon_core.environment:create_environment_scripts_only(warehouse_gazebo)
[0.742s] DEBUG:colcon.colcon_core.event_handler.log_command:Invoked command in '/home/agonb/Desktop/Robotica1-26/robotics/final_ws/build/warehouse_gazebo' returned '0': AMENT_PREFIX_PATH=/home/agonb/Desktop/Robotica1-26/robotics/final_ws/install/warehouse_robot_description:/home/agonb/Desktop/Robotica1-26/robotics/final_ws/install/warehouse_bringup:${AMENT_PREFIX_PATH} CMAKE_PREFIX_PATH=/home/agonb/Desktop/Robotica1-26/robotics/final_ws/install/warehouse_robot_description:/opt/ros/jazzy:/home/agonb/Desktop/Robotica1-26/robotics/final_ws/install/warehouse_bringup:${CMAKE_PREFIX_PATH} DEBUGINFOD_URLS=https://debuginfod.ubuntu.com /usr/bin/cmake --install /home/agonb/Desktop/Robotica1-26/robotics/final_ws/build/warehouse_gazebo
[0.755s] Level 1:colcon.colcon_core.environment:checking '/home/agonb/Desktop/Robotica1-26/robotics/final_ws/install/warehouse_gazebo' for CMake module files
[0.758s] Level 1:colcon.colcon_core.environment:checking '/home/agonb/Desktop/Robotica1-26/robotics/final_ws/install/warehouse_gazebo' for CMake config files
[0.759s] Level 1:colcon.colcon_core.shell:create_environment_hook('warehouse_gazebo', 'cmake_prefix_path')
[0.759s] INFO:colcon.colcon_core.shell:Creating environment hook '/home/agonb/Desktop/Robotica1-26/robotics/final_ws/install/warehouse_gazebo/share/warehouse_gazebo/hook/cmake_prefix_path.ps1'
[0.762s] INFO:colcon.colcon_core.shell:Creating environment descriptor '/home/agonb/Desktop/Robotica1-26/robotics/final_ws/install/warehouse_gazebo/share/warehouse_gazebo/hook/cmake_prefix_path.dsv'
[0.765s] INFO:colcon.colcon_core.shell:Creating environment hook '/home/agonb/Desktop/Robotica1-26/robotics/final_ws/install/warehouse_gazebo/share/warehouse_gazebo/hook/cmake_prefix_path.sh'
[0.767s] Level 1:colcon.colcon_core.environment:checking '/home/agonb/Desktop/Robotica1-26/robotics/final_ws/install/warehouse_gazebo/bin'
[0.767s] Level 1:colcon.colcon_core.environment:checking '/home/agonb/Desktop/Robotica1-26/robotics/final_ws/install/warehouse_gazebo/lib/pkgconfig/warehouse_gazebo.pc'
[0.767s] Level 1:colcon.colcon_core.environment:checking '/home/agonb/Desktop/Robotica1-26/robotics/final_ws/install/warehouse_gazebo/lib/python3.12/site-packages'
[0.768s] Level 1:colcon.colcon_core.environment:checking '/home/agonb/Desktop/Robotica1-26/robotics/final_ws/install/warehouse_gazebo/bin'
[0.768s] INFO:colcon.colcon_core.shell:Creating package script '/home/agonb/Desktop/Robotica1-26/robotics/final_ws/install/warehouse_gazebo/share/warehouse_gazebo/package.ps1'
[0.770s] INFO:colcon.colcon_core.shell:Creating package descriptor '/home/agonb/Desktop/Robotica1-26/robotics/final_ws/install/warehouse_gazebo/share/warehouse_gazebo/package.dsv'
[0.771s] INFO:colcon.colcon_core.shell:Creating package script '/home/agonb/Desktop/Robotica1-26/robotics/final_ws/install/warehouse_gazebo/share/warehouse_gazebo/package.sh'
[0.772s] INFO:colcon.colcon_core.shell:Creating package script '/home/agonb/Desktop/Robotica1-26/robotics/final_ws/install/warehouse_gazebo/share/warehouse_gazebo/package.bash'
[0.774s] INFO:colcon.colcon_core.shell:Creating package script '/home/agonb/Desktop/Robotica1-26/robotics/final_ws/install/warehouse_gazebo/share/warehouse_gazebo/package.zsh'
[0.776s] Level 1:colcon.colcon_core.environment:create_file_with_runtime_dependencies(/home/agonb/Desktop/Robotica1-26/robotics/final_ws/install/warehouse_gazebo/share/colcon-core/packages/warehouse_gazebo)
[0.777s] Level 1:colcon.colcon_core.environment:create_environment_scripts_only(warehouse_gazebo)
[0.778s] Level 1:colcon.colcon_core.environment:checking '/home/agonb/Desktop/Robotica1-26/robotics/final_ws/install/warehouse_gazebo' for CMake module files
[0.779s] Level 1:colcon.colcon_core.environment:checking '/home/agonb/Desktop/Robotica1-26/robotics/final_ws/install/warehouse_gazebo' for CMake config files
[0.779s] Level 1:colcon.colcon_core.shell:create_environment_hook('warehouse_gazebo', 'cmake_prefix_path')
[0.780s] INFO:colcon.colcon_core.shell:Creating environment hook '/home/agonb/Desktop/Robotica1-26/robotics/final_ws/install/warehouse_gazebo/share/warehouse_gazebo/hook/cmake_prefix_path.ps1'
[0.781s] INFO:colcon.colcon_core.shell:Creating environment descriptor '/home/agonb/Desktop/Robotica1-26/robotics/final_ws/install/warehouse_gazebo/share/warehouse_gazebo/hook/cmake_prefix_path.dsv'
[0.782s] INFO:colcon.colcon_core.shell:Creating environment hook '/home/agonb/Desktop/Robotica1-26/robotics/final_ws/install/warehouse_gazebo/share/warehouse_gazebo/hook/cmake_prefix_path.sh'
[0.784s] Level 1:colcon.colcon_core.environment:checking '/home/agonb/Desktop/Robotica1-26/robotics/final_ws/install/warehouse_gazebo/bin'
[0.784s] Level 1:colcon.colcon_core.environment:checking '/home/agonb/Desktop/Robotica1-26/robotics/final_ws/install/warehouse_gazebo/lib/pkgconfig/warehouse_gazebo.pc'
[0.784s] Level 1:colcon.colcon_core.environment:checking '/home/agonb/Desktop/Robotica1-26/robotics/final_ws/install/warehouse_gazebo/lib/python3.12/site-packages'
[0.785s] Level 1:colcon.colcon_core.environment:checking '/home/agonb/Desktop/Robotica1-26/robotics/final_ws/install/warehouse_gazebo/bin'
[0.785s] INFO:colcon.colcon_core.shell:Creating package script '/home/agonb/Desktop/Robotica1-26/robotics/final_ws/install/warehouse_gazebo/share/warehouse_gazebo/package.ps1'
[0.788s] INFO:colcon.colcon_core.shell:Creating package descriptor '/home/agonb/Desktop/Robotica1-26/robotics/final_ws/install/warehouse_gazebo/share/warehouse_gazebo/package.dsv'
[0.790s] INFO:colcon.colcon_core.shell:Creating package script '/home/agonb/Desktop/Robotica1-26/robotics/final_ws/install/warehouse_gazebo/share/warehouse_gazebo/package.sh'
[0.791s] INFO:colcon.colcon_core.shell:Creating package script '/home/agonb/Desktop/Robotica1-26/robotics/final_ws/install/warehouse_gazebo/share/warehouse_gazebo/package.bash'
[0.792s] INFO:colcon.colcon_core.shell:Creating package script '/home/agonb/Desktop/Robotica1-26/robotics/final_ws/install/warehouse_gazebo/share/warehouse_gazebo/package.zsh'
[0.793s] Level 1:colcon.colcon_core.environment:create_file_with_runtime_dependencies(/home/agonb/Desktop/Robotica1-26/robotics/final_ws/install/warehouse_gazebo/share/colcon-core/packages/warehouse_gazebo)
[31.564s] DEBUG:colcon.colcon_core.event_handler.log_command:Invoked command in '/home/agonb/Desktop/Robotica1-26/robotics/final_ws/build/warehouse_task_manager' returned '0': AMENT_PREFIX_PATH=/home/agonb/Desktop/Robotica1-26/robotics/final_ws/install/warehouse_perception:/home/agonb/Desktop/Robotica1-26/robotics/final_ws/install/warehouse_manipulation:/home/agonb/Desktop/Robotica1-26/robotics/final_ws/install/warehouse_inventory:/home/agonb/Desktop/Robotica1-26/robotics/final_ws/install/warehouse_navigation:/home/agonb/Desktop/Robotica1-26/robotics/final_ws/install/warehouse_moveit_config:/home/agonb/Desktop/Robotica1-26/robotics/final_ws/install/warehouse_interfaces:${AMENT_PREFIX_PATH} CMAKE_PREFIX_PATH=/opt/ros/jazzy:/home/agonb/Desktop/Robotica1-26/robotics/final_ws/install/warehouse_perception:/home/agonb/Desktop/Robotica1-26/robotics/final_ws/install/warehouse_manipulation:/home/agonb/Desktop/Robotica1-26/robotics/final_ws/install/warehouse_inventory:/home/agonb/Desktop/Robotica1-26/robotics/final_ws/install/warehouse_navigation:/home/agonb/Desktop/Robotica1-26/robotics/final_ws/install/warehouse_moveit_config:/home/agonb/Desktop/Robotica1-26/robotics/final_ws/install/warehouse_interfaces:${CMAKE_PREFIX_PATH} DEBUGINFOD_URLS=https://debuginfod.ubuntu.com LD_LIBRARY_PATH=/home/agonb/Desktop/Robotica1-26/robotics/final_ws/install/warehouse_interfaces/lib:${LD_LIBRARY_PATH} PYTHONPATH=/home/agonb/Desktop/Robotica1-26/robotics/final_ws/install/warehouse_interfaces/lib/python3.12/site-packages:${PYTHONPATH} /usr/bin/cmake --build /home/agonb/Desktop/Robotica1-26/robotics/final_ws/build/warehouse_task_manager -- -j12 -l12
[31.565s] DEBUG:colcon.colcon_core.event_handler.log_command:Invoking command in '/home/agonb/Desktop/Robotica1-26/robotics/final_ws/build/warehouse_task_manager': AMENT_PREFIX_PATH=/home/agonb/Desktop/Robotica1-26/robotics/final_ws/install/warehouse_perception:/home/agonb/Desktop/Robotica1-26/robotics/final_ws/install/warehouse_manipulation:/home/agonb/Desktop/Robotica1-26/robotics/final_ws/install/warehouse_inventory:/home/agonb/Desktop/Robotica1-26/robotics/final_ws/install/warehouse_navigation:/home/agonb/Desktop/Robotica1-26/robotics/final_ws/install/warehouse_moveit_config:/home/agonb/Desktop/Robotica1-26/robotics/final_ws/install/warehouse_interfaces:${AMENT_PREFIX_PATH} CMAKE_PREFIX_PATH=/opt/ros/jazzy:/home/agonb/Desktop/Robotica1-26/robotics/final_ws/install/warehouse_perception:/home/agonb/Desktop/Robotica1-26/robotics/final_ws/install/warehouse_manipulation:/home/agonb/Desktop/Robotica1-26/robotics/final_ws/install/warehouse_inventory:/home/agonb/Desktop/Robotica1-26/robotics/final_ws/install/warehouse_navigation:/home/agonb/Desktop/Robotica1-26/robotics/final_ws/install/warehouse_moveit_config:/home/agonb/Desktop/Robotica1-26/robotics/final_ws/install/warehouse_interfaces:${CMAKE_PREFIX_PATH} DEBUGINFOD_URLS=https://debuginfod.ubuntu.com LD_LIBRARY_PATH=/home/agonb/Desktop/Robotica1-26/robotics/final_ws/install/warehouse_interfaces/lib:${LD_LIBRARY_PATH} PYTHONPATH=/home/agonb/Desktop/Robotica1-26/robotics/final_ws/install/warehouse_interfaces/lib/python3.12/site-packages:${PYTHONPATH} /usr/bin/cmake --install /home/agonb/Desktop/Robotica1-26/robotics/final_ws/build/warehouse_task_manager
[31.652s] Level 1:colcon.colcon_core.environment:create_environment_scripts_only(warehouse_task_manager)
[31.654s] Level 1:colcon.colcon_core.environment:checking '/home/agonb/Desktop/Robotica1-26/robotics/final_ws/install/warehouse_task_manager' for CMake module files
[31.655s] DEBUG:colcon.colcon_core.event_handler.log_command:Invoked command in '/home/agonb/Desktop/Robotica1-26/robotics/final_ws/build/warehouse_task_manager' returned '0': AMENT_PREFIX_PATH=/home/agonb/Desktop/Robotica1-26/robotics/final_ws/install/warehouse_perception:/home/agonb/Desktop/Robotica1-26/robotics/final_ws/install/warehouse_manipulation:/home/agonb/Desktop/Robotica1-26/robotics/final_ws/install/warehouse_inventory:/home/agonb/Desktop/Robotica1-26/robotics/final_ws/install/warehouse_navigation:/home/agonb/Desktop/Robotica1-26/robotics/final_ws/install/warehouse_moveit_config:/home/agonb/Desktop/Robotica1-26/robotics/final_ws/install/warehouse_interfaces:${AMENT_PREFIX_PATH} CMAKE_PREFIX_PATH=/opt/ros/jazzy:/home/agonb/Desktop/Robotica1-26/robotics/final_ws/install/warehouse_perception:/home/agonb/Desktop/Robotica1-26/robotics/final_ws/install/warehouse_manipulation:/home/agonb/Desktop/Robotica1-26/robotics/final_ws/install/warehouse_inventory:/home/agonb/Desktop/Robotica1-26/robotics/final_ws/install/warehouse_navigation:/home/agonb/Desktop/Robotica1-26/robotics/final_ws/install/warehouse_moveit_config:/home/agonb/Desktop/Robotica1-26/robotics/final_ws/install/warehouse_interfaces:${CMAKE_PREFIX_PATH} DEBUGINFOD_URLS=https://debuginfod.ubuntu.com LD_LIBRARY_PATH=/home/agonb/Desktop/Robotica1-26/robotics/final_ws/install/warehouse_interfaces/lib:${LD_LIBRARY_PATH} PYTHONPATH=/home/agonb/Desktop/Robotica1-26/robotics/final_ws/install/warehouse_interfaces/lib/python3.12/site-packages:${PYTHONPATH} /usr/bin/cmake --install /home/agonb/Desktop/Robotica1-26/robotics/final_ws/build/warehouse_task_manager
[31.656s] Level 1:colcon.colcon_core.environment:checking '/home/agonb/Desktop/Robotica1-26/robotics/final_ws/install/warehouse_task_manager' for CMake config files
[31.657s] Level 1:colcon.colcon_core.shell:create_environment_hook('warehouse_task_manager', 'cmake_prefix_path')
[31.657s] INFO:colcon.colcon_core.shell:Creating environment hook '/home/agonb/Desktop/Robotica1-26/robotics/final_ws/install/warehouse_task_manager/share/warehouse_task_manager/hook/cmake_prefix_path.ps1'
[31.660s] INFO:colcon.colcon_core.shell:Creating environment descriptor '/home/agonb/Desktop/Robotica1-26/robotics/final_ws/install/warehouse_task_manager/share/warehouse_task_manager/hook/cmake_prefix_path.dsv'
[31.662s] INFO:colcon.colcon_core.shell:Creating environment hook '/home/agonb/Desktop/Robotica1-26/robotics/final_ws/install/warehouse_task_manager/share/warehouse_task_manager/hook/cmake_prefix_path.sh'
[31.665s] Level 1:colcon.colcon_core.environment:checking '/home/agonb/Desktop/Robotica1-26/robotics/final_ws/install/warehouse_task_manager/lib'
[31.665s] Level 1:colcon.colcon_core.environment:checking '/home/agonb/Desktop/Robotica1-26/robotics/final_ws/install/warehouse_task_manager/bin'
[31.665s] Level 1:colcon.colcon_core.environment:checking '/home/agonb/Desktop/Robotica1-26/robotics/final_ws/install/warehouse_task_manager/lib/pkgconfig/warehouse_task_manager.pc'
[31.667s] Level 1:colcon.colcon_core.environment:checking '/home/agonb/Desktop/Robotica1-26/robotics/final_ws/install/warehouse_task_manager/lib/python3.12/site-packages'
[31.668s] Level 1:colcon.colcon_core.environment:checking '/home/agonb/Desktop/Robotica1-26/robotics/final_ws/install/warehouse_task_manager/bin'
[31.668s] INFO:colcon.colcon_core.shell:Creating package script '/home/agonb/Desktop/Robotica1-26/robotics/final_ws/install/warehouse_task_manager/share/warehouse_task_manager/package.ps1'
[31.671s] INFO:colcon.colcon_core.shell:Creating package descriptor '/home/agonb/Desktop/Robotica1-26/robotics/final_ws/install/warehouse_task_manager/share/warehouse_task_manager/package.dsv'
[31.673s] INFO:colcon.colcon_core.shell:Creating package script '/home/agonb/Desktop/Robotica1-26/robotics/final_ws/install/warehouse_task_manager/share/warehouse_task_manager/package.sh'
[31.675s] INFO:colcon.colcon_core.shell:Creating package script '/home/agonb/Desktop/Robotica1-26/robotics/final_ws/install/warehouse_task_manager/share/warehouse_task_manager/package.bash'
[31.676s] INFO:colcon.colcon_core.shell:Creating package script '/home/agonb/Desktop/Robotica1-26/robotics/final_ws/install/warehouse_task_manager/share/warehouse_task_manager/package.zsh'
[31.677s] Level 1:colcon.colcon_core.environment:create_file_with_runtime_dependencies(/home/agonb/Desktop/Robotica1-26/robotics/final_ws/install/warehouse_task_manager/share/colcon-core/packages/warehouse_task_manager)
[31.678s] Level 1:colcon.colcon_core.environment:create_environment_scripts_only(warehouse_task_manager)
[31.680s] Level 1:colcon.colcon_core.environment:checking '/home/agonb/Desktop/Robotica1-26/robotics/final_ws/install/warehouse_task_manager' for CMake module files
[31.682s] Level 1:colcon.colcon_core.environment:checking '/home/agonb/Desktop/Robotica1-26/robotics/final_ws/install/warehouse_task_manager' for CMake config files
[31.683s] Level 1:colcon.colcon_core.shell:create_environment_hook('warehouse_task_manager', 'cmake_prefix_path')
[31.683s] INFO:colcon.colcon_core.shell:Creating environment hook '/home/agonb/Desktop/Robotica1-26/robotics/final_ws/install/warehouse_task_manager/share/warehouse_task_manager/hook/cmake_prefix_path.ps1'
[31.684s] INFO:colcon.colcon_core.shell:Creating environment descriptor '/home/agonb/Desktop/Robotica1-26/robotics/final_ws/install/warehouse_task_manager/share/warehouse_task_manager/hook/cmake_prefix_path.dsv'
[31.685s] INFO:colcon.colcon_core.shell:Creating environment hook '/home/agonb/Desktop/Robotica1-26/robotics/final_ws/install/warehouse_task_manager/share/warehouse_task_manager/hook/cmake_prefix_path.sh'
[31.688s] Level 1:colcon.colcon_core.environment:checking '/home/agonb/Desktop/Robotica1-26/robotics/final_ws/install/warehouse_task_manager/lib'
[31.688s] Level 1:colcon.colcon_core.environment:checking '/home/agonb/Desktop/Robotica1-26/robotics/final_ws/install/warehouse_task_manager/bin'
[31.688s] Level 1:colcon.colcon_core.environment:checking '/home/agonb/Desktop/Robotica1-26/robotics/final_ws/install/warehouse_task_manager/lib/pkgconfig/warehouse_task_manager.pc'
[31.690s] Level 1:colcon.colcon_core.environment:checking '/home/agonb/Desktop/Robotica1-26/robotics/final_ws/install/warehouse_task_manager/lib/python3.12/site-packages'
[31.691s] Level 1:colcon.colcon_core.environment:checking '/home/agonb/Desktop/Robotica1-26/robotics/final_ws/install/warehouse_task_manager/bin'
[31.691s] INFO:colcon.colcon_core.shell:Creating package script '/home/agonb/Desktop/Robotica1-26/robotics/final_ws/install/warehouse_task_manager/share/warehouse_task_manager/package.ps1'
[31.694s] INFO:colcon.colcon_core.shell:Creating package descriptor '/home/agonb/Desktop/Robotica1-26/robotics/final_ws/install/warehouse_task_manager/share/warehouse_task_manager/package.dsv'
[31.696s] INFO:colcon.colcon_core.shell:Creating package script '/home/agonb/Desktop/Robotica1-26/robotics/final_ws/install/warehouse_task_manager/share/warehouse_task_manager/package.sh'
[31.697s] INFO:colcon.colcon_core.shell:Creating package script '/home/agonb/Desktop/Robotica1-26/robotics/final_ws/install/warehouse_task_manager/share/warehouse_task_manager/package.bash'
[31.698s] INFO:colcon.colcon_core.shell:Creating package script '/home/agonb/Desktop/Robotica1-26/robotics/final_ws/install/warehouse_task_manager/share/warehouse_task_manager/package.zsh'
[31.699s] Level 1:colcon.colcon_core.environment:create_file_with_runtime_dependencies(/home/agonb/Desktop/Robotica1-26/robotics/final_ws/install/warehouse_task_manager/share/colcon-core/packages/warehouse_task_manager)
[31.700s] DEBUG:colcon.colcon_parallel_executor.executor.parallel:closing loop
[31.701s] DEBUG:colcon.colcon_parallel_executor.executor.parallel:loop closed
[31.701s] DEBUG:colcon.colcon_parallel_executor.executor.parallel:run_until_complete finished with '0'
[31.701s] DEBUG:colcon.colcon_core.event_reactor:joining thread
[31.714s] INFO:colcon.colcon_core.plugin_system:Skipping extension 'colcon_notification.desktop_notification.terminal_notifier': Not used on non-Darwin systems
[31.714s] INFO:colcon.colcon_core.plugin_system:Skipping extension 'colcon_notification.desktop_notification.win32': Not used on non-Windows systems
[31.714s] INFO:colcon.colcon_notification.desktop_notification:Sending desktop notification using 'notify2'
[31.794s] DEBUG:colcon.colcon_core.event_reactor:joined thread
[31.794s] INFO:colcon.colcon_core.shell:Creating prefix script '/home/agonb/Desktop/Robotica1-26/robotics/final_ws/install/local_setup.ps1'
[31.798s] INFO:colcon.colcon_core.shell:Creating prefix util module '/home/agonb/Desktop/Robotica1-26/robotics/final_ws/install/_local_setup_util_ps1.py'
[31.805s] INFO:colcon.colcon_core.shell:Creating prefix chain script '/home/agonb/Desktop/Robotica1-26/robotics/final_ws/install/setup.ps1'
[31.808s] INFO:colcon.colcon_core.shell:Creating prefix script '/home/agonb/Desktop/Robotica1-26/robotics/final_ws/install/local_setup.sh'
[31.809s] INFO:colcon.colcon_core.shell:Creating prefix util module '/home/agonb/Desktop/Robotica1-26/robotics/final_ws/install/_local_setup_util_sh.py'
[31.810s] INFO:colcon.colcon_core.shell:Creating prefix chain script '/home/agonb/Desktop/Robotica1-26/robotics/final_ws/install/setup.sh'
[31.813s] INFO:colcon.colcon_core.shell:Creating prefix script '/home/agonb/Desktop/Robotica1-26/robotics/final_ws/install/local_setup.bash'
[31.814s] INFO:colcon.colcon_core.shell:Creating prefix chain script '/home/agonb/Desktop/Robotica1-26/robotics/final_ws/install/setup.bash'
[31.817s] INFO:colcon.colcon_core.shell:Creating prefix script '/home/agonb/Desktop/Robotica1-26/robotics/final_ws/install/local_setup.zsh'
[31.818s] INFO:colcon.colcon_core.shell:Creating prefix chain script '/home/agonb/Desktop/Robotica1-26/robotics/final_ws/install/setup.zsh'
