[0.117s] DEBUG:colcon:Command line arguments: ['/usr/bin/colcon', 'build', '--packages-select', 'warehouse_interfaces']
[0.117s] DEBUG:colcon:Parsed command line arguments: Namespace(log_base=None, log_level=None, verb_name='build', build_base='build', install_base='install', merge_install=False, symlink_install=False, test_result_base=None, continue_on_error=False, executor='parallel', parallel_workers=12, event_handlers=None, ignore_user_meta=False, metas=['./colcon.meta'], base_paths=['.'], packages_ignore=None, packages_ignore_regex=None, paths=None, packages_up_to=None, packages_up_to_regex=None, packages_above=None, packages_above_and_dependencies=None, packages_above_depth=None, packages_select_by_dep=None, packages_skip_by_dep=None, packages_skip_up_to=None, packages_select_build_failed=False, packages_skip_build_finished=False, packages_select_test_failures=False, packages_skip_test_passed=False, packages_select=['warehouse_interfaces'], packages_skip=None, packages_select_regex=None, packages_skip_regex=None, packages_start=None, packages_end=None, allow_overriding=[], cmake_args=None, cmake_target=None, cmake_target_skip_unavailable=False, cmake_clean_cache=False, cmake_clean_first=False, cmake_force_configure=False, ament_cmake_args=None, catkin_cmake_args=None, catkin_skip_building_tests=False, mixin_files=None, mixin=None, verb_parser=<colcon_mixin.mixin.mixin_argument.MixinArgumentDecorator object at 0x79d2d73ae2a0>, verb_extension=<colcon_core.verb.build.BuildVerb object at 0x79d2d73ada60>, main=<bound method BuildVerb.main of <colcon_core.verb.build.BuildVerb object at 0x79d2d73ada60>>, mixin_verb=('build',))
[0.159s] Level 1:colcon.colcon_core.package_discovery:discover_packages(colcon_meta) check parameters
[0.159s] Level 1:colcon.colcon_core.package_discovery:discover_packages(recursive) check parameters
[0.159s] Level 1:colcon.colcon_core.package_discovery:discover_packages(ignore) check parameters
[0.160s] Level 1:colcon.colcon_core.package_discovery:discover_packages(path) check parameters
[0.160s] Level 1:colcon.colcon_core.package_discovery:discover_packages(colcon_meta) discover
[0.160s] Level 1:colcon.colcon_core.package_discovery:discover_packages(recursive) discover
[0.160s] INFO:colcon.colcon_core.package_discovery:Crawling recursively for packages in '/home/agonb/Desktop/Robotica1-26/robotics/final_ws'
[0.160s] Level 1:colcon.colcon_core.package_identification:_identify(.) by extensions ['ignore', 'ignore_ament_install']
[0.160s] Level 1:colcon.colcon_core.package_identification:_identify(.) by extension 'ignore'
[0.160s] Level 1:colcon.colcon_core.package_identification:_identify(.) by extension 'ignore_ament_install'
[0.160s] Level 1:colcon.colcon_core.package_identification:_identify(.) by extensions ['colcon_pkg']
[0.160s] Level 1:colcon.colcon_core.package_identification:_identify(.) by extension 'colcon_pkg'
[0.160s] Level 1:colcon.colcon_core.package_identification:_identify(.) by extensions ['colcon_meta']
[0.160s] Level 1:colcon.colcon_core.package_identification:_identify(.) by extension 'colcon_meta'
[0.160s] Level 1:colcon.colcon_core.package_identification:_identify(.) by extensions ['ros']
[0.160s] Level 1:colcon.colcon_core.package_identification:_identify(.) by extension 'ros'
[0.187s] Level 1:colcon.colcon_core.package_identification:_identify(.) by extensions ['cmake', 'python']
[0.187s] Level 1:colcon.colcon_core.package_identification:_identify(.) by extension 'cmake'
[0.187s] Level 1:colcon.colcon_core.package_identification:_identify(.) by extension 'python'
[0.187s] Level 1:colcon.colcon_core.package_identification:_identify(.) by extensions ['python_setup_py']
[0.187s] Level 1:colcon.colcon_core.package_identification:_identify(.) by extension 'python_setup_py'
[0.187s] Level 1:colcon.colcon_core.package_identification:_identify(build) by extensions ['ignore', 'ignore_ament_install']
[0.187s] Level 1:colcon.colcon_core.package_identification:_identify(build) by extension 'ignore'
[0.188s] Level 1:colcon.colcon_core.package_identification:_identify(build) ignored
[0.188s] Level 1:colcon.colcon_core.package_identification:_identify(database) by extensions ['ignore', 'ignore_ament_install']
[0.188s] Level 1:colcon.colcon_core.package_identification:_identify(database) by extension 'ignore'
[0.188s] Level 1:colcon.colcon_core.package_identification:_identify(database) by extension 'ignore_ament_install'
[0.188s] Level 1:colcon.colcon_core.package_identification:_identify(database) by extensions ['colcon_pkg']
[0.188s] Level 1:colcon.colcon_core.package_identification:_identify(database) by extension 'colcon_pkg'
[0.188s] Level 1:colcon.colcon_core.package_identification:_identify(database) by extensions ['colcon_meta']
[0.188s] Level 1:colcon.colcon_core.package_identification:_identify(database) by extension 'colcon_meta'
[0.188s] Level 1:colcon.colcon_core.package_identification:_identify(database) by extensions ['ros']
[0.188s] Level 1:colcon.colcon_core.package_identification:_identify(database) by extension 'ros'
[0.188s] Level 1:colcon.colcon_core.package_identification:_identify(database) by extensions ['cmake', 'python']
[0.188s] Level 1:colcon.colcon_core.package_identification:_identify(database) by extension 'cmake'
[0.188s] Level 1:colcon.colcon_core.package_identification:_identify(database) by extension 'python'
[0.188s] Level 1:colcon.colcon_core.package_identification:_identify(database) by extensions ['python_setup_py']
[0.188s] Level 1:colcon.colcon_core.package_identification:_identify(database) by extension 'python_setup_py'
[0.188s] Level 1:colcon.colcon_core.package_identification:_identify(docs) by extensions ['ignore', 'ignore_ament_install']
[0.189s] Level 1:colcon.colcon_core.package_identification:_identify(docs) by extension 'ignore'
[0.189s] Level 1:colcon.colcon_core.package_identification:_identify(docs) by extension 'ignore_ament_install'
[0.189s] Level 1:colcon.colcon_core.package_identification:_identify(docs) by extensions ['colcon_pkg']
[0.189s] Level 1:colcon.colcon_core.package_identification:_identify(docs) by extension 'colcon_pkg'
[0.189s] Level 1:colcon.colcon_core.package_identification:_identify(docs) by extensions ['colcon_meta']
[0.189s] Level 1:colcon.colcon_core.package_identification:_identify(docs) by extension 'colcon_meta'
[0.189s] Level 1:colcon.colcon_core.package_identification:_identify(docs) by extensions ['ros']
[0.189s] Level 1:colcon.colcon_core.package_identification:_identify(docs) by extension 'ros'
[0.189s] Level 1:colcon.colcon_core.package_identification:_identify(docs) by extensions ['cmake', 'python']
[0.189s] Level 1:colcon.colcon_core.package_identification:_identify(docs) by extension 'cmake'
[0.189s] Level 1:colcon.colcon_core.package_identification:_identify(docs) by extension 'python'
[0.189s] Level 1:colcon.colcon_core.package_identification:_identify(docs) by extensions ['python_setup_py']
[0.189s] Level 1:colcon.colcon_core.package_identification:_identify(docs) by extension 'python_setup_py'
[0.189s] Level 1:colcon.colcon_core.package_identification:_identify(docs/adr) by extensions ['ignore', 'ignore_ament_install']
[0.189s] Level 1:colcon.colcon_core.package_identification:_identify(docs/adr) by extension 'ignore'
[0.189s] Level 1:colcon.colcon_core.package_identification:_identify(docs/adr) by extension 'ignore_ament_install'
[0.189s] Level 1:colcon.colcon_core.package_identification:_identify(docs/adr) by extensions ['colcon_pkg']
[0.189s] Level 1:colcon.colcon_core.package_identification:_identify(docs/adr) by extension 'colcon_pkg'
[0.189s] Level 1:colcon.colcon_core.package_identification:_identify(docs/adr) by extensions ['colcon_meta']
[0.189s] Level 1:colcon.colcon_core.package_identification:_identify(docs/adr) by extension 'colcon_meta'
[0.189s] Level 1:colcon.colcon_core.package_identification:_identify(docs/adr) by extensions ['ros']
[0.189s] Level 1:colcon.colcon_core.package_identification:_identify(docs/adr) by extension 'ros'
[0.189s] Level 1:colcon.colcon_core.package_identification:_identify(docs/adr) by extensions ['cmake', 'python']
[0.189s] Level 1:colcon.colcon_core.package_identification:_identify(docs/adr) by extension 'cmake'
[0.189s] Level 1:colcon.colcon_core.package_identification:_identify(docs/adr) by extension 'python'
[0.189s] Level 1:colcon.colcon_core.package_identification:_identify(docs/adr) by extensions ['python_setup_py']
[0.189s] Level 1:colcon.colcon_core.package_identification:_identify(docs/adr) by extension 'python_setup_py'
[0.189s] Level 1:colcon.colcon_core.package_identification:_identify(docs/agents) by extensions ['ignore', 'ignore_ament_install']
[0.189s] Level 1:colcon.colcon_core.package_identification:_identify(docs/agents) by extension 'ignore'
[0.189s] Level 1:colcon.colcon_core.package_identification:_identify(docs/agents) by extension 'ignore_ament_install'
[0.190s] Level 1:colcon.colcon_core.package_identification:_identify(docs/agents) by extensions ['colcon_pkg']
[0.190s] Level 1:colcon.colcon_core.package_identification:_identify(docs/agents) by extension 'colcon_pkg'
[0.190s] Level 1:colcon.colcon_core.package_identification:_identify(docs/agents) by extensions ['colcon_meta']
[0.190s] Level 1:colcon.colcon_core.package_identification:_identify(docs/agents) by extension 'colcon_meta'
[0.190s] Level 1:colcon.colcon_core.package_identification:_identify(docs/agents) by extensions ['ros']
[0.190s] Level 1:colcon.colcon_core.package_identification:_identify(docs/agents) by extension 'ros'
[0.190s] Level 1:colcon.colcon_core.package_identification:_identify(docs/agents) by extensions ['cmake', 'python']
[0.190s] Level 1:colcon.colcon_core.package_identification:_identify(docs/agents) by extension 'cmake'
[0.190s] Level 1:colcon.colcon_core.package_identification:_identify(docs/agents) by extension 'python'
[0.190s] Level 1:colcon.colcon_core.package_identification:_identify(docs/agents) by extensions ['python_setup_py']
[0.190s] Level 1:colcon.colcon_core.package_identification:_identify(docs/agents) by extension 'python_setup_py'
[0.190s] Level 1:colcon.colcon_core.package_identification:_identify(docs/agents/progress) by extensions ['ignore', 'ignore_ament_install']
[0.190s] Level 1:colcon.colcon_core.package_identification:_identify(docs/agents/progress) by extension 'ignore'
[0.190s] Level 1:colcon.colcon_core.package_identification:_identify(docs/agents/progress) by extension 'ignore_ament_install'
[0.190s] Level 1:colcon.colcon_core.package_identification:_identify(docs/agents/progress) by extensions ['colcon_pkg']
[0.190s] Level 1:colcon.colcon_core.package_identification:_identify(docs/agents/progress) by extension 'colcon_pkg'
[0.190s] Level 1:colcon.colcon_core.package_identification:_identify(docs/agents/progress) by extensions ['colcon_meta']
[0.190s] Level 1:colcon.colcon_core.package_identification:_identify(docs/agents/progress) by extension 'colcon_meta'
[0.190s] Level 1:colcon.colcon_core.package_identification:_identify(docs/agents/progress) by extensions ['ros']
[0.190s] Level 1:colcon.colcon_core.package_identification:_identify(docs/agents/progress) by extension 'ros'
[0.190s] Level 1:colcon.colcon_core.package_identification:_identify(docs/agents/progress) by extensions ['cmake', 'python']
[0.190s] Level 1:colcon.colcon_core.package_identification:_identify(docs/agents/progress) by extension 'cmake'
[0.190s] Level 1:colcon.colcon_core.package_identification:_identify(docs/agents/progress) by extension 'python'
[0.190s] Level 1:colcon.colcon_core.package_identification:_identify(docs/agents/progress) by extensions ['python_setup_py']
[0.190s] Level 1:colcon.colcon_core.package_identification:_identify(docs/agents/progress) by extension 'python_setup_py'
[0.190s] Level 1:colcon.colcon_core.package_identification:_identify(docs/agents/reports) by extensions ['ignore', 'ignore_ament_install']
[0.190s] Level 1:colcon.colcon_core.package_identification:_identify(docs/agents/reports) by extension 'ignore'
[0.190s] Level 1:colcon.colcon_core.package_identification:_identify(docs/agents/reports) by extension 'ignore_ament_install'
[0.190s] Level 1:colcon.colcon_core.package_identification:_identify(docs/agents/reports) by extensions ['colcon_pkg']
[0.190s] Level 1:colcon.colcon_core.package_identification:_identify(docs/agents/reports) by extension 'colcon_pkg'
[0.190s] Level 1:colcon.colcon_core.package_identification:_identify(docs/agents/reports) by extensions ['colcon_meta']
[0.190s] Level 1:colcon.colcon_core.package_identification:_identify(docs/agents/reports) by extension 'colcon_meta'
[0.190s] Level 1:colcon.colcon_core.package_identification:_identify(docs/agents/reports) by extensions ['ros']
[0.190s] Level 1:colcon.colcon_core.package_identification:_identify(docs/agents/reports) by extension 'ros'
[0.190s] Level 1:colcon.colcon_core.package_identification:_identify(docs/agents/reports) by extensions ['cmake', 'python']
[0.190s] Level 1:colcon.colcon_core.package_identification:_identify(docs/agents/reports) by extension 'cmake'
[0.191s] Level 1:colcon.colcon_core.package_identification:_identify(docs/agents/reports) by extension 'python'
[0.191s] Level 1:colcon.colcon_core.package_identification:_identify(docs/agents/reports) by extensions ['python_setup_py']
[0.191s] Level 1:colcon.colcon_core.package_identification:_identify(docs/agents/reports) by extension 'python_setup_py'
[0.191s] Level 1:colcon.colcon_core.package_identification:_identify(docs/agents/reports/plataforma_a) by extensions ['ignore', 'ignore_ament_install']
[0.191s] Level 1:colcon.colcon_core.package_identification:_identify(docs/agents/reports/plataforma_a) by extension 'ignore'
[0.191s] Level 1:colcon.colcon_core.package_identification:_identify(docs/agents/reports/plataforma_a) by extension 'ignore_ament_install'
[0.191s] Level 1:colcon.colcon_core.package_identification:_identify(docs/agents/reports/plataforma_a) by extensions ['colcon_pkg']
[0.191s] Level 1:colcon.colcon_core.package_identification:_identify(docs/agents/reports/plataforma_a) by extension 'colcon_pkg'
[0.191s] Level 1:colcon.colcon_core.package_identification:_identify(docs/agents/reports/plataforma_a) by extensions ['colcon_meta']
[0.191s] Level 1:colcon.colcon_core.package_identification:_identify(docs/agents/reports/plataforma_a) by extension 'colcon_meta'
[0.191s] Level 1:colcon.colcon_core.package_identification:_identify(docs/agents/reports/plataforma_a) by extensions ['ros']
[0.191s] Level 1:colcon.colcon_core.package_identification:_identify(docs/agents/reports/plataforma_a) by extension 'ros'
[0.191s] Level 1:colcon.colcon_core.package_identification:_identify(docs/agents/reports/plataforma_a) by extensions ['cmake', 'python']
[0.191s] Level 1:colcon.colcon_core.package_identification:_identify(docs/agents/reports/plataforma_a) by extension 'cmake'
[0.191s] Level 1:colcon.colcon_core.package_identification:_identify(docs/agents/reports/plataforma_a) by extension 'python'
[0.191s] Level 1:colcon.colcon_core.package_identification:_identify(docs/agents/reports/plataforma_a) by extensions ['python_setup_py']
[0.191s] Level 1:colcon.colcon_core.package_identification:_identify(docs/agents/reports/plataforma_a) by extension 'python_setup_py'
[0.191s] Level 1:colcon.colcon_core.package_identification:_identify(docs/agents/reports/plataforma_b) by extensions ['ignore', 'ignore_ament_install']
[0.191s] Level 1:colcon.colcon_core.package_identification:_identify(docs/agents/reports/plataforma_b) by extension 'ignore'
[0.191s] Level 1:colcon.colcon_core.package_identification:_identify(docs/agents/reports/plataforma_b) by extension 'ignore_ament_install'
[0.191s] Level 1:colcon.colcon_core.package_identification:_identify(docs/agents/reports/plataforma_b) by extensions ['colcon_pkg']
[0.191s] Level 1:colcon.colcon_core.package_identification:_identify(docs/agents/reports/plataforma_b) by extension 'colcon_pkg'
[0.191s] Level 1:colcon.colcon_core.package_identification:_identify(docs/agents/reports/plataforma_b) by extensions ['colcon_meta']
[0.191s] Level 1:colcon.colcon_core.package_identification:_identify(docs/agents/reports/plataforma_b) by extension 'colcon_meta'
[0.191s] Level 1:colcon.colcon_core.package_identification:_identify(docs/agents/reports/plataforma_b) by extensions ['ros']
[0.191s] Level 1:colcon.colcon_core.package_identification:_identify(docs/agents/reports/plataforma_b) by extension 'ros'
[0.191s] Level 1:colcon.colcon_core.package_identification:_identify(docs/agents/reports/plataforma_b) by extensions ['cmake', 'python']
[0.191s] Level 1:colcon.colcon_core.package_identification:_identify(docs/agents/reports/plataforma_b) by extension 'cmake'
[0.191s] Level 1:colcon.colcon_core.package_identification:_identify(docs/agents/reports/plataforma_b) by extension 'python'
[0.191s] Level 1:colcon.colcon_core.package_identification:_identify(docs/agents/reports/plataforma_b) by extensions ['python_setup_py']
[0.191s] Level 1:colcon.colcon_core.package_identification:_identify(docs/agents/reports/plataforma_b) by extension 'python_setup_py'
[0.191s] Level 1:colcon.colcon_core.package_identification:_identify(docs/agents/reports/plataforma_c) by extensions ['ignore', 'ignore_ament_install']
[0.191s] Level 1:colcon.colcon_core.package_identification:_identify(docs/agents/reports/plataforma_c) by extension 'ignore'
[0.191s] Level 1:colcon.colcon_core.package_identification:_identify(docs/agents/reports/plataforma_c) by extension 'ignore_ament_install'
[0.192s] Level 1:colcon.colcon_core.package_identification:_identify(docs/agents/reports/plataforma_c) by extensions ['colcon_pkg']
[0.192s] Level 1:colcon.colcon_core.package_identification:_identify(docs/agents/reports/plataforma_c) by extension 'colcon_pkg'
[0.192s] Level 1:colcon.colcon_core.package_identification:_identify(docs/agents/reports/plataforma_c) by extensions ['colcon_meta']
[0.192s] Level 1:colcon.colcon_core.package_identification:_identify(docs/agents/reports/plataforma_c) by extension 'colcon_meta'
[0.192s] Level 1:colcon.colcon_core.package_identification:_identify(docs/agents/reports/plataforma_c) by extensions ['ros']
[0.192s] Level 1:colcon.colcon_core.package_identification:_identify(docs/agents/reports/plataforma_c) by extension 'ros'
[0.192s] Level 1:colcon.colcon_core.package_identification:_identify(docs/agents/reports/plataforma_c) by extensions ['cmake', 'python']
[0.192s] Level 1:colcon.colcon_core.package_identification:_identify(docs/agents/reports/plataforma_c) by extension 'cmake'
[0.192s] Level 1:colcon.colcon_core.package_identification:_identify(docs/agents/reports/plataforma_c) by extension 'python'
[0.192s] Level 1:colcon.colcon_core.package_identification:_identify(docs/agents/reports/plataforma_c) by extensions ['python_setup_py']
[0.192s] Level 1:colcon.colcon_core.package_identification:_identify(docs/agents/reports/plataforma_c) by extension 'python_setup_py'
[0.192s] Level 1:colcon.colcon_core.package_identification:_identify(docs/archive) by extensions ['ignore', 'ignore_ament_install']
[0.192s] Level 1:colcon.colcon_core.package_identification:_identify(docs/archive) by extension 'ignore'
[0.192s] Level 1:colcon.colcon_core.package_identification:_identify(docs/archive) by extension 'ignore_ament_install'
[0.192s] Level 1:colcon.colcon_core.package_identification:_identify(docs/archive) by extensions ['colcon_pkg']
[0.192s] Level 1:colcon.colcon_core.package_identification:_identify(docs/archive) by extension 'colcon_pkg'
[0.192s] Level 1:colcon.colcon_core.package_identification:_identify(docs/archive) by extensions ['colcon_meta']
[0.192s] Level 1:colcon.colcon_core.package_identification:_identify(docs/archive) by extension 'colcon_meta'
[0.192s] Level 1:colcon.colcon_core.package_identification:_identify(docs/archive) by extensions ['ros']
[0.192s] Level 1:colcon.colcon_core.package_identification:_identify(docs/archive) by extension 'ros'
[0.192s] Level 1:colcon.colcon_core.package_identification:_identify(docs/archive) by extensions ['cmake', 'python']
[0.192s] Level 1:colcon.colcon_core.package_identification:_identify(docs/archive) by extension 'cmake'
[0.192s] Level 1:colcon.colcon_core.package_identification:_identify(docs/archive) by extension 'python'
[0.192s] Level 1:colcon.colcon_core.package_identification:_identify(docs/archive) by extensions ['python_setup_py']
[0.192s] Level 1:colcon.colcon_core.package_identification:_identify(docs/archive) by extension 'python_setup_py'
[0.192s] Level 1:colcon.colcon_core.package_identification:_identify(docs/audit) by extensions ['ignore', 'ignore_ament_install']
[0.192s] Level 1:colcon.colcon_core.package_identification:_identify(docs/audit) by extension 'ignore'
[0.192s] Level 1:colcon.colcon_core.package_identification:_identify(docs/audit) by extension 'ignore_ament_install'
[0.192s] Level 1:colcon.colcon_core.package_identification:_identify(docs/audit) by extensions ['colcon_pkg']
[0.192s] Level 1:colcon.colcon_core.package_identification:_identify(docs/audit) by extension 'colcon_pkg'
[0.192s] Level 1:colcon.colcon_core.package_identification:_identify(docs/audit) by extensions ['colcon_meta']
[0.192s] Level 1:colcon.colcon_core.package_identification:_identify(docs/audit) by extension 'colcon_meta'
[0.192s] Level 1:colcon.colcon_core.package_identification:_identify(docs/audit) by extensions ['ros']
[0.192s] Level 1:colcon.colcon_core.package_identification:_identify(docs/audit) by extension 'ros'
[0.192s] Level 1:colcon.colcon_core.package_identification:_identify(docs/audit) by extensions ['cmake', 'python']
[0.192s] Level 1:colcon.colcon_core.package_identification:_identify(docs/audit) by extension 'cmake'
[0.192s] Level 1:colcon.colcon_core.package_identification:_identify(docs/audit) by extension 'python'
[0.193s] Level 1:colcon.colcon_core.package_identification:_identify(docs/audit) by extensions ['python_setup_py']
[0.193s] Level 1:colcon.colcon_core.package_identification:_identify(docs/audit) by extension 'python_setup_py'
[0.193s] Level 1:colcon.colcon_core.package_identification:_identify(docs/director) by extensions ['ignore', 'ignore_ament_install']
[0.193s] Level 1:colcon.colcon_core.package_identification:_identify(docs/director) by extension 'ignore'
[0.193s] Level 1:colcon.colcon_core.package_identification:_identify(docs/director) by extension 'ignore_ament_install'
[0.193s] Level 1:colcon.colcon_core.package_identification:_identify(docs/director) by extensions ['colcon_pkg']
[0.193s] Level 1:colcon.colcon_core.package_identification:_identify(docs/director) by extension 'colcon_pkg'
[0.193s] Level 1:colcon.colcon_core.package_identification:_identify(docs/director) by extensions ['colcon_meta']
[0.193s] Level 1:colcon.colcon_core.package_identification:_identify(docs/director) by extension 'colcon_meta'
[0.193s] Level 1:colcon.colcon_core.package_identification:_identify(docs/director) by extensions ['ros']
[0.193s] Level 1:colcon.colcon_core.package_identification:_identify(docs/director) by extension 'ros'
[0.193s] Level 1:colcon.colcon_core.package_identification:_identify(docs/director) by extensions ['cmake', 'python']
[0.193s] Level 1:colcon.colcon_core.package_identification:_identify(docs/director) by extension 'cmake'
[0.193s] Level 1:colcon.colcon_core.package_identification:_identify(docs/director) by extension 'python'
[0.193s] Level 1:colcon.colcon_core.package_identification:_identify(docs/director) by extensions ['python_setup_py']
[0.193s] Level 1:colcon.colcon_core.package_identification:_identify(docs/director) by extension 'python_setup_py'
[0.193s] Level 1:colcon.colcon_core.package_identification:_identify(docs/tasks) by extensions ['ignore', 'ignore_ament_install']
[0.193s] Level 1:colcon.colcon_core.package_identification:_identify(docs/tasks) by extension 'ignore'
[0.193s] Level 1:colcon.colcon_core.package_identification:_identify(docs/tasks) by extension 'ignore_ament_install'
[0.193s] Level 1:colcon.colcon_core.package_identification:_identify(docs/tasks) by extensions ['colcon_pkg']
[0.193s] Level 1:colcon.colcon_core.package_identification:_identify(docs/tasks) by extension 'colcon_pkg'
[0.193s] Level 1:colcon.colcon_core.package_identification:_identify(docs/tasks) by extensions ['colcon_meta']
[0.193s] Level 1:colcon.colcon_core.package_identification:_identify(docs/tasks) by extension 'colcon_meta'
[0.193s] Level 1:colcon.colcon_core.package_identification:_identify(docs/tasks) by extensions ['ros']
[0.193s] Level 1:colcon.colcon_core.package_identification:_identify(docs/tasks) by extension 'ros'
[0.193s] Level 1:colcon.colcon_core.package_identification:_identify(docs/tasks) by extensions ['cmake', 'python']
[0.193s] Level 1:colcon.colcon_core.package_identification:_identify(docs/tasks) by extension 'cmake'
[0.193s] Level 1:colcon.colcon_core.package_identification:_identify(docs/tasks) by extension 'python'
[0.193s] Level 1:colcon.colcon_core.package_identification:_identify(docs/tasks) by extensions ['python_setup_py']
[0.193s] Level 1:colcon.colcon_core.package_identification:_identify(docs/tasks) by extension 'python_setup_py'
[0.193s] Level 1:colcon.colcon_core.package_identification:_identify(docs/workflow) by extensions ['ignore', 'ignore_ament_install']
[0.193s] Level 1:colcon.colcon_core.package_identification:_identify(docs/workflow) by extension 'ignore'
[0.193s] Level 1:colcon.colcon_core.package_identification:_identify(docs/workflow) by extension 'ignore_ament_install'
[0.193s] Level 1:colcon.colcon_core.package_identification:_identify(docs/workflow) by extensions ['colcon_pkg']
[0.193s] Level 1:colcon.colcon_core.package_identification:_identify(docs/workflow) by extension 'colcon_pkg'
[0.193s] Level 1:colcon.colcon_core.package_identification:_identify(docs/workflow) by extensions ['colcon_meta']
[0.193s] Level 1:colcon.colcon_core.package_identification:_identify(docs/workflow) by extension 'colcon_meta'
[0.193s] Level 1:colcon.colcon_core.package_identification:_identify(docs/workflow) by extensions ['ros']
[0.194s] Level 1:colcon.colcon_core.package_identification:_identify(docs/workflow) by extension 'ros'
[0.194s] Level 1:colcon.colcon_core.package_identification:_identify(docs/workflow) by extensions ['cmake', 'python']
[0.194s] Level 1:colcon.colcon_core.package_identification:_identify(docs/workflow) by extension 'cmake'
[0.194s] Level 1:colcon.colcon_core.package_identification:_identify(docs/workflow) by extension 'python'
[0.194s] Level 1:colcon.colcon_core.package_identification:_identify(docs/workflow) by extensions ['python_setup_py']
[0.194s] Level 1:colcon.colcon_core.package_identification:_identify(docs/workflow) by extension 'python_setup_py'
[0.194s] Level 1:colcon.colcon_core.package_identification:_identify(docs/workflow/reports) by extensions ['ignore', 'ignore_ament_install']
[0.194s] Level 1:colcon.colcon_core.package_identification:_identify(docs/workflow/reports) by extension 'ignore'
[0.194s] Level 1:colcon.colcon_core.package_identification:_identify(docs/workflow/reports) by extension 'ignore_ament_install'
[0.194s] Level 1:colcon.colcon_core.package_identification:_identify(docs/workflow/reports) by extensions ['colcon_pkg']
[0.194s] Level 1:colcon.colcon_core.package_identification:_identify(docs/workflow/reports) by extension 'colcon_pkg'
[0.194s] Level 1:colcon.colcon_core.package_identification:_identify(docs/workflow/reports) by extensions ['colcon_meta']
[0.194s] Level 1:colcon.colcon_core.package_identification:_identify(docs/workflow/reports) by extension 'colcon_meta'
[0.194s] Level 1:colcon.colcon_core.package_identification:_identify(docs/workflow/reports) by extensions ['ros']
[0.194s] Level 1:colcon.colcon_core.package_identification:_identify(docs/workflow/reports) by extension 'ros'
[0.194s] Level 1:colcon.colcon_core.package_identification:_identify(docs/workflow/reports) by extensions ['cmake', 'python']
[0.194s] Level 1:colcon.colcon_core.package_identification:_identify(docs/workflow/reports) by extension 'cmake'
[0.194s] Level 1:colcon.colcon_core.package_identification:_identify(docs/workflow/reports) by extension 'python'
[0.194s] Level 1:colcon.colcon_core.package_identification:_identify(docs/workflow/reports) by extensions ['python_setup_py']
[0.194s] Level 1:colcon.colcon_core.package_identification:_identify(docs/workflow/reports) by extension 'python_setup_py'
[0.194s] Level 1:colcon.colcon_core.package_identification:_identify(install) by extensions ['ignore', 'ignore_ament_install']
[0.194s] Level 1:colcon.colcon_core.package_identification:_identify(install) by extension 'ignore'
[0.194s] Level 1:colcon.colcon_core.package_identification:_identify(install) ignored
[0.194s] Level 1:colcon.colcon_core.package_identification:_identify(log) by extensions ['ignore', 'ignore_ament_install']
[0.194s] Level 1:colcon.colcon_core.package_identification:_identify(log) by extension 'ignore'
[0.194s] Level 1:colcon.colcon_core.package_identification:_identify(log) ignored
[0.194s] Level 1:colcon.colcon_core.package_identification:_identify(scripts) by extensions ['ignore', 'ignore_ament_install']
[0.194s] Level 1:colcon.colcon_core.package_identification:_identify(scripts) by extension 'ignore'
[0.195s] Level 1:colcon.colcon_core.package_identification:_identify(scripts) by extension 'ignore_ament_install'
[0.195s] Level 1:colcon.colcon_core.package_identification:_identify(scripts) by extensions ['colcon_pkg']
[0.195s] Level 1:colcon.colcon_core.package_identification:_identify(scripts) by extension 'colcon_pkg'
[0.195s] Level 1:colcon.colcon_core.package_identification:_identify(scripts) by extensions ['colcon_meta']
[0.195s] Level 1:colcon.colcon_core.package_identification:_identify(scripts) by extension 'colcon_meta'
[0.195s] Level 1:colcon.colcon_core.package_identification:_identify(scripts) by extensions ['ros']
[0.195s] Level 1:colcon.colcon_core.package_identification:_identify(scripts) by extension 'ros'
[0.195s] Level 1:colcon.colcon_core.package_identification:_identify(scripts) by extensions ['cmake', 'python']
[0.195s] Level 1:colcon.colcon_core.package_identification:_identify(scripts) by extension 'cmake'
[0.195s] Level 1:colcon.colcon_core.package_identification:_identify(scripts) by extension 'python'
[0.195s] Level 1:colcon.colcon_core.package_identification:_identify(scripts) by extensions ['python_setup_py']
[0.195s] Level 1:colcon.colcon_core.package_identification:_identify(scripts) by extension 'python_setup_py'
[0.195s] Level 1:colcon.colcon_core.package_identification:_identify(src) by extensions ['ignore', 'ignore_ament_install']
[0.195s] Level 1:colcon.colcon_core.package_identification:_identify(src) by extension 'ignore'
[0.195s] Level 1:colcon.colcon_core.package_identification:_identify(src) by extension 'ignore_ament_install'
[0.195s] Level 1:colcon.colcon_core.package_identification:_identify(src) by extensions ['colcon_pkg']
[0.195s] Level 1:colcon.colcon_core.package_identification:_identify(src) by extension 'colcon_pkg'
[0.195s] Level 1:colcon.colcon_core.package_identification:_identify(src) by extensions ['colcon_meta']
[0.195s] Level 1:colcon.colcon_core.package_identification:_identify(src) by extension 'colcon_meta'
[0.195s] Level 1:colcon.colcon_core.package_identification:_identify(src) by extensions ['ros']
[0.195s] Level 1:colcon.colcon_core.package_identification:_identify(src) by extension 'ros'
[0.195s] Level 1:colcon.colcon_core.package_identification:_identify(src) by extensions ['cmake', 'python']
[0.195s] Level 1:colcon.colcon_core.package_identification:_identify(src) by extension 'cmake'
[0.195s] Level 1:colcon.colcon_core.package_identification:_identify(src) by extension 'python'
[0.195s] Level 1:colcon.colcon_core.package_identification:_identify(src) by extensions ['python_setup_py']
[0.195s] Level 1:colcon.colcon_core.package_identification:_identify(src) by extension 'python_setup_py'
[0.195s] Level 1:colcon.colcon_core.package_identification:_identify(src/robot_amr_description) by extensions ['ignore', 'ignore_ament_install']
[0.195s] Level 1:colcon.colcon_core.package_identification:_identify(src/robot_amr_description) by extension 'ignore'
[0.195s] Level 1:colcon.colcon_core.package_identification:_identify(src/robot_amr_description) by extension 'ignore_ament_install'
[0.195s] Level 1:colcon.colcon_core.package_identification:_identify(src/robot_amr_description) by extensions ['colcon_pkg']
[0.195s] Level 1:colcon.colcon_core.package_identification:_identify(src/robot_amr_description) by extension 'colcon_pkg'
[0.195s] Level 1:colcon.colcon_core.package_identification:_identify(src/robot_amr_description) by extensions ['colcon_meta']
[0.195s] Level 1:colcon.colcon_core.package_identification:_identify(src/robot_amr_description) by extension 'colcon_meta'
[0.195s] Level 1:colcon.colcon_core.package_identification:_identify(src/robot_amr_description) by extensions ['ros']
[0.195s] Level 1:colcon.colcon_core.package_identification:_identify(src/robot_amr_description) by extension 'ros'
[0.198s] DEBUG:colcon.colcon_core.package_identification:Package 'src/robot_amr_description' with type 'ros.ament_cmake' and name 'robot_amr_description'
[0.198s] Level 1:colcon.colcon_core.package_identification:_identify(src/warehouse_bringup) by extensions ['ignore', 'ignore_ament_install']
[0.198s] Level 1:colcon.colcon_core.package_identification:_identify(src/warehouse_bringup) by extension 'ignore'
[0.198s] Level 1:colcon.colcon_core.package_identification:_identify(src/warehouse_bringup) by extension 'ignore_ament_install'
[0.198s] Level 1:colcon.colcon_core.package_identification:_identify(src/warehouse_bringup) by extensions ['colcon_pkg']
[0.198s] Level 1:colcon.colcon_core.package_identification:_identify(src/warehouse_bringup) by extension 'colcon_pkg'
[0.198s] Level 1:colcon.colcon_core.package_identification:_identify(src/warehouse_bringup) by extensions ['colcon_meta']
[0.198s] Level 1:colcon.colcon_core.package_identification:_identify(src/warehouse_bringup) by extension 'colcon_meta'
[0.198s] Level 1:colcon.colcon_core.package_identification:_identify(src/warehouse_bringup) by extensions ['ros']
[0.198s] Level 1:colcon.colcon_core.package_identification:_identify(src/warehouse_bringup) by extension 'ros'
[0.199s] DEBUG:colcon.colcon_core.package_identification:Package 'src/warehouse_bringup' with type 'ros.ament_cmake' and name 'warehouse_bringup'
[0.199s] Level 1:colcon.colcon_core.package_identification:_identify(src/warehouse_gazebo) by extensions ['ignore', 'ignore_ament_install']
[0.199s] Level 1:colcon.colcon_core.package_identification:_identify(src/warehouse_gazebo) by extension 'ignore'
[0.199s] Level 1:colcon.colcon_core.package_identification:_identify(src/warehouse_gazebo) by extension 'ignore_ament_install'
[0.199s] Level 1:colcon.colcon_core.package_identification:_identify(src/warehouse_gazebo) by extensions ['colcon_pkg']
[0.199s] Level 1:colcon.colcon_core.package_identification:_identify(src/warehouse_gazebo) by extension 'colcon_pkg'
[0.199s] Level 1:colcon.colcon_core.package_identification:_identify(src/warehouse_gazebo) by extensions ['colcon_meta']
[0.199s] Level 1:colcon.colcon_core.package_identification:_identify(src/warehouse_gazebo) by extension 'colcon_meta'
[0.199s] Level 1:colcon.colcon_core.package_identification:_identify(src/warehouse_gazebo) by extensions ['ros']
[0.199s] Level 1:colcon.colcon_core.package_identification:_identify(src/warehouse_gazebo) by extension 'ros'
[0.200s] DEBUG:colcon.colcon_core.package_identification:Package 'src/warehouse_gazebo' with type 'ros.ament_cmake' and name 'warehouse_gazebo'
[0.200s] Level 1:colcon.colcon_core.package_identification:_identify(src/warehouse_interfaces) by extensions ['ignore', 'ignore_ament_install']
[0.200s] Level 1:colcon.colcon_core.package_identification:_identify(src/warehouse_interfaces) by extension 'ignore'
[0.200s] Level 1:colcon.colcon_core.package_identification:_identify(src/warehouse_interfaces) by extension 'ignore_ament_install'
[0.200s] Level 1:colcon.colcon_core.package_identification:_identify(src/warehouse_interfaces) by extensions ['colcon_pkg']
[0.200s] Level 1:colcon.colcon_core.package_identification:_identify(src/warehouse_interfaces) by extension 'colcon_pkg'
[0.200s] Level 1:colcon.colcon_core.package_identification:_identify(src/warehouse_interfaces) by extensions ['colcon_meta']
[0.200s] Level 1:colcon.colcon_core.package_identification:_identify(src/warehouse_interfaces) by extension 'colcon_meta'
[0.200s] Level 1:colcon.colcon_core.package_identification:_identify(src/warehouse_interfaces) by extensions ['ros']
[0.200s] Level 1:colcon.colcon_core.package_identification:_identify(src/warehouse_interfaces) by extension 'ros'
[0.201s] DEBUG:colcon.colcon_core.package_identification:Package 'src/warehouse_interfaces' with type 'ros.ament_cmake' and name 'warehouse_interfaces'
[0.201s] Level 1:colcon.colcon_core.package_identification:_identify(src/warehouse_inventory) by extensions ['ignore', 'ignore_ament_install']
[0.202s] Level 1:colcon.colcon_core.package_identification:_identify(src/warehouse_inventory) by extension 'ignore'
[0.202s] Level 1:colcon.colcon_core.package_identification:_identify(src/warehouse_inventory) by extension 'ignore_ament_install'
[0.202s] Level 1:colcon.colcon_core.package_identification:_identify(src/warehouse_inventory) by extensions ['colcon_pkg']
[0.202s] Level 1:colcon.colcon_core.package_identification:_identify(src/warehouse_inventory) by extension 'colcon_pkg'
[0.202s] Level 1:colcon.colcon_core.package_identification:_identify(src/warehouse_inventory) by extensions ['colcon_meta']
[0.202s] Level 1:colcon.colcon_core.package_identification:_identify(src/warehouse_inventory) by extension 'colcon_meta'
[0.202s] Level 1:colcon.colcon_core.package_identification:_identify(src/warehouse_inventory) by extensions ['ros']
[0.202s] Level 1:colcon.colcon_core.package_identification:_identify(src/warehouse_inventory) by extension 'ros'
[0.203s] DEBUG:colcon.colcon_core.package_identification:Package 'src/warehouse_inventory' with type 'ros.ament_cmake' and name 'warehouse_inventory'
[0.203s] Level 1:colcon.colcon_core.package_identification:_identify(src/warehouse_manipulation) by extensions ['ignore', 'ignore_ament_install']
[0.203s] Level 1:colcon.colcon_core.package_identification:_identify(src/warehouse_manipulation) by extension 'ignore'
[0.203s] Level 1:colcon.colcon_core.package_identification:_identify(src/warehouse_manipulation) by extension 'ignore_ament_install'
[0.203s] Level 1:colcon.colcon_core.package_identification:_identify(src/warehouse_manipulation) by extensions ['colcon_pkg']
[0.203s] Level 1:colcon.colcon_core.package_identification:_identify(src/warehouse_manipulation) by extension 'colcon_pkg'
[0.203s] Level 1:colcon.colcon_core.package_identification:_identify(src/warehouse_manipulation) by extensions ['colcon_meta']
[0.203s] Level 1:colcon.colcon_core.package_identification:_identify(src/warehouse_manipulation) by extension 'colcon_meta'
[0.203s] Level 1:colcon.colcon_core.package_identification:_identify(src/warehouse_manipulation) by extensions ['ros']
[0.203s] Level 1:colcon.colcon_core.package_identification:_identify(src/warehouse_manipulation) by extension 'ros'
[0.205s] DEBUG:colcon.colcon_core.package_identification:Package 'src/warehouse_manipulation' with type 'ros.ament_cmake' and name 'warehouse_manipulation'
[0.205s] Level 1:colcon.colcon_core.package_identification:_identify(src/warehouse_moveit_config) by extensions ['ignore', 'ignore_ament_install']
[0.205s] Level 1:colcon.colcon_core.package_identification:_identify(src/warehouse_moveit_config) by extension 'ignore'
[0.205s] Level 1:colcon.colcon_core.package_identification:_identify(src/warehouse_moveit_config) by extension 'ignore_ament_install'
[0.205s] Level 1:colcon.colcon_core.package_identification:_identify(src/warehouse_moveit_config) by extensions ['colcon_pkg']
[0.205s] Level 1:colcon.colcon_core.package_identification:_identify(src/warehouse_moveit_config) by extension 'colcon_pkg'
[0.205s] Level 1:colcon.colcon_core.package_identification:_identify(src/warehouse_moveit_config) by extensions ['colcon_meta']
[0.205s] Level 1:colcon.colcon_core.package_identification:_identify(src/warehouse_moveit_config) by extension 'colcon_meta'
[0.205s] Level 1:colcon.colcon_core.package_identification:_identify(src/warehouse_moveit_config) by extensions ['ros']
[0.205s] Level 1:colcon.colcon_core.package_identification:_identify(src/warehouse_moveit_config) by extension 'ros'
[0.206s] DEBUG:colcon.colcon_core.package_identification:Package 'src/warehouse_moveit_config' with type 'ros.ament_cmake' and name 'warehouse_moveit_config'
[0.206s] Level 1:colcon.colcon_core.package_identification:_identify(src/warehouse_navigation) by extensions ['ignore', 'ignore_ament_install']
[0.206s] Level 1:colcon.colcon_core.package_identification:_identify(src/warehouse_navigation) by extension 'ignore'
[0.206s] Level 1:colcon.colcon_core.package_identification:_identify(src/warehouse_navigation) by extension 'ignore_ament_install'
[0.206s] Level 1:colcon.colcon_core.package_identification:_identify(src/warehouse_navigation) by extensions ['colcon_pkg']
[0.206s] Level 1:colcon.colcon_core.package_identification:_identify(src/warehouse_navigation) by extension 'colcon_pkg'
[0.206s] Level 1:colcon.colcon_core.package_identification:_identify(src/warehouse_navigation) by extensions ['colcon_meta']
[0.206s] Level 1:colcon.colcon_core.package_identification:_identify(src/warehouse_navigation) by extension 'colcon_meta'
[0.206s] Level 1:colcon.colcon_core.package_identification:_identify(src/warehouse_navigation) by extensions ['ros']
[0.206s] Level 1:colcon.colcon_core.package_identification:_identify(src/warehouse_navigation) by extension 'ros'
[0.206s] DEBUG:colcon.colcon_core.package_identification:Package 'src/warehouse_navigation' with type 'ros.ament_cmake' and name 'warehouse_navigation'
[0.207s] Level 1:colcon.colcon_core.package_identification:_identify(src/warehouse_perception) by extensions ['ignore', 'ignore_ament_install']
[0.207s] Level 1:colcon.colcon_core.package_identification:_identify(src/warehouse_perception) by extension 'ignore'
[0.207s] Level 1:colcon.colcon_core.package_identification:_identify(src/warehouse_perception) by extension 'ignore_ament_install'
[0.207s] Level 1:colcon.colcon_core.package_identification:_identify(src/warehouse_perception) by extensions ['colcon_pkg']
[0.207s] Level 1:colcon.colcon_core.package_identification:_identify(src/warehouse_perception) by extension 'colcon_pkg'
[0.207s] Level 1:colcon.colcon_core.package_identification:_identify(src/warehouse_perception) by extensions ['colcon_meta']
[0.207s] Level 1:colcon.colcon_core.package_identification:_identify(src/warehouse_perception) by extension 'colcon_meta'
[0.207s] Level 1:colcon.colcon_core.package_identification:_identify(src/warehouse_perception) by extensions ['ros']
[0.207s] Level 1:colcon.colcon_core.package_identification:_identify(src/warehouse_perception) by extension 'ros'
[0.207s] DEBUG:colcon.colcon_core.package_identification:Package 'src/warehouse_perception' with type 'ros.ament_cmake' and name 'warehouse_perception'
[0.207s] Level 1:colcon.colcon_core.package_identification:_identify(src/warehouse_robot_description) by extensions ['ignore', 'ignore_ament_install']
[0.207s] Level 1:colcon.colcon_core.package_identification:_identify(src/warehouse_robot_description) by extension 'ignore'
[0.208s] Level 1:colcon.colcon_core.package_identification:_identify(src/warehouse_robot_description) by extension 'ignore_ament_install'
[0.208s] Level 1:colcon.colcon_core.package_identification:_identify(src/warehouse_robot_description) by extensions ['colcon_pkg']
[0.208s] Level 1:colcon.colcon_core.package_identification:_identify(src/warehouse_robot_description) by extension 'colcon_pkg'
[0.208s] Level 1:colcon.colcon_core.package_identification:_identify(src/warehouse_robot_description) by extensions ['colcon_meta']
[0.208s] Level 1:colcon.colcon_core.package_identification:_identify(src/warehouse_robot_description) by extension 'colcon_meta'
[0.208s] Level 1:colcon.colcon_core.package_identification:_identify(src/warehouse_robot_description) by extensions ['ros']
[0.208s] Level 1:colcon.colcon_core.package_identification:_identify(src/warehouse_robot_description) by extension 'ros'
[0.208s] DEBUG:colcon.colcon_core.package_identification:Package 'src/warehouse_robot_description' with type 'ros.ament_cmake' and name 'warehouse_robot_description'
[0.208s] Level 1:colcon.colcon_core.package_identification:_identify(src/warehouse_task_manager) by extensions ['ignore', 'ignore_ament_install']
[0.208s] Level 1:colcon.colcon_core.package_identification:_identify(src/warehouse_task_manager) by extension 'ignore'
[0.208s] Level 1:colcon.colcon_core.package_identification:_identify(src/warehouse_task_manager) by extension 'ignore_ament_install'
[0.208s] Level 1:colcon.colcon_core.package_identification:_identify(src/warehouse_task_manager) by extensions ['colcon_pkg']
[0.208s] Level 1:colcon.colcon_core.package_identification:_identify(src/warehouse_task_manager) by extension 'colcon_pkg'
[0.208s] Level 1:colcon.colcon_core.package_identification:_identify(src/warehouse_task_manager) by extensions ['colcon_meta']
[0.208s] Level 1:colcon.colcon_core.package_identification:_identify(src/warehouse_task_manager) by extension 'colcon_meta'
[0.208s] Level 1:colcon.colcon_core.package_identification:_identify(src/warehouse_task_manager) by extensions ['ros']
[0.208s] Level 1:colcon.colcon_core.package_identification:_identify(src/warehouse_task_manager) by extension 'ros'
[0.209s] DEBUG:colcon.colcon_core.package_identification:Package 'src/warehouse_task_manager' with type 'ros.ament_cmake' and name 'warehouse_task_manager'
[0.209s] Level 1:colcon.colcon_core.package_discovery:discover_packages(recursive) using defaults
[0.209s] Level 1:colcon.colcon_core.package_discovery:discover_packages(ignore) discover
[0.209s] Level 1:colcon.colcon_core.package_discovery:discover_packages(ignore) using defaults
[0.209s] Level 1:colcon.colcon_core.package_discovery:discover_packages(path) discover
[0.209s] Level 1:colcon.colcon_core.package_discovery:discover_packages(path) using defaults
[0.228s] INFO:colcon.colcon_core.package_selection:Skipping not selected package 'robot_amr_description' in 'src/robot_amr_description'
[0.228s] INFO:colcon.colcon_core.package_selection:Skipping not selected package 'warehouse_bringup' in 'src/warehouse_bringup'
[0.228s] INFO:colcon.colcon_core.package_selection:Skipping not selected package 'warehouse_moveit_config' in 'src/warehouse_moveit_config'
[0.228s] INFO:colcon.colcon_core.package_selection:Skipping not selected package 'warehouse_navigation' in 'src/warehouse_navigation'
[0.228s] INFO:colcon.colcon_core.package_selection:Skipping not selected package 'warehouse_robot_description' in 'src/warehouse_robot_description'
[0.228s] INFO:colcon.colcon_core.package_selection:Skipping not selected package 'warehouse_gazebo' in 'src/warehouse_gazebo'
[0.228s] INFO:colcon.colcon_core.package_selection:Skipping not selected package 'warehouse_inventory' in 'src/warehouse_inventory'
[0.228s] INFO:colcon.colcon_core.package_selection:Skipping not selected package 'warehouse_manipulation' in 'src/warehouse_manipulation'
[0.228s] INFO:colcon.colcon_core.package_selection:Skipping not selected package 'warehouse_perception' in 'src/warehouse_perception'
[0.228s] INFO:colcon.colcon_core.package_selection:Skipping not selected package 'warehouse_task_manager' in 'src/warehouse_task_manager'
[0.229s] Level 1:colcon.colcon_core.package_discovery:discover_packages(prefix_path) check parameters
[0.229s] Level 1:colcon.colcon_core.package_discovery:discover_packages(prefix_path) discover
[0.233s] DEBUG:colcon.colcon_installed_package_information.package_discovery:Found 531 installed packages in /opt/ros/jazzy
[0.234s] Level 1:colcon.colcon_core.package_discovery:discover_packages(prefix_path) using defaults
[0.311s] Level 5:colcon.colcon_core.verb:set package 'warehouse_interfaces' build argument 'cmake_args' from command line to 'None'
[0.311s] Level 5:colcon.colcon_core.verb:set package 'warehouse_interfaces' build argument 'cmake_target' from command line to 'None'
[0.312s] Level 5:colcon.colcon_core.verb:set package 'warehouse_interfaces' build argument 'cmake_target_skip_unavailable' from command line to 'False'
[0.312s] Level 5:colcon.colcon_core.verb:set package 'warehouse_interfaces' build argument 'cmake_clean_cache' from command line to 'False'
[0.312s] Level 5:colcon.colcon_core.verb:set package 'warehouse_interfaces' build argument 'cmake_clean_first' from command line to 'False'
[0.312s] Level 5:colcon.colcon_core.verb:set package 'warehouse_interfaces' build argument 'cmake_force_configure' from command line to 'False'
[0.312s] Level 5:colcon.colcon_core.verb:set package 'warehouse_interfaces' build argument 'ament_cmake_args' from command line to 'None'
[0.312s] Level 5:colcon.colcon_core.verb:set package 'warehouse_interfaces' build argument 'catkin_cmake_args' from command line to 'None'
[0.312s] Level 5:colcon.colcon_core.verb:set package 'warehouse_interfaces' build argument 'catkin_skip_building_tests' from command line to 'False'
[0.312s] DEBUG:colcon.colcon_core.verb:Building package 'warehouse_interfaces' with the following arguments: {'ament_cmake_args': None, 'build_base': '/home/agonb/Desktop/Robotica1-26/robotics/final_ws/build/warehouse_interfaces', 'catkin_cmake_args': None, 'catkin_skip_building_tests': False, 'cmake_args': None, 'cmake_clean_cache': False, 'cmake_clean_first': False, 'cmake_force_configure': False, 'cmake_target': None, 'cmake_target_skip_unavailable': False, 'install_base': '/home/agonb/Desktop/Robotica1-26/robotics/final_ws/install/warehouse_interfaces', 'merge_install': False, 'path': '/home/agonb/Desktop/Robotica1-26/robotics/final_ws/src/warehouse_interfaces', 'symlink_install': False, 'test_result_base': None}
[0.312s] INFO:colcon.colcon_core.executor:Executing jobs using 'parallel' executor
[0.315s] DEBUG:colcon.colcon_parallel_executor.executor.parallel:run_until_complete
[0.316s] INFO:colcon.colcon_ros.task.ament_cmake.build:Building ROS package in '/home/agonb/Desktop/Robotica1-26/robotics/final_ws/src/warehouse_interfaces' with build type 'ament_cmake'
[0.316s] INFO:colcon.colcon_cmake.task.cmake.build:Building CMake package in '/home/agonb/Desktop/Robotica1-26/robotics/final_ws/src/warehouse_interfaces'
[0.319s] INFO:colcon.colcon_core.plugin_system:Skipping extension 'colcon_core.shell.bat': Not used on non-Windows systems
[0.319s] INFO:colcon.colcon_core.shell:Skip shell extension 'powershell' for command environment: Not usable outside of PowerShell
[0.320s] DEBUG:colcon.colcon_core.shell:Skip shell extension 'dsv' for command environment
[0.330s] DEBUG:colcon.colcon_core.event_handler.log_command:Invoking command in '/home/agonb/Desktop/Robotica1-26/robotics/final_ws/build/warehouse_interfaces': CMAKE_PREFIX_PATH=${CMAKE_PREFIX_PATH}:/opt/ros/jazzy DEBUGINFOD_URLS=https://debuginfod.ubuntu.com /usr/bin/cmake /home/agonb/Desktop/Robotica1-26/robotics/final_ws/src/warehouse_interfaces -DCMAKE_INSTALL_PREFIX=/home/agonb/Desktop/Robotica1-26/robotics/final_ws/install/warehouse_interfaces
[1.975s] DEBUG:colcon.colcon_core.event_handler.log_command:Invoked command in '/home/agonb/Desktop/Robotica1-26/robotics/final_ws/build/warehouse_interfaces' returned '0': CMAKE_PREFIX_PATH=${CMAKE_PREFIX_PATH}:/opt/ros/jazzy DEBUGINFOD_URLS=https://debuginfod.ubuntu.com /usr/bin/cmake /home/agonb/Desktop/Robotica1-26/robotics/final_ws/src/warehouse_interfaces -DCMAKE_INSTALL_PREFIX=/home/agonb/Desktop/Robotica1-26/robotics/final_ws/install/warehouse_interfaces
[1.976s] DEBUG:colcon.colcon_core.event_handler.log_command:Invoking command in '/home/agonb/Desktop/Robotica1-26/robotics/final_ws/build/warehouse_interfaces': CMAKE_PREFIX_PATH=${CMAKE_PREFIX_PATH}:/opt/ros/jazzy DEBUGINFOD_URLS=https://debuginfod.ubuntu.com /usr/bin/cmake --build /home/agonb/Desktop/Robotica1-26/robotics/final_ws/build/warehouse_interfaces -- -j12 -l12
[50.482s] DEBUG:colcon.colcon_core.event_handler.log_command:Invoked command in '/home/agonb/Desktop/Robotica1-26/robotics/final_ws/build/warehouse_interfaces' returned '0': CMAKE_PREFIX_PATH=${CMAKE_PREFIX_PATH}:/opt/ros/jazzy DEBUGINFOD_URLS=https://debuginfod.ubuntu.com /usr/bin/cmake --build /home/agonb/Desktop/Robotica1-26/robotics/final_ws/build/warehouse_interfaces -- -j12 -l12
[50.494s] DEBUG:colcon.colcon_core.event_handler.log_command:Invoking command in '/home/agonb/Desktop/Robotica1-26/robotics/final_ws/build/warehouse_interfaces': CMAKE_PREFIX_PATH=${CMAKE_PREFIX_PATH}:/opt/ros/jazzy DEBUGINFOD_URLS=https://debuginfod.ubuntu.com /usr/bin/cmake --install /home/agonb/Desktop/Robotica1-26/robotics/final_ws/build/warehouse_interfaces
[50.869s] Level 1:colcon.colcon_core.environment:create_environment_scripts_only(warehouse_interfaces)
[50.870s] DEBUG:colcon.colcon_core.event_handler.log_command:Invoked command in '/home/agonb/Desktop/Robotica1-26/robotics/final_ws/build/warehouse_interfaces' returned '0': CMAKE_PREFIX_PATH=${CMAKE_PREFIX_PATH}:/opt/ros/jazzy DEBUGINFOD_URLS=https://debuginfod.ubuntu.com /usr/bin/cmake --install /home/agonb/Desktop/Robotica1-26/robotics/final_ws/build/warehouse_interfaces
[50.872s] Level 1:colcon.colcon_core.environment:checking '/home/agonb/Desktop/Robotica1-26/robotics/final_ws/install/warehouse_interfaces' for CMake module files
[50.873s] Level 1:colcon.colcon_core.environment:checking '/home/agonb/Desktop/Robotica1-26/robotics/final_ws/install/warehouse_interfaces' for CMake config files
[50.875s] Level 1:colcon.colcon_core.shell:create_environment_hook('warehouse_interfaces', 'cmake_prefix_path')
[50.876s] INFO:colcon.colcon_core.shell:Creating environment hook '/home/agonb/Desktop/Robotica1-26/robotics/final_ws/install/warehouse_interfaces/share/warehouse_interfaces/hook/cmake_prefix_path.ps1'
[50.877s] INFO:colcon.colcon_core.shell:Creating environment descriptor '/home/agonb/Desktop/Robotica1-26/robotics/final_ws/install/warehouse_interfaces/share/warehouse_interfaces/hook/cmake_prefix_path.dsv'
[50.877s] INFO:colcon.colcon_core.shell:Creating environment hook '/home/agonb/Desktop/Robotica1-26/robotics/final_ws/install/warehouse_interfaces/share/warehouse_interfaces/hook/cmake_prefix_path.sh'
[50.878s] Level 1:colcon.colcon_core.environment:checking '/home/agonb/Desktop/Robotica1-26/robotics/final_ws/install/warehouse_interfaces/lib'
[50.878s] Level 1:colcon.colcon_core.shell:create_environment_hook('warehouse_interfaces', 'ld_library_path_lib')
[50.879s] INFO:colcon.colcon_core.shell:Creating environment hook '/home/agonb/Desktop/Robotica1-26/robotics/final_ws/install/warehouse_interfaces/share/warehouse_interfaces/hook/ld_library_path_lib.ps1'
[50.879s] INFO:colcon.colcon_core.shell:Creating environment descriptor '/home/agonb/Desktop/Robotica1-26/robotics/final_ws/install/warehouse_interfaces/share/warehouse_interfaces/hook/ld_library_path_lib.dsv'
[50.880s] INFO:colcon.colcon_core.shell:Creating environment hook '/home/agonb/Desktop/Robotica1-26/robotics/final_ws/install/warehouse_interfaces/share/warehouse_interfaces/hook/ld_library_path_lib.sh'
[50.880s] Level 1:colcon.colcon_core.environment:checking '/home/agonb/Desktop/Robotica1-26/robotics/final_ws/install/warehouse_interfaces/bin'
[50.880s] Level 1:colcon.colcon_core.environment:checking '/home/agonb/Desktop/Robotica1-26/robotics/final_ws/install/warehouse_interfaces/lib/pkgconfig/warehouse_interfaces.pc'
[50.881s] Level 1:colcon.colcon_core.environment:checking '/home/agonb/Desktop/Robotica1-26/robotics/final_ws/install/warehouse_interfaces/lib/python3.12/site-packages'
[50.881s] Level 1:colcon.colcon_core.shell:create_environment_hook('warehouse_interfaces', 'pythonpath')
[50.881s] INFO:colcon.colcon_core.shell:Creating environment hook '/home/agonb/Desktop/Robotica1-26/robotics/final_ws/install/warehouse_interfaces/share/warehouse_interfaces/hook/pythonpath.ps1'
[50.882s] INFO:colcon.colcon_core.shell:Creating environment descriptor '/home/agonb/Desktop/Robotica1-26/robotics/final_ws/install/warehouse_interfaces/share/warehouse_interfaces/hook/pythonpath.dsv'
[50.882s] INFO:colcon.colcon_core.shell:Creating environment hook '/home/agonb/Desktop/Robotica1-26/robotics/final_ws/install/warehouse_interfaces/share/warehouse_interfaces/hook/pythonpath.sh'
[50.883s] Level 1:colcon.colcon_core.environment:checking '/home/agonb/Desktop/Robotica1-26/robotics/final_ws/install/warehouse_interfaces/bin'
[50.883s] INFO:colcon.colcon_core.shell:Creating package script '/home/agonb/Desktop/Robotica1-26/robotics/final_ws/install/warehouse_interfaces/share/warehouse_interfaces/package.ps1'
[50.884s] INFO:colcon.colcon_core.shell:Creating package descriptor '/home/agonb/Desktop/Robotica1-26/robotics/final_ws/install/warehouse_interfaces/share/warehouse_interfaces/package.dsv'
[50.885s] INFO:colcon.colcon_core.shell:Creating package script '/home/agonb/Desktop/Robotica1-26/robotics/final_ws/install/warehouse_interfaces/share/warehouse_interfaces/package.sh'
[50.885s] INFO:colcon.colcon_core.shell:Creating package script '/home/agonb/Desktop/Robotica1-26/robotics/final_ws/install/warehouse_interfaces/share/warehouse_interfaces/package.bash'
[50.886s] INFO:colcon.colcon_core.shell:Creating package script '/home/agonb/Desktop/Robotica1-26/robotics/final_ws/install/warehouse_interfaces/share/warehouse_interfaces/package.zsh'
[50.886s] Level 1:colcon.colcon_core.environment:create_file_with_runtime_dependencies(/home/agonb/Desktop/Robotica1-26/robotics/final_ws/install/warehouse_interfaces/share/colcon-core/packages/warehouse_interfaces)
[50.887s] Level 1:colcon.colcon_core.environment:create_environment_scripts_only(warehouse_interfaces)
[50.887s] Level 1:colcon.colcon_core.environment:checking '/home/agonb/Desktop/Robotica1-26/robotics/final_ws/install/warehouse_interfaces' for CMake module files
[50.888s] Level 1:colcon.colcon_core.environment:checking '/home/agonb/Desktop/Robotica1-26/robotics/final_ws/install/warehouse_interfaces' for CMake config files
[50.891s] Level 1:colcon.colcon_core.shell:create_environment_hook('warehouse_interfaces', 'cmake_prefix_path')
[50.891s] INFO:colcon.colcon_core.shell:Creating environment hook '/home/agonb/Desktop/Robotica1-26/robotics/final_ws/install/warehouse_interfaces/share/warehouse_interfaces/hook/cmake_prefix_path.ps1'
[50.892s] INFO:colcon.colcon_core.shell:Creating environment descriptor '/home/agonb/Desktop/Robotica1-26/robotics/final_ws/install/warehouse_interfaces/share/warehouse_interfaces/hook/cmake_prefix_path.dsv'
[50.892s] INFO:colcon.colcon_core.shell:Creating environment hook '/home/agonb/Desktop/Robotica1-26/robotics/final_ws/install/warehouse_interfaces/share/warehouse_interfaces/hook/cmake_prefix_path.sh'
[50.892s] Level 1:colcon.colcon_core.environment:checking '/home/agonb/Desktop/Robotica1-26/robotics/final_ws/install/warehouse_interfaces/lib'
[50.892s] Level 1:colcon.colcon_core.shell:create_environment_hook('warehouse_interfaces', 'ld_library_path_lib')
[50.893s] INFO:colcon.colcon_core.shell:Creating environment hook '/home/agonb/Desktop/Robotica1-26/robotics/final_ws/install/warehouse_interfaces/share/warehouse_interfaces/hook/ld_library_path_lib.ps1'
[50.893s] INFO:colcon.colcon_core.shell:Creating environment descriptor '/home/agonb/Desktop/Robotica1-26/robotics/final_ws/install/warehouse_interfaces/share/warehouse_interfaces/hook/ld_library_path_lib.dsv'
[50.893s] INFO:colcon.colcon_core.shell:Creating environment hook '/home/agonb/Desktop/Robotica1-26/robotics/final_ws/install/warehouse_interfaces/share/warehouse_interfaces/hook/ld_library_path_lib.sh'
[50.893s] Level 1:colcon.colcon_core.environment:checking '/home/agonb/Desktop/Robotica1-26/robotics/final_ws/install/warehouse_interfaces/bin'
[50.893s] Level 1:colcon.colcon_core.environment:checking '/home/agonb/Desktop/Robotica1-26/robotics/final_ws/install/warehouse_interfaces/lib/pkgconfig/warehouse_interfaces.pc'
[50.894s] Level 1:colcon.colcon_core.environment:checking '/home/agonb/Desktop/Robotica1-26/robotics/final_ws/install/warehouse_interfaces/lib/python3.12/site-packages'
[50.894s] Level 1:colcon.colcon_core.shell:create_environment_hook('warehouse_interfaces', 'pythonpath')
[50.894s] INFO:colcon.colcon_core.shell:Creating environment hook '/home/agonb/Desktop/Robotica1-26/robotics/final_ws/install/warehouse_interfaces/share/warehouse_interfaces/hook/pythonpath.ps1'
[50.894s] INFO:colcon.colcon_core.shell:Creating environment descriptor '/home/agonb/Desktop/Robotica1-26/robotics/final_ws/install/warehouse_interfaces/share/warehouse_interfaces/hook/pythonpath.dsv'
[50.894s] INFO:colcon.colcon_core.shell:Creating environment hook '/home/agonb/Desktop/Robotica1-26/robotics/final_ws/install/warehouse_interfaces/share/warehouse_interfaces/hook/pythonpath.sh'
[50.895s] Level 1:colcon.colcon_core.environment:checking '/home/agonb/Desktop/Robotica1-26/robotics/final_ws/install/warehouse_interfaces/bin'
[50.896s] INFO:colcon.colcon_core.shell:Creating package script '/home/agonb/Desktop/Robotica1-26/robotics/final_ws/install/warehouse_interfaces/share/warehouse_interfaces/package.ps1'
[50.897s] INFO:colcon.colcon_core.shell:Creating package descriptor '/home/agonb/Desktop/Robotica1-26/robotics/final_ws/install/warehouse_interfaces/share/warehouse_interfaces/package.dsv'
[50.897s] INFO:colcon.colcon_core.shell:Creating package script '/home/agonb/Desktop/Robotica1-26/robotics/final_ws/install/warehouse_interfaces/share/warehouse_interfaces/package.sh'
[50.898s] INFO:colcon.colcon_core.shell:Creating package script '/home/agonb/Desktop/Robotica1-26/robotics/final_ws/install/warehouse_interfaces/share/warehouse_interfaces/package.bash'
[50.898s] INFO:colcon.colcon_core.shell:Creating package script '/home/agonb/Desktop/Robotica1-26/robotics/final_ws/install/warehouse_interfaces/share/warehouse_interfaces/package.zsh'
[50.898s] Level 1:colcon.colcon_core.environment:create_file_with_runtime_dependencies(/home/agonb/Desktop/Robotica1-26/robotics/final_ws/install/warehouse_interfaces/share/colcon-core/packages/warehouse_interfaces)
[50.898s] DEBUG:colcon.colcon_parallel_executor.executor.parallel:closing loop
[50.899s] DEBUG:colcon.colcon_parallel_executor.executor.parallel:loop closed
[50.899s] DEBUG:colcon.colcon_parallel_executor.executor.parallel:run_until_complete finished with '0'
[50.899s] DEBUG:colcon.colcon_core.event_reactor:joining thread
[50.908s] INFO:colcon.colcon_core.plugin_system:Skipping extension 'colcon_notification.desktop_notification.terminal_notifier': Not used on non-Darwin systems
[50.908s] INFO:colcon.colcon_core.plugin_system:Skipping extension 'colcon_notification.desktop_notification.win32': Not used on non-Windows systems
[50.908s] INFO:colcon.colcon_notification.desktop_notification:Sending desktop notification using 'notify2'
[50.927s] DEBUG:colcon.colcon_core.event_reactor:joined thread
[50.928s] INFO:colcon.colcon_core.shell:Creating prefix script '/home/agonb/Desktop/Robotica1-26/robotics/final_ws/install/local_setup.ps1'
[50.929s] INFO:colcon.colcon_core.shell:Creating prefix util module '/home/agonb/Desktop/Robotica1-26/robotics/final_ws/install/_local_setup_util_ps1.py'
[50.932s] INFO:colcon.colcon_core.shell:Creating prefix chain script '/home/agonb/Desktop/Robotica1-26/robotics/final_ws/install/setup.ps1'
[50.934s] INFO:colcon.colcon_core.shell:Creating prefix script '/home/agonb/Desktop/Robotica1-26/robotics/final_ws/install/local_setup.sh'
[50.934s] INFO:colcon.colcon_core.shell:Creating prefix util module '/home/agonb/Desktop/Robotica1-26/robotics/final_ws/install/_local_setup_util_sh.py'
[50.935s] INFO:colcon.colcon_core.shell:Creating prefix chain script '/home/agonb/Desktop/Robotica1-26/robotics/final_ws/install/setup.sh'
[50.936s] INFO:colcon.colcon_core.shell:Creating prefix script '/home/agonb/Desktop/Robotica1-26/robotics/final_ws/install/local_setup.bash'
[50.936s] INFO:colcon.colcon_core.shell:Creating prefix chain script '/home/agonb/Desktop/Robotica1-26/robotics/final_ws/install/setup.bash'
[50.937s] INFO:colcon.colcon_core.shell:Creating prefix script '/home/agonb/Desktop/Robotica1-26/robotics/final_ws/install/local_setup.zsh'
[50.937s] INFO:colcon.colcon_core.shell:Creating prefix chain script '/home/agonb/Desktop/Robotica1-26/robotics/final_ws/install/setup.zsh'
