[0.021s] Invoking command in '/home/agonb/Desktop/Robotica1-26/robotics/final_ws/build/warehouse_manipulation': CMAKE_PREFIX_PATH=/opt/ros/jazzy:${CMAKE_PREFIX_PATH} DEBUGINFOD_URLS=https://debuginfod.ubuntu.com /usr/bin/cmake --build /home/agonb/Desktop/Robotica1-26/robotics/final_ws/build/warehouse_manipulation -- -j12 -l12
[0.093s] [100%] Built target demo_pick_place
[0.151s] Invoked command in '/home/agonb/Desktop/Robotica1-26/robotics/final_ws/build/warehouse_manipulation' returned '0': CMAKE_PREFIX_PATH=/opt/ros/jazzy:${CMAKE_PREFIX_PATH} DEBUGINFOD_URLS=https://debuginfod.ubuntu.com /usr/bin/cmake --build /home/agonb/Desktop/Robotica1-26/robotics/final_ws/build/warehouse_manipulation -- -j12 -l12
[0.152s] Invoking command in '/home/agonb/Desktop/Robotica1-26/robotics/final_ws/build/warehouse_manipulation': CMAKE_PREFIX_PATH=/opt/ros/jazzy:${CMAKE_PREFIX_PATH} DEBUGINFOD_URLS=https://debuginfod.ubuntu.com /usr/bin/cmake --install /home/agonb/Desktop/Robotica1-26/robotics/final_ws/build/warehouse_manipulation
[0.157s] -- Install configuration: ""
[0.157s] -- Execute custom install script
[0.157s] -- Up-to-date symlink: /home/agonb/Desktop/Robotica1-26/robotics/final_ws/install/warehouse_manipulation/lib/warehouse_manipulation/demo_pick_place
[0.157s] -- Up-to-date symlink: /home/agonb/Desktop/Robotica1-26/robotics/final_ws/install/warehouse_manipulation/share/ament_index/resource_index/package_run_dependencies/warehouse_manipulation
[0.158s] -- Up-to-date symlink: /home/agonb/Desktop/Robotica1-26/robotics/final_ws/install/warehouse_manipulation/share/ament_index/resource_index/parent_prefix_path/warehouse_manipulation
[0.158s] -- Up-to-date symlink: /home/agonb/Desktop/Robotica1-26/robotics/final_ws/install/warehouse_manipulation/share/warehouse_manipulation/environment/ament_prefix_path.sh
[0.158s] -- Up-to-date symlink: /home/agonb/Desktop/Robotica1-26/robotics/final_ws/install/warehouse_manipulation/share/warehouse_manipulation/environment/ament_prefix_path.dsv
[0.158s] -- Up-to-date symlink: /home/agonb/Desktop/Robotica1-26/robotics/final_ws/install/warehouse_manipulation/share/warehouse_manipulation/environment/path.sh
[0.158s] -- Up-to-date symlink: /home/agonb/Desktop/Robotica1-26/robotics/final_ws/install/warehouse_manipulation/share/warehouse_manipulation/environment/path.dsv
[0.159s] -- Up-to-date symlink: /home/agonb/Desktop/Robotica1-26/robotics/final_ws/install/warehouse_manipulation/share/warehouse_manipulation/local_setup.bash
[0.159s] -- Up-to-date symlink: /home/agonb/Desktop/Robotica1-26/robotics/final_ws/install/warehouse_manipulation/share/warehouse_manipulation/local_setup.sh
[0.159s] -- Up-to-date symlink: /home/agonb/Desktop/Robotica1-26/robotics/final_ws/install/warehouse_manipulation/share/warehouse_manipulation/local_setup.zsh
[0.159s] -- Up-to-date symlink: /home/agonb/Desktop/Robotica1-26/robotics/final_ws/install/warehouse_manipulation/share/warehouse_manipulation/local_setup.dsv
[0.159s] -- Symlinking: /home/agonb/Desktop/Robotica1-26/robotics/final_ws/install/warehouse_manipulation/share/warehouse_manipulation/package.dsv
[0.165s] -- Up-to-date symlink: /home/agonb/Desktop/Robotica1-26/robotics/final_ws/install/warehouse_manipulation/share/ament_index/resource_index/packages/warehouse_manipulation
[0.165s] -- Up-to-date symlink: /home/agonb/Desktop/Robotica1-26/robotics/final_ws/install/warehouse_manipulation/share/warehouse_manipulation/cmake/warehouse_manipulationConfig.cmake
[0.165s] -- Up-to-date symlink: /home/agonb/Desktop/Robotica1-26/robotics/final_ws/install/warehouse_manipulation/share/warehouse_manipulation/cmake/warehouse_manipulationConfig-version.cmake
[0.166s] -- Up-to-date symlink: /home/agonb/Desktop/Robotica1-26/robotics/final_ws/install/warehouse_manipulation/share/warehouse_manipulation/package.xml
[0.167s] Invoked command in '/home/agonb/Desktop/Robotica1-26/robotics/final_ws/build/warehouse_manipulation' returned '0': CMAKE_PREFIX_PATH=/opt/ros/jazzy:${CMAKE_PREFIX_PATH} DEBUGINFOD_URLS=https://debuginfod.ubuntu.com /usr/bin/cmake --install /home/agonb/Desktop/Robotica1-26/robotics/final_ws/build/warehouse_manipulation
