[0.021s] Invoking command in '/home/agonb/Desktop/Robotica1-26/robotics/final_ws/build/warehouse_moveit_config': DEBUGINFOD_URLS=https://debuginfod.ubuntu.com /usr/bin/cmake --build /home/agonb/Desktop/Robotica1-26/robotics/final_ws/build/warehouse_moveit_config -- -j12 -l12
[0.063s] Invoked command in '/home/agonb/Desktop/Robotica1-26/robotics/final_ws/build/warehouse_moveit_config' returned '0': DEBUGINFOD_URLS=https://debuginfod.ubuntu.com /usr/bin/cmake --build /home/agonb/Desktop/Robotica1-26/robotics/final_ws/build/warehouse_moveit_config -- -j12 -l12
[0.064s] Invoking command in '/home/agonb/Desktop/Robotica1-26/robotics/final_ws/build/warehouse_moveit_config': DEBUGINFOD_URLS=https://debuginfod.ubuntu.com /usr/bin/cmake --install /home/agonb/Desktop/Robotica1-26/robotics/final_ws/build/warehouse_moveit_config
[0.073s] -- Install configuration: ""
[0.073s] -- Up-to-date: /home/agonb/Desktop/Robotica1-26/robotics/final_ws/install/warehouse_moveit_config/share/ament_index/resource_index/package_run_dependencies/warehouse_moveit_config
[0.073s] -- Up-to-date: /home/agonb/Desktop/Robotica1-26/robotics/final_ws/install/warehouse_moveit_config/share/ament_index/resource_index/parent_prefix_path/warehouse_moveit_config
[0.073s] -- Up-to-date: /home/agonb/Desktop/Robotica1-26/robotics/final_ws/install/warehouse_moveit_config/share/warehouse_moveit_config/environment/ament_prefix_path.sh
[0.073s] -- Up-to-date: /home/agonb/Desktop/Robotica1-26/robotics/final_ws/install/warehouse_moveit_config/share/warehouse_moveit_config/environment/ament_prefix_path.dsv
[0.073s] -- Up-to-date: /home/agonb/Desktop/Robotica1-26/robotics/final_ws/install/warehouse_moveit_config/share/warehouse_moveit_config/environment/path.sh
[0.073s] -- Up-to-date: /home/agonb/Desktop/Robotica1-26/robotics/final_ws/install/warehouse_moveit_config/share/warehouse_moveit_config/environment/path.dsv
[0.073s] -- Up-to-date: /home/agonb/Desktop/Robotica1-26/robotics/final_ws/install/warehouse_moveit_config/share/warehouse_moveit_config/local_setup.bash
[0.073s] -- Up-to-date: /home/agonb/Desktop/Robotica1-26/robotics/final_ws/install/warehouse_moveit_config/share/warehouse_moveit_config/local_setup.sh
[0.073s] -- Up-to-date: /home/agonb/Desktop/Robotica1-26/robotics/final_ws/install/warehouse_moveit_config/share/warehouse_moveit_config/local_setup.zsh
[0.074s] -- Up-to-date: /home/agonb/Desktop/Robotica1-26/robotics/final_ws/install/warehouse_moveit_config/share/warehouse_moveit_config/local_setup.dsv
[0.074s] -- Installing: /home/agonb/Desktop/Robotica1-26/robotics/final_ws/install/warehouse_moveit_config/share/warehouse_moveit_config/package.dsv
[0.074s] -- Up-to-date: /home/agonb/Desktop/Robotica1-26/robotics/final_ws/install/warehouse_moveit_config/share/ament_index/resource_index/packages/warehouse_moveit_config
[0.074s] -- Up-to-date: /home/agonb/Desktop/Robotica1-26/robotics/final_ws/install/warehouse_moveit_config/share/warehouse_moveit_config/cmake/warehouse_moveit_configConfig.cmake
[0.074s] -- Up-to-date: /home/agonb/Desktop/Robotica1-26/robotics/final_ws/install/warehouse_moveit_config/share/warehouse_moveit_config/cmake/warehouse_moveit_configConfig-version.cmake
[0.074s] -- Up-to-date: /home/agonb/Desktop/Robotica1-26/robotics/final_ws/install/warehouse_moveit_config/share/warehouse_moveit_config/package.xml
[0.112s] Invoked command in '/home/agonb/Desktop/Robotica1-26/robotics/final_ws/build/warehouse_moveit_config' returned '0': DEBUGINFOD_URLS=https://debuginfod.ubuntu.com /usr/bin/cmake --install /home/agonb/Desktop/Robotica1-26/robotics/final_ws/build/warehouse_moveit_config
