[0.014s] Invoking command in '/home/agonb/Desktop/Robotica1-26/robotics/final_ws/build/warehouse_interfaces': CMAKE_PREFIX_PATH=/opt/ros/jazzy:${CMAKE_PREFIX_PATH} DEBUGINFOD_URLS=https://debuginfod.ubuntu.com /usr/bin/cmake /home/agonb/Desktop/Robotica1-26/robotics/final_ws/src/warehouse_interfaces -DCMAKE_INSTALL_PREFIX=/home/agonb/Desktop/Robotica1-26/robotics/final_ws/install/warehouse_interfaces
[0.038s] -- Found ament_cmake: 2.5.6 (/opt/ros/jazzy/share/ament_cmake/cmake)
[0.177s] -- Override CMake install command with custom implementation using symlinks instead of copying resources
[0.184s] -- Found rosidl_default_generators: 1.6.1 (/opt/ros/jazzy/share/rosidl_default_generators/cmake)
[0.188s] -- Using all available rosidl_typesupport_c: rosidl_typesupport_fastrtps_c;rosidl_typesupport_introspection_c
[0.228s] -- Using all available rosidl_typesupport_cpp: rosidl_typesupport_fastrtps_cpp;rosidl_typesupport_introspection_cpp
[0.269s] -- Found rosidl_adapter: 4.6.9 (/opt/ros/jazzy/share/rosidl_adapter/cmake)
[0.633s] -- Found ament_cmake_ros: 0.12.1 (/opt/ros/jazzy/share/ament_cmake_ros/cmake)
[0.784s] -- Using all available rosidl_typesupport_c: rosidl_typesupport_fastrtps_c;rosidl_typesupport_introspection_c
[0.970s] -- Using all available rosidl_typesupport_cpp: rosidl_typesupport_fastrtps_cpp;rosidl_typesupport_introspection_cpp
[0.971s] -- Found python_cmake_module: 0.11.1 (/opt/ros/jazzy/share/python_cmake_module/cmake)
[1.457s] -- Found Python3: /usr/bin/python3 (found version "3.12.3") found components: Interpreter Development NumPy Development.Module Development.Embed 
[1.670s] -- Found Python3: /usr/bin/python3 (found version "3.12.3") found components: Interpreter 
[1.825s] -- Configuring done (1.8s)
[1.935s] -- Generating done (0.1s)
[1.965s] -- Build files have been written to: /home/agonb/Desktop/Robotica1-26/robotics/final_ws/build/warehouse_interfaces
[1.985s] Invoked command in '/home/agonb/Desktop/Robotica1-26/robotics/final_ws/build/warehouse_interfaces' returned '0': CMAKE_PREFIX_PATH=/opt/ros/jazzy:${CMAKE_PREFIX_PATH} DEBUGINFOD_URLS=https://debuginfod.ubuntu.com /usr/bin/cmake /home/agonb/Desktop/Robotica1-26/robotics/final_ws/src/warehouse_interfaces -DCMAKE_INSTALL_PREFIX=/home/agonb/Desktop/Robotica1-26/robotics/final_ws/install/warehouse_interfaces
[1.988s] Invoking command in '/home/agonb/Desktop/Robotica1-26/robotics/final_ws/build/warehouse_interfaces': CMAKE_PREFIX_PATH=/opt/ros/jazzy:${CMAKE_PREFIX_PATH} DEBUGINFOD_URLS=https://debuginfod.ubuntu.com /usr/bin/cmake --build /home/agonb/Desktop/Robotica1-26/robotics/final_ws/build/warehouse_interfaces -- -j12 -l12
[2.069s] [  1%] Built target warehouse_interfaces__rosidl_generator_type_description
[2.074s] [  2%] Built target warehouse_interfaces__rs
[2.091s] [  2%] Built target ament_cmake_python_symlink_warehouse_interfaces
[2.103s] [  2%] Built target warehouse_interfaces__cpp
[2.132s] [ 27%] Built target warehouse_interfaces__rosidl_generator_c
[2.193s] [ 36%] Built target warehouse_interfaces__rosidl_typesupport_c
[2.207s] [ 45%] Built target warehouse_interfaces__rosidl_typesupport_introspection_c
[2.207s] [ 54%] Built target warehouse_interfaces__rosidl_typesupport_fastrtps_c
[2.207s] [ 64%] Built target warehouse_interfaces__rosidl_typesupport_introspection_cpp
[2.215s] [ 74%] Built target warehouse_interfaces__rosidl_typesupport_cpp
[2.231s] [ 84%] Built target warehouse_interfaces__rosidl_typesupport_fastrtps_cpp
[2.262s] [ 84%] Built target warehouse_interfaces
[2.309s] [ 85%] Built target warehouse_interfaces__py
[2.371s] [ 94%] Built target warehouse_interfaces__rosidl_generator_py
[2.437s] [ 96%] Built target warehouse_interfaces_s__rosidl_typesupport_fastrtps_c
[2.446s] [ 98%] Built target warehouse_interfaces_s__rosidl_typesupport_c
[2.452s] [100%] Built target warehouse_interfaces_s__rosidl_typesupport_introspection_c
[2.505s] running egg_info
[2.532s] writing warehouse_interfaces.egg-info/PKG-INFO
[2.532s] writing dependency_links to warehouse_interfaces.egg-info/dependency_links.txt
[2.535s] writing top-level names to warehouse_interfaces.egg-info/top_level.txt
[2.622s] reading manifest file 'warehouse_interfaces.egg-info/SOURCES.txt'
[2.624s] writing manifest file 'warehouse_interfaces.egg-info/SOURCES.txt'
[2.697s] [100%] Built target ament_cmake_python_build_warehouse_interfaces_egg
[2.717s] Invoked command in '/home/agonb/Desktop/Robotica1-26/robotics/final_ws/build/warehouse_interfaces' returned '0': CMAKE_PREFIX_PATH=/opt/ros/jazzy:${CMAKE_PREFIX_PATH} DEBUGINFOD_URLS=https://debuginfod.ubuntu.com /usr/bin/cmake --build /home/agonb/Desktop/Robotica1-26/robotics/final_ws/build/warehouse_interfaces -- -j12 -l12
[2.733s] Invoking command in '/home/agonb/Desktop/Robotica1-26/robotics/final_ws/build/warehouse_interfaces': CMAKE_PREFIX_PATH=/opt/ros/jazzy:${CMAKE_PREFIX_PATH} DEBUGINFOD_URLS=https://debuginfod.ubuntu.com /usr/bin/cmake --install /home/agonb/Desktop/Robotica1-26/robotics/final_ws/build/warehouse_interfaces
[2.743s] -- Install configuration: ""
[2.745s] -- Execute custom install script
[2.747s] -- Up-to-date symlink: /home/agonb/Desktop/Robotica1-26/robotics/final_ws/install/warehouse_interfaces/share/ament_index/resource_index/rosidl_interfaces/warehouse_interfaces
[2.747s] -- Up-to-date symlink: /home/agonb/Desktop/Robotica1-26/robotics/final_ws/install/warehouse_interfaces/share/warehouse_interfaces/msg/DetectedProduct.json
[2.748s] -- Up-to-date symlink: /home/agonb/Desktop/Robotica1-26/robotics/final_ws/install/warehouse_interfaces/share/warehouse_interfaces/msg/ProductRecord.json
[2.748s] -- Up-to-date symlink: /home/agonb/Desktop/Robotica1-26/robotics/final_ws/install/warehouse_interfaces/share/warehouse_interfaces/msg/StorageLocation.json
[2.748s] -- Up-to-date symlink: /home/agonb/Desktop/Robotica1-26/robotics/final_ws/install/warehouse_interfaces/share/warehouse_interfaces/srv/RegisterProduct.json
[2.748s] -- Up-to-date symlink: /home/agonb/Desktop/Robotica1-26/robotics/final_ws/install/warehouse_interfaces/share/warehouse_interfaces/srv/AssignStorageLocation.json
[2.748s] -- Up-to-date symlink: /home/agonb/Desktop/Robotica1-26/robotics/final_ws/install/warehouse_interfaces/share/warehouse_interfaces/srv/UpdateInventory.json
[2.748s] -- Up-to-date symlink: /home/agonb/Desktop/Robotica1-26/robotics/final_ws/install/warehouse_interfaces/share/warehouse_interfaces/srv/PlaceProduct.json
[2.748s] -- Up-to-date symlink: /home/agonb/Desktop/Robotica1-26/robotics/final_ws/install/warehouse_interfaces/share/warehouse_interfaces/action/ExecuteStorageMission.json
[2.750s] -- Up-to-date symlink: /home/agonb/Desktop/Robotica1-26/robotics/final_ws/install/warehouse_interfaces/include/warehouse_interfaces/warehouse_interfaces/action/detail/execute_storage_mission__functions.h
[2.750s] -- Up-to-date symlink: /home/agonb/Desktop/Robotica1-26/robotics/final_ws/install/warehouse_interfaces/include/warehouse_interfaces/warehouse_interfaces/action/detail/execute_storage_mission__struct.h
[2.750s] -- Up-to-date symlink: /home/agonb/Desktop/Robotica1-26/robotics/final_ws/install/warehouse_interfaces/include/warehouse_interfaces/warehouse_interfaces/action/detail/execute_storage_mission__type_support.h
[2.751s] -- Up-to-date symlink: /home/agonb/Desktop/Robotica1-26/robotics/final_ws/install/warehouse_interfaces/include/warehouse_interfaces/warehouse_interfaces/action/execute_storage_mission.h
[2.751s] -- Up-to-date symlink: /home/agonb/Desktop/Robotica1-26/robotics/final_ws/install/warehouse_interfaces/include/warehouse_interfaces/warehouse_interfaces/msg/detail/detected_product__functions.h
[2.752s] -- Up-to-date symlink: /home/agonb/Desktop/Robotica1-26/robotics/final_ws/install/warehouse_interfaces/include/warehouse_interfaces/warehouse_interfaces/msg/detail/detected_product__struct.h
[2.752s] -- Up-to-date symlink: /home/agonb/Desktop/Robotica1-26/robotics/final_ws/install/warehouse_interfaces/include/warehouse_interfaces/warehouse_interfaces/msg/detail/detected_product__type_support.h
[2.752s] -- Up-to-date symlink: /home/agonb/Desktop/Robotica1-26/robotics/final_ws/install/warehouse_interfaces/include/warehouse_interfaces/warehouse_interfaces/msg/detail/product_record__functions.h
[2.752s] -- Up-to-date symlink: /home/agonb/Desktop/Robotica1-26/robotics/final_ws/install/warehouse_interfaces/include/warehouse_interfaces/warehouse_interfaces/msg/detail/product_record__struct.h
[2.752s] -- Up-to-date symlink: /home/agonb/Desktop/Robotica1-26/robotics/final_ws/install/warehouse_interfaces/include/warehouse_interfaces/warehouse_interfaces/msg/detail/product_record__type_support.h
[2.756s] -- Up-to-date symlink: /home/agonb/Desktop/Robotica1-26/robotics/final_ws/install/warehouse_interfaces/include/warehouse_interfaces/warehouse_interfaces/msg/detail/storage_location__functions.h
[2.756s] -- Up-to-date symlink: /home/agonb/Desktop/Robotica1-26/robotics/final_ws/install/warehouse_interfaces/include/warehouse_interfaces/warehouse_interfaces/msg/detail/storage_location__struct.h
[2.756s] -- Up-to-date symlink: /home/agonb/Desktop/Robotica1-26/robotics/final_ws/install/warehouse_interfaces/include/warehouse_interfaces/warehouse_interfaces/msg/detail/storage_location__type_support.h
[2.756s] -- Up-to-date symlink: /home/agonb/Desktop/Robotica1-26/robotics/final_ws/install/warehouse_interfaces/include/warehouse_interfaces/warehouse_interfaces/msg/detected_product.h
[2.757s] -- Up-to-date symlink: /home/agonb/Desktop/Robotica1-26/robotics/final_ws/install/warehouse_interfaces/include/warehouse_interfaces/warehouse_interfaces/msg/product_record.h
[2.757s] -- Up-to-date symlink: /home/agonb/Desktop/Robotica1-26/robotics/final_ws/install/warehouse_interfaces/include/warehouse_interfaces/warehouse_interfaces/msg/rosidl_generator_c__visibility_control.h
[2.757s] -- Up-to-date symlink: /home/agonb/Desktop/Robotica1-26/robotics/final_ws/install/warehouse_interfaces/include/warehouse_interfaces/warehouse_interfaces/msg/storage_location.h
[2.757s] -- Up-to-date symlink: /home/agonb/Desktop/Robotica1-26/robotics/final_ws/install/warehouse_interfaces/include/warehouse_interfaces/warehouse_interfaces/srv/assign_storage_location.h
[2.757s] -- Up-to-date symlink: /home/agonb/Desktop/Robotica1-26/robotics/final_ws/install/warehouse_interfaces/include/warehouse_interfaces/warehouse_interfaces/srv/detail/assign_storage_location__functions.h
[2.757s] -- Up-to-date symlink: /home/agonb/Desktop/Robotica1-26/robotics/final_ws/install/warehouse_interfaces/include/warehouse_interfaces/warehouse_interfaces/srv/detail/assign_storage_location__struct.h
[2.757s] -- Up-to-date symlink: /home/agonb/Desktop/Robotica1-26/robotics/final_ws/install/warehouse_interfaces/include/warehouse_interfaces/warehouse_interfaces/srv/detail/assign_storage_location__type_support.h
[2.757s] -- Up-to-date symlink: /home/agonb/Desktop/Robotica1-26/robotics/final_ws/install/warehouse_interfaces/include/warehouse_interfaces/warehouse_interfaces/srv/detail/place_product__functions.h
[2.757s] -- Up-to-date symlink: /home/agonb/Desktop/Robotica1-26/robotics/final_ws/install/warehouse_interfaces/include/warehouse_interfaces/warehouse_interfaces/srv/detail/place_product__struct.h
[2.758s] -- Up-to-date symlink: /home/agonb/Desktop/Robotica1-26/robotics/final_ws/install/warehouse_interfaces/include/warehouse_interfaces/warehouse_interfaces/srv/detail/place_product__type_support.h
[2.758s] -- Up-to-date symlink: /home/agonb/Desktop/Robotica1-26/robotics/final_ws/install/warehouse_interfaces/include/warehouse_interfaces/warehouse_interfaces/srv/detail/register_product__functions.h
[2.758s] -- Up-to-date symlink: /home/agonb/Desktop/Robotica1-26/robotics/final_ws/install/warehouse_interfaces/include/warehouse_interfaces/warehouse_interfaces/srv/detail/register_product__struct.h
[2.758s] -- Up-to-date symlink: /home/agonb/Desktop/Robotica1-26/robotics/final_ws/install/warehouse_interfaces/include/warehouse_interfaces/warehouse_interfaces/srv/detail/register_product__type_support.h
[2.758s] -- Up-to-date symlink: /home/agonb/Desktop/Robotica1-26/robotics/final_ws/install/warehouse_interfaces/include/warehouse_interfaces/warehouse_interfaces/srv/detail/update_inventory__functions.h
[2.758s] -- Up-to-date symlink: /home/agonb/Desktop/Robotica1-26/robotics/final_ws/install/warehouse_interfaces/include/warehouse_interfaces/warehouse_interfaces/srv/detail/update_inventory__struct.h
[2.758s] -- Up-to-date symlink: /home/agonb/Desktop/Robotica1-26/robotics/final_ws/install/warehouse_interfaces/include/warehouse_interfaces/warehouse_interfaces/srv/detail/update_inventory__type_support.h
[2.759s] -- Up-to-date symlink: /home/agonb/Desktop/Robotica1-26/robotics/final_ws/install/warehouse_interfaces/include/warehouse_interfaces/warehouse_interfaces/srv/place_product.h
[2.759s] -- Up-to-date symlink: /home/agonb/Desktop/Robotica1-26/robotics/final_ws/install/warehouse_interfaces/include/warehouse_interfaces/warehouse_interfaces/srv/register_product.h
[2.759s] -- Up-to-date symlink: /home/agonb/Desktop/Robotica1-26/robotics/final_ws/install/warehouse_interfaces/include/warehouse_interfaces/warehouse_interfaces/srv/update_inventory.h
[2.759s] -- Up-to-date symlink: /home/agonb/Desktop/Robotica1-26/robotics/final_ws/install/warehouse_interfaces/share/warehouse_interfaces/environment/library_path.sh
[2.759s] -- Up-to-date symlink: /home/agonb/Desktop/Robotica1-26/robotics/final_ws/install/warehouse_interfaces/share/warehouse_interfaces/environment/library_path.dsv
[2.759s] -- Up-to-date symlink: /home/agonb/Desktop/Robotica1-26/robotics/final_ws/install/warehouse_interfaces/include/warehouse_interfaces/warehouse_interfaces/action/detail/execute_storage_mission__rosidl_typesupport_fastrtps_c.h
[2.759s] -- Up-to-date symlink: /home/agonb/Desktop/Robotica1-26/robotics/final_ws/install/warehouse_interfaces/include/warehouse_interfaces/warehouse_interfaces/msg/detail/detected_product__rosidl_typesupport_fastrtps_c.h
[2.759s] -- Up-to-date symlink: /home/agonb/Desktop/Robotica1-26/robotics/final_ws/install/warehouse_interfaces/include/warehouse_interfaces/warehouse_interfaces/msg/detail/product_record__rosidl_typesupport_fastrtps_c.h
[2.760s] -- Up-to-date symlink: /home/agonb/Desktop/Robotica1-26/robotics/final_ws/install/warehouse_interfaces/include/warehouse_interfaces/warehouse_interfaces/msg/detail/storage_location__rosidl_typesupport_fastrtps_c.h
[2.760s] -- Up-to-date symlink: /home/agonb/Desktop/Robotica1-26/robotics/final_ws/install/warehouse_interfaces/include/warehouse_interfaces/warehouse_interfaces/msg/rosidl_typesupport_fastrtps_c__visibility_control.h
[2.760s] -- Up-to-date symlink: /home/agonb/Desktop/Robotica1-26/robotics/final_ws/install/warehouse_interfaces/include/warehouse_interfaces/warehouse_interfaces/srv/detail/assign_storage_location__rosidl_typesupport_fastrtps_c.h
[2.760s] -- Up-to-date symlink: /home/agonb/Desktop/Robotica1-26/robotics/final_ws/install/warehouse_interfaces/include/warehouse_interfaces/warehouse_interfaces/srv/detail/place_product__rosidl_typesupport_fastrtps_c.h
[2.760s] -- Up-to-date symlink: /home/agonb/Desktop/Robotica1-26/robotics/final_ws/install/warehouse_interfaces/include/warehouse_interfaces/warehouse_interfaces/srv/detail/register_product__rosidl_typesupport_fastrtps_c.h
[2.761s] -- Up-to-date symlink: /home/agonb/Desktop/Robotica1-26/robotics/final_ws/install/warehouse_interfaces/include/warehouse_interfaces/warehouse_interfaces/srv/detail/update_inventory__rosidl_typesupport_fastrtps_c.h
[2.761s] -- Up-to-date symlink: /home/agonb/Desktop/Robotica1-26/robotics/final_ws/install/warehouse_interfaces/include/warehouse_interfaces/warehouse_interfaces/action/detail/execute_storage_mission__rosidl_typesupport_introspection_c.h
[2.761s] -- Up-to-date symlink: /home/agonb/Desktop/Robotica1-26/robotics/final_ws/install/warehouse_interfaces/include/warehouse_interfaces/warehouse_interfaces/msg/detail/detected_product__rosidl_typesupport_introspection_c.h
[2.761s] -- Up-to-date symlink: /home/agonb/Desktop/Robotica1-26/robotics/final_ws/install/warehouse_interfaces/include/warehouse_interfaces/warehouse_interfaces/msg/detail/product_record__rosidl_typesupport_introspection_c.h
[2.762s] -- Up-to-date symlink: /home/agonb/Desktop/Robotica1-26/robotics/final_ws/install/warehouse_interfaces/include/warehouse_interfaces/warehouse_interfaces/msg/detail/storage_location__rosidl_typesupport_introspection_c.h
[2.762s] -- Up-to-date symlink: /home/agonb/Desktop/Robotica1-26/robotics/final_ws/install/warehouse_interfaces/include/warehouse_interfaces/warehouse_interfaces/msg/rosidl_typesupport_introspection_c__visibility_control.h
[2.763s] -- Up-to-date symlink: /home/agonb/Desktop/Robotica1-26/robotics/final_ws/install/warehouse_interfaces/include/warehouse_interfaces/warehouse_interfaces/srv/detail/assign_storage_location__rosidl_typesupport_introspection_c.h
[2.763s] -- Up-to-date symlink: /home/agonb/Desktop/Robotica1-26/robotics/final_ws/install/warehouse_interfaces/include/warehouse_interfaces/warehouse_interfaces/srv/detail/place_product__rosidl_typesupport_introspection_c.h
[2.763s] -- Up-to-date symlink: /home/agonb/Desktop/Robotica1-26/robotics/final_ws/install/warehouse_interfaces/include/warehouse_interfaces/warehouse_interfaces/srv/detail/register_product__rosidl_typesupport_introspection_c.h
[2.763s] -- Up-to-date symlink: /home/agonb/Desktop/Robotica1-26/robotics/final_ws/install/warehouse_interfaces/include/warehouse_interfaces/warehouse_interfaces/srv/detail/update_inventory__rosidl_typesupport_introspection_c.h
[2.763s] -- Up-to-date symlink: /home/agonb/Desktop/Robotica1-26/robotics/final_ws/install/warehouse_interfaces/include/warehouse_interfaces/warehouse_interfaces/action/detail/execute_storage_mission__builder.hpp
[2.764s] -- Up-to-date symlink: /home/agonb/Desktop/Robotica1-26/robotics/final_ws/install/warehouse_interfaces/include/warehouse_interfaces/warehouse_interfaces/action/detail/execute_storage_mission__struct.hpp
[2.764s] -- Up-to-date symlink: /home/agonb/Desktop/Robotica1-26/robotics/final_ws/install/warehouse_interfaces/include/warehouse_interfaces/warehouse_interfaces/action/detail/execute_storage_mission__traits.hpp
[2.764s] -- Up-to-date symlink: /home/agonb/Desktop/Robotica1-26/robotics/final_ws/install/warehouse_interfaces/include/warehouse_interfaces/warehouse_interfaces/action/detail/execute_storage_mission__type_support.hpp
[2.764s] -- Up-to-date symlink: /home/agonb/Desktop/Robotica1-26/robotics/final_ws/install/warehouse_interfaces/include/warehouse_interfaces/warehouse_interfaces/action/execute_storage_mission.hpp
[2.765s] -- Up-to-date symlink: /home/agonb/Desktop/Robotica1-26/robotics/final_ws/install/warehouse_interfaces/include/warehouse_interfaces/warehouse_interfaces/msg/detail/detected_product__builder.hpp
[2.765s] -- Up-to-date symlink: /home/agonb/Desktop/Robotica1-26/robotics/final_ws/install/warehouse_interfaces/include/warehouse_interfaces/warehouse_interfaces/msg/detail/detected_product__struct.hpp
[2.766s] -- Up-to-date symlink: /home/agonb/Desktop/Robotica1-26/robotics/final_ws/install/warehouse_interfaces/include/warehouse_interfaces/warehouse_interfaces/msg/detail/detected_product__traits.hpp
[2.766s] -- Up-to-date symlink: /home/agonb/Desktop/Robotica1-26/robotics/final_ws/install/warehouse_interfaces/include/warehouse_interfaces/warehouse_interfaces/msg/detail/detected_product__type_support.hpp
[2.766s] -- Up-to-date symlink: /home/agonb/Desktop/Robotica1-26/robotics/final_ws/install/warehouse_interfaces/include/warehouse_interfaces/warehouse_interfaces/msg/detail/product_record__builder.hpp
[2.766s] -- Up-to-date symlink: /home/agonb/Desktop/Robotica1-26/robotics/final_ws/install/warehouse_interfaces/include/warehouse_interfaces/warehouse_interfaces/msg/detail/product_record__struct.hpp
[2.766s] -- Up-to-date symlink: /home/agonb/Desktop/Robotica1-26/robotics/final_ws/install/warehouse_interfaces/include/warehouse_interfaces/warehouse_interfaces/msg/detail/product_record__traits.hpp
[2.766s] -- Up-to-date symlink: /home/agonb/Desktop/Robotica1-26/robotics/final_ws/install/warehouse_interfaces/include/warehouse_interfaces/warehouse_interfaces/msg/detail/product_record__type_support.hpp
[2.766s] -- Up-to-date symlink: /home/agonb/Desktop/Robotica1-26/robotics/final_ws/install/warehouse_interfaces/include/warehouse_interfaces/warehouse_interfaces/msg/detail/storage_location__builder.hpp
[2.767s] -- Up-to-date symlink: /home/agonb/Desktop/Robotica1-26/robotics/final_ws/install/warehouse_interfaces/include/warehouse_interfaces/warehouse_interfaces/msg/detail/storage_location__struct.hpp
[2.767s] -- Up-to-date symlink: /home/agonb/Desktop/Robotica1-26/robotics/final_ws/install/warehouse_interfaces/include/warehouse_interfaces/warehouse_interfaces/msg/detail/storage_location__traits.hpp
[2.767s] -- Up-to-date symlink: /home/agonb/Desktop/Robotica1-26/robotics/final_ws/install/warehouse_interfaces/include/warehouse_interfaces/warehouse_interfaces/msg/detail/storage_location__type_support.hpp
[2.767s] -- Up-to-date symlink: /home/agonb/Desktop/Robotica1-26/robotics/final_ws/install/warehouse_interfaces/include/warehouse_interfaces/warehouse_interfaces/msg/detected_product.hpp
[2.768s] -- Up-to-date symlink: /home/agonb/Desktop/Robotica1-26/robotics/final_ws/install/warehouse_interfaces/include/warehouse_interfaces/warehouse_interfaces/msg/product_record.hpp
[2.768s] -- Up-to-date symlink: /home/agonb/Desktop/Robotica1-26/robotics/final_ws/install/warehouse_interfaces/include/warehouse_interfaces/warehouse_interfaces/msg/rosidl_generator_cpp__visibility_control.hpp
[2.768s] -- Up-to-date symlink: /home/agonb/Desktop/Robotica1-26/robotics/final_ws/install/warehouse_interfaces/include/warehouse_interfaces/warehouse_interfaces/msg/storage_location.hpp
[2.768s] -- Up-to-date symlink: /home/agonb/Desktop/Robotica1-26/robotics/final_ws/install/warehouse_interfaces/include/warehouse_interfaces/warehouse_interfaces/srv/assign_storage_location.hpp
[2.768s] -- Up-to-date symlink: /home/agonb/Desktop/Robotica1-26/robotics/final_ws/install/warehouse_interfaces/include/warehouse_interfaces/warehouse_interfaces/srv/detail/assign_storage_location__builder.hpp
[2.768s] -- Up-to-date symlink: /home/agonb/Desktop/Robotica1-26/robotics/final_ws/install/warehouse_interfaces/include/warehouse_interfaces/warehouse_interfaces/srv/detail/assign_storage_location__struct.hpp
[2.768s] -- Up-to-date symlink: /home/agonb/Desktop/Robotica1-26/robotics/final_ws/install/warehouse_interfaces/include/warehouse_interfaces/warehouse_interfaces/srv/detail/assign_storage_location__traits.hpp
[2.769s] -- Up-to-date symlink: /home/agonb/Desktop/Robotica1-26/robotics/final_ws/install/warehouse_interfaces/include/warehouse_interfaces/warehouse_interfaces/srv/detail/assign_storage_location__type_support.hpp
[2.769s] -- Up-to-date symlink: /home/agonb/Desktop/Robotica1-26/robotics/final_ws/install/warehouse_interfaces/include/warehouse_interfaces/warehouse_interfaces/srv/detail/place_product__builder.hpp
[2.769s] -- Up-to-date symlink: /home/agonb/Desktop/Robotica1-26/robotics/final_ws/install/warehouse_interfaces/include/warehouse_interfaces/warehouse_interfaces/srv/detail/place_product__struct.hpp
[2.769s] -- Up-to-date symlink: /home/agonb/Desktop/Robotica1-26/robotics/final_ws/install/warehouse_interfaces/include/warehouse_interfaces/warehouse_interfaces/srv/detail/place_product__traits.hpp
[2.770s] -- Up-to-date symlink: /home/agonb/Desktop/Robotica1-26/robotics/final_ws/install/warehouse_interfaces/include/warehouse_interfaces/warehouse_interfaces/srv/detail/place_product__type_support.hpp
[2.770s] -- Up-to-date symlink: /home/agonb/Desktop/Robotica1-26/robotics/final_ws/install/warehouse_interfaces/include/warehouse_interfaces/warehouse_interfaces/srv/detail/register_product__builder.hpp
[2.771s] -- Up-to-date symlink: /home/agonb/Desktop/Robotica1-26/robotics/final_ws/install/warehouse_interfaces/include/warehouse_interfaces/warehouse_interfaces/srv/detail/register_product__struct.hpp
[2.771s] -- Up-to-date symlink: /home/agonb/Desktop/Robotica1-26/robotics/final_ws/install/warehouse_interfaces/include/warehouse_interfaces/warehouse_interfaces/srv/detail/register_product__traits.hpp
[2.771s] -- Up-to-date symlink: /home/agonb/Desktop/Robotica1-26/robotics/final_ws/install/warehouse_interfaces/include/warehouse_interfaces/warehouse_interfaces/srv/detail/register_product__type_support.hpp
[2.771s] -- Up-to-date symlink: /home/agonb/Desktop/Robotica1-26/robotics/final_ws/install/warehouse_interfaces/include/warehouse_interfaces/warehouse_interfaces/srv/detail/update_inventory__builder.hpp
[2.772s] -- Up-to-date symlink: /home/agonb/Desktop/Robotica1-26/robotics/final_ws/install/warehouse_interfaces/include/warehouse_interfaces/warehouse_interfaces/srv/detail/update_inventory__struct.hpp
[2.772s] -- Up-to-date symlink: /home/agonb/Desktop/Robotica1-26/robotics/final_ws/install/warehouse_interfaces/include/warehouse_interfaces/warehouse_interfaces/srv/detail/update_inventory__traits.hpp
[2.772s] -- Up-to-date symlink: /home/agonb/Desktop/Robotica1-26/robotics/final_ws/install/warehouse_interfaces/include/warehouse_interfaces/warehouse_interfaces/srv/detail/update_inventory__type_support.hpp
[2.772s] -- Up-to-date symlink: /home/agonb/Desktop/Robotica1-26/robotics/final_ws/install/warehouse_interfaces/include/warehouse_interfaces/warehouse_interfaces/srv/place_product.hpp
[2.773s] -- Up-to-date symlink: /home/agonb/Desktop/Robotica1-26/robotics/final_ws/install/warehouse_interfaces/include/warehouse_interfaces/warehouse_interfaces/srv/register_product.hpp
[2.773s] -- Up-to-date symlink: /home/agonb/Desktop/Robotica1-26/robotics/final_ws/install/warehouse_interfaces/include/warehouse_interfaces/warehouse_interfaces/srv/update_inventory.hpp
[2.773s] -- Up-to-date symlink: /home/agonb/Desktop/Robotica1-26/robotics/final_ws/install/warehouse_interfaces/include/warehouse_interfaces/warehouse_interfaces/action/detail/execute_storage_mission__rosidl_typesupport_fastrtps_cpp.hpp
[2.773s] -- Up-to-date symlink: /home/agonb/Desktop/Robotica1-26/robotics/final_ws/install/warehouse_interfaces/include/warehouse_interfaces/warehouse_interfaces/msg/detail/detected_product__rosidl_typesupport_fastrtps_cpp.hpp
[2.773s] -- Up-to-date symlink: /home/agonb/Desktop/Robotica1-26/robotics/final_ws/install/warehouse_interfaces/include/warehouse_interfaces/warehouse_interfaces/msg/detail/product_record__rosidl_typesupport_fastrtps_cpp.hpp
[2.774s] -- Up-to-date symlink: /home/agonb/Desktop/Robotica1-26/robotics/final_ws/install/warehouse_interfaces/include/warehouse_interfaces/warehouse_interfaces/msg/detail/storage_location__rosidl_typesupport_fastrtps_cpp.hpp
[2.774s] -- Up-to-date symlink: /home/agonb/Desktop/Robotica1-26/robotics/final_ws/install/warehouse_interfaces/include/warehouse_interfaces/warehouse_interfaces/msg/rosidl_typesupport_fastrtps_cpp__visibility_control.h
[2.774s] -- Up-to-date symlink: /home/agonb/Desktop/Robotica1-26/robotics/final_ws/install/warehouse_interfaces/include/warehouse_interfaces/warehouse_interfaces/srv/detail/assign_storage_location__rosidl_typesupport_fastrtps_cpp.hpp
[2.774s] -- Up-to-date symlink: /home/agonb/Desktop/Robotica1-26/robotics/final_ws/install/warehouse_interfaces/include/warehouse_interfaces/warehouse_interfaces/srv/detail/place_product__rosidl_typesupport_fastrtps_cpp.hpp
[2.774s] -- Up-to-date symlink: /home/agonb/Desktop/Robotica1-26/robotics/final_ws/install/warehouse_interfaces/include/warehouse_interfaces/warehouse_interfaces/srv/detail/register_product__rosidl_typesupport_fastrtps_cpp.hpp
[2.775s] -- Up-to-date symlink: /home/agonb/Desktop/Robotica1-26/robotics/final_ws/install/warehouse_interfaces/include/warehouse_interfaces/warehouse_interfaces/srv/detail/update_inventory__rosidl_typesupport_fastrtps_cpp.hpp
[2.775s] -- Up-to-date symlink: /home/agonb/Desktop/Robotica1-26/robotics/final_ws/install/warehouse_interfaces/include/warehouse_interfaces/warehouse_interfaces/action/detail/execute_storage_mission__rosidl_typesupport_introspection_cpp.hpp
[2.775s] -- Up-to-date symlink: /home/agonb/Desktop/Robotica1-26/robotics/final_ws/install/warehouse_interfaces/include/warehouse_interfaces/warehouse_interfaces/msg/detail/detected_product__rosidl_typesupport_introspection_cpp.hpp
[2.777s] -- Up-to-date symlink: /home/agonb/Desktop/Robotica1-26/robotics/final_ws/install/warehouse_interfaces/include/warehouse_interfaces/warehouse_interfaces/msg/detail/product_record__rosidl_typesupport_introspection_cpp.hpp
[2.777s] -- Up-to-date symlink: /home/agonb/Desktop/Robotica1-26/robotics/final_ws/install/warehouse_interfaces/include/warehouse_interfaces/warehouse_interfaces/msg/detail/storage_location__rosidl_typesupport_introspection_cpp.hpp
[2.777s] -- Up-to-date symlink: /home/agonb/Desktop/Robotica1-26/robotics/final_ws/install/warehouse_interfaces/include/warehouse_interfaces/warehouse_interfaces/srv/detail/assign_storage_location__rosidl_typesupport_introspection_cpp.hpp
[2.778s] -- Up-to-date symlink: /home/agonb/Desktop/Robotica1-26/robotics/final_ws/install/warehouse_interfaces/include/warehouse_interfaces/warehouse_interfaces/srv/detail/place_product__rosidl_typesupport_introspection_cpp.hpp
[2.779s] -- Up-to-date symlink: /home/agonb/Desktop/Robotica1-26/robotics/final_ws/install/warehouse_interfaces/include/warehouse_interfaces/warehouse_interfaces/srv/detail/register_product__rosidl_typesupport_introspection_cpp.hpp
[2.780s] -- Up-to-date symlink: /home/agonb/Desktop/Robotica1-26/robotics/final_ws/install/warehouse_interfaces/include/warehouse_interfaces/warehouse_interfaces/srv/detail/update_inventory__rosidl_typesupport_introspection_cpp.hpp
[2.780s] -- Up-to-date symlink: /home/agonb/Desktop/Robotica1-26/robotics/final_ws/install/warehouse_interfaces/share/warehouse_interfaces/environment/pythonpath.sh
[2.780s] -- Up-to-date symlink: /home/agonb/Desktop/Robotica1-26/robotics/final_ws/install/warehouse_interfaces/share/warehouse_interfaces/environment/pythonpath.dsv
[2.781s] -- Up-to-date symlink: /home/agonb/Desktop/Robotica1-26/robotics/final_ws/install/warehouse_interfaces/lib/python3.12/site-packages/warehouse_interfaces-0.1.0-py3.12.egg-info/PKG-INFO
[2.781s] -- Up-to-date symlink: /home/agonb/Desktop/Robotica1-26/robotics/final_ws/install/warehouse_interfaces/lib/python3.12/site-packages/warehouse_interfaces-0.1.0-py3.12.egg-info/SOURCES.txt
[2.781s] -- Up-to-date symlink: /home/agonb/Desktop/Robotica1-26/robotics/final_ws/install/warehouse_interfaces/lib/python3.12/site-packages/warehouse_interfaces-0.1.0-py3.12.egg-info/dependency_links.txt
[2.783s] -- Up-to-date symlink: /home/agonb/Desktop/Robotica1-26/robotics/final_ws/install/warehouse_interfaces/lib/python3.12/site-packages/warehouse_interfaces-0.1.0-py3.12.egg-info/top_level.txt
[2.783s] -- Up-to-date symlink: /home/agonb/Desktop/Robotica1-26/robotics/final_ws/install/warehouse_interfaces/lib/python3.12/site-packages/warehouse_interfaces/__init__.py
[2.784s] -- Up-to-date symlink: /home/agonb/Desktop/Robotica1-26/robotics/final_ws/install/warehouse_interfaces/lib/python3.12/site-packages/warehouse_interfaces/_warehouse_interfaces_s.ep.rosidl_typesupport_c.c
[2.784s] -- Up-to-date symlink: /home/agonb/Desktop/Robotica1-26/robotics/final_ws/install/warehouse_interfaces/lib/python3.12/site-packages/warehouse_interfaces/_warehouse_interfaces_s.ep.rosidl_typesupport_fastrtps_c.c
[2.784s] -- Up-to-date symlink: /home/agonb/Desktop/Robotica1-26/robotics/final_ws/install/warehouse_interfaces/lib/python3.12/site-packages/warehouse_interfaces/_warehouse_interfaces_s.ep.rosidl_typesupport_introspection_c.c
[2.785s] -- Up-to-date symlink: /home/agonb/Desktop/Robotica1-26/robotics/final_ws/install/warehouse_interfaces/lib/python3.12/site-packages/warehouse_interfaces/action/__init__.py
[2.785s] -- Up-to-date symlink: /home/agonb/Desktop/Robotica1-26/robotics/final_ws/install/warehouse_interfaces/lib/python3.12/site-packages/warehouse_interfaces/action/_execute_storage_mission.py
[2.785s] -- Up-to-date symlink: /home/agonb/Desktop/Robotica1-26/robotics/final_ws/install/warehouse_interfaces/lib/python3.12/site-packages/warehouse_interfaces/action/_execute_storage_mission_s.c
[2.786s] -- Up-to-date symlink: /home/agonb/Desktop/Robotica1-26/robotics/final_ws/install/warehouse_interfaces/lib/python3.12/site-packages/warehouse_interfaces/msg/__init__.py
[2.786s] -- Up-to-date symlink: /home/agonb/Desktop/Robotica1-26/robotics/final_ws/install/warehouse_interfaces/lib/python3.12/site-packages/warehouse_interfaces/msg/_detected_product.py
[2.787s] -- Up-to-date symlink: /home/agonb/Desktop/Robotica1-26/robotics/final_ws/install/warehouse_interfaces/lib/python3.12/site-packages/warehouse_interfaces/msg/_detected_product_s.c
[2.787s] -- Up-to-date symlink: /home/agonb/Desktop/Robotica1-26/robotics/final_ws/install/warehouse_interfaces/lib/python3.12/site-packages/warehouse_interfaces/msg/_product_record.py
[2.787s] -- Up-to-date symlink: /home/agonb/Desktop/Robotica1-26/robotics/final_ws/install/warehouse_interfaces/lib/python3.12/site-packages/warehouse_interfaces/msg/_product_record_s.c
[2.787s] -- Up-to-date symlink: /home/agonb/Desktop/Robotica1-26/robotics/final_ws/install/warehouse_interfaces/lib/python3.12/site-packages/warehouse_interfaces/msg/_storage_location.py
[2.788s] -- Up-to-date symlink: /home/agonb/Desktop/Robotica1-26/robotics/final_ws/install/warehouse_interfaces/lib/python3.12/site-packages/warehouse_interfaces/msg/_storage_location_s.c
[2.788s] -- Up-to-date symlink: /home/agonb/Desktop/Robotica1-26/robotics/final_ws/install/warehouse_interfaces/lib/python3.12/site-packages/warehouse_interfaces/srv/__init__.py
[2.788s] -- Up-to-date symlink: /home/agonb/Desktop/Robotica1-26/robotics/final_ws/install/warehouse_interfaces/lib/python3.12/site-packages/warehouse_interfaces/srv/_assign_storage_location.py
[2.788s] -- Up-to-date symlink: /home/agonb/Desktop/Robotica1-26/robotics/final_ws/install/warehouse_interfaces/lib/python3.12/site-packages/warehouse_interfaces/srv/_assign_storage_location_s.c
[2.788s] -- Up-to-date symlink: /home/agonb/Desktop/Robotica1-26/robotics/final_ws/install/warehouse_interfaces/lib/python3.12/site-packages/warehouse_interfaces/srv/_place_product.py
[2.788s] -- Up-to-date symlink: /home/agonb/Desktop/Robotica1-26/robotics/final_ws/install/warehouse_interfaces/lib/python3.12/site-packages/warehouse_interfaces/srv/_place_product_s.c
[2.788s] -- Up-to-date symlink: /home/agonb/Desktop/Robotica1-26/robotics/final_ws/install/warehouse_interfaces/lib/python3.12/site-packages/warehouse_interfaces/srv/_register_product.py
[2.788s] -- Up-to-date symlink: /home/agonb/Desktop/Robotica1-26/robotics/final_ws/install/warehouse_interfaces/lib/python3.12/site-packages/warehouse_interfaces/srv/_register_product_s.c
[2.789s] -- Up-to-date symlink: /home/agonb/Desktop/Robotica1-26/robotics/final_ws/install/warehouse_interfaces/lib/python3.12/site-packages/warehouse_interfaces/srv/_update_inventory.py
[2.789s] -- Up-to-date symlink: /home/agonb/Desktop/Robotica1-26/robotics/final_ws/install/warehouse_interfaces/lib/python3.12/site-packages/warehouse_interfaces/srv/_update_inventory_s.c
[2.789s] -- Up-to-date symlink: /home/agonb/Desktop/Robotica1-26/robotics/final_ws/install/warehouse_interfaces/lib/python3.12/site-packages/warehouse_interfaces/warehouse_interfaces_s__rosidl_typesupport_c.so
[2.789s] -- Up-to-date symlink: /home/agonb/Desktop/Robotica1-26/robotics/final_ws/install/warehouse_interfaces/lib/python3.12/site-packages/warehouse_interfaces/warehouse_interfaces_s__rosidl_typesupport_fastrtps_c.so
[2.789s] -- Up-to-date symlink: /home/agonb/Desktop/Robotica1-26/robotics/final_ws/install/warehouse_interfaces/lib/python3.12/site-packages/warehouse_interfaces/warehouse_interfaces_s__rosidl_typesupport_introspection_c.so
[2.789s] -- Up-to-date symlink: /home/agonb/Desktop/Robotica1-26/robotics/final_ws/install/warehouse_interfaces/lib/python3.12/site-packages/warehouse_interfaces/warehouse_interfaces_s__rosidl_typesupport_fastrtps_c.so
[2.789s] -- Up-to-date symlink: /home/agonb/Desktop/Robotica1-26/robotics/final_ws/install/warehouse_interfaces/lib/python3.12/site-packages/warehouse_interfaces/warehouse_interfaces_s__rosidl_typesupport_introspection_c.so
[2.789s] -- Up-to-date symlink: /home/agonb/Desktop/Robotica1-26/robotics/final_ws/install/warehouse_interfaces/lib/python3.12/site-packages/warehouse_interfaces/warehouse_interfaces_s__rosidl_typesupport_c.so
[2.789s] -- Up-to-date symlink: /home/agonb/Desktop/Robotica1-26/robotics/final_ws/install/warehouse_interfaces/share/ament_index/resource_index/rust_packages/warehouse_interfaces
[2.789s] -- Up-to-date symlink: /home/agonb/Desktop/Robotica1-26/robotics/final_ws/install/warehouse_interfaces/share/warehouse_interfaces/rust/Cargo.toml
[2.790s] -- Up-to-date symlink: /home/agonb/Desktop/Robotica1-26/robotics/final_ws/install/warehouse_interfaces/share/warehouse_interfaces/rust/build.rs
[2.790s] -- Up-to-date symlink: /home/agonb/Desktop/Robotica1-26/robotics/final_ws/install/warehouse_interfaces/share/warehouse_interfaces/rust/src/action.rs
[2.790s] -- Up-to-date symlink: /home/agonb/Desktop/Robotica1-26/robotics/final_ws/install/warehouse_interfaces/share/warehouse_interfaces/rust/src/action/rmw.rs
[2.790s] -- Up-to-date symlink: /home/agonb/Desktop/Robotica1-26/robotics/final_ws/install/warehouse_interfaces/share/warehouse_interfaces/rust/src/lib.rs
[2.790s] -- Up-to-date symlink: /home/agonb/Desktop/Robotica1-26/robotics/final_ws/install/warehouse_interfaces/share/warehouse_interfaces/rust/src/msg.rs
[2.790s] -- Up-to-date symlink: /home/agonb/Desktop/Robotica1-26/robotics/final_ws/install/warehouse_interfaces/share/warehouse_interfaces/rust/src/msg/rmw.rs
[2.790s] -- Up-to-date symlink: /home/agonb/Desktop/Robotica1-26/robotics/final_ws/install/warehouse_interfaces/share/warehouse_interfaces/rust/src/srv.rs
[2.790s] -- Up-to-date symlink: /home/agonb/Desktop/Robotica1-26/robotics/final_ws/install/warehouse_interfaces/share/warehouse_interfaces/rust/src/srv/rmw.rs
[2.790s] -- Up-to-date symlink: /home/agonb/Desktop/Robotica1-26/robotics/final_ws/install/warehouse_interfaces/share/warehouse_interfaces/msg/DetectedProduct.idl
[2.791s] -- Up-to-date symlink: /home/agonb/Desktop/Robotica1-26/robotics/final_ws/install/warehouse_interfaces/share/warehouse_interfaces/msg/ProductRecord.idl
[2.791s] -- Up-to-date symlink: /home/agonb/Desktop/Robotica1-26/robotics/final_ws/install/warehouse_interfaces/share/warehouse_interfaces/msg/StorageLocation.idl
[2.791s] -- Up-to-date symlink: /home/agonb/Desktop/Robotica1-26/robotics/final_ws/install/warehouse_interfaces/share/warehouse_interfaces/srv/RegisterProduct.idl
[2.791s] -- Up-to-date symlink: /home/agonb/Desktop/Robotica1-26/robotics/final_ws/install/warehouse_interfaces/share/warehouse_interfaces/srv/AssignStorageLocation.idl
[2.791s] -- Up-to-date symlink: /home/agonb/Desktop/Robotica1-26/robotics/final_ws/install/warehouse_interfaces/share/warehouse_interfaces/srv/UpdateInventory.idl
[2.791s] -- Up-to-date symlink: /home/agonb/Desktop/Robotica1-26/robotics/final_ws/install/warehouse_interfaces/share/warehouse_interfaces/srv/PlaceProduct.idl
[2.791s] -- Up-to-date symlink: /home/agonb/Desktop/Robotica1-26/robotics/final_ws/install/warehouse_interfaces/share/warehouse_interfaces/action/ExecuteStorageMission.idl
[2.791s] -- Up-to-date symlink: /home/agonb/Desktop/Robotica1-26/robotics/final_ws/install/warehouse_interfaces/share/warehouse_interfaces/msg/DetectedProduct.msg
[2.791s] -- Up-to-date symlink: /home/agonb/Desktop/Robotica1-26/robotics/final_ws/install/warehouse_interfaces/share/warehouse_interfaces/msg/ProductRecord.msg
[2.791s] -- Up-to-date symlink: /home/agonb/Desktop/Robotica1-26/robotics/final_ws/install/warehouse_interfaces/share/warehouse_interfaces/msg/StorageLocation.msg
[2.791s] -- Up-to-date symlink: /home/agonb/Desktop/Robotica1-26/robotics/final_ws/install/warehouse_interfaces/share/warehouse_interfaces/srv/RegisterProduct.srv
[2.791s] -- Up-to-date symlink: /home/agonb/Desktop/Robotica1-26/robotics/final_ws/install/warehouse_interfaces/share/warehouse_interfaces/srv/AssignStorageLocation.srv
[2.791s] -- Up-to-date symlink: /home/agonb/Desktop/Robotica1-26/robotics/final_ws/install/warehouse_interfaces/share/warehouse_interfaces/srv/UpdateInventory.srv
[2.791s] -- Up-to-date symlink: /home/agonb/Desktop/Robotica1-26/robotics/final_ws/install/warehouse_interfaces/share/warehouse_interfaces/srv/PlaceProduct.srv
[2.792s] -- Up-to-date symlink: /home/agonb/Desktop/Robotica1-26/robotics/final_ws/install/warehouse_interfaces/share/warehouse_interfaces/action/ExecuteStorageMission.action
[2.792s] -- Up-to-date symlink: /home/agonb/Desktop/Robotica1-26/robotics/final_ws/install/warehouse_interfaces/share/ament_index/resource_index/package_run_dependencies/warehouse_interfaces
[2.792s] -- Up-to-date symlink: /home/agonb/Desktop/Robotica1-26/robotics/final_ws/install/warehouse_interfaces/share/ament_index/resource_index/parent_prefix_path/warehouse_interfaces
[2.792s] -- Up-to-date symlink: /home/agonb/Desktop/Robotica1-26/robotics/final_ws/install/warehouse_interfaces/share/warehouse_interfaces/environment/ament_prefix_path.sh
[2.792s] -- Up-to-date symlink: /home/agonb/Desktop/Robotica1-26/robotics/final_ws/install/warehouse_interfaces/share/warehouse_interfaces/environment/ament_prefix_path.dsv
[2.792s] -- Up-to-date symlink: /home/agonb/Desktop/Robotica1-26/robotics/final_ws/install/warehouse_interfaces/share/warehouse_interfaces/environment/path.sh
[2.792s] -- Up-to-date symlink: /home/agonb/Desktop/Robotica1-26/robotics/final_ws/install/warehouse_interfaces/share/warehouse_interfaces/environment/path.dsv
[2.792s] -- Up-to-date symlink: /home/agonb/Desktop/Robotica1-26/robotics/final_ws/install/warehouse_interfaces/share/warehouse_interfaces/local_setup.bash
[2.793s] -- Up-to-date symlink: /home/agonb/Desktop/Robotica1-26/robotics/final_ws/install/warehouse_interfaces/share/warehouse_interfaces/local_setup.sh
[2.793s] -- Up-to-date symlink: /home/agonb/Desktop/Robotica1-26/robotics/final_ws/install/warehouse_interfaces/share/warehouse_interfaces/local_setup.zsh
[2.793s] -- Up-to-date symlink: /home/agonb/Desktop/Robotica1-26/robotics/final_ws/install/warehouse_interfaces/share/warehouse_interfaces/local_setup.dsv
[2.793s] -- Symlinking: /home/agonb/Desktop/Robotica1-26/robotics/final_ws/install/warehouse_interfaces/share/warehouse_interfaces/package.dsv
[2.805s] -- Up-to-date symlink: /home/agonb/Desktop/Robotica1-26/robotics/final_ws/install/warehouse_interfaces/share/ament_index/resource_index/packages/warehouse_interfaces
[2.807s] -- Up-to-date symlink: /home/agonb/Desktop/Robotica1-26/robotics/final_ws/install/warehouse_interfaces/share/warehouse_interfaces/cmake/rosidl_cmake-extras.cmake
[2.807s] -- Up-to-date symlink: /home/agonb/Desktop/Robotica1-26/robotics/final_ws/install/warehouse_interfaces/share/warehouse_interfaces/cmake/ament_cmake_export_dependencies-extras.cmake
[2.807s] -- Up-to-date symlink: /home/agonb/Desktop/Robotica1-26/robotics/final_ws/install/warehouse_interfaces/share/warehouse_interfaces/cmake/ament_cmake_export_include_directories-extras.cmake
[2.807s] -- Up-to-date symlink: /home/agonb/Desktop/Robotica1-26/robotics/final_ws/install/warehouse_interfaces/share/warehouse_interfaces/cmake/ament_cmake_export_libraries-extras.cmake
[2.807s] -- Up-to-date symlink: /home/agonb/Desktop/Robotica1-26/robotics/final_ws/install/warehouse_interfaces/share/warehouse_interfaces/cmake/ament_cmake_export_targets-extras.cmake
[2.808s] -- Up-to-date symlink: /home/agonb/Desktop/Robotica1-26/robotics/final_ws/install/warehouse_interfaces/share/warehouse_interfaces/cmake/rosidl_cmake_export_typesupport_targets-extras.cmake
[2.808s] -- Up-to-date symlink: /home/agonb/Desktop/Robotica1-26/robotics/final_ws/install/warehouse_interfaces/share/warehouse_interfaces/cmake/rosidl_cmake_export_typesupport_libraries-extras.cmake
[2.808s] -- Up-to-date symlink: /home/agonb/Desktop/Robotica1-26/robotics/final_ws/install/warehouse_interfaces/share/warehouse_interfaces/cmake/rosidl_cmake_aggregate_target-extras.cmake
[2.808s] -- Up-to-date symlink: /home/agonb/Desktop/Robotica1-26/robotics/final_ws/install/warehouse_interfaces/share/warehouse_interfaces/cmake/warehouse_interfacesConfig.cmake
[2.808s] -- Up-to-date symlink: /home/agonb/Desktop/Robotica1-26/robotics/final_ws/install/warehouse_interfaces/share/warehouse_interfaces/cmake/warehouse_interfacesConfig-version.cmake
[2.808s] -- Up-to-date symlink: /home/agonb/Desktop/Robotica1-26/robotics/final_ws/install/warehouse_interfaces/share/warehouse_interfaces/package.xml
[2.808s] -- Up-to-date: /home/agonb/Desktop/Robotica1-26/robotics/final_ws/install/warehouse_interfaces/lib/libwarehouse_interfaces__rosidl_generator_c.so
[2.809s] -- Up-to-date: /home/agonb/Desktop/Robotica1-26/robotics/final_ws/install/warehouse_interfaces/lib/libwarehouse_interfaces__rosidl_typesupport_fastrtps_c.so
[2.809s] -- Up-to-date: /home/agonb/Desktop/Robotica1-26/robotics/final_ws/install/warehouse_interfaces/lib/libwarehouse_interfaces__rosidl_typesupport_introspection_c.so
[2.809s] -- Up-to-date: /home/agonb/Desktop/Robotica1-26/robotics/final_ws/install/warehouse_interfaces/lib/libwarehouse_interfaces__rosidl_typesupport_c.so
[2.809s] -- Up-to-date: /home/agonb/Desktop/Robotica1-26/robotics/final_ws/install/warehouse_interfaces/lib/libwarehouse_interfaces__rosidl_typesupport_fastrtps_cpp.so
[2.809s] -- Up-to-date: /home/agonb/Desktop/Robotica1-26/robotics/final_ws/install/warehouse_interfaces/lib/libwarehouse_interfaces__rosidl_typesupport_introspection_cpp.so
[2.810s] -- Up-to-date: /home/agonb/Desktop/Robotica1-26/robotics/final_ws/install/warehouse_interfaces/lib/libwarehouse_interfaces__rosidl_typesupport_cpp.so
[2.872s] Listing '/home/agonb/Desktop/Robotica1-26/robotics/final_ws/install/warehouse_interfaces/lib/python3.12/site-packages/warehouse_interfaces'...
[2.873s] Compiling '/home/agonb/Desktop/Robotica1-26/robotics/final_ws/install/warehouse_interfaces/lib/python3.12/site-packages/warehouse_interfaces/__init__.py'...
[2.873s] Listing '/home/agonb/Desktop/Robotica1-26/robotics/final_ws/install/warehouse_interfaces/lib/python3.12/site-packages/warehouse_interfaces/action'...
[2.873s] Listing '/home/agonb/Desktop/Robotica1-26/robotics/final_ws/install/warehouse_interfaces/lib/python3.12/site-packages/warehouse_interfaces/msg'...
[2.873s] Listing '/home/agonb/Desktop/Robotica1-26/robotics/final_ws/install/warehouse_interfaces/lib/python3.12/site-packages/warehouse_interfaces/srv'...
[2.885s] -- Up-to-date: /home/agonb/Desktop/Robotica1-26/robotics/final_ws/install/warehouse_interfaces/lib/libwarehouse_interfaces__rosidl_generator_py.so
[2.885s] -- Up-to-date: /home/agonb/Desktop/Robotica1-26/robotics/final_ws/install/warehouse_interfaces/share/warehouse_interfaces/cmake/export_warehouse_interfaces__rosidl_generator_cExport.cmake
[2.885s] -- Up-to-date: /home/agonb/Desktop/Robotica1-26/robotics/final_ws/install/warehouse_interfaces/share/warehouse_interfaces/cmake/export_warehouse_interfaces__rosidl_generator_cExport-noconfig.cmake
[2.885s] -- Up-to-date: /home/agonb/Desktop/Robotica1-26/robotics/final_ws/install/warehouse_interfaces/share/warehouse_interfaces/cmake/export_warehouse_interfaces__rosidl_typesupport_fastrtps_cExport.cmake
[2.885s] -- Up-to-date: /home/agonb/Desktop/Robotica1-26/robotics/final_ws/install/warehouse_interfaces/share/warehouse_interfaces/cmake/export_warehouse_interfaces__rosidl_typesupport_fastrtps_cExport-noconfig.cmake
[2.886s] -- Up-to-date: /home/agonb/Desktop/Robotica1-26/robotics/final_ws/install/warehouse_interfaces/share/warehouse_interfaces/cmake/warehouse_interfaces__rosidl_typesupport_introspection_cExport.cmake
[2.886s] -- Up-to-date: /home/agonb/Desktop/Robotica1-26/robotics/final_ws/install/warehouse_interfaces/share/warehouse_interfaces/cmake/warehouse_interfaces__rosidl_typesupport_introspection_cExport-noconfig.cmake
[2.886s] -- Up-to-date: /home/agonb/Desktop/Robotica1-26/robotics/final_ws/install/warehouse_interfaces/share/warehouse_interfaces/cmake/warehouse_interfaces__rosidl_typesupport_cExport.cmake
[2.886s] -- Up-to-date: /home/agonb/Desktop/Robotica1-26/robotics/final_ws/install/warehouse_interfaces/share/warehouse_interfaces/cmake/warehouse_interfaces__rosidl_typesupport_cExport-noconfig.cmake
[2.886s] -- Up-to-date: /home/agonb/Desktop/Robotica1-26/robotics/final_ws/install/warehouse_interfaces/share/warehouse_interfaces/cmake/export_warehouse_interfaces__rosidl_generator_cppExport.cmake
[2.886s] -- Up-to-date: /home/agonb/Desktop/Robotica1-26/robotics/final_ws/install/warehouse_interfaces/share/warehouse_interfaces/cmake/export_warehouse_interfaces__rosidl_typesupport_fastrtps_cppExport.cmake
[2.886s] -- Up-to-date: /home/agonb/Desktop/Robotica1-26/robotics/final_ws/install/warehouse_interfaces/share/warehouse_interfaces/cmake/export_warehouse_interfaces__rosidl_typesupport_fastrtps_cppExport-noconfig.cmake
[2.886s] -- Up-to-date: /home/agonb/Desktop/Robotica1-26/robotics/final_ws/install/warehouse_interfaces/share/warehouse_interfaces/cmake/warehouse_interfaces__rosidl_typesupport_introspection_cppExport.cmake
[2.887s] -- Up-to-date: /home/agonb/Desktop/Robotica1-26/robotics/final_ws/install/warehouse_interfaces/share/warehouse_interfaces/cmake/warehouse_interfaces__rosidl_typesupport_introspection_cppExport-noconfig.cmake
[2.887s] -- Up-to-date: /home/agonb/Desktop/Robotica1-26/robotics/final_ws/install/warehouse_interfaces/share/warehouse_interfaces/cmake/warehouse_interfaces__rosidl_typesupport_cppExport.cmake
[2.887s] -- Up-to-date: /home/agonb/Desktop/Robotica1-26/robotics/final_ws/install/warehouse_interfaces/share/warehouse_interfaces/cmake/warehouse_interfaces__rosidl_typesupport_cppExport-noconfig.cmake
[2.887s] -- Up-to-date: /home/agonb/Desktop/Robotica1-26/robotics/final_ws/install/warehouse_interfaces/share/warehouse_interfaces/cmake/export_warehouse_interfaces__rosidl_generator_pyExport.cmake
[2.887s] -- Up-to-date: /home/agonb/Desktop/Robotica1-26/robotics/final_ws/install/warehouse_interfaces/share/warehouse_interfaces/cmake/export_warehouse_interfaces__rosidl_generator_pyExport-noconfig.cmake
[2.888s] Invoked command in '/home/agonb/Desktop/Robotica1-26/robotics/final_ws/build/warehouse_interfaces' returned '0': CMAKE_PREFIX_PATH=/opt/ros/jazzy:${CMAKE_PREFIX_PATH} DEBUGINFOD_URLS=https://debuginfod.ubuntu.com /usr/bin/cmake --install /home/agonb/Desktop/Robotica1-26/robotics/final_ws/build/warehouse_interfaces
