[0.027s] Invoking command in '/home/agonb/Desktop/Robotica1-26/robotics/final_ws/build/warehouse_manipulation': DEBUGINFOD_URLS=https://debuginfod.ubuntu.com /usr/bin/cmake /home/agonb/Desktop/Robotica1-26/robotics/final_ws/src/warehouse_manipulation -DCATKIN_INSTALL_INTO_PREFIX_ROOT=0 -DCATKIN_SYMLINK_INSTALL=ON -DCMAKE_INSTALL_PREFIX=/home/agonb/Desktop/Robotica1-26/robotics/final_ws/install/warehouse_manipulation
[0.047s] -- Found ament_cmake: 2.5.6 (/opt/ros/jazzy/share/ament_cmake/cmake)
[0.470s] -- Configuring done (0.4s)
[0.472s] -- Generating done (0.0s)
[0.477s] -- Build files have been written to: /home/agonb/Desktop/Robotica1-26/robotics/final_ws/build/warehouse_manipulation
[0.485s] Invoked command in '/home/agonb/Desktop/Robotica1-26/robotics/final_ws/build/warehouse_manipulation' returned '0': DEBUGINFOD_URLS=https://debuginfod.ubuntu.com /usr/bin/cmake /home/agonb/Desktop/Robotica1-26/robotics/final_ws/src/warehouse_manipulation -DCATKIN_INSTALL_INTO_PREFIX_ROOT=0 -DCATKIN_SYMLINK_INSTALL=ON -DCMAKE_INSTALL_PREFIX=/home/agonb/Desktop/Robotica1-26/robotics/final_ws/install/warehouse_manipulation
[0.486s] Invoking command in '/home/agonb/Desktop/Robotica1-26/robotics/final_ws/build/warehouse_manipulation': DEBUGINFOD_URLS=https://debuginfod.ubuntu.com /usr/bin/cmake --build /home/agonb/Desktop/Robotica1-26/robotics/final_ws/build/warehouse_manipulation -- -j12 -l12
[0.553s] Invoked command in '/home/agonb/Desktop/Robotica1-26/robotics/final_ws/build/warehouse_manipulation' returned '0': DEBUGINFOD_URLS=https://debuginfod.ubuntu.com /usr/bin/cmake --build /home/agonb/Desktop/Robotica1-26/robotics/final_ws/build/warehouse_manipulation -- -j12 -l12
[0.556s] Invoking command in '/home/agonb/Desktop/Robotica1-26/robotics/final_ws/build/warehouse_manipulation': DEBUGINFOD_URLS=https://debuginfod.ubuntu.com /usr/bin/cmake --install /home/agonb/Desktop/Robotica1-26/robotics/final_ws/build/warehouse_manipulation
[0.569s] -- Install configuration: ""
[0.569s] -- Up-to-date: /home/agonb/Desktop/Robotica1-26/robotics/final_ws/install/warehouse_manipulation/share/ament_index/resource_index/package_run_dependencies/warehouse_manipulation
[0.570s] -- Installing: /home/agonb/Desktop/Robotica1-26/robotics/final_ws/install/warehouse_manipulation/share/ament_index/resource_index/parent_prefix_path/warehouse_manipulation
[0.570s] -- Up-to-date: /home/agonb/Desktop/Robotica1-26/robotics/final_ws/install/warehouse_manipulation/share/warehouse_manipulation/environment/ament_prefix_path.sh
[0.570s] -- Up-to-date: /home/agonb/Desktop/Robotica1-26/robotics/final_ws/install/warehouse_manipulation/share/warehouse_manipulation/environment/ament_prefix_path.dsv
[0.570s] -- Up-to-date: /home/agonb/Desktop/Robotica1-26/robotics/final_ws/install/warehouse_manipulation/share/warehouse_manipulation/environment/path.sh
[0.570s] -- Up-to-date: /home/agonb/Desktop/Robotica1-26/robotics/final_ws/install/warehouse_manipulation/share/warehouse_manipulation/environment/path.dsv
[0.571s] -- Up-to-date: /home/agonb/Desktop/Robotica1-26/robotics/final_ws/install/warehouse_manipulation/share/warehouse_manipulation/local_setup.bash
[0.571s] -- Up-to-date: /home/agonb/Desktop/Robotica1-26/robotics/final_ws/install/warehouse_manipulation/share/warehouse_manipulation/local_setup.sh
[0.571s] -- Up-to-date: /home/agonb/Desktop/Robotica1-26/robotics/final_ws/install/warehouse_manipulation/share/warehouse_manipulation/local_setup.zsh
[0.571s] -- Up-to-date: /home/agonb/Desktop/Robotica1-26/robotics/final_ws/install/warehouse_manipulation/share/warehouse_manipulation/local_setup.dsv
[0.572s] -- Installing: /home/agonb/Desktop/Robotica1-26/robotics/final_ws/install/warehouse_manipulation/share/warehouse_manipulation/package.dsv
[0.572s] -- Up-to-date: /home/agonb/Desktop/Robotica1-26/robotics/final_ws/install/warehouse_manipulation/share/ament_index/resource_index/packages/warehouse_manipulation
[0.572s] -- Up-to-date: /home/agonb/Desktop/Robotica1-26/robotics/final_ws/install/warehouse_manipulation/share/warehouse_manipulation/cmake/warehouse_manipulationConfig.cmake
[0.572s] -- Up-to-date: /home/agonb/Desktop/Robotica1-26/robotics/final_ws/install/warehouse_manipulation/share/warehouse_manipulation/cmake/warehouse_manipulationConfig-version.cmake
[0.572s] -- Up-to-date: /home/agonb/Desktop/Robotica1-26/robotics/final_ws/install/warehouse_manipulation/share/warehouse_manipulation/package.xml
[0.601s] Invoked command in '/home/agonb/Desktop/Robotica1-26/robotics/final_ws/build/warehouse_manipulation' returned '0': DEBUGINFOD_URLS=https://debuginfod.ubuntu.com /usr/bin/cmake --install /home/agonb/Desktop/Robotica1-26/robotics/final_ws/build/warehouse_manipulation
