-- Found ament_cmake: 2.5.6 (/opt/ros/jazzy/share/ament_cmake/cmake)
-- Override CMake install command with custom implementation using symlinks instead of copying resources
-- Configuring done (0.2s)
-- Generating done (0.0s)
-- Build files have been written to: /home/agonb/Desktop/Robotica1-26/robotics/final_ws/build/warehouse_moveit_config
-- Install configuration: ""
-- Execute custom install script
-- Symlinking: /home/agonb/Desktop/Robotica1-26/robotics/final_ws/install/warehouse_moveit_config/share/warehouse_moveit_config/config/joint_limits.yaml
-- Symlinking: /home/agonb/Desktop/Robotica1-26/robotics/final_ws/install/warehouse_moveit_config/share/warehouse_moveit_config/config/kinematics.yaml
-- Symlinking: /home/agonb/Desktop/Robotica1-26/robotics/final_ws/install/warehouse_moveit_config/share/warehouse_moveit_config/config/moveit_controllers.yaml
-- Symlinking: /home/agonb/Desktop/Robotica1-26/robotics/final_ws/install/warehouse_moveit_config/share/warehouse_moveit_config/config/warehouse_robot.srdf
-- Symlinking: /home/agonb/Desktop/Robotica1-26/robotics/final_ws/install/warehouse_moveit_config/share/warehouse_moveit_config/launch/move_group.launch.py
-- Symlinking: /home/agonb/Desktop/Robotica1-26/robotics/final_ws/install/warehouse_moveit_config/share/ament_index/resource_index/package_run_dependencies/warehouse_moveit_config
-- Symlinking: /home/agonb/Desktop/Robotica1-26/robotics/final_ws/install/warehouse_moveit_config/share/ament_index/resource_index/parent_prefix_path/warehouse_moveit_config
-- Symlinking: /home/agonb/Desktop/Robotica1-26/robotics/final_ws/install/warehouse_moveit_config/share/warehouse_moveit_config/environment/ament_prefix_path.sh
-- Symlinking: /home/agonb/Desktop/Robotica1-26/robotics/final_ws/install/warehouse_moveit_config/share/warehouse_moveit_config/environment/ament_prefix_path.dsv
-- Symlinking: /home/agonb/Desktop/Robotica1-26/robotics/final_ws/install/warehouse_moveit_config/share/warehouse_moveit_config/environment/path.sh
-- Symlinking: /home/agonb/Desktop/Robotica1-26/robotics/final_ws/install/warehouse_moveit_config/share/warehouse_moveit_config/environment/path.dsv
-- Symlinking: /home/agonb/Desktop/Robotica1-26/robotics/final_ws/install/warehouse_moveit_config/share/warehouse_moveit_config/local_setup.bash
-- Symlinking: /home/agonb/Desktop/Robotica1-26/robotics/final_ws/install/warehouse_moveit_config/share/warehouse_moveit_config/local_setup.sh
-- Symlinking: /home/agonb/Desktop/Robotica1-26/robotics/final_ws/install/warehouse_moveit_config/share/warehouse_moveit_config/local_setup.zsh
-- Symlinking: /home/agonb/Desktop/Robotica1-26/robotics/final_ws/install/warehouse_moveit_config/share/warehouse_moveit_config/local_setup.dsv
-- Symlinking: /home/agonb/Desktop/Robotica1-26/robotics/final_ws/install/warehouse_moveit_config/share/warehouse_moveit_config/package.dsv
-- Symlinking: /home/agonb/Desktop/Robotica1-26/robotics/final_ws/install/warehouse_moveit_config/share/ament_index/resource_index/packages/warehouse_moveit_config
-- Symlinking: /home/agonb/Desktop/Robotica1-26/robotics/final_ws/install/warehouse_moveit_config/share/warehouse_moveit_config/cmake/warehouse_moveit_configConfig.cmake
-- Symlinking: /home/agonb/Desktop/Robotica1-26/robotics/final_ws/install/warehouse_moveit_config/share/warehouse_moveit_config/cmake/warehouse_moveit_configConfig-version.cmake
-- Symlinking: /home/agonb/Desktop/Robotica1-26/robotics/final_ws/install/warehouse_moveit_config/share/warehouse_moveit_config/package.xml
