-- Found ament_cmake: 2.5.6 (/opt/ros/jazzy/share/ament_cmake/cmake)
-- Override CMake install command with custom implementation using symlinks instead of copying resources
-- Found cv_bridge: 4.1.0 (/opt/ros/jazzy/share/cv_bridge/cmake)
-- Found rosidl_generator_c: 4.6.9 (/opt/ros/jazzy/share/rosidl_generator_c/cmake)
-- Found rosidl_generator_cpp: 4.6.9 (/opt/ros/jazzy/share/rosidl_generator_cpp/cmake)
-- Using all available rosidl_typesupport_c: rosidl_typesupport_fastrtps_c;rosidl_typesupport_introspection_c
-- Using all available rosidl_typesupport_cpp: rosidl_typesupport_fastrtps_cpp;rosidl_typesupport_introspection_cpp
-- Found rmw_implementation_cmake: 7.3.3 (/opt/ros/jazzy/share/rmw_implementation_cmake/cmake)
-- Found rmw_fastrtps_cpp: 8.4.4 (/opt/ros/jazzy/share/rmw_fastrtps_cpp/cmake)
-- Using RMW implementation 'rmw_fastrtps_cpp' as default
-- Found warehouse_interfaces: 0.1.0 (/home/agonb/Desktop/Robotica1-26/robotics/final_ws/install/warehouse_interfaces/share/warehouse_interfaces/cmake)
-- Configuring done (0.9s)
-- Generating done (0.0s)
-- Build files have been written to: /home/agonb/Desktop/Robotica1-26/robotics/final_ws/build/warehouse_perception
[ 16%] Building CXX object CMakeFiles/yolo_detector_mock.dir/src/yolo_detector_mock.cpp.o
[ 33%] Linking CXX executable yolo_detector_mock
[ 33%] Built target yolo_detector_mock
[ 50%] Building CXX object CMakeFiles/aruco_detector.dir/src/aruco_detector.cpp.o
[ 66%] Linking CXX executable aruco_detector
[ 66%] Built target aruco_detector
[100%] Built target apriltag_detector_mock
-- Install configuration: ""
-- Execute custom install script
-- Up-to-date symlink: /home/agonb/Desktop/Robotica1-26/robotics/final_ws/install/warehouse_perception/lib/warehouse_perception/yolo_detector_mock
-- Up-to-date symlink: /home/agonb/Desktop/Robotica1-26/robotics/final_ws/install/warehouse_perception/lib/warehouse_perception/apriltag_detector_mock
-- Up-to-date symlink: /home/agonb/Desktop/Robotica1-26/robotics/final_ws/install/warehouse_perception/lib/warehouse_perception/aruco_detector
-- Up-to-date symlink: /home/agonb/Desktop/Robotica1-26/robotics/final_ws/install/warehouse_perception/share/warehouse_perception/launch/camera_aruco.launch.py
-- Up-to-date symlink: /home/agonb/Desktop/Robotica1-26/robotics/final_ws/install/warehouse_perception/share/warehouse_perception/launch/perception_mock.launch.py
-- Up-to-date symlink: /home/agonb/Desktop/Robotica1-26/robotics/final_ws/install/warehouse_perception/share/ament_index/resource_index/package_run_dependencies/warehouse_perception
-- Up-to-date symlink: /home/agonb/Desktop/Robotica1-26/robotics/final_ws/install/warehouse_perception/share/ament_index/resource_index/parent_prefix_path/warehouse_perception
-- Up-to-date symlink: /home/agonb/Desktop/Robotica1-26/robotics/final_ws/install/warehouse_perception/share/warehouse_perception/environment/ament_prefix_path.sh
-- Up-to-date symlink: /home/agonb/Desktop/Robotica1-26/robotics/final_ws/install/warehouse_perception/share/warehouse_perception/environment/ament_prefix_path.dsv
-- Up-to-date symlink: /home/agonb/Desktop/Robotica1-26/robotics/final_ws/install/warehouse_perception/share/warehouse_perception/environment/path.sh
-- Up-to-date symlink: /home/agonb/Desktop/Robotica1-26/robotics/final_ws/install/warehouse_perception/share/warehouse_perception/environment/path.dsv
-- Up-to-date symlink: /home/agonb/Desktop/Robotica1-26/robotics/final_ws/install/warehouse_perception/share/warehouse_perception/local_setup.bash
-- Up-to-date symlink: /home/agonb/Desktop/Robotica1-26/robotics/final_ws/install/warehouse_perception/share/warehouse_perception/local_setup.sh
-- Up-to-date symlink: /home/agonb/Desktop/Robotica1-26/robotics/final_ws/install/warehouse_perception/share/warehouse_perception/local_setup.zsh
-- Up-to-date symlink: /home/agonb/Desktop/Robotica1-26/robotics/final_ws/install/warehouse_perception/share/warehouse_perception/local_setup.dsv
-- Symlinking: /home/agonb/Desktop/Robotica1-26/robotics/final_ws/install/warehouse_perception/share/warehouse_perception/package.dsv
-- Up-to-date symlink: /home/agonb/Desktop/Robotica1-26/robotics/final_ws/install/warehouse_perception/share/ament_index/resource_index/packages/warehouse_perception
-- Up-to-date symlink: /home/agonb/Desktop/Robotica1-26/robotics/final_ws/install/warehouse_perception/share/warehouse_perception/cmake/warehouse_perceptionConfig.cmake
-- Up-to-date symlink: /home/agonb/Desktop/Robotica1-26/robotics/final_ws/install/warehouse_perception/share/warehouse_perception/cmake/warehouse_perceptionConfig-version.cmake
-- Up-to-date symlink: /home/agonb/Desktop/Robotica1-26/robotics/final_ws/install/warehouse_perception/share/warehouse_perception/package.xml
