[0.030s] Invoking command in '/home/agonb/Desktop/Robotica1-26/robotics/final_ws/build/robot_amr_description': CMAKE_PREFIX_PATH=${CMAKE_PREFIX_PATH}:/opt/ros/jazzy DEBUGINFOD_URLS=https://debuginfod.ubuntu.com /usr/bin/cmake /home/agonb/Desktop/Robotica1-26/robotics/final_ws/src/robot_amr_description -DAMENT_CMAKE_SYMLINK_INSTALL=1 -DCMAKE_INSTALL_PREFIX=/home/agonb/Desktop/Robotica1-26/robotics/final_ws/install/robot_amr_description
[0.053s] -- Found ament_cmake: 2.5.6 (/opt/ros/jazzy/share/ament_cmake/cmake)
[0.284s] -- Override CMake install command with custom implementation using symlinks instead of copying resources
[0.305s] -- Found ament_lint_auto: 0.17.5 (/opt/ros/jazzy/share/ament_lint_auto/cmake)
[0.441s] -- Configuring done (0.4s)
[0.447s] -- Generating done (0.0s)
[0.455s] -- Build files have been written to: /home/agonb/Desktop/Robotica1-26/robotics/final_ws/build/robot_amr_description
[0.474s] Invoked command in '/home/agonb/Desktop/Robotica1-26/robotics/final_ws/build/robot_amr_description' returned '0': CMAKE_PREFIX_PATH=${CMAKE_PREFIX_PATH}:/opt/ros/jazzy DEBUGINFOD_URLS=https://debuginfod.ubuntu.com /usr/bin/cmake /home/agonb/Desktop/Robotica1-26/robotics/final_ws/src/robot_amr_description -DAMENT_CMAKE_SYMLINK_INSTALL=1 -DCMAKE_INSTALL_PREFIX=/home/agonb/Desktop/Robotica1-26/robotics/final_ws/install/robot_amr_description
[0.476s] Invoking command in '/home/agonb/Desktop/Robotica1-26/robotics/final_ws/build/robot_amr_description': CMAKE_PREFIX_PATH=${CMAKE_PREFIX_PATH}:/opt/ros/jazzy DEBUGINFOD_URLS=https://debuginfod.ubuntu.com /usr/bin/cmake --build /home/agonb/Desktop/Robotica1-26/robotics/final_ws/build/robot_amr_description -- -j12 -l12
[0.528s] Invoked command in '/home/agonb/Desktop/Robotica1-26/robotics/final_ws/build/robot_amr_description' returned '0': CMAKE_PREFIX_PATH=${CMAKE_PREFIX_PATH}:/opt/ros/jazzy DEBUGINFOD_URLS=https://debuginfod.ubuntu.com /usr/bin/cmake --build /home/agonb/Desktop/Robotica1-26/robotics/final_ws/build/robot_amr_description -- -j12 -l12
[0.530s] Invoking command in '/home/agonb/Desktop/Robotica1-26/robotics/final_ws/build/robot_amr_description': CMAKE_PREFIX_PATH=${CMAKE_PREFIX_PATH}:/opt/ros/jazzy DEBUGINFOD_URLS=https://debuginfod.ubuntu.com /usr/bin/cmake --install /home/agonb/Desktop/Robotica1-26/robotics/final_ws/build/robot_amr_description
[0.542s] -- Install configuration: ""
[0.542s] -- Execute custom install script
[0.543s] -- Up-to-date symlink: /home/agonb/Desktop/Robotica1-26/robotics/final_ws/install/robot_amr_description/share/robot_amr_description/urdf/amr.urdf.xacro
[0.543s] -- Up-to-date symlink: /home/agonb/Desktop/Robotica1-26/robotics/final_ws/install/robot_amr_description/share/robot_amr_description/urdf/amr_base.xacro
[0.545s] -- Up-to-date symlink: /home/agonb/Desktop/Robotica1-26/robotics/final_ws/install/robot_amr_description/share/robot_amr_description/urdf/arm.xacro
[0.545s] -- Up-to-date symlink: /home/agonb/Desktop/Robotica1-26/robotics/final_ws/install/robot_amr_description/share/robot_amr_description/urdf/gazebo.xacro
[0.545s] -- Up-to-date symlink: /home/agonb/Desktop/Robotica1-26/robotics/final_ws/install/robot_amr_description/share/robot_amr_description/urdf/robot.urdf.xacro
[0.545s] -- Up-to-date symlink: /home/agonb/Desktop/Robotica1-26/robotics/final_ws/install/robot_amr_description/share/robot_amr_description/urdf/robot_amr_manipulator.urdf.xacro
[0.546s] -- Up-to-date symlink: /home/agonb/Desktop/Robotica1-26/robotics/final_ws/install/robot_amr_description/share/robot_amr_description/urdf/ros2_control.xacro
[0.546s] -- Up-to-date symlink: /home/agonb/Desktop/Robotica1-26/robotics/final_ws/install/robot_amr_description/share/robot_amr_description/urdf/sensors.xacro
[0.546s] -- Up-to-date symlink: /home/agonb/Desktop/Robotica1-26/robotics/final_ws/install/robot_amr_description/share/robot_amr_description/launch/display.launch.py
[0.546s] -- Up-to-date symlink: /home/agonb/Desktop/Robotica1-26/robotics/final_ws/install/robot_amr_description/share/robot_amr_description/launch/gazebo.launch.py
[0.546s] -- Up-to-date symlink: /home/agonb/Desktop/Robotica1-26/robotics/final_ws/install/robot_amr_description/lib/robot_amr_description/read_camera.py
[0.547s] -- Up-to-date symlink: /home/agonb/Desktop/Robotica1-26/robotics/final_ws/install/robot_amr_description/share/ament_index/resource_index/package_run_dependencies/robot_amr_description
[0.547s] -- Up-to-date symlink: /home/agonb/Desktop/Robotica1-26/robotics/final_ws/install/robot_amr_description/share/ament_index/resource_index/parent_prefix_path/robot_amr_description
[0.547s] -- Up-to-date symlink: /home/agonb/Desktop/Robotica1-26/robotics/final_ws/install/robot_amr_description/share/robot_amr_description/environment/ament_prefix_path.sh
[0.547s] -- Up-to-date symlink: /home/agonb/Desktop/Robotica1-26/robotics/final_ws/install/robot_amr_description/share/robot_amr_description/environment/ament_prefix_path.dsv
[0.548s] -- Up-to-date symlink: /home/agonb/Desktop/Robotica1-26/robotics/final_ws/install/robot_amr_description/share/robot_amr_description/environment/path.sh
[0.548s] -- Up-to-date symlink: /home/agonb/Desktop/Robotica1-26/robotics/final_ws/install/robot_amr_description/share/robot_amr_description/environment/path.dsv
[0.551s] -- Up-to-date symlink: /home/agonb/Desktop/Robotica1-26/robotics/final_ws/install/robot_amr_description/share/robot_amr_description/local_setup.bash
[0.551s] -- Up-to-date symlink: /home/agonb/Desktop/Robotica1-26/robotics/final_ws/install/robot_amr_description/share/robot_amr_description/local_setup.sh
[0.553s] -- Up-to-date symlink: /home/agonb/Desktop/Robotica1-26/robotics/final_ws/install/robot_amr_description/share/robot_amr_description/local_setup.zsh
[0.553s] -- Up-to-date symlink: /home/agonb/Desktop/Robotica1-26/robotics/final_ws/install/robot_amr_description/share/robot_amr_description/local_setup.dsv
[0.553s] -- Symlinking: /home/agonb/Desktop/Robotica1-26/robotics/final_ws/install/robot_amr_description/share/robot_amr_description/package.dsv
[0.553s] -- Up-to-date symlink: /home/agonb/Desktop/Robotica1-26/robotics/final_ws/install/robot_amr_description/share/ament_index/resource_index/packages/robot_amr_description
[0.553s] -- Up-to-date symlink: /home/agonb/Desktop/Robotica1-26/robotics/final_ws/install/robot_amr_description/share/robot_amr_description/cmake/robot_amr_descriptionConfig.cmake
[0.553s] -- Up-to-date symlink: /home/agonb/Desktop/Robotica1-26/robotics/final_ws/install/robot_amr_description/share/robot_amr_description/cmake/robot_amr_descriptionConfig-version.cmake
[0.553s] -- Up-to-date symlink: /home/agonb/Desktop/Robotica1-26/robotics/final_ws/install/robot_amr_description/share/robot_amr_description/package.xml
[0.589s] Invoked command in '/home/agonb/Desktop/Robotica1-26/robotics/final_ws/build/robot_amr_description' returned '0': CMAKE_PREFIX_PATH=${CMAKE_PREFIX_PATH}:/opt/ros/jazzy DEBUGINFOD_URLS=https://debuginfod.ubuntu.com /usr/bin/cmake --install /home/agonb/Desktop/Robotica1-26/robotics/final_ws/build/robot_amr_description
