[0.036s] Invoking command in '/home/agonb/Desktop/Robotica1-26/robotics/final_ws/build/warehouse_interfaces': CMAKE_PREFIX_PATH=/opt/ros/jazzy:${CMAKE_PREFIX_PATH} DEBUGINFOD_URLS=https://debuginfod.ubuntu.com /usr/bin/cmake --build /home/agonb/Desktop/Robotica1-26/robotics/final_ws/build/warehouse_interfaces -- -j12 -l12
[0.081s] [  1%] Built target warehouse_interfaces__rs
[0.083s] [  2%] Built target warehouse_interfaces__rosidl_generator_type_description
[0.089s] [  2%] Built target ament_cmake_python_symlink_warehouse_interfaces
[0.106s] [  3%] Built target warehouse_interfaces__cpp
[0.122s] [ 27%] Built target warehouse_interfaces__rosidl_generator_c
[0.132s] [ 44%] Built target warehouse_interfaces__rosidl_typesupport_introspection_c
[0.133s] [ 46%] Built target warehouse_interfaces__rosidl_typesupport_introspection_cpp
[0.133s] [ 55%] Built target warehouse_interfaces__rosidl_typesupport_cpp
[0.133s] [ 65%] Built target warehouse_interfaces__rosidl_typesupport_fastrtps_cpp
[0.133s] [ 74%] Built target warehouse_interfaces__rosidl_typesupport_c
[0.135s] [ 84%] Built target warehouse_interfaces__rosidl_typesupport_fastrtps_c
[0.156s] [ 84%] Built target warehouse_interfaces
[0.179s] [ 85%] Built target warehouse_interfaces__py
[0.202s] [ 93%] Built target warehouse_interfaces__rosidl_generator_py
[0.218s] [ 95%] Built target warehouse_interfaces_s__rosidl_typesupport_fastrtps_c
[0.219s] [ 97%] Built target warehouse_interfaces_s__rosidl_typesupport_introspection_c
[0.221s] [100%] Built target warehouse_interfaces_s__rosidl_typesupport_c
[0.250s] running egg_info
[0.262s] writing warehouse_interfaces.egg-info/PKG-INFO
[0.262s] writing dependency_links to warehouse_interfaces.egg-info/dependency_links.txt
[0.262s] writing top-level names to warehouse_interfaces.egg-info/top_level.txt
[0.297s] reading manifest file 'warehouse_interfaces.egg-info/SOURCES.txt'
[0.298s] writing manifest file 'warehouse_interfaces.egg-info/SOURCES.txt'
[0.319s] [100%] Built target ament_cmake_python_build_warehouse_interfaces_egg
[0.330s] Invoked command in '/home/agonb/Desktop/Robotica1-26/robotics/final_ws/build/warehouse_interfaces' returned '0': CMAKE_PREFIX_PATH=/opt/ros/jazzy:${CMAKE_PREFIX_PATH} DEBUGINFOD_URLS=https://debuginfod.ubuntu.com /usr/bin/cmake --build /home/agonb/Desktop/Robotica1-26/robotics/final_ws/build/warehouse_interfaces -- -j12 -l12
[0.331s] Invoking command in '/home/agonb/Desktop/Robotica1-26/robotics/final_ws/build/warehouse_interfaces': CMAKE_PREFIX_PATH=/opt/ros/jazzy:${CMAKE_PREFIX_PATH} DEBUGINFOD_URLS=https://debuginfod.ubuntu.com /usr/bin/cmake --install /home/agonb/Desktop/Robotica1-26/robotics/final_ws/build/warehouse_interfaces
[0.340s] -- Install configuration: ""
[0.341s] -- Execute custom install script
[0.341s] -- Up-to-date symlink: /home/agonb/Desktop/Robotica1-26/robotics/final_ws/install/warehouse_interfaces/share/ament_index/resource_index/rosidl_interfaces/warehouse_interfaces
[0.341s] -- Up-to-date symlink: /home/agonb/Desktop/Robotica1-26/robotics/final_ws/install/warehouse_interfaces/share/warehouse_interfaces/msg/DetectedProduct.json
[0.341s] -- Up-to-date symlink: /home/agonb/Desktop/Robotica1-26/robotics/final_ws/install/warehouse_interfaces/share/warehouse_interfaces/msg/ProductRecord.json
[0.341s] -- Up-to-date symlink: /home/agonb/Desktop/Robotica1-26/robotics/final_ws/install/warehouse_interfaces/share/warehouse_interfaces/msg/StorageLocation.json
[0.342s] -- Up-to-date symlink: /home/agonb/Desktop/Robotica1-26/robotics/final_ws/install/warehouse_interfaces/share/warehouse_interfaces/srv/RegisterProduct.json
[0.342s] -- Up-to-date symlink: /home/agonb/Desktop/Robotica1-26/robotics/final_ws/install/warehouse_interfaces/share/warehouse_interfaces/srv/AssignStorageLocation.json
[0.342s] -- Up-to-date symlink: /home/agonb/Desktop/Robotica1-26/robotics/final_ws/install/warehouse_interfaces/share/warehouse_interfaces/srv/UpdateInventory.json
[0.342s] -- Up-to-date symlink: /home/agonb/Desktop/Robotica1-26/robotics/final_ws/install/warehouse_interfaces/share/warehouse_interfaces/action/ExecuteStorageMission.json
[0.343s] -- Up-to-date symlink: /home/agonb/Desktop/Robotica1-26/robotics/final_ws/install/warehouse_interfaces/include/warehouse_interfaces/warehouse_interfaces/action/detail/execute_storage_mission__functions.h
[0.343s] -- Up-to-date symlink: /home/agonb/Desktop/Robotica1-26/robotics/final_ws/install/warehouse_interfaces/include/warehouse_interfaces/warehouse_interfaces/action/detail/execute_storage_mission__struct.h
[0.343s] -- Up-to-date symlink: /home/agonb/Desktop/Robotica1-26/robotics/final_ws/install/warehouse_interfaces/include/warehouse_interfaces/warehouse_interfaces/action/detail/execute_storage_mission__type_support.h
[0.343s] -- Up-to-date symlink: /home/agonb/Desktop/Robotica1-26/robotics/final_ws/install/warehouse_interfaces/include/warehouse_interfaces/warehouse_interfaces/action/execute_storage_mission.h
[0.343s] -- Up-to-date symlink: /home/agonb/Desktop/Robotica1-26/robotics/final_ws/install/warehouse_interfaces/include/warehouse_interfaces/warehouse_interfaces/msg/detail/detected_product__functions.h
[0.343s] -- Up-to-date symlink: /home/agonb/Desktop/Robotica1-26/robotics/final_ws/install/warehouse_interfaces/include/warehouse_interfaces/warehouse_interfaces/msg/detail/detected_product__struct.h
[0.343s] -- Up-to-date symlink: /home/agonb/Desktop/Robotica1-26/robotics/final_ws/install/warehouse_interfaces/include/warehouse_interfaces/warehouse_interfaces/msg/detail/detected_product__type_support.h
[0.343s] -- Up-to-date symlink: /home/agonb/Desktop/Robotica1-26/robotics/final_ws/install/warehouse_interfaces/include/warehouse_interfaces/warehouse_interfaces/msg/detail/product_record__functions.h
[0.344s] -- Up-to-date symlink: /home/agonb/Desktop/Robotica1-26/robotics/final_ws/install/warehouse_interfaces/include/warehouse_interfaces/warehouse_interfaces/msg/detail/product_record__struct.h
[0.344s] -- Up-to-date symlink: /home/agonb/Desktop/Robotica1-26/robotics/final_ws/install/warehouse_interfaces/include/warehouse_interfaces/warehouse_interfaces/msg/detail/product_record__type_support.h
[0.344s] -- Up-to-date symlink: /home/agonb/Desktop/Robotica1-26/robotics/final_ws/install/warehouse_interfaces/include/warehouse_interfaces/warehouse_interfaces/msg/detail/storage_location__functions.h
[0.344s] -- Up-to-date symlink: /home/agonb/Desktop/Robotica1-26/robotics/final_ws/install/warehouse_interfaces/include/warehouse_interfaces/warehouse_interfaces/msg/detail/storage_location__struct.h
[0.344s] -- Up-to-date symlink: /home/agonb/Desktop/Robotica1-26/robotics/final_ws/install/warehouse_interfaces/include/warehouse_interfaces/warehouse_interfaces/msg/detail/storage_location__type_support.h
[0.344s] -- Up-to-date symlink: /home/agonb/Desktop/Robotica1-26/robotics/final_ws/install/warehouse_interfaces/include/warehouse_interfaces/warehouse_interfaces/msg/detected_product.h
[0.344s] -- Up-to-date symlink: /home/agonb/Desktop/Robotica1-26/robotics/final_ws/install/warehouse_interfaces/include/warehouse_interfaces/warehouse_interfaces/msg/product_record.h
[0.344s] -- Up-to-date symlink: /home/agonb/Desktop/Robotica1-26/robotics/final_ws/install/warehouse_interfaces/include/warehouse_interfaces/warehouse_interfaces/msg/rosidl_generator_c__visibility_control.h
[0.344s] -- Up-to-date symlink: /home/agonb/Desktop/Robotica1-26/robotics/final_ws/install/warehouse_interfaces/include/warehouse_interfaces/warehouse_interfaces/msg/storage_location.h
[0.344s] -- Up-to-date symlink: /home/agonb/Desktop/Robotica1-26/robotics/final_ws/install/warehouse_interfaces/include/warehouse_interfaces/warehouse_interfaces/srv/assign_storage_location.h
[0.344s] -- Up-to-date symlink: /home/agonb/Desktop/Robotica1-26/robotics/final_ws/install/warehouse_interfaces/include/warehouse_interfaces/warehouse_interfaces/srv/detail/assign_storage_location__functions.h
[0.345s] -- Up-to-date symlink: /home/agonb/Desktop/Robotica1-26/robotics/final_ws/install/warehouse_interfaces/include/warehouse_interfaces/warehouse_interfaces/srv/detail/assign_storage_location__struct.h
[0.345s] -- Up-to-date symlink: /home/agonb/Desktop/Robotica1-26/robotics/final_ws/install/warehouse_interfaces/include/warehouse_interfaces/warehouse_interfaces/srv/detail/assign_storage_location__type_support.h
[0.345s] -- Up-to-date symlink: /home/agonb/Desktop/Robotica1-26/robotics/final_ws/install/warehouse_interfaces/include/warehouse_interfaces/warehouse_interfaces/srv/detail/register_product__functions.h
[0.345s] -- Up-to-date symlink: /home/agonb/Desktop/Robotica1-26/robotics/final_ws/install/warehouse_interfaces/include/warehouse_interfaces/warehouse_interfaces/srv/detail/register_product__struct.h
[0.345s] -- Up-to-date symlink: /home/agonb/Desktop/Robotica1-26/robotics/final_ws/install/warehouse_interfaces/include/warehouse_interfaces/warehouse_interfaces/srv/detail/register_product__type_support.h
[0.345s] -- Up-to-date symlink: /home/agonb/Desktop/Robotica1-26/robotics/final_ws/install/warehouse_interfaces/include/warehouse_interfaces/warehouse_interfaces/srv/detail/update_inventory__functions.h
[0.345s] -- Up-to-date symlink: /home/agonb/Desktop/Robotica1-26/robotics/final_ws/install/warehouse_interfaces/include/warehouse_interfaces/warehouse_interfaces/srv/detail/update_inventory__struct.h
[0.345s] -- Up-to-date symlink: /home/agonb/Desktop/Robotica1-26/robotics/final_ws/install/warehouse_interfaces/include/warehouse_interfaces/warehouse_interfaces/srv/detail/update_inventory__type_support.h
[0.345s] -- Up-to-date symlink: /home/agonb/Desktop/Robotica1-26/robotics/final_ws/install/warehouse_interfaces/include/warehouse_interfaces/warehouse_interfaces/srv/register_product.h
[0.345s] -- Up-to-date symlink: /home/agonb/Desktop/Robotica1-26/robotics/final_ws/install/warehouse_interfaces/include/warehouse_interfaces/warehouse_interfaces/srv/update_inventory.h
[0.345s] -- Up-to-date symlink: /home/agonb/Desktop/Robotica1-26/robotics/final_ws/install/warehouse_interfaces/share/warehouse_interfaces/environment/library_path.sh
[0.346s] -- Up-to-date symlink: /home/agonb/Desktop/Robotica1-26/robotics/final_ws/install/warehouse_interfaces/share/warehouse_interfaces/environment/library_path.dsv
[0.346s] -- Up-to-date symlink: /home/agonb/Desktop/Robotica1-26/robotics/final_ws/install/warehouse_interfaces/include/warehouse_interfaces/warehouse_interfaces/action/detail/execute_storage_mission__rosidl_typesupport_fastrtps_c.h
[0.346s] -- Up-to-date symlink: /home/agonb/Desktop/Robotica1-26/robotics/final_ws/install/warehouse_interfaces/include/warehouse_interfaces/warehouse_interfaces/msg/detail/detected_product__rosidl_typesupport_fastrtps_c.h
[0.346s] -- Up-to-date symlink: /home/agonb/Desktop/Robotica1-26/robotics/final_ws/install/warehouse_interfaces/include/warehouse_interfaces/warehouse_interfaces/msg/detail/product_record__rosidl_typesupport_fastrtps_c.h
[0.346s] -- Up-to-date symlink: /home/agonb/Desktop/Robotica1-26/robotics/final_ws/install/warehouse_interfaces/include/warehouse_interfaces/warehouse_interfaces/msg/detail/storage_location__rosidl_typesupport_fastrtps_c.h
[0.346s] -- Up-to-date symlink: /home/agonb/Desktop/Robotica1-26/robotics/final_ws/install/warehouse_interfaces/include/warehouse_interfaces/warehouse_interfaces/msg/rosidl_typesupport_fastrtps_c__visibility_control.h
[0.346s] -- Up-to-date symlink: /home/agonb/Desktop/Robotica1-26/robotics/final_ws/install/warehouse_interfaces/include/warehouse_interfaces/warehouse_interfaces/srv/detail/assign_storage_location__rosidl_typesupport_fastrtps_c.h
[0.347s] -- Up-to-date symlink: /home/agonb/Desktop/Robotica1-26/robotics/final_ws/install/warehouse_interfaces/include/warehouse_interfaces/warehouse_interfaces/srv/detail/register_product__rosidl_typesupport_fastrtps_c.h
[0.347s] -- Up-to-date symlink: /home/agonb/Desktop/Robotica1-26/robotics/final_ws/install/warehouse_interfaces/include/warehouse_interfaces/warehouse_interfaces/srv/detail/update_inventory__rosidl_typesupport_fastrtps_c.h
[0.347s] -- Up-to-date symlink: /home/agonb/Desktop/Robotica1-26/robotics/final_ws/install/warehouse_interfaces/include/warehouse_interfaces/warehouse_interfaces/action/detail/execute_storage_mission__rosidl_typesupport_introspection_c.h
[0.347s] -- Up-to-date symlink: /home/agonb/Desktop/Robotica1-26/robotics/final_ws/install/warehouse_interfaces/include/warehouse_interfaces/warehouse_interfaces/msg/detail/detected_product__rosidl_typesupport_introspection_c.h
[0.347s] -- Up-to-date symlink: /home/agonb/Desktop/Robotica1-26/robotics/final_ws/install/warehouse_interfaces/include/warehouse_interfaces/warehouse_interfaces/msg/detail/product_record__rosidl_typesupport_introspection_c.h
[0.347s] -- Up-to-date symlink: /home/agonb/Desktop/Robotica1-26/robotics/final_ws/install/warehouse_interfaces/include/warehouse_interfaces/warehouse_interfaces/msg/detail/storage_location__rosidl_typesupport_introspection_c.h
[0.347s] -- Up-to-date symlink: /home/agonb/Desktop/Robotica1-26/robotics/final_ws/install/warehouse_interfaces/include/warehouse_interfaces/warehouse_interfaces/msg/rosidl_typesupport_introspection_c__visibility_control.h
[0.347s] -- Up-to-date symlink: /home/agonb/Desktop/Robotica1-26/robotics/final_ws/install/warehouse_interfaces/include/warehouse_interfaces/warehouse_interfaces/srv/detail/assign_storage_location__rosidl_typesupport_introspection_c.h
[0.348s] -- Up-to-date symlink: /home/agonb/Desktop/Robotica1-26/robotics/final_ws/install/warehouse_interfaces/include/warehouse_interfaces/warehouse_interfaces/srv/detail/register_product__rosidl_typesupport_introspection_c.h
[0.348s] -- Up-to-date symlink: /home/agonb/Desktop/Robotica1-26/robotics/final_ws/install/warehouse_interfaces/include/warehouse_interfaces/warehouse_interfaces/srv/detail/update_inventory__rosidl_typesupport_introspection_c.h
[0.348s] -- Up-to-date symlink: /home/agonb/Desktop/Robotica1-26/robotics/final_ws/install/warehouse_interfaces/include/warehouse_interfaces/warehouse_interfaces/action/detail/execute_storage_mission__builder.hpp
[0.348s] -- Up-to-date symlink: /home/agonb/Desktop/Robotica1-26/robotics/final_ws/install/warehouse_interfaces/include/warehouse_interfaces/warehouse_interfaces/action/detail/execute_storage_mission__struct.hpp
[0.348s] -- Up-to-date symlink: /home/agonb/Desktop/Robotica1-26/robotics/final_ws/install/warehouse_interfaces/include/warehouse_interfaces/warehouse_interfaces/action/detail/execute_storage_mission__traits.hpp
[0.348s] -- Up-to-date symlink: /home/agonb/Desktop/Robotica1-26/robotics/final_ws/install/warehouse_interfaces/include/warehouse_interfaces/warehouse_interfaces/action/detail/execute_storage_mission__type_support.hpp
[0.348s] -- Up-to-date symlink: /home/agonb/Desktop/Robotica1-26/robotics/final_ws/install/warehouse_interfaces/include/warehouse_interfaces/warehouse_interfaces/action/execute_storage_mission.hpp
[0.348s] -- Up-to-date symlink: /home/agonb/Desktop/Robotica1-26/robotics/final_ws/install/warehouse_interfaces/include/warehouse_interfaces/warehouse_interfaces/msg/detail/detected_product__builder.hpp
[0.349s] -- Up-to-date symlink: /home/agonb/Desktop/Robotica1-26/robotics/final_ws/install/warehouse_interfaces/include/warehouse_interfaces/warehouse_interfaces/msg/detail/detected_product__struct.hpp
[0.349s] -- Up-to-date symlink: /home/agonb/Desktop/Robotica1-26/robotics/final_ws/install/warehouse_interfaces/include/warehouse_interfaces/warehouse_interfaces/msg/detail/detected_product__traits.hpp
[0.349s] -- Up-to-date symlink: /home/agonb/Desktop/Robotica1-26/robotics/final_ws/install/warehouse_interfaces/include/warehouse_interfaces/warehouse_interfaces/msg/detail/detected_product__type_support.hpp
[0.349s] -- Up-to-date symlink: /home/agonb/Desktop/Robotica1-26/robotics/final_ws/install/warehouse_interfaces/include/warehouse_interfaces/warehouse_interfaces/msg/detail/product_record__builder.hpp
[0.349s] -- Up-to-date symlink: /home/agonb/Desktop/Robotica1-26/robotics/final_ws/install/warehouse_interfaces/include/warehouse_interfaces/warehouse_interfaces/msg/detail/product_record__struct.hpp
[0.349s] -- Up-to-date symlink: /home/agonb/Desktop/Robotica1-26/robotics/final_ws/install/warehouse_interfaces/include/warehouse_interfaces/warehouse_interfaces/msg/detail/product_record__traits.hpp
[0.349s] -- Up-to-date symlink: /home/agonb/Desktop/Robotica1-26/robotics/final_ws/install/warehouse_interfaces/include/warehouse_interfaces/warehouse_interfaces/msg/detail/product_record__type_support.hpp
[0.349s] -- Up-to-date symlink: /home/agonb/Desktop/Robotica1-26/robotics/final_ws/install/warehouse_interfaces/include/warehouse_interfaces/warehouse_interfaces/msg/detail/storage_location__builder.hpp
[0.349s] -- Up-to-date symlink: /home/agonb/Desktop/Robotica1-26/robotics/final_ws/install/warehouse_interfaces/include/warehouse_interfaces/warehouse_interfaces/msg/detail/storage_location__struct.hpp
[0.349s] -- Up-to-date symlink: /home/agonb/Desktop/Robotica1-26/robotics/final_ws/install/warehouse_interfaces/include/warehouse_interfaces/warehouse_interfaces/msg/detail/storage_location__traits.hpp
[0.349s] -- Up-to-date symlink: /home/agonb/Desktop/Robotica1-26/robotics/final_ws/install/warehouse_interfaces/include/warehouse_interfaces/warehouse_interfaces/msg/detail/storage_location__type_support.hpp
[0.350s] -- Up-to-date symlink: /home/agonb/Desktop/Robotica1-26/robotics/final_ws/install/warehouse_interfaces/include/warehouse_interfaces/warehouse_interfaces/msg/detected_product.hpp
[0.350s] -- Up-to-date symlink: /home/agonb/Desktop/Robotica1-26/robotics/final_ws/install/warehouse_interfaces/include/warehouse_interfaces/warehouse_interfaces/msg/product_record.hpp
[0.350s] -- Up-to-date symlink: /home/agonb/Desktop/Robotica1-26/robotics/final_ws/install/warehouse_interfaces/include/warehouse_interfaces/warehouse_interfaces/msg/rosidl_generator_cpp__visibility_control.hpp
[0.350s] -- Up-to-date symlink: /home/agonb/Desktop/Robotica1-26/robotics/final_ws/install/warehouse_interfaces/include/warehouse_interfaces/warehouse_interfaces/msg/storage_location.hpp
[0.350s] -- Up-to-date symlink: /home/agonb/Desktop/Robotica1-26/robotics/final_ws/install/warehouse_interfaces/include/warehouse_interfaces/warehouse_interfaces/srv/assign_storage_location.hpp
[0.350s] -- Up-to-date symlink: /home/agonb/Desktop/Robotica1-26/robotics/final_ws/install/warehouse_interfaces/include/warehouse_interfaces/warehouse_interfaces/srv/detail/assign_storage_location__builder.hpp
[0.350s] -- Up-to-date symlink: /home/agonb/Desktop/Robotica1-26/robotics/final_ws/install/warehouse_interfaces/include/warehouse_interfaces/warehouse_interfaces/srv/detail/assign_storage_location__struct.hpp
[0.350s] -- Up-to-date symlink: /home/agonb/Desktop/Robotica1-26/robotics/final_ws/install/warehouse_interfaces/include/warehouse_interfaces/warehouse_interfaces/srv/detail/assign_storage_location__traits.hpp
[0.350s] -- Up-to-date symlink: /home/agonb/Desktop/Robotica1-26/robotics/final_ws/install/warehouse_interfaces/include/warehouse_interfaces/warehouse_interfaces/srv/detail/assign_storage_location__type_support.hpp
[0.350s] -- Up-to-date symlink: /home/agonb/Desktop/Robotica1-26/robotics/final_ws/install/warehouse_interfaces/include/warehouse_interfaces/warehouse_interfaces/srv/detail/register_product__builder.hpp
[0.350s] -- Up-to-date symlink: /home/agonb/Desktop/Robotica1-26/robotics/final_ws/install/warehouse_interfaces/include/warehouse_interfaces/warehouse_interfaces/srv/detail/register_product__struct.hpp
[0.350s] -- Up-to-date symlink: /home/agonb/Desktop/Robotica1-26/robotics/final_ws/install/warehouse_interfaces/include/warehouse_interfaces/warehouse_interfaces/srv/detail/register_product__traits.hpp
[0.351s] -- Up-to-date symlink: /home/agonb/Desktop/Robotica1-26/robotics/final_ws/install/warehouse_interfaces/include/warehouse_interfaces/warehouse_interfaces/srv/detail/register_product__type_support.hpp
[0.351s] -- Up-to-date symlink: /home/agonb/Desktop/Robotica1-26/robotics/final_ws/install/warehouse_interfaces/include/warehouse_interfaces/warehouse_interfaces/srv/detail/update_inventory__builder.hpp
[0.351s] -- Up-to-date symlink: /home/agonb/Desktop/Robotica1-26/robotics/final_ws/install/warehouse_interfaces/include/warehouse_interfaces/warehouse_interfaces/srv/detail/update_inventory__struct.hpp
[0.351s] -- Up-to-date symlink: /home/agonb/Desktop/Robotica1-26/robotics/final_ws/install/warehouse_interfaces/include/warehouse_interfaces/warehouse_interfaces/srv/detail/update_inventory__traits.hpp
[0.351s] -- Up-to-date symlink: /home/agonb/Desktop/Robotica1-26/robotics/final_ws/install/warehouse_interfaces/include/warehouse_interfaces/warehouse_interfaces/srv/detail/update_inventory__type_support.hpp
[0.351s] -- Up-to-date symlink: /home/agonb/Desktop/Robotica1-26/robotics/final_ws/install/warehouse_interfaces/include/warehouse_interfaces/warehouse_interfaces/srv/register_product.hpp
[0.351s] -- Up-to-date symlink: /home/agonb/Desktop/Robotica1-26/robotics/final_ws/install/warehouse_interfaces/include/warehouse_interfaces/warehouse_interfaces/srv/update_inventory.hpp
[0.352s] -- Up-to-date symlink: /home/agonb/Desktop/Robotica1-26/robotics/final_ws/install/warehouse_interfaces/include/warehouse_interfaces/warehouse_interfaces/action/detail/execute_storage_mission__rosidl_typesupport_fastrtps_cpp.hpp
[0.352s] -- Up-to-date symlink: /home/agonb/Desktop/Robotica1-26/robotics/final_ws/install/warehouse_interfaces/include/warehouse_interfaces/warehouse_interfaces/msg/detail/detected_product__rosidl_typesupport_fastrtps_cpp.hpp
[0.352s] -- Up-to-date symlink: /home/agonb/Desktop/Robotica1-26/robotics/final_ws/install/warehouse_interfaces/include/warehouse_interfaces/warehouse_interfaces/msg/detail/product_record__rosidl_typesupport_fastrtps_cpp.hpp
[0.352s] -- Up-to-date symlink: /home/agonb/Desktop/Robotica1-26/robotics/final_ws/install/warehouse_interfaces/include/warehouse_interfaces/warehouse_interfaces/msg/detail/storage_location__rosidl_typesupport_fastrtps_cpp.hpp
[0.352s] -- Up-to-date symlink: /home/agonb/Desktop/Robotica1-26/robotics/final_ws/install/warehouse_interfaces/include/warehouse_interfaces/warehouse_interfaces/msg/rosidl_typesupport_fastrtps_cpp__visibility_control.h
[0.352s] -- Up-to-date symlink: /home/agonb/Desktop/Robotica1-26/robotics/final_ws/install/warehouse_interfaces/include/warehouse_interfaces/warehouse_interfaces/srv/detail/assign_storage_location__rosidl_typesupport_fastrtps_cpp.hpp
[0.352s] -- Up-to-date symlink: /home/agonb/Desktop/Robotica1-26/robotics/final_ws/install/warehouse_interfaces/include/warehouse_interfaces/warehouse_interfaces/srv/detail/register_product__rosidl_typesupport_fastrtps_cpp.hpp
[0.352s] -- Up-to-date symlink: /home/agonb/Desktop/Robotica1-26/robotics/final_ws/install/warehouse_interfaces/include/warehouse_interfaces/warehouse_interfaces/srv/detail/update_inventory__rosidl_typesupport_fastrtps_cpp.hpp
[0.352s] -- Up-to-date symlink: /home/agonb/Desktop/Robotica1-26/robotics/final_ws/install/warehouse_interfaces/include/warehouse_interfaces/warehouse_interfaces/action/detail/execute_storage_mission__rosidl_typesupport_introspection_cpp.hpp
[0.353s] -- Up-to-date symlink: /home/agonb/Desktop/Robotica1-26/robotics/final_ws/install/warehouse_interfaces/include/warehouse_interfaces/warehouse_interfaces/msg/detail/detected_product__rosidl_typesupport_introspection_cpp.hpp
[0.353s] -- Up-to-date symlink: /home/agonb/Desktop/Robotica1-26/robotics/final_ws/install/warehouse_interfaces/include/warehouse_interfaces/warehouse_interfaces/msg/detail/product_record__rosidl_typesupport_introspection_cpp.hpp
[0.353s] -- Up-to-date symlink: /home/agonb/Desktop/Robotica1-26/robotics/final_ws/install/warehouse_interfaces/include/warehouse_interfaces/warehouse_interfaces/msg/detail/storage_location__rosidl_typesupport_introspection_cpp.hpp
[0.353s] -- Up-to-date symlink: /home/agonb/Desktop/Robotica1-26/robotics/final_ws/install/warehouse_interfaces/include/warehouse_interfaces/warehouse_interfaces/srv/detail/assign_storage_location__rosidl_typesupport_introspection_cpp.hpp
[0.353s] -- Up-to-date symlink: /home/agonb/Desktop/Robotica1-26/robotics/final_ws/install/warehouse_interfaces/include/warehouse_interfaces/warehouse_interfaces/srv/detail/register_product__rosidl_typesupport_introspection_cpp.hpp
[0.353s] -- Up-to-date symlink: /home/agonb/Desktop/Robotica1-26/robotics/final_ws/install/warehouse_interfaces/include/warehouse_interfaces/warehouse_interfaces/srv/detail/update_inventory__rosidl_typesupport_introspection_cpp.hpp
[0.353s] -- Up-to-date symlink: /home/agonb/Desktop/Robotica1-26/robotics/final_ws/install/warehouse_interfaces/share/warehouse_interfaces/environment/pythonpath.sh
[0.353s] -- Up-to-date symlink: /home/agonb/Desktop/Robotica1-26/robotics/final_ws/install/warehouse_interfaces/share/warehouse_interfaces/environment/pythonpath.dsv
[0.353s] -- Up-to-date symlink: /home/agonb/Desktop/Robotica1-26/robotics/final_ws/install/warehouse_interfaces/lib/python3.12/site-packages/warehouse_interfaces-0.1.0-py3.12.egg-info/PKG-INFO
[0.354s] -- Up-to-date symlink: /home/agonb/Desktop/Robotica1-26/robotics/final_ws/install/warehouse_interfaces/lib/python3.12/site-packages/warehouse_interfaces-0.1.0-py3.12.egg-info/SOURCES.txt
[0.354s] -- Up-to-date symlink: /home/agonb/Desktop/Robotica1-26/robotics/final_ws/install/warehouse_interfaces/lib/python3.12/site-packages/warehouse_interfaces-0.1.0-py3.12.egg-info/dependency_links.txt
[0.354s] -- Up-to-date symlink: /home/agonb/Desktop/Robotica1-26/robotics/final_ws/install/warehouse_interfaces/lib/python3.12/site-packages/warehouse_interfaces-0.1.0-py3.12.egg-info/top_level.txt
[0.354s] -- Up-to-date symlink: /home/agonb/Desktop/Robotica1-26/robotics/final_ws/install/warehouse_interfaces/lib/python3.12/site-packages/warehouse_interfaces/__init__.py
[0.354s] -- Up-to-date symlink: /home/agonb/Desktop/Robotica1-26/robotics/final_ws/install/warehouse_interfaces/lib/python3.12/site-packages/warehouse_interfaces/_warehouse_interfaces_s.ep.rosidl_typesupport_c.c
[0.354s] -- Up-to-date symlink: /home/agonb/Desktop/Robotica1-26/robotics/final_ws/install/warehouse_interfaces/lib/python3.12/site-packages/warehouse_interfaces/_warehouse_interfaces_s.ep.rosidl_typesupport_fastrtps_c.c
[0.355s] -- Up-to-date symlink: /home/agonb/Desktop/Robotica1-26/robotics/final_ws/install/warehouse_interfaces/lib/python3.12/site-packages/warehouse_interfaces/_warehouse_interfaces_s.ep.rosidl_typesupport_introspection_c.c
[0.355s] -- Up-to-date symlink: /home/agonb/Desktop/Robotica1-26/robotics/final_ws/install/warehouse_interfaces/lib/python3.12/site-packages/warehouse_interfaces/action/__init__.py
[0.355s] -- Up-to-date symlink: /home/agonb/Desktop/Robotica1-26/robotics/final_ws/install/warehouse_interfaces/lib/python3.12/site-packages/warehouse_interfaces/action/_execute_storage_mission.py
[0.355s] -- Up-to-date symlink: /home/agonb/Desktop/Robotica1-26/robotics/final_ws/install/warehouse_interfaces/lib/python3.12/site-packages/warehouse_interfaces/action/_execute_storage_mission_s.c
[0.355s] -- Up-to-date symlink: /home/agonb/Desktop/Robotica1-26/robotics/final_ws/install/warehouse_interfaces/lib/python3.12/site-packages/warehouse_interfaces/msg/__init__.py
[0.355s] -- Up-to-date symlink: /home/agonb/Desktop/Robotica1-26/robotics/final_ws/install/warehouse_interfaces/lib/python3.12/site-packages/warehouse_interfaces/msg/_detected_product.py
[0.355s] -- Up-to-date symlink: /home/agonb/Desktop/Robotica1-26/robotics/final_ws/install/warehouse_interfaces/lib/python3.12/site-packages/warehouse_interfaces/msg/_detected_product_s.c
[0.355s] -- Up-to-date symlink: /home/agonb/Desktop/Robotica1-26/robotics/final_ws/install/warehouse_interfaces/lib/python3.12/site-packages/warehouse_interfaces/msg/_product_record.py
[0.355s] -- Up-to-date symlink: /home/agonb/Desktop/Robotica1-26/robotics/final_ws/install/warehouse_interfaces/lib/python3.12/site-packages/warehouse_interfaces/msg/_product_record_s.c
[0.355s] -- Up-to-date symlink: /home/agonb/Desktop/Robotica1-26/robotics/final_ws/install/warehouse_interfaces/lib/python3.12/site-packages/warehouse_interfaces/msg/_storage_location.py
[0.355s] -- Up-to-date symlink: /home/agonb/Desktop/Robotica1-26/robotics/final_ws/install/warehouse_interfaces/lib/python3.12/site-packages/warehouse_interfaces/msg/_storage_location_s.c
[0.355s] -- Up-to-date symlink: /home/agonb/Desktop/Robotica1-26/robotics/final_ws/install/warehouse_interfaces/lib/python3.12/site-packages/warehouse_interfaces/srv/__init__.py
[0.356s] -- Up-to-date symlink: /home/agonb/Desktop/Robotica1-26/robotics/final_ws/install/warehouse_interfaces/lib/python3.12/site-packages/warehouse_interfaces/srv/_assign_storage_location.py
[0.356s] -- Up-to-date symlink: /home/agonb/Desktop/Robotica1-26/robotics/final_ws/install/warehouse_interfaces/lib/python3.12/site-packages/warehouse_interfaces/srv/_assign_storage_location_s.c
[0.356s] -- Up-to-date symlink: /home/agonb/Desktop/Robotica1-26/robotics/final_ws/install/warehouse_interfaces/lib/python3.12/site-packages/warehouse_interfaces/srv/_register_product.py
[0.356s] -- Up-to-date symlink: /home/agonb/Desktop/Robotica1-26/robotics/final_ws/install/warehouse_interfaces/lib/python3.12/site-packages/warehouse_interfaces/srv/_register_product_s.c
[0.356s] -- Up-to-date symlink: /home/agonb/Desktop/Robotica1-26/robotics/final_ws/install/warehouse_interfaces/lib/python3.12/site-packages/warehouse_interfaces/srv/_update_inventory.py
[0.356s] -- Up-to-date symlink: /home/agonb/Desktop/Robotica1-26/robotics/final_ws/install/warehouse_interfaces/lib/python3.12/site-packages/warehouse_interfaces/srv/_update_inventory_s.c
[0.356s] -- Up-to-date symlink: /home/agonb/Desktop/Robotica1-26/robotics/final_ws/install/warehouse_interfaces/lib/python3.12/site-packages/warehouse_interfaces/warehouse_interfaces_s__rosidl_typesupport_c.so
[0.356s] -- Up-to-date symlink: /home/agonb/Desktop/Robotica1-26/robotics/final_ws/install/warehouse_interfaces/lib/python3.12/site-packages/warehouse_interfaces/warehouse_interfaces_s__rosidl_typesupport_fastrtps_c.so
[0.356s] -- Up-to-date symlink: /home/agonb/Desktop/Robotica1-26/robotics/final_ws/install/warehouse_interfaces/lib/python3.12/site-packages/warehouse_interfaces/warehouse_interfaces_s__rosidl_typesupport_introspection_c.so
[0.356s] -- Up-to-date symlink: /home/agonb/Desktop/Robotica1-26/robotics/final_ws/install/warehouse_interfaces/lib/python3.12/site-packages/warehouse_interfaces/warehouse_interfaces_s__rosidl_typesupport_fastrtps_c.so
[0.357s] -- Up-to-date symlink: /home/agonb/Desktop/Robotica1-26/robotics/final_ws/install/warehouse_interfaces/lib/python3.12/site-packages/warehouse_interfaces/warehouse_interfaces_s__rosidl_typesupport_introspection_c.so
[0.357s] -- Up-to-date symlink: /home/agonb/Desktop/Robotica1-26/robotics/final_ws/install/warehouse_interfaces/lib/python3.12/site-packages/warehouse_interfaces/warehouse_interfaces_s__rosidl_typesupport_c.so
[0.357s] -- Up-to-date symlink: /home/agonb/Desktop/Robotica1-26/robotics/final_ws/install/warehouse_interfaces/share/ament_index/resource_index/rust_packages/warehouse_interfaces
[0.357s] -- Up-to-date symlink: /home/agonb/Desktop/Robotica1-26/robotics/final_ws/install/warehouse_interfaces/share/warehouse_interfaces/rust/Cargo.toml
[0.357s] -- Up-to-date symlink: /home/agonb/Desktop/Robotica1-26/robotics/final_ws/install/warehouse_interfaces/share/warehouse_interfaces/rust/build.rs
[0.357s] -- Up-to-date symlink: /home/agonb/Desktop/Robotica1-26/robotics/final_ws/install/warehouse_interfaces/share/warehouse_interfaces/rust/src/action.rs
[0.357s] -- Up-to-date symlink: /home/agonb/Desktop/Robotica1-26/robotics/final_ws/install/warehouse_interfaces/share/warehouse_interfaces/rust/src/action/rmw.rs
[0.358s] -- Up-to-date symlink: /home/agonb/Desktop/Robotica1-26/robotics/final_ws/install/warehouse_interfaces/share/warehouse_interfaces/rust/src/lib.rs
[0.358s] -- Up-to-date symlink: /home/agonb/Desktop/Robotica1-26/robotics/final_ws/install/warehouse_interfaces/share/warehouse_interfaces/rust/src/msg.rs
[0.358s] -- Up-to-date symlink: /home/agonb/Desktop/Robotica1-26/robotics/final_ws/install/warehouse_interfaces/share/warehouse_interfaces/rust/src/msg/rmw.rs
[0.358s] -- Up-to-date symlink: /home/agonb/Desktop/Robotica1-26/robotics/final_ws/install/warehouse_interfaces/share/warehouse_interfaces/rust/src/srv.rs
[0.358s] -- Up-to-date symlink: /home/agonb/Desktop/Robotica1-26/robotics/final_ws/install/warehouse_interfaces/share/warehouse_interfaces/rust/src/srv/rmw.rs
[0.358s] -- Up-to-date symlink: /home/agonb/Desktop/Robotica1-26/robotics/final_ws/install/warehouse_interfaces/share/warehouse_interfaces/msg/DetectedProduct.idl
[0.358s] -- Up-to-date symlink: /home/agonb/Desktop/Robotica1-26/robotics/final_ws/install/warehouse_interfaces/share/warehouse_interfaces/msg/ProductRecord.idl
[0.358s] -- Up-to-date symlink: /home/agonb/Desktop/Robotica1-26/robotics/final_ws/install/warehouse_interfaces/share/warehouse_interfaces/msg/StorageLocation.idl
[0.358s] -- Up-to-date symlink: /home/agonb/Desktop/Robotica1-26/robotics/final_ws/install/warehouse_interfaces/share/warehouse_interfaces/srv/RegisterProduct.idl
[0.359s] -- Up-to-date symlink: /home/agonb/Desktop/Robotica1-26/robotics/final_ws/install/warehouse_interfaces/share/warehouse_interfaces/srv/AssignStorageLocation.idl
[0.359s] -- Up-to-date symlink: /home/agonb/Desktop/Robotica1-26/robotics/final_ws/install/warehouse_interfaces/share/warehouse_interfaces/srv/UpdateInventory.idl
[0.359s] -- Up-to-date symlink: /home/agonb/Desktop/Robotica1-26/robotics/final_ws/install/warehouse_interfaces/share/warehouse_interfaces/action/ExecuteStorageMission.idl
[0.359s] -- Up-to-date symlink: /home/agonb/Desktop/Robotica1-26/robotics/final_ws/install/warehouse_interfaces/share/warehouse_interfaces/msg/DetectedProduct.msg
[0.359s] -- Up-to-date symlink: /home/agonb/Desktop/Robotica1-26/robotics/final_ws/install/warehouse_interfaces/share/warehouse_interfaces/msg/ProductRecord.msg
[0.359s] -- Up-to-date symlink: /home/agonb/Desktop/Robotica1-26/robotics/final_ws/install/warehouse_interfaces/share/warehouse_interfaces/msg/StorageLocation.msg
[0.359s] -- Up-to-date symlink: /home/agonb/Desktop/Robotica1-26/robotics/final_ws/install/warehouse_interfaces/share/warehouse_interfaces/srv/RegisterProduct.srv
[0.359s] -- Up-to-date symlink: /home/agonb/Desktop/Robotica1-26/robotics/final_ws/install/warehouse_interfaces/share/warehouse_interfaces/srv/AssignStorageLocation.srv
[0.359s] -- Up-to-date symlink: /home/agonb/Desktop/Robotica1-26/robotics/final_ws/install/warehouse_interfaces/share/warehouse_interfaces/srv/UpdateInventory.srv
[0.359s] -- Up-to-date symlink: /home/agonb/Desktop/Robotica1-26/robotics/final_ws/install/warehouse_interfaces/share/warehouse_interfaces/action/ExecuteStorageMission.action
[0.360s] -- Up-to-date symlink: /home/agonb/Desktop/Robotica1-26/robotics/final_ws/install/warehouse_interfaces/share/ament_index/resource_index/package_run_dependencies/warehouse_interfaces
[0.360s] -- Up-to-date symlink: /home/agonb/Desktop/Robotica1-26/robotics/final_ws/install/warehouse_interfaces/share/ament_index/resource_index/parent_prefix_path/warehouse_interfaces
[0.360s] -- Up-to-date symlink: /home/agonb/Desktop/Robotica1-26/robotics/final_ws/install/warehouse_interfaces/share/warehouse_interfaces/environment/ament_prefix_path.sh
[0.360s] -- Up-to-date symlink: /home/agonb/Desktop/Robotica1-26/robotics/final_ws/install/warehouse_interfaces/share/warehouse_interfaces/environment/ament_prefix_path.dsv
[0.360s] -- Up-to-date symlink: /home/agonb/Desktop/Robotica1-26/robotics/final_ws/install/warehouse_interfaces/share/warehouse_interfaces/environment/path.sh
[0.360s] -- Up-to-date symlink: /home/agonb/Desktop/Robotica1-26/robotics/final_ws/install/warehouse_interfaces/share/warehouse_interfaces/environment/path.dsv
[0.360s] -- Up-to-date symlink: /home/agonb/Desktop/Robotica1-26/robotics/final_ws/install/warehouse_interfaces/share/warehouse_interfaces/local_setup.bash
[0.360s] -- Up-to-date symlink: /home/agonb/Desktop/Robotica1-26/robotics/final_ws/install/warehouse_interfaces/share/warehouse_interfaces/local_setup.sh
[0.360s] -- Up-to-date symlink: /home/agonb/Desktop/Robotica1-26/robotics/final_ws/install/warehouse_interfaces/share/warehouse_interfaces/local_setup.zsh
[0.361s] -- Up-to-date symlink: /home/agonb/Desktop/Robotica1-26/robotics/final_ws/install/warehouse_interfaces/share/warehouse_interfaces/local_setup.dsv
[0.361s] -- Symlinking: /home/agonb/Desktop/Robotica1-26/robotics/final_ws/install/warehouse_interfaces/share/warehouse_interfaces/package.dsv
[0.367s] -- Up-to-date symlink: /home/agonb/Desktop/Robotica1-26/robotics/final_ws/install/warehouse_interfaces/share/ament_index/resource_index/packages/warehouse_interfaces
[0.367s] -- Up-to-date symlink: /home/agonb/Desktop/Robotica1-26/robotics/final_ws/install/warehouse_interfaces/share/warehouse_interfaces/cmake/rosidl_cmake-extras.cmake
[0.367s] -- Up-to-date symlink: /home/agonb/Desktop/Robotica1-26/robotics/final_ws/install/warehouse_interfaces/share/warehouse_interfaces/cmake/ament_cmake_export_dependencies-extras.cmake
[0.367s] -- Up-to-date symlink: /home/agonb/Desktop/Robotica1-26/robotics/final_ws/install/warehouse_interfaces/share/warehouse_interfaces/cmake/ament_cmake_export_include_directories-extras.cmake
[0.367s] -- Up-to-date symlink: /home/agonb/Desktop/Robotica1-26/robotics/final_ws/install/warehouse_interfaces/share/warehouse_interfaces/cmake/ament_cmake_export_libraries-extras.cmake
[0.367s] -- Up-to-date symlink: /home/agonb/Desktop/Robotica1-26/robotics/final_ws/install/warehouse_interfaces/share/warehouse_interfaces/cmake/ament_cmake_export_targets-extras.cmake
[0.367s] -- Up-to-date symlink: /home/agonb/Desktop/Robotica1-26/robotics/final_ws/install/warehouse_interfaces/share/warehouse_interfaces/cmake/rosidl_cmake_export_typesupport_targets-extras.cmake
[0.367s] -- Up-to-date symlink: /home/agonb/Desktop/Robotica1-26/robotics/final_ws/install/warehouse_interfaces/share/warehouse_interfaces/cmake/rosidl_cmake_export_typesupport_libraries-extras.cmake
[0.367s] -- Up-to-date symlink: /home/agonb/Desktop/Robotica1-26/robotics/final_ws/install/warehouse_interfaces/share/warehouse_interfaces/cmake/rosidl_cmake_aggregate_target-extras.cmake
[0.368s] -- Up-to-date symlink: /home/agonb/Desktop/Robotica1-26/robotics/final_ws/install/warehouse_interfaces/share/warehouse_interfaces/cmake/warehouse_interfacesConfig.cmake
[0.368s] -- Up-to-date symlink: /home/agonb/Desktop/Robotica1-26/robotics/final_ws/install/warehouse_interfaces/share/warehouse_interfaces/cmake/warehouse_interfacesConfig-version.cmake
[0.368s] -- Up-to-date symlink: /home/agonb/Desktop/Robotica1-26/robotics/final_ws/install/warehouse_interfaces/share/warehouse_interfaces/package.xml
[0.368s] -- Up-to-date: /home/agonb/Desktop/Robotica1-26/robotics/final_ws/install/warehouse_interfaces/lib/libwarehouse_interfaces__rosidl_generator_c.so
[0.368s] -- Up-to-date: /home/agonb/Desktop/Robotica1-26/robotics/final_ws/install/warehouse_interfaces/lib/libwarehouse_interfaces__rosidl_typesupport_fastrtps_c.so
[0.368s] -- Up-to-date: /home/agonb/Desktop/Robotica1-26/robotics/final_ws/install/warehouse_interfaces/lib/libwarehouse_interfaces__rosidl_typesupport_introspection_c.so
[0.368s] -- Up-to-date: /home/agonb/Desktop/Robotica1-26/robotics/final_ws/install/warehouse_interfaces/lib/libwarehouse_interfaces__rosidl_typesupport_c.so
[0.369s] -- Up-to-date: /home/agonb/Desktop/Robotica1-26/robotics/final_ws/install/warehouse_interfaces/lib/libwarehouse_interfaces__rosidl_typesupport_fastrtps_cpp.so
[0.369s] -- Up-to-date: /home/agonb/Desktop/Robotica1-26/robotics/final_ws/install/warehouse_interfaces/lib/libwarehouse_interfaces__rosidl_typesupport_introspection_cpp.so
[0.369s] -- Up-to-date: /home/agonb/Desktop/Robotica1-26/robotics/final_ws/install/warehouse_interfaces/lib/libwarehouse_interfaces__rosidl_typesupport_cpp.so
[0.393s] Listing '/home/agonb/Desktop/Robotica1-26/robotics/final_ws/install/warehouse_interfaces/lib/python3.12/site-packages/warehouse_interfaces'...
[0.393s] Listing '/home/agonb/Desktop/Robotica1-26/robotics/final_ws/install/warehouse_interfaces/lib/python3.12/site-packages/warehouse_interfaces/action'...
[0.393s] Listing '/home/agonb/Desktop/Robotica1-26/robotics/final_ws/install/warehouse_interfaces/lib/python3.12/site-packages/warehouse_interfaces/msg'...
[0.393s] Listing '/home/agonb/Desktop/Robotica1-26/robotics/final_ws/install/warehouse_interfaces/lib/python3.12/site-packages/warehouse_interfaces/srv'...
[0.397s] -- Up-to-date: /home/agonb/Desktop/Robotica1-26/robotics/final_ws/install/warehouse_interfaces/lib/libwarehouse_interfaces__rosidl_generator_py.so
[0.397s] -- Up-to-date: /home/agonb/Desktop/Robotica1-26/robotics/final_ws/install/warehouse_interfaces/share/warehouse_interfaces/cmake/export_warehouse_interfaces__rosidl_generator_cExport.cmake
[0.397s] -- Up-to-date: /home/agonb/Desktop/Robotica1-26/robotics/final_ws/install/warehouse_interfaces/share/warehouse_interfaces/cmake/export_warehouse_interfaces__rosidl_generator_cExport-noconfig.cmake
[0.397s] -- Up-to-date: /home/agonb/Desktop/Robotica1-26/robotics/final_ws/install/warehouse_interfaces/share/warehouse_interfaces/cmake/export_warehouse_interfaces__rosidl_typesupport_fastrtps_cExport.cmake
[0.397s] -- Up-to-date: /home/agonb/Desktop/Robotica1-26/robotics/final_ws/install/warehouse_interfaces/share/warehouse_interfaces/cmake/export_warehouse_interfaces__rosidl_typesupport_fastrtps_cExport-noconfig.cmake
[0.398s] -- Up-to-date: /home/agonb/Desktop/Robotica1-26/robotics/final_ws/install/warehouse_interfaces/share/warehouse_interfaces/cmake/warehouse_interfaces__rosidl_typesupport_introspection_cExport.cmake
[0.398s] -- Up-to-date: /home/agonb/Desktop/Robotica1-26/robotics/final_ws/install/warehouse_interfaces/share/warehouse_interfaces/cmake/warehouse_interfaces__rosidl_typesupport_introspection_cExport-noconfig.cmake
[0.398s] -- Up-to-date: /home/agonb/Desktop/Robotica1-26/robotics/final_ws/install/warehouse_interfaces/share/warehouse_interfaces/cmake/warehouse_interfaces__rosidl_typesupport_cExport.cmake
[0.398s] -- Up-to-date: /home/agonb/Desktop/Robotica1-26/robotics/final_ws/install/warehouse_interfaces/share/warehouse_interfaces/cmake/warehouse_interfaces__rosidl_typesupport_cExport-noconfig.cmake
[0.398s] -- Up-to-date: /home/agonb/Desktop/Robotica1-26/robotics/final_ws/install/warehouse_interfaces/share/warehouse_interfaces/cmake/export_warehouse_interfaces__rosidl_generator_cppExport.cmake
[0.398s] -- Up-to-date: /home/agonb/Desktop/Robotica1-26/robotics/final_ws/install/warehouse_interfaces/share/warehouse_interfaces/cmake/export_warehouse_interfaces__rosidl_typesupport_fastrtps_cppExport.cmake
[0.398s] -- Up-to-date: /home/agonb/Desktop/Robotica1-26/robotics/final_ws/install/warehouse_interfaces/share/warehouse_interfaces/cmake/export_warehouse_interfaces__rosidl_typesupport_fastrtps_cppExport-noconfig.cmake
[0.398s] -- Up-to-date: /home/agonb/Desktop/Robotica1-26/robotics/final_ws/install/warehouse_interfaces/share/warehouse_interfaces/cmake/warehouse_interfaces__rosidl_typesupport_introspection_cppExport.cmake
[0.398s] -- Up-to-date: /home/agonb/Desktop/Robotica1-26/robotics/final_ws/install/warehouse_interfaces/share/warehouse_interfaces/cmake/warehouse_interfaces__rosidl_typesupport_introspection_cppExport-noconfig.cmake
[0.398s] -- Up-to-date: /home/agonb/Desktop/Robotica1-26/robotics/final_ws/install/warehouse_interfaces/share/warehouse_interfaces/cmake/warehouse_interfaces__rosidl_typesupport_cppExport.cmake
[0.398s] -- Up-to-date: /home/agonb/Desktop/Robotica1-26/robotics/final_ws/install/warehouse_interfaces/share/warehouse_interfaces/cmake/warehouse_interfaces__rosidl_typesupport_cppExport-noconfig.cmake
[0.399s] -- Up-to-date: /home/agonb/Desktop/Robotica1-26/robotics/final_ws/install/warehouse_interfaces/share/warehouse_interfaces/cmake/export_warehouse_interfaces__rosidl_generator_pyExport.cmake
[0.399s] -- Up-to-date: /home/agonb/Desktop/Robotica1-26/robotics/final_ws/install/warehouse_interfaces/share/warehouse_interfaces/cmake/export_warehouse_interfaces__rosidl_generator_pyExport-noconfig.cmake
[0.399s] Invoked command in '/home/agonb/Desktop/Robotica1-26/robotics/final_ws/build/warehouse_interfaces' returned '0': CMAKE_PREFIX_PATH=/opt/ros/jazzy:${CMAKE_PREFIX_PATH} DEBUGINFOD_URLS=https://debuginfod.ubuntu.com /usr/bin/cmake --install /home/agonb/Desktop/Robotica1-26/robotics/final_ws/build/warehouse_interfaces
