[0.229s] DEBUG:colcon:Command line arguments: ['/usr/bin/colcon', 'build', '--packages-select', 'warehouse_navigation', 'warehouse_task_manager', '--symlink-install']
[0.229s] DEBUG:colcon:Parsed command line arguments: Namespace(log_base=None, log_level=None, verb_name='build', build_base='build', install_base='install', merge_install=False, symlink_install=True, test_result_base=None, continue_on_error=False, executor='parallel', parallel_workers=12, event_handlers=None, ignore_user_meta=False, metas=['./colcon.meta'], base_paths=['.'], packages_ignore=None, packages_ignore_regex=None, paths=None, packages_up_to=None, packages_up_to_regex=None, packages_above=None, packages_above_and_dependencies=None, packages_above_depth=None, packages_select_by_dep=None, packages_skip_by_dep=None, packages_skip_up_to=None, packages_select_build_failed=False, packages_skip_build_finished=False, packages_select_test_failures=False, packages_skip_test_passed=False, packages_select=['warehouse_navigation', 'warehouse_task_manager'], packages_skip=None, packages_select_regex=None, packages_skip_regex=None, packages_start=None, packages_end=None, allow_overriding=[], cmake_args=None, cmake_target=None, cmake_target_skip_unavailable=False, cmake_clean_cache=False, cmake_clean_first=False, cmake_force_configure=False, ament_cmake_args=None, catkin_cmake_args=None, catkin_skip_building_tests=False, mixin_files=None, mixin=None, verb_parser=<colcon_mixin.mixin.mixin_argument.MixinArgumentDecorator object at 0x739c007addf0>, verb_extension=<colcon_core.verb.build.BuildVerb object at 0x739c007ada30>, main=<bound method BuildVerb.main of <colcon_core.verb.build.BuildVerb object at 0x739c007ada30>>, mixin_verb=('build',))
[0.292s] Level 1:colcon.colcon_core.package_discovery:discover_packages(colcon_meta) check parameters
[0.292s] Level 1:colcon.colcon_core.package_discovery:discover_packages(recursive) check parameters
[0.292s] Level 1:colcon.colcon_core.package_discovery:discover_packages(ignore) check parameters
[0.292s] Level 1:colcon.colcon_core.package_discovery:discover_packages(path) check parameters
[0.292s] Level 1:colcon.colcon_core.package_discovery:discover_packages(colcon_meta) discover
[0.292s] Level 1:colcon.colcon_core.package_discovery:discover_packages(recursive) discover
[0.293s] INFO:colcon.colcon_core.package_discovery:Crawling recursively for packages in '/home/agonb/Desktop/Robotica1-26/robotics/final_ws'
[0.293s] Level 1:colcon.colcon_core.package_identification:_identify(.) by extensions ['ignore', 'ignore_ament_install']
[0.293s] Level 1:colcon.colcon_core.package_identification:_identify(.) by extension 'ignore'
[0.293s] Level 1:colcon.colcon_core.package_identification:_identify(.) by extension 'ignore_ament_install'
[0.293s] Level 1:colcon.colcon_core.package_identification:_identify(.) by extensions ['colcon_pkg']
[0.293s] Level 1:colcon.colcon_core.package_identification:_identify(.) by extension 'colcon_pkg'
[0.293s] Level 1:colcon.colcon_core.package_identification:_identify(.) by extensions ['colcon_meta']
[0.293s] Level 1:colcon.colcon_core.package_identification:_identify(.) by extension 'colcon_meta'
[0.293s] Level 1:colcon.colcon_core.package_identification:_identify(.) by extensions ['ros']
[0.293s] Level 1:colcon.colcon_core.package_identification:_identify(.) by extension 'ros'
[0.339s] Level 1:colcon.colcon_core.package_identification:_identify(.) by extensions ['cmake', 'python']
[0.339s] Level 1:colcon.colcon_core.package_identification:_identify(.) by extension 'cmake'
[0.339s] Level 1:colcon.colcon_core.package_identification:_identify(.) by extension 'python'
[0.339s] Level 1:colcon.colcon_core.package_identification:_identify(.) by extensions ['python_setup_py']
[0.339s] Level 1:colcon.colcon_core.package_identification:_identify(.) by extension 'python_setup_py'
[0.339s] Level 1:colcon.colcon_core.package_identification:_identify(build) by extensions ['ignore', 'ignore_ament_install']
[0.339s] Level 1:colcon.colcon_core.package_identification:_identify(build) by extension 'ignore'
[0.340s] Level 1:colcon.colcon_core.package_identification:_identify(build) ignored
[0.340s] Level 1:colcon.colcon_core.package_identification:_identify(database) by extensions ['ignore', 'ignore_ament_install']
[0.340s] Level 1:colcon.colcon_core.package_identification:_identify(database) by extension 'ignore'
[0.340s] Level 1:colcon.colcon_core.package_identification:_identify(database) by extension 'ignore_ament_install'
[0.340s] Level 1:colcon.colcon_core.package_identification:_identify(database) by extensions ['colcon_pkg']
[0.340s] Level 1:colcon.colcon_core.package_identification:_identify(database) by extension 'colcon_pkg'
[0.340s] Level 1:colcon.colcon_core.package_identification:_identify(database) by extensions ['colcon_meta']
[0.340s] Level 1:colcon.colcon_core.package_identification:_identify(database) by extension 'colcon_meta'
[0.340s] Level 1:colcon.colcon_core.package_identification:_identify(database) by extensions ['ros']
[0.340s] Level 1:colcon.colcon_core.package_identification:_identify(database) by extension 'ros'
[0.340s] Level 1:colcon.colcon_core.package_identification:_identify(database) by extensions ['cmake', 'python']
[0.340s] Level 1:colcon.colcon_core.package_identification:_identify(database) by extension 'cmake'
[0.341s] Level 1:colcon.colcon_core.package_identification:_identify(database) by extension 'python'
[0.341s] Level 1:colcon.colcon_core.package_identification:_identify(database) by extensions ['python_setup_py']
[0.341s] Level 1:colcon.colcon_core.package_identification:_identify(database) by extension 'python_setup_py'
[0.341s] Level 1:colcon.colcon_core.package_identification:_identify(docs) by extensions ['ignore', 'ignore_ament_install']
[0.341s] Level 1:colcon.colcon_core.package_identification:_identify(docs) by extension 'ignore'
[0.341s] Level 1:colcon.colcon_core.package_identification:_identify(docs) by extension 'ignore_ament_install'
[0.341s] Level 1:colcon.colcon_core.package_identification:_identify(docs) by extensions ['colcon_pkg']
[0.341s] Level 1:colcon.colcon_core.package_identification:_identify(docs) by extension 'colcon_pkg'
[0.341s] Level 1:colcon.colcon_core.package_identification:_identify(docs) by extensions ['colcon_meta']
[0.341s] Level 1:colcon.colcon_core.package_identification:_identify(docs) by extension 'colcon_meta'
[0.341s] Level 1:colcon.colcon_core.package_identification:_identify(docs) by extensions ['ros']
[0.341s] Level 1:colcon.colcon_core.package_identification:_identify(docs) by extension 'ros'
[0.342s] Level 1:colcon.colcon_core.package_identification:_identify(docs) by extensions ['cmake', 'python']
[0.342s] Level 1:colcon.colcon_core.package_identification:_identify(docs) by extension 'cmake'
[0.342s] Level 1:colcon.colcon_core.package_identification:_identify(docs) by extension 'python'
[0.342s] Level 1:colcon.colcon_core.package_identification:_identify(docs) by extensions ['python_setup_py']
[0.342s] Level 1:colcon.colcon_core.package_identification:_identify(docs) by extension 'python_setup_py'
[0.342s] Level 1:colcon.colcon_core.package_identification:_identify(docs/adr) by extensions ['ignore', 'ignore_ament_install']
[0.342s] Level 1:colcon.colcon_core.package_identification:_identify(docs/adr) by extension 'ignore'
[0.342s] Level 1:colcon.colcon_core.package_identification:_identify(docs/adr) by extension 'ignore_ament_install'
[0.342s] Level 1:colcon.colcon_core.package_identification:_identify(docs/adr) by extensions ['colcon_pkg']
[0.342s] Level 1:colcon.colcon_core.package_identification:_identify(docs/adr) by extension 'colcon_pkg'
[0.342s] Level 1:colcon.colcon_core.package_identification:_identify(docs/adr) by extensions ['colcon_meta']
[0.342s] Level 1:colcon.colcon_core.package_identification:_identify(docs/adr) by extension 'colcon_meta'
[0.343s] Level 1:colcon.colcon_core.package_identification:_identify(docs/adr) by extensions ['ros']
[0.343s] Level 1:colcon.colcon_core.package_identification:_identify(docs/adr) by extension 'ros'
[0.343s] Level 1:colcon.colcon_core.package_identification:_identify(docs/adr) by extensions ['cmake', 'python']
[0.343s] Level 1:colcon.colcon_core.package_identification:_identify(docs/adr) by extension 'cmake'
[0.343s] Level 1:colcon.colcon_core.package_identification:_identify(docs/adr) by extension 'python'
[0.343s] Level 1:colcon.colcon_core.package_identification:_identify(docs/adr) by extensions ['python_setup_py']
[0.343s] Level 1:colcon.colcon_core.package_identification:_identify(docs/adr) by extension 'python_setup_py'
[0.343s] Level 1:colcon.colcon_core.package_identification:_identify(docs/agents) by extensions ['ignore', 'ignore_ament_install']
[0.343s] Level 1:colcon.colcon_core.package_identification:_identify(docs/agents) by extension 'ignore'
[0.343s] Level 1:colcon.colcon_core.package_identification:_identify(docs/agents) by extension 'ignore_ament_install'
[0.344s] Level 1:colcon.colcon_core.package_identification:_identify(docs/agents) by extensions ['colcon_pkg']
[0.344s] Level 1:colcon.colcon_core.package_identification:_identify(docs/agents) by extension 'colcon_pkg'
[0.344s] Level 1:colcon.colcon_core.package_identification:_identify(docs/agents) by extensions ['colcon_meta']
[0.344s] Level 1:colcon.colcon_core.package_identification:_identify(docs/agents) by extension 'colcon_meta'
[0.344s] Level 1:colcon.colcon_core.package_identification:_identify(docs/agents) by extensions ['ros']
[0.344s] Level 1:colcon.colcon_core.package_identification:_identify(docs/agents) by extension 'ros'
[0.344s] Level 1:colcon.colcon_core.package_identification:_identify(docs/agents) by extensions ['cmake', 'python']
[0.344s] Level 1:colcon.colcon_core.package_identification:_identify(docs/agents) by extension 'cmake'
[0.344s] Level 1:colcon.colcon_core.package_identification:_identify(docs/agents) by extension 'python'
[0.344s] Level 1:colcon.colcon_core.package_identification:_identify(docs/agents) by extensions ['python_setup_py']
[0.344s] Level 1:colcon.colcon_core.package_identification:_identify(docs/agents) by extension 'python_setup_py'
[0.344s] Level 1:colcon.colcon_core.package_identification:_identify(docs/agents/progress) by extensions ['ignore', 'ignore_ament_install']
[0.345s] Level 1:colcon.colcon_core.package_identification:_identify(docs/agents/progress) by extension 'ignore'
[0.345s] Level 1:colcon.colcon_core.package_identification:_identify(docs/agents/progress) by extension 'ignore_ament_install'
[0.345s] Level 1:colcon.colcon_core.package_identification:_identify(docs/agents/progress) by extensions ['colcon_pkg']
[0.345s] Level 1:colcon.colcon_core.package_identification:_identify(docs/agents/progress) by extension 'colcon_pkg'
[0.345s] Level 1:colcon.colcon_core.package_identification:_identify(docs/agents/progress) by extensions ['colcon_meta']
[0.345s] Level 1:colcon.colcon_core.package_identification:_identify(docs/agents/progress) by extension 'colcon_meta'
[0.345s] Level 1:colcon.colcon_core.package_identification:_identify(docs/agents/progress) by extensions ['ros']
[0.345s] Level 1:colcon.colcon_core.package_identification:_identify(docs/agents/progress) by extension 'ros'
[0.345s] Level 1:colcon.colcon_core.package_identification:_identify(docs/agents/progress) by extensions ['cmake', 'python']
[0.345s] Level 1:colcon.colcon_core.package_identification:_identify(docs/agents/progress) by extension 'cmake'
[0.345s] Level 1:colcon.colcon_core.package_identification:_identify(docs/agents/progress) by extension 'python'
[0.345s] Level 1:colcon.colcon_core.package_identification:_identify(docs/agents/progress) by extensions ['python_setup_py']
[0.345s] Level 1:colcon.colcon_core.package_identification:_identify(docs/agents/progress) by extension 'python_setup_py'
[0.346s] Level 1:colcon.colcon_core.package_identification:_identify(docs/agents/reports) by extensions ['ignore', 'ignore_ament_install']
[0.346s] Level 1:colcon.colcon_core.package_identification:_identify(docs/agents/reports) by extension 'ignore'
[0.346s] Level 1:colcon.colcon_core.package_identification:_identify(docs/agents/reports) by extension 'ignore_ament_install'
[0.346s] Level 1:colcon.colcon_core.package_identification:_identify(docs/agents/reports) by extensions ['colcon_pkg']
[0.346s] Level 1:colcon.colcon_core.package_identification:_identify(docs/agents/reports) by extension 'colcon_pkg'
[0.346s] Level 1:colcon.colcon_core.package_identification:_identify(docs/agents/reports) by extensions ['colcon_meta']
[0.346s] Level 1:colcon.colcon_core.package_identification:_identify(docs/agents/reports) by extension 'colcon_meta'
[0.346s] Level 1:colcon.colcon_core.package_identification:_identify(docs/agents/reports) by extensions ['ros']
[0.346s] Level 1:colcon.colcon_core.package_identification:_identify(docs/agents/reports) by extension 'ros'
[0.346s] Level 1:colcon.colcon_core.package_identification:_identify(docs/agents/reports) by extensions ['cmake', 'python']
[0.346s] Level 1:colcon.colcon_core.package_identification:_identify(docs/agents/reports) by extension 'cmake'
[0.346s] Level 1:colcon.colcon_core.package_identification:_identify(docs/agents/reports) by extension 'python'
[0.347s] Level 1:colcon.colcon_core.package_identification:_identify(docs/agents/reports) by extensions ['python_setup_py']
[0.347s] Level 1:colcon.colcon_core.package_identification:_identify(docs/agents/reports) by extension 'python_setup_py'
[0.347s] Level 1:colcon.colcon_core.package_identification:_identify(docs/agents/reports/plataforma_a) by extensions ['ignore', 'ignore_ament_install']
[0.347s] Level 1:colcon.colcon_core.package_identification:_identify(docs/agents/reports/plataforma_a) by extension 'ignore'
[0.347s] Level 1:colcon.colcon_core.package_identification:_identify(docs/agents/reports/plataforma_a) by extension 'ignore_ament_install'
[0.347s] Level 1:colcon.colcon_core.package_identification:_identify(docs/agents/reports/plataforma_a) by extensions ['colcon_pkg']
[0.347s] Level 1:colcon.colcon_core.package_identification:_identify(docs/agents/reports/plataforma_a) by extension 'colcon_pkg'
[0.347s] Level 1:colcon.colcon_core.package_identification:_identify(docs/agents/reports/plataforma_a) by extensions ['colcon_meta']
[0.347s] Level 1:colcon.colcon_core.package_identification:_identify(docs/agents/reports/plataforma_a) by extension 'colcon_meta'
[0.347s] Level 1:colcon.colcon_core.package_identification:_identify(docs/agents/reports/plataforma_a) by extensions ['ros']
[0.347s] Level 1:colcon.colcon_core.package_identification:_identify(docs/agents/reports/plataforma_a) by extension 'ros'
[0.347s] Level 1:colcon.colcon_core.package_identification:_identify(docs/agents/reports/plataforma_a) by extensions ['cmake', 'python']
[0.347s] Level 1:colcon.colcon_core.package_identification:_identify(docs/agents/reports/plataforma_a) by extension 'cmake'
[0.348s] Level 1:colcon.colcon_core.package_identification:_identify(docs/agents/reports/plataforma_a) by extension 'python'
[0.348s] Level 1:colcon.colcon_core.package_identification:_identify(docs/agents/reports/plataforma_a) by extensions ['python_setup_py']
[0.348s] Level 1:colcon.colcon_core.package_identification:_identify(docs/agents/reports/plataforma_a) by extension 'python_setup_py'
[0.348s] Level 1:colcon.colcon_core.package_identification:_identify(docs/agents/reports/plataforma_b) by extensions ['ignore', 'ignore_ament_install']
[0.348s] Level 1:colcon.colcon_core.package_identification:_identify(docs/agents/reports/plataforma_b) by extension 'ignore'
[0.348s] Level 1:colcon.colcon_core.package_identification:_identify(docs/agents/reports/plataforma_b) by extension 'ignore_ament_install'
[0.348s] Level 1:colcon.colcon_core.package_identification:_identify(docs/agents/reports/plataforma_b) by extensions ['colcon_pkg']
[0.348s] Level 1:colcon.colcon_core.package_identification:_identify(docs/agents/reports/plataforma_b) by extension 'colcon_pkg'
[0.348s] Level 1:colcon.colcon_core.package_identification:_identify(docs/agents/reports/plataforma_b) by extensions ['colcon_meta']
[0.348s] Level 1:colcon.colcon_core.package_identification:_identify(docs/agents/reports/plataforma_b) by extension 'colcon_meta'
[0.348s] Level 1:colcon.colcon_core.package_identification:_identify(docs/agents/reports/plataforma_b) by extensions ['ros']
[0.348s] Level 1:colcon.colcon_core.package_identification:_identify(docs/agents/reports/plataforma_b) by extension 'ros'
[0.349s] Level 1:colcon.colcon_core.package_identification:_identify(docs/agents/reports/plataforma_b) by extensions ['cmake', 'python']
[0.349s] Level 1:colcon.colcon_core.package_identification:_identify(docs/agents/reports/plataforma_b) by extension 'cmake'
[0.349s] Level 1:colcon.colcon_core.package_identification:_identify(docs/agents/reports/plataforma_b) by extension 'python'
[0.349s] Level 1:colcon.colcon_core.package_identification:_identify(docs/agents/reports/plataforma_b) by extensions ['python_setup_py']
[0.349s] Level 1:colcon.colcon_core.package_identification:_identify(docs/agents/reports/plataforma_b) by extension 'python_setup_py'
[0.349s] Level 1:colcon.colcon_core.package_identification:_identify(docs/agents/reports/plataforma_c) by extensions ['ignore', 'ignore_ament_install']
[0.350s] Level 1:colcon.colcon_core.package_identification:_identify(docs/agents/reports/plataforma_c) by extension 'ignore'
[0.350s] Level 1:colcon.colcon_core.package_identification:_identify(docs/agents/reports/plataforma_c) by extension 'ignore_ament_install'
[0.350s] Level 1:colcon.colcon_core.package_identification:_identify(docs/agents/reports/plataforma_c) by extensions ['colcon_pkg']
[0.350s] Level 1:colcon.colcon_core.package_identification:_identify(docs/agents/reports/plataforma_c) by extension 'colcon_pkg'
[0.350s] Level 1:colcon.colcon_core.package_identification:_identify(docs/agents/reports/plataforma_c) by extensions ['colcon_meta']
[0.350s] Level 1:colcon.colcon_core.package_identification:_identify(docs/agents/reports/plataforma_c) by extension 'colcon_meta'
[0.350s] Level 1:colcon.colcon_core.package_identification:_identify(docs/agents/reports/plataforma_c) by extensions ['ros']
[0.350s] Level 1:colcon.colcon_core.package_identification:_identify(docs/agents/reports/plataforma_c) by extension 'ros'
[0.350s] Level 1:colcon.colcon_core.package_identification:_identify(docs/agents/reports/plataforma_c) by extensions ['cmake', 'python']
[0.350s] Level 1:colcon.colcon_core.package_identification:_identify(docs/agents/reports/plataforma_c) by extension 'cmake'
[0.350s] Level 1:colcon.colcon_core.package_identification:_identify(docs/agents/reports/plataforma_c) by extension 'python'
[0.350s] Level 1:colcon.colcon_core.package_identification:_identify(docs/agents/reports/plataforma_c) by extensions ['python_setup_py']
[0.350s] Level 1:colcon.colcon_core.package_identification:_identify(docs/agents/reports/plataforma_c) by extension 'python_setup_py'
[0.350s] Level 1:colcon.colcon_core.package_identification:_identify(docs/archive) by extensions ['ignore', 'ignore_ament_install']
[0.350s] Level 1:colcon.colcon_core.package_identification:_identify(docs/archive) by extension 'ignore'
[0.351s] Level 1:colcon.colcon_core.package_identification:_identify(docs/archive) by extension 'ignore_ament_install'
[0.351s] Level 1:colcon.colcon_core.package_identification:_identify(docs/archive) by extensions ['colcon_pkg']
[0.351s] Level 1:colcon.colcon_core.package_identification:_identify(docs/archive) by extension 'colcon_pkg'
[0.351s] Level 1:colcon.colcon_core.package_identification:_identify(docs/archive) by extensions ['colcon_meta']
[0.351s] Level 1:colcon.colcon_core.package_identification:_identify(docs/archive) by extension 'colcon_meta'
[0.351s] Level 1:colcon.colcon_core.package_identification:_identify(docs/archive) by extensions ['ros']
[0.351s] Level 1:colcon.colcon_core.package_identification:_identify(docs/archive) by extension 'ros'
[0.351s] Level 1:colcon.colcon_core.package_identification:_identify(docs/archive) by extensions ['cmake', 'python']
[0.351s] Level 1:colcon.colcon_core.package_identification:_identify(docs/archive) by extension 'cmake'
[0.351s] Level 1:colcon.colcon_core.package_identification:_identify(docs/archive) by extension 'python'
[0.351s] Level 1:colcon.colcon_core.package_identification:_identify(docs/archive) by extensions ['python_setup_py']
[0.351s] Level 1:colcon.colcon_core.package_identification:_identify(docs/archive) by extension 'python_setup_py'
[0.351s] Level 1:colcon.colcon_core.package_identification:_identify(docs/audit) by extensions ['ignore', 'ignore_ament_install']
[0.351s] Level 1:colcon.colcon_core.package_identification:_identify(docs/audit) by extension 'ignore'
[0.351s] Level 1:colcon.colcon_core.package_identification:_identify(docs/audit) by extension 'ignore_ament_install'
[0.351s] Level 1:colcon.colcon_core.package_identification:_identify(docs/audit) by extensions ['colcon_pkg']
[0.351s] Level 1:colcon.colcon_core.package_identification:_identify(docs/audit) by extension 'colcon_pkg'
[0.351s] Level 1:colcon.colcon_core.package_identification:_identify(docs/audit) by extensions ['colcon_meta']
[0.352s] Level 1:colcon.colcon_core.package_identification:_identify(docs/audit) by extension 'colcon_meta'
[0.352s] Level 1:colcon.colcon_core.package_identification:_identify(docs/audit) by extensions ['ros']
[0.352s] Level 1:colcon.colcon_core.package_identification:_identify(docs/audit) by extension 'ros'
[0.352s] Level 1:colcon.colcon_core.package_identification:_identify(docs/audit) by extensions ['cmake', 'python']
[0.352s] Level 1:colcon.colcon_core.package_identification:_identify(docs/audit) by extension 'cmake'
[0.352s] Level 1:colcon.colcon_core.package_identification:_identify(docs/audit) by extension 'python'
[0.352s] Level 1:colcon.colcon_core.package_identification:_identify(docs/audit) by extensions ['python_setup_py']
[0.352s] Level 1:colcon.colcon_core.package_identification:_identify(docs/audit) by extension 'python_setup_py'
[0.352s] Level 1:colcon.colcon_core.package_identification:_identify(docs/director) by extensions ['ignore', 'ignore_ament_install']
[0.352s] Level 1:colcon.colcon_core.package_identification:_identify(docs/director) by extension 'ignore'
[0.352s] Level 1:colcon.colcon_core.package_identification:_identify(docs/director) by extension 'ignore_ament_install'
[0.352s] Level 1:colcon.colcon_core.package_identification:_identify(docs/director) by extensions ['colcon_pkg']
[0.352s] Level 1:colcon.colcon_core.package_identification:_identify(docs/director) by extension 'colcon_pkg'
[0.352s] Level 1:colcon.colcon_core.package_identification:_identify(docs/director) by extensions ['colcon_meta']
[0.352s] Level 1:colcon.colcon_core.package_identification:_identify(docs/director) by extension 'colcon_meta'
[0.352s] Level 1:colcon.colcon_core.package_identification:_identify(docs/director) by extensions ['ros']
[0.352s] Level 1:colcon.colcon_core.package_identification:_identify(docs/director) by extension 'ros'
[0.353s] Level 1:colcon.colcon_core.package_identification:_identify(docs/director) by extensions ['cmake', 'python']
[0.353s] Level 1:colcon.colcon_core.package_identification:_identify(docs/director) by extension 'cmake'
[0.353s] Level 1:colcon.colcon_core.package_identification:_identify(docs/director) by extension 'python'
[0.353s] Level 1:colcon.colcon_core.package_identification:_identify(docs/director) by extensions ['python_setup_py']
[0.353s] Level 1:colcon.colcon_core.package_identification:_identify(docs/director) by extension 'python_setup_py'
[0.353s] Level 1:colcon.colcon_core.package_identification:_identify(docs/tasks) by extensions ['ignore', 'ignore_ament_install']
[0.353s] Level 1:colcon.colcon_core.package_identification:_identify(docs/tasks) by extension 'ignore'
[0.353s] Level 1:colcon.colcon_core.package_identification:_identify(docs/tasks) by extension 'ignore_ament_install'
[0.353s] Level 1:colcon.colcon_core.package_identification:_identify(docs/tasks) by extensions ['colcon_pkg']
[0.353s] Level 1:colcon.colcon_core.package_identification:_identify(docs/tasks) by extension 'colcon_pkg'
[0.353s] Level 1:colcon.colcon_core.package_identification:_identify(docs/tasks) by extensions ['colcon_meta']
[0.353s] Level 1:colcon.colcon_core.package_identification:_identify(docs/tasks) by extension 'colcon_meta'
[0.353s] Level 1:colcon.colcon_core.package_identification:_identify(docs/tasks) by extensions ['ros']
[0.353s] Level 1:colcon.colcon_core.package_identification:_identify(docs/tasks) by extension 'ros'
[0.353s] Level 1:colcon.colcon_core.package_identification:_identify(docs/tasks) by extensions ['cmake', 'python']
[0.353s] Level 1:colcon.colcon_core.package_identification:_identify(docs/tasks) by extension 'cmake'
[0.353s] Level 1:colcon.colcon_core.package_identification:_identify(docs/tasks) by extension 'python'
[0.354s] Level 1:colcon.colcon_core.package_identification:_identify(docs/tasks) by extensions ['python_setup_py']
[0.354s] Level 1:colcon.colcon_core.package_identification:_identify(docs/tasks) by extension 'python_setup_py'
[0.354s] Level 1:colcon.colcon_core.package_identification:_identify(docs/workflow) by extensions ['ignore', 'ignore_ament_install']
[0.354s] Level 1:colcon.colcon_core.package_identification:_identify(docs/workflow) by extension 'ignore'
[0.354s] Level 1:colcon.colcon_core.package_identification:_identify(docs/workflow) by extension 'ignore_ament_install'
[0.354s] Level 1:colcon.colcon_core.package_identification:_identify(docs/workflow) by extensions ['colcon_pkg']
[0.354s] Level 1:colcon.colcon_core.package_identification:_identify(docs/workflow) by extension 'colcon_pkg'
[0.354s] Level 1:colcon.colcon_core.package_identification:_identify(docs/workflow) by extensions ['colcon_meta']
[0.354s] Level 1:colcon.colcon_core.package_identification:_identify(docs/workflow) by extension 'colcon_meta'
[0.354s] Level 1:colcon.colcon_core.package_identification:_identify(docs/workflow) by extensions ['ros']
[0.354s] Level 1:colcon.colcon_core.package_identification:_identify(docs/workflow) by extension 'ros'
[0.354s] Level 1:colcon.colcon_core.package_identification:_identify(docs/workflow) by extensions ['cmake', 'python']
[0.354s] Level 1:colcon.colcon_core.package_identification:_identify(docs/workflow) by extension 'cmake'
[0.354s] Level 1:colcon.colcon_core.package_identification:_identify(docs/workflow) by extension 'python'
[0.354s] Level 1:colcon.colcon_core.package_identification:_identify(docs/workflow) by extensions ['python_setup_py']
[0.354s] Level 1:colcon.colcon_core.package_identification:_identify(docs/workflow) by extension 'python_setup_py'
[0.354s] Level 1:colcon.colcon_core.package_identification:_identify(docs/workflow/reports) by extensions ['ignore', 'ignore_ament_install']
[0.355s] Level 1:colcon.colcon_core.package_identification:_identify(docs/workflow/reports) by extension 'ignore'
[0.355s] Level 1:colcon.colcon_core.package_identification:_identify(docs/workflow/reports) by extension 'ignore_ament_install'
[0.355s] Level 1:colcon.colcon_core.package_identification:_identify(docs/workflow/reports) by extensions ['colcon_pkg']
[0.355s] Level 1:colcon.colcon_core.package_identification:_identify(docs/workflow/reports) by extension 'colcon_pkg'
[0.355s] Level 1:colcon.colcon_core.package_identification:_identify(docs/workflow/reports) by extensions ['colcon_meta']
[0.355s] Level 1:colcon.colcon_core.package_identification:_identify(docs/workflow/reports) by extension 'colcon_meta'
[0.355s] Level 1:colcon.colcon_core.package_identification:_identify(docs/workflow/reports) by extensions ['ros']
[0.355s] Level 1:colcon.colcon_core.package_identification:_identify(docs/workflow/reports) by extension 'ros'
[0.355s] Level 1:colcon.colcon_core.package_identification:_identify(docs/workflow/reports) by extensions ['cmake', 'python']
[0.355s] Level 1:colcon.colcon_core.package_identification:_identify(docs/workflow/reports) by extension 'cmake'
[0.355s] Level 1:colcon.colcon_core.package_identification:_identify(docs/workflow/reports) by extension 'python'
[0.355s] Level 1:colcon.colcon_core.package_identification:_identify(docs/workflow/reports) by extensions ['python_setup_py']
[0.355s] Level 1:colcon.colcon_core.package_identification:_identify(docs/workflow/reports) by extension 'python_setup_py'
[0.356s] Level 1:colcon.colcon_core.package_identification:_identify(install) by extensions ['ignore', 'ignore_ament_install']
[0.356s] Level 1:colcon.colcon_core.package_identification:_identify(install) by extension 'ignore'
[0.356s] Level 1:colcon.colcon_core.package_identification:_identify(install) ignored
[0.356s] Level 1:colcon.colcon_core.package_identification:_identify(log) by extensions ['ignore', 'ignore_ament_install']
[0.356s] Level 1:colcon.colcon_core.package_identification:_identify(log) by extension 'ignore'
[0.356s] Level 1:colcon.colcon_core.package_identification:_identify(log) ignored
[0.357s] Level 1:colcon.colcon_core.package_identification:_identify(scripts) by extensions ['ignore', 'ignore_ament_install']
[0.357s] Level 1:colcon.colcon_core.package_identification:_identify(scripts) by extension 'ignore'
[0.357s] Level 1:colcon.colcon_core.package_identification:_identify(scripts) by extension 'ignore_ament_install'
[0.357s] Level 1:colcon.colcon_core.package_identification:_identify(scripts) by extensions ['colcon_pkg']
[0.357s] Level 1:colcon.colcon_core.package_identification:_identify(scripts) by extension 'colcon_pkg'
[0.357s] Level 1:colcon.colcon_core.package_identification:_identify(scripts) by extensions ['colcon_meta']
[0.357s] Level 1:colcon.colcon_core.package_identification:_identify(scripts) by extension 'colcon_meta'
[0.357s] Level 1:colcon.colcon_core.package_identification:_identify(scripts) by extensions ['ros']
[0.357s] Level 1:colcon.colcon_core.package_identification:_identify(scripts) by extension 'ros'
[0.357s] Level 1:colcon.colcon_core.package_identification:_identify(scripts) by extensions ['cmake', 'python']
[0.357s] Level 1:colcon.colcon_core.package_identification:_identify(scripts) by extension 'cmake'
[0.357s] Level 1:colcon.colcon_core.package_identification:_identify(scripts) by extension 'python'
[0.358s] Level 1:colcon.colcon_core.package_identification:_identify(scripts) by extensions ['python_setup_py']
[0.358s] Level 1:colcon.colcon_core.package_identification:_identify(scripts) by extension 'python_setup_py'
[0.358s] Level 1:colcon.colcon_core.package_identification:_identify(src) by extensions ['ignore', 'ignore_ament_install']
[0.358s] Level 1:colcon.colcon_core.package_identification:_identify(src) by extension 'ignore'
[0.358s] Level 1:colcon.colcon_core.package_identification:_identify(src) by extension 'ignore_ament_install'
[0.358s] Level 1:colcon.colcon_core.package_identification:_identify(src) by extensions ['colcon_pkg']
[0.358s] Level 1:colcon.colcon_core.package_identification:_identify(src) by extension 'colcon_pkg'
[0.358s] Level 1:colcon.colcon_core.package_identification:_identify(src) by extensions ['colcon_meta']
[0.358s] Level 1:colcon.colcon_core.package_identification:_identify(src) by extension 'colcon_meta'
[0.358s] Level 1:colcon.colcon_core.package_identification:_identify(src) by extensions ['ros']
[0.358s] Level 1:colcon.colcon_core.package_identification:_identify(src) by extension 'ros'
[0.358s] Level 1:colcon.colcon_core.package_identification:_identify(src) by extensions ['cmake', 'python']
[0.358s] Level 1:colcon.colcon_core.package_identification:_identify(src) by extension 'cmake'
[0.358s] Level 1:colcon.colcon_core.package_identification:_identify(src) by extension 'python'
[0.359s] Level 1:colcon.colcon_core.package_identification:_identify(src) by extensions ['python_setup_py']
[0.359s] Level 1:colcon.colcon_core.package_identification:_identify(src) by extension 'python_setup_py'
[0.359s] Level 1:colcon.colcon_core.package_identification:_identify(src/robot_amr_description) by extensions ['ignore', 'ignore_ament_install']
[0.359s] Level 1:colcon.colcon_core.package_identification:_identify(src/robot_amr_description) by extension 'ignore'
[0.359s] Level 1:colcon.colcon_core.package_identification:_identify(src/robot_amr_description) by extension 'ignore_ament_install'
[0.359s] Level 1:colcon.colcon_core.package_identification:_identify(src/robot_amr_description) by extensions ['colcon_pkg']
[0.359s] Level 1:colcon.colcon_core.package_identification:_identify(src/robot_amr_description) by extension 'colcon_pkg'
[0.359s] Level 1:colcon.colcon_core.package_identification:_identify(src/robot_amr_description) by extensions ['colcon_meta']
[0.359s] Level 1:colcon.colcon_core.package_identification:_identify(src/robot_amr_description) by extension 'colcon_meta'
[0.359s] Level 1:colcon.colcon_core.package_identification:_identify(src/robot_amr_description) by extensions ['ros']
[0.359s] Level 1:colcon.colcon_core.package_identification:_identify(src/robot_amr_description) by extension 'ros'
[0.364s] DEBUG:colcon.colcon_core.package_identification:Package 'src/robot_amr_description' with type 'ros.ament_cmake' and name 'robot_amr_description'
[0.364s] Level 1:colcon.colcon_core.package_identification:_identify(src/warehouse_bringup) by extensions ['ignore', 'ignore_ament_install']
[0.364s] Level 1:colcon.colcon_core.package_identification:_identify(src/warehouse_bringup) by extension 'ignore'
[0.364s] Level 1:colcon.colcon_core.package_identification:_identify(src/warehouse_bringup) by extension 'ignore_ament_install'
[0.364s] Level 1:colcon.colcon_core.package_identification:_identify(src/warehouse_bringup) by extensions ['colcon_pkg']
[0.364s] Level 1:colcon.colcon_core.package_identification:_identify(src/warehouse_bringup) by extension 'colcon_pkg'
[0.364s] Level 1:colcon.colcon_core.package_identification:_identify(src/warehouse_bringup) by extensions ['colcon_meta']
[0.364s] Level 1:colcon.colcon_core.package_identification:_identify(src/warehouse_bringup) by extension 'colcon_meta'
[0.364s] Level 1:colcon.colcon_core.package_identification:_identify(src/warehouse_bringup) by extensions ['ros']
[0.364s] Level 1:colcon.colcon_core.package_identification:_identify(src/warehouse_bringup) by extension 'ros'
[0.365s] DEBUG:colcon.colcon_core.package_identification:Package 'src/warehouse_bringup' with type 'ros.ament_cmake' and name 'warehouse_bringup'
[0.365s] Level 1:colcon.colcon_core.package_identification:_identify(src/warehouse_dashboard) by extensions ['ignore', 'ignore_ament_install']
[0.366s] Level 1:colcon.colcon_core.package_identification:_identify(src/warehouse_dashboard) by extension 'ignore'
[0.366s] Level 1:colcon.colcon_core.package_identification:_identify(src/warehouse_dashboard) by extension 'ignore_ament_install'
[0.366s] Level 1:colcon.colcon_core.package_identification:_identify(src/warehouse_dashboard) by extensions ['colcon_pkg']
[0.366s] Level 1:colcon.colcon_core.package_identification:_identify(src/warehouse_dashboard) by extension 'colcon_pkg'
[0.366s] Level 1:colcon.colcon_core.package_identification:_identify(src/warehouse_dashboard) by extensions ['colcon_meta']
[0.366s] Level 1:colcon.colcon_core.package_identification:_identify(src/warehouse_dashboard) by extension 'colcon_meta'
[0.366s] Level 1:colcon.colcon_core.package_identification:_identify(src/warehouse_dashboard) by extensions ['ros']
[0.366s] Level 1:colcon.colcon_core.package_identification:_identify(src/warehouse_dashboard) by extension 'ros'
[0.366s] Level 1:colcon.colcon_core.package_identification:_identify(src/warehouse_dashboard) by extensions ['cmake', 'python']
[0.366s] Level 1:colcon.colcon_core.package_identification:_identify(src/warehouse_dashboard) by extension 'cmake'
[0.366s] Level 1:colcon.colcon_core.package_identification:_identify(src/warehouse_dashboard) by extension 'python'
[0.366s] Level 1:colcon.colcon_core.package_identification:_identify(src/warehouse_dashboard) by extensions ['python_setup_py']
[0.366s] Level 1:colcon.colcon_core.package_identification:_identify(src/warehouse_dashboard) by extension 'python_setup_py'
[0.366s] Level 1:colcon.colcon_core.package_identification:_identify(src/warehouse_dashboard/web) by extensions ['ignore', 'ignore_ament_install']
[0.367s] Level 1:colcon.colcon_core.package_identification:_identify(src/warehouse_dashboard/web) by extension 'ignore'
[0.367s] Level 1:colcon.colcon_core.package_identification:_identify(src/warehouse_dashboard/web) by extension 'ignore_ament_install'
[0.367s] Level 1:colcon.colcon_core.package_identification:_identify(src/warehouse_dashboard/web) by extensions ['colcon_pkg']
[0.367s] Level 1:colcon.colcon_core.package_identification:_identify(src/warehouse_dashboard/web) by extension 'colcon_pkg'
[0.367s] Level 1:colcon.colcon_core.package_identification:_identify(src/warehouse_dashboard/web) by extensions ['colcon_meta']
[0.367s] Level 1:colcon.colcon_core.package_identification:_identify(src/warehouse_dashboard/web) by extension 'colcon_meta'
[0.367s] Level 1:colcon.colcon_core.package_identification:_identify(src/warehouse_dashboard/web) by extensions ['ros']
[0.367s] Level 1:colcon.colcon_core.package_identification:_identify(src/warehouse_dashboard/web) by extension 'ros'
[0.367s] Level 1:colcon.colcon_core.package_identification:_identify(src/warehouse_dashboard/web) by extensions ['cmake', 'python']
[0.367s] Level 1:colcon.colcon_core.package_identification:_identify(src/warehouse_dashboard/web) by extension 'cmake'
[0.367s] Level 1:colcon.colcon_core.package_identification:_identify(src/warehouse_dashboard/web) by extension 'python'
[0.367s] Level 1:colcon.colcon_core.package_identification:_identify(src/warehouse_dashboard/web) by extensions ['python_setup_py']
[0.367s] Level 1:colcon.colcon_core.package_identification:_identify(src/warehouse_dashboard/web) by extension 'python_setup_py'
[0.367s] Level 1:colcon.colcon_core.package_identification:_identify(src/warehouse_gazebo) by extensions ['ignore', 'ignore_ament_install']
[0.368s] Level 1:colcon.colcon_core.package_identification:_identify(src/warehouse_gazebo) by extension 'ignore'
[0.368s] Level 1:colcon.colcon_core.package_identification:_identify(src/warehouse_gazebo) by extension 'ignore_ament_install'
[0.368s] Level 1:colcon.colcon_core.package_identification:_identify(src/warehouse_gazebo) by extensions ['colcon_pkg']
[0.368s] Level 1:colcon.colcon_core.package_identification:_identify(src/warehouse_gazebo) by extension 'colcon_pkg'
[0.368s] Level 1:colcon.colcon_core.package_identification:_identify(src/warehouse_gazebo) by extensions ['colcon_meta']
[0.368s] Level 1:colcon.colcon_core.package_identification:_identify(src/warehouse_gazebo) by extension 'colcon_meta'
[0.368s] Level 1:colcon.colcon_core.package_identification:_identify(src/warehouse_gazebo) by extensions ['ros']
[0.368s] Level 1:colcon.colcon_core.package_identification:_identify(src/warehouse_gazebo) by extension 'ros'
[0.369s] DEBUG:colcon.colcon_core.package_identification:Package 'src/warehouse_gazebo' with type 'ros.ament_cmake' and name 'warehouse_gazebo'
[0.369s] Level 1:colcon.colcon_core.package_identification:_identify(src/warehouse_interfaces) by extensions ['ignore', 'ignore_ament_install']
[0.369s] Level 1:colcon.colcon_core.package_identification:_identify(src/warehouse_interfaces) by extension 'ignore'
[0.369s] Level 1:colcon.colcon_core.package_identification:_identify(src/warehouse_interfaces) by extension 'ignore_ament_install'
[0.369s] Level 1:colcon.colcon_core.package_identification:_identify(src/warehouse_interfaces) by extensions ['colcon_pkg']
[0.369s] Level 1:colcon.colcon_core.package_identification:_identify(src/warehouse_interfaces) by extension 'colcon_pkg'
[0.369s] Level 1:colcon.colcon_core.package_identification:_identify(src/warehouse_interfaces) by extensions ['colcon_meta']
[0.369s] Level 1:colcon.colcon_core.package_identification:_identify(src/warehouse_interfaces) by extension 'colcon_meta'
[0.369s] Level 1:colcon.colcon_core.package_identification:_identify(src/warehouse_interfaces) by extensions ['ros']
[0.369s] Level 1:colcon.colcon_core.package_identification:_identify(src/warehouse_interfaces) by extension 'ros'
[0.371s] DEBUG:colcon.colcon_core.package_identification:Package 'src/warehouse_interfaces' with type 'ros.ament_cmake' and name 'warehouse_interfaces'
[0.371s] Level 1:colcon.colcon_core.package_identification:_identify(src/warehouse_inventory) by extensions ['ignore', 'ignore_ament_install']
[0.371s] Level 1:colcon.colcon_core.package_identification:_identify(src/warehouse_inventory) by extension 'ignore'
[0.372s] Level 1:colcon.colcon_core.package_identification:_identify(src/warehouse_inventory) by extension 'ignore_ament_install'
[0.372s] Level 1:colcon.colcon_core.package_identification:_identify(src/warehouse_inventory) by extensions ['colcon_pkg']
[0.372s] Level 1:colcon.colcon_core.package_identification:_identify(src/warehouse_inventory) by extension 'colcon_pkg'
[0.372s] Level 1:colcon.colcon_core.package_identification:_identify(src/warehouse_inventory) by extensions ['colcon_meta']
[0.372s] Level 1:colcon.colcon_core.package_identification:_identify(src/warehouse_inventory) by extension 'colcon_meta'
[0.372s] Level 1:colcon.colcon_core.package_identification:_identify(src/warehouse_inventory) by extensions ['ros']
[0.372s] Level 1:colcon.colcon_core.package_identification:_identify(src/warehouse_inventory) by extension 'ros'
[0.373s] DEBUG:colcon.colcon_core.package_identification:Package 'src/warehouse_inventory' with type 'ros.ament_cmake' and name 'warehouse_inventory'
[0.374s] Level 1:colcon.colcon_core.package_identification:_identify(src/warehouse_manipulation) by extensions ['ignore', 'ignore_ament_install']
[0.374s] Level 1:colcon.colcon_core.package_identification:_identify(src/warehouse_manipulation) by extension 'ignore'
[0.374s] Level 1:colcon.colcon_core.package_identification:_identify(src/warehouse_manipulation) by extension 'ignore_ament_install'
[0.374s] Level 1:colcon.colcon_core.package_identification:_identify(src/warehouse_manipulation) by extensions ['colcon_pkg']
[0.374s] Level 1:colcon.colcon_core.package_identification:_identify(src/warehouse_manipulation) by extension 'colcon_pkg'
[0.374s] Level 1:colcon.colcon_core.package_identification:_identify(src/warehouse_manipulation) by extensions ['colcon_meta']
[0.374s] Level 1:colcon.colcon_core.package_identification:_identify(src/warehouse_manipulation) by extension 'colcon_meta'
[0.374s] Level 1:colcon.colcon_core.package_identification:_identify(src/warehouse_manipulation) by extensions ['ros']
[0.374s] Level 1:colcon.colcon_core.package_identification:_identify(src/warehouse_manipulation) by extension 'ros'
[0.376s] DEBUG:colcon.colcon_core.package_identification:Package 'src/warehouse_manipulation' with type 'ros.ament_cmake' and name 'warehouse_manipulation'
[0.376s] Level 1:colcon.colcon_core.package_identification:_identify(src/warehouse_moveit_config) by extensions ['ignore', 'ignore_ament_install']
[0.376s] Level 1:colcon.colcon_core.package_identification:_identify(src/warehouse_moveit_config) by extension 'ignore'
[0.377s] Level 1:colcon.colcon_core.package_identification:_identify(src/warehouse_moveit_config) by extension 'ignore_ament_install'
[0.377s] Level 1:colcon.colcon_core.package_identification:_identify(src/warehouse_moveit_config) by extensions ['colcon_pkg']
[0.377s] Level 1:colcon.colcon_core.package_identification:_identify(src/warehouse_moveit_config) by extension 'colcon_pkg'
[0.377s] Level 1:colcon.colcon_core.package_identification:_identify(src/warehouse_moveit_config) by extensions ['colcon_meta']
[0.377s] Level 1:colcon.colcon_core.package_identification:_identify(src/warehouse_moveit_config) by extension 'colcon_meta'
[0.377s] Level 1:colcon.colcon_core.package_identification:_identify(src/warehouse_moveit_config) by extensions ['ros']
[0.377s] Level 1:colcon.colcon_core.package_identification:_identify(src/warehouse_moveit_config) by extension 'ros'
[0.378s] DEBUG:colcon.colcon_core.package_identification:Package 'src/warehouse_moveit_config' with type 'ros.ament_cmake' and name 'warehouse_moveit_config'
[0.378s] Level 1:colcon.colcon_core.package_identification:_identify(src/warehouse_navigation) by extensions ['ignore', 'ignore_ament_install']
[0.378s] Level 1:colcon.colcon_core.package_identification:_identify(src/warehouse_navigation) by extension 'ignore'
[0.378s] Level 1:colcon.colcon_core.package_identification:_identify(src/warehouse_navigation) by extension 'ignore_ament_install'
[0.378s] Level 1:colcon.colcon_core.package_identification:_identify(src/warehouse_navigation) by extensions ['colcon_pkg']
[0.378s] Level 1:colcon.colcon_core.package_identification:_identify(src/warehouse_navigation) by extension 'colcon_pkg'
[0.378s] Level 1:colcon.colcon_core.package_identification:_identify(src/warehouse_navigation) by extensions ['colcon_meta']
[0.378s] Level 1:colcon.colcon_core.package_identification:_identify(src/warehouse_navigation) by extension 'colcon_meta'
[0.378s] Level 1:colcon.colcon_core.package_identification:_identify(src/warehouse_navigation) by extensions ['ros']
[0.379s] Level 1:colcon.colcon_core.package_identification:_identify(src/warehouse_navigation) by extension 'ros'
[0.379s] DEBUG:colcon.colcon_core.package_identification:Package 'src/warehouse_navigation' with type 'ros.ament_cmake' and name 'warehouse_navigation'
[0.380s] Level 1:colcon.colcon_core.package_identification:_identify(src/warehouse_perception) by extensions ['ignore', 'ignore_ament_install']
[0.380s] Level 1:colcon.colcon_core.package_identification:_identify(src/warehouse_perception) by extension 'ignore'
[0.380s] Level 1:colcon.colcon_core.package_identification:_identify(src/warehouse_perception) by extension 'ignore_ament_install'
[0.380s] Level 1:colcon.colcon_core.package_identification:_identify(src/warehouse_perception) by extensions ['colcon_pkg']
[0.380s] Level 1:colcon.colcon_core.package_identification:_identify(src/warehouse_perception) by extension 'colcon_pkg'
[0.380s] Level 1:colcon.colcon_core.package_identification:_identify(src/warehouse_perception) by extensions ['colcon_meta']
[0.380s] Level 1:colcon.colcon_core.package_identification:_identify(src/warehouse_perception) by extension 'colcon_meta'
[0.380s] Level 1:colcon.colcon_core.package_identification:_identify(src/warehouse_perception) by extensions ['ros']
[0.380s] Level 1:colcon.colcon_core.package_identification:_identify(src/warehouse_perception) by extension 'ros'
[0.381s] DEBUG:colcon.colcon_core.package_identification:Package 'src/warehouse_perception' with type 'ros.ament_cmake' and name 'warehouse_perception'
[0.382s] Level 1:colcon.colcon_core.package_identification:_identify(src/warehouse_robot_description) by extensions ['ignore', 'ignore_ament_install']
[0.382s] Level 1:colcon.colcon_core.package_identification:_identify(src/warehouse_robot_description) by extension 'ignore'
[0.382s] Level 1:colcon.colcon_core.package_identification:_identify(src/warehouse_robot_description) by extension 'ignore_ament_install'
[0.382s] Level 1:colcon.colcon_core.package_identification:_identify(src/warehouse_robot_description) by extensions ['colcon_pkg']
[0.382s] Level 1:colcon.colcon_core.package_identification:_identify(src/warehouse_robot_description) by extension 'colcon_pkg'
[0.382s] Level 1:colcon.colcon_core.package_identification:_identify(src/warehouse_robot_description) by extensions ['colcon_meta']
[0.382s] Level 1:colcon.colcon_core.package_identification:_identify(src/warehouse_robot_description) by extension 'colcon_meta'
[0.382s] Level 1:colcon.colcon_core.package_identification:_identify(src/warehouse_robot_description) by extensions ['ros']
[0.382s] Level 1:colcon.colcon_core.package_identification:_identify(src/warehouse_robot_description) by extension 'ros'
[0.383s] DEBUG:colcon.colcon_core.package_identification:Package 'src/warehouse_robot_description' with type 'ros.ament_cmake' and name 'warehouse_robot_description'
[0.383s] Level 1:colcon.colcon_core.package_identification:_identify(src/warehouse_task_manager) by extensions ['ignore', 'ignore_ament_install']
[0.384s] Level 1:colcon.colcon_core.package_identification:_identify(src/warehouse_task_manager) by extension 'ignore'
[0.384s] Level 1:colcon.colcon_core.package_identification:_identify(src/warehouse_task_manager) by extension 'ignore_ament_install'
[0.384s] Level 1:colcon.colcon_core.package_identification:_identify(src/warehouse_task_manager) by extensions ['colcon_pkg']
[0.384s] Level 1:colcon.colcon_core.package_identification:_identify(src/warehouse_task_manager) by extension 'colcon_pkg'
[0.384s] Level 1:colcon.colcon_core.package_identification:_identify(src/warehouse_task_manager) by extensions ['colcon_meta']
[0.384s] Level 1:colcon.colcon_core.package_identification:_identify(src/warehouse_task_manager) by extension 'colcon_meta'
[0.384s] Level 1:colcon.colcon_core.package_identification:_identify(src/warehouse_task_manager) by extensions ['ros']
[0.384s] Level 1:colcon.colcon_core.package_identification:_identify(src/warehouse_task_manager) by extension 'ros'
[0.386s] DEBUG:colcon.colcon_core.package_identification:Package 'src/warehouse_task_manager' with type 'ros.ament_cmake' and name 'warehouse_task_manager'
[0.386s] Level 1:colcon.colcon_core.package_discovery:discover_packages(recursive) using defaults
[0.386s] Level 1:colcon.colcon_core.package_discovery:discover_packages(ignore) discover
[0.386s] Level 1:colcon.colcon_core.package_discovery:discover_packages(ignore) using defaults
[0.386s] Level 1:colcon.colcon_core.package_discovery:discover_packages(path) discover
[0.386s] Level 1:colcon.colcon_core.package_discovery:discover_packages(path) using defaults
[0.419s] INFO:colcon.colcon_core.package_selection:Skipping not selected package 'robot_amr_description' in 'src/robot_amr_description'
[0.419s] INFO:colcon.colcon_core.package_selection:Skipping not selected package 'warehouse_bringup' in 'src/warehouse_bringup'
[0.419s] INFO:colcon.colcon_core.package_selection:Skipping not selected package 'warehouse_interfaces' in 'src/warehouse_interfaces'
[0.419s] INFO:colcon.colcon_core.package_selection:Skipping not selected package 'warehouse_moveit_config' in 'src/warehouse_moveit_config'
[0.419s] INFO:colcon.colcon_core.package_selection:Skipping not selected package 'warehouse_robot_description' in 'src/warehouse_robot_description'
[0.419s] INFO:colcon.colcon_core.package_selection:Skipping not selected package 'warehouse_gazebo' in 'src/warehouse_gazebo'
[0.419s] INFO:colcon.colcon_core.package_selection:Skipping not selected package 'warehouse_inventory' in 'src/warehouse_inventory'
[0.419s] INFO:colcon.colcon_core.package_selection:Skipping not selected package 'warehouse_manipulation' in 'src/warehouse_manipulation'
[0.419s] INFO:colcon.colcon_core.package_selection:Skipping not selected package 'warehouse_perception' in 'src/warehouse_perception'
[0.420s] Level 1:colcon.colcon_core.package_discovery:discover_packages(prefix_path) check parameters
[0.420s] Level 1:colcon.colcon_core.package_discovery:discover_packages(prefix_path) discover
[0.425s] DEBUG:colcon.colcon_installed_package_information.package_discovery:Found 531 installed packages in /opt/ros/jazzy
[0.427s] Level 1:colcon.colcon_core.package_discovery:discover_packages(prefix_path) using defaults
[0.559s] Level 5:colcon.colcon_core.verb:set package 'warehouse_navigation' build argument 'cmake_args' from command line to 'None'
[0.559s] Level 5:colcon.colcon_core.verb:set package 'warehouse_navigation' build argument 'cmake_target' from command line to 'None'
[0.559s] Level 5:colcon.colcon_core.verb:set package 'warehouse_navigation' build argument 'cmake_target_skip_unavailable' from command line to 'False'
[0.559s] Level 5:colcon.colcon_core.verb:set package 'warehouse_navigation' build argument 'cmake_clean_cache' from command line to 'False'
[0.559s] Level 5:colcon.colcon_core.verb:set package 'warehouse_navigation' build argument 'cmake_clean_first' from command line to 'False'
[0.559s] Level 5:colcon.colcon_core.verb:set package 'warehouse_navigation' build argument 'cmake_force_configure' from command line to 'False'
[0.559s] Level 5:colcon.colcon_core.verb:set package 'warehouse_navigation' build argument 'ament_cmake_args' from command line to 'None'
[0.559s] Level 5:colcon.colcon_core.verb:set package 'warehouse_navigation' build argument 'catkin_cmake_args' from command line to 'None'
[0.559s] Level 5:colcon.colcon_core.verb:set package 'warehouse_navigation' build argument 'catkin_skip_building_tests' from command line to 'False'
[0.559s] DEBUG:colcon.colcon_core.verb:Building package 'warehouse_navigation' with the following arguments: {'ament_cmake_args': None, 'build_base': '/home/agonb/Desktop/Robotica1-26/robotics/final_ws/build/warehouse_navigation', 'catkin_cmake_args': None, 'catkin_skip_building_tests': False, 'cmake_args': None, 'cmake_clean_cache': False, 'cmake_clean_first': False, 'cmake_force_configure': False, 'cmake_target': None, 'cmake_target_skip_unavailable': False, 'install_base': '/home/agonb/Desktop/Robotica1-26/robotics/final_ws/install/warehouse_navigation', 'merge_install': False, 'path': '/home/agonb/Desktop/Robotica1-26/robotics/final_ws/src/warehouse_navigation', 'symlink_install': True, 'test_result_base': None}
[0.560s] Level 5:colcon.colcon_core.verb:set package 'warehouse_task_manager' build argument 'cmake_args' from command line to 'None'
[0.560s] Level 5:colcon.colcon_core.verb:set package 'warehouse_task_manager' build argument 'cmake_target' from command line to 'None'
[0.560s] Level 5:colcon.colcon_core.verb:set package 'warehouse_task_manager' build argument 'cmake_target_skip_unavailable' from command line to 'False'
[0.560s] Level 5:colcon.colcon_core.verb:set package 'warehouse_task_manager' build argument 'cmake_clean_cache' from command line to 'False'
[0.560s] Level 5:colcon.colcon_core.verb:set package 'warehouse_task_manager' build argument 'cmake_clean_first' from command line to 'False'
[0.560s] Level 5:colcon.colcon_core.verb:set package 'warehouse_task_manager' build argument 'cmake_force_configure' from command line to 'False'
[0.560s] Level 5:colcon.colcon_core.verb:set package 'warehouse_task_manager' build argument 'ament_cmake_args' from command line to 'None'
[0.560s] Level 5:colcon.colcon_core.verb:set package 'warehouse_task_manager' build argument 'catkin_cmake_args' from command line to 'None'
[0.560s] Level 5:colcon.colcon_core.verb:set package 'warehouse_task_manager' build argument 'catkin_skip_building_tests' from command line to 'False'
[0.560s] DEBUG:colcon.colcon_core.verb:Building package 'warehouse_task_manager' with the following arguments: {'ament_cmake_args': None, 'build_base': '/home/agonb/Desktop/Robotica1-26/robotics/final_ws/build/warehouse_task_manager', 'catkin_cmake_args': None, 'catkin_skip_building_tests': False, 'cmake_args': None, 'cmake_clean_cache': False, 'cmake_clean_first': False, 'cmake_force_configure': False, 'cmake_target': None, 'cmake_target_skip_unavailable': False, 'install_base': '/home/agonb/Desktop/Robotica1-26/robotics/final_ws/install/warehouse_task_manager', 'merge_install': False, 'path': '/home/agonb/Desktop/Robotica1-26/robotics/final_ws/src/warehouse_task_manager', 'symlink_install': True, 'test_result_base': None}
[0.560s] INFO:colcon.colcon_core.executor:Executing jobs using 'parallel' executor
[0.561s] DEBUG:colcon.colcon_parallel_executor.executor.parallel:run_until_complete
[0.562s] INFO:colcon.colcon_ros.task.ament_cmake.build:Building ROS package in '/home/agonb/Desktop/Robotica1-26/robotics/final_ws/src/warehouse_navigation' with build type 'ament_cmake'
[0.562s] INFO:colcon.colcon_cmake.task.cmake.build:Building CMake package in '/home/agonb/Desktop/Robotica1-26/robotics/final_ws/src/warehouse_navigation'
[0.567s] INFO:colcon.colcon_core.plugin_system:Skipping extension 'colcon_core.shell.bat': Not used on non-Windows systems
[0.567s] INFO:colcon.colcon_core.shell:Skip shell extension 'powershell' for command environment: Not usable outside of PowerShell
[0.567s] DEBUG:colcon.colcon_core.shell:Skip shell extension 'dsv' for command environment
[0.584s] DEBUG:colcon.colcon_core.event_handler.log_command:Invoking command in '/home/agonb/Desktop/Robotica1-26/robotics/final_ws/build/warehouse_navigation': CMAKE_PREFIX_PATH=${CMAKE_PREFIX_PATH}:/opt/ros/jazzy DEBUGINFOD_URLS=https://debuginfod.ubuntu.com /usr/bin/cmake --build /home/agonb/Desktop/Robotica1-26/robotics/final_ws/build/warehouse_navigation -- -j12 -l12
[0.663s] DEBUG:colcon.colcon_core.event_handler.log_command:Invoked command in '/home/agonb/Desktop/Robotica1-26/robotics/final_ws/build/warehouse_navigation' returned '0': CMAKE_PREFIX_PATH=${CMAKE_PREFIX_PATH}:/opt/ros/jazzy DEBUGINFOD_URLS=https://debuginfod.ubuntu.com /usr/bin/cmake --build /home/agonb/Desktop/Robotica1-26/robotics/final_ws/build/warehouse_navigation -- -j12 -l12
[0.679s] DEBUG:colcon.colcon_core.event_handler.log_command:Invoking command in '/home/agonb/Desktop/Robotica1-26/robotics/final_ws/build/warehouse_navigation': CMAKE_PREFIX_PATH=${CMAKE_PREFIX_PATH}:/opt/ros/jazzy DEBUGINFOD_URLS=https://debuginfod.ubuntu.com /usr/bin/cmake --install /home/agonb/Desktop/Robotica1-26/robotics/final_ws/build/warehouse_navigation
[0.718s] Level 1:colcon.colcon_core.environment:create_environment_scripts_only(warehouse_navigation)
[0.719s] DEBUG:colcon.colcon_core.event_handler.log_command:Invoked command in '/home/agonb/Desktop/Robotica1-26/robotics/final_ws/build/warehouse_navigation' returned '0': CMAKE_PREFIX_PATH=${CMAKE_PREFIX_PATH}:/opt/ros/jazzy DEBUGINFOD_URLS=https://debuginfod.ubuntu.com /usr/bin/cmake --install /home/agonb/Desktop/Robotica1-26/robotics/final_ws/build/warehouse_navigation
[0.723s] Level 1:colcon.colcon_core.environment:checking '/home/agonb/Desktop/Robotica1-26/robotics/final_ws/install/warehouse_navigation' for CMake module files
[0.725s] Level 1:colcon.colcon_core.environment:checking '/home/agonb/Desktop/Robotica1-26/robotics/final_ws/install/warehouse_navigation' for CMake config files
[0.726s] Level 1:colcon.colcon_core.shell:create_environment_hook('warehouse_navigation', 'cmake_prefix_path')
[0.726s] INFO:colcon.colcon_core.shell:Creating environment hook '/home/agonb/Desktop/Robotica1-26/robotics/final_ws/install/warehouse_navigation/share/warehouse_navigation/hook/cmake_prefix_path.ps1'
[0.728s] INFO:colcon.colcon_core.shell:Creating environment descriptor '/home/agonb/Desktop/Robotica1-26/robotics/final_ws/install/warehouse_navigation/share/warehouse_navigation/hook/cmake_prefix_path.dsv'
[0.729s] INFO:colcon.colcon_core.shell:Creating environment hook '/home/agonb/Desktop/Robotica1-26/robotics/final_ws/install/warehouse_navigation/share/warehouse_navigation/hook/cmake_prefix_path.sh'
[0.731s] Level 1:colcon.colcon_core.environment:checking '/home/agonb/Desktop/Robotica1-26/robotics/final_ws/install/warehouse_navigation/bin'
[0.731s] Level 1:colcon.colcon_core.environment:checking '/home/agonb/Desktop/Robotica1-26/robotics/final_ws/install/warehouse_navigation/lib/pkgconfig/warehouse_navigation.pc'
[0.732s] Level 1:colcon.colcon_core.environment:checking '/home/agonb/Desktop/Robotica1-26/robotics/final_ws/install/warehouse_navigation/lib/python3.12/site-packages'
[0.733s] Level 1:colcon.colcon_core.environment:checking '/home/agonb/Desktop/Robotica1-26/robotics/final_ws/install/warehouse_navigation/bin'
[0.734s] INFO:colcon.colcon_core.shell:Creating package script '/home/agonb/Desktop/Robotica1-26/robotics/final_ws/install/warehouse_navigation/share/warehouse_navigation/package.ps1'
[0.736s] INFO:colcon.colcon_core.shell:Creating package descriptor '/home/agonb/Desktop/Robotica1-26/robotics/final_ws/install/warehouse_navigation/share/warehouse_navigation/package.dsv'
[0.738s] INFO:colcon.colcon_core.shell:Creating package script '/home/agonb/Desktop/Robotica1-26/robotics/final_ws/install/warehouse_navigation/share/warehouse_navigation/package.sh'
[0.739s] INFO:colcon.colcon_core.shell:Creating package script '/home/agonb/Desktop/Robotica1-26/robotics/final_ws/install/warehouse_navigation/share/warehouse_navigation/package.bash'
[0.741s] INFO:colcon.colcon_core.shell:Creating package script '/home/agonb/Desktop/Robotica1-26/robotics/final_ws/install/warehouse_navigation/share/warehouse_navigation/package.zsh'
[0.742s] Level 1:colcon.colcon_core.environment:create_file_with_runtime_dependencies(/home/agonb/Desktop/Robotica1-26/robotics/final_ws/install/warehouse_navigation/share/colcon-core/packages/warehouse_navigation)
[0.744s] Level 1:colcon.colcon_core.environment:create_environment_scripts_only(warehouse_navigation)
[0.744s] Level 1:colcon.colcon_core.environment:checking '/home/agonb/Desktop/Robotica1-26/robotics/final_ws/install/warehouse_navigation' for CMake module files
[0.746s] Level 1:colcon.colcon_core.environment:checking '/home/agonb/Desktop/Robotica1-26/robotics/final_ws/install/warehouse_navigation' for CMake config files
[0.747s] Level 1:colcon.colcon_core.shell:create_environment_hook('warehouse_navigation', 'cmake_prefix_path')
[0.747s] INFO:colcon.colcon_core.shell:Creating environment hook '/home/agonb/Desktop/Robotica1-26/robotics/final_ws/install/warehouse_navigation/share/warehouse_navigation/hook/cmake_prefix_path.ps1'
[0.748s] INFO:colcon.colcon_core.shell:Creating environment descriptor '/home/agonb/Desktop/Robotica1-26/robotics/final_ws/install/warehouse_navigation/share/warehouse_navigation/hook/cmake_prefix_path.dsv'
[0.749s] INFO:colcon.colcon_core.shell:Creating environment hook '/home/agonb/Desktop/Robotica1-26/robotics/final_ws/install/warehouse_navigation/share/warehouse_navigation/hook/cmake_prefix_path.sh'
[0.751s] Level 1:colcon.colcon_core.environment:checking '/home/agonb/Desktop/Robotica1-26/robotics/final_ws/install/warehouse_navigation/bin'
[0.751s] Level 1:colcon.colcon_core.environment:checking '/home/agonb/Desktop/Robotica1-26/robotics/final_ws/install/warehouse_navigation/lib/pkgconfig/warehouse_navigation.pc'
[0.752s] Level 1:colcon.colcon_core.environment:checking '/home/agonb/Desktop/Robotica1-26/robotics/final_ws/install/warehouse_navigation/lib/python3.12/site-packages'
[0.753s] Level 1:colcon.colcon_core.environment:checking '/home/agonb/Desktop/Robotica1-26/robotics/final_ws/install/warehouse_navigation/bin'
[0.753s] INFO:colcon.colcon_core.shell:Creating package script '/home/agonb/Desktop/Robotica1-26/robotics/final_ws/install/warehouse_navigation/share/warehouse_navigation/package.ps1'
[0.755s] INFO:colcon.colcon_core.shell:Creating package descriptor '/home/agonb/Desktop/Robotica1-26/robotics/final_ws/install/warehouse_navigation/share/warehouse_navigation/package.dsv'
[0.756s] INFO:colcon.colcon_core.shell:Creating package script '/home/agonb/Desktop/Robotica1-26/robotics/final_ws/install/warehouse_navigation/share/warehouse_navigation/package.sh'
[0.757s] INFO:colcon.colcon_core.shell:Creating package script '/home/agonb/Desktop/Robotica1-26/robotics/final_ws/install/warehouse_navigation/share/warehouse_navigation/package.bash'
[0.758s] INFO:colcon.colcon_core.shell:Creating package script '/home/agonb/Desktop/Robotica1-26/robotics/final_ws/install/warehouse_navigation/share/warehouse_navigation/package.zsh'
[0.760s] Level 1:colcon.colcon_core.environment:create_file_with_runtime_dependencies(/home/agonb/Desktop/Robotica1-26/robotics/final_ws/install/warehouse_navigation/share/colcon-core/packages/warehouse_navigation)
[0.761s] INFO:colcon.colcon_ros.task.ament_cmake.build:Building ROS package in '/home/agonb/Desktop/Robotica1-26/robotics/final_ws/src/warehouse_task_manager' with build type 'ament_cmake'
[0.762s] INFO:colcon.colcon_cmake.task.cmake.build:Building CMake package in '/home/agonb/Desktop/Robotica1-26/robotics/final_ws/src/warehouse_task_manager'
[0.762s] INFO:colcon.colcon_core.shell:Skip shell extension 'powershell' for command environment: Not usable outside of PowerShell
[0.762s] DEBUG:colcon.colcon_core.shell:Skip shell extension 'dsv' for command environment
[0.795s] DEBUG:colcon.colcon_core.event_handler.log_command:Invoking command in '/home/agonb/Desktop/Robotica1-26/robotics/final_ws/build/warehouse_task_manager': AMENT_PREFIX_PATH=/home/agonb/Desktop/Robotica1-26/robotics/final_ws/install/warehouse_perception:/home/agonb/Desktop/Robotica1-26/robotics/final_ws/install/warehouse_manipulation:/home/agonb/Desktop/Robotica1-26/robotics/final_ws/install/warehouse_inventory:/home/agonb/Desktop/Robotica1-26/robotics/final_ws/install/warehouse_navigation:/home/agonb/Desktop/Robotica1-26/robotics/final_ws/install/warehouse_moveit_config:/home/agonb/Desktop/Robotica1-26/robotics/final_ws/install/warehouse_interfaces:${AMENT_PREFIX_PATH} CMAKE_PREFIX_PATH=/opt/ros/jazzy:/home/agonb/Desktop/Robotica1-26/robotics/final_ws/install/warehouse_perception:/home/agonb/Desktop/Robotica1-26/robotics/final_ws/install/warehouse_manipulation:/home/agonb/Desktop/Robotica1-26/robotics/final_ws/install/warehouse_inventory:/home/agonb/Desktop/Robotica1-26/robotics/final_ws/install/warehouse_navigation:/home/agonb/Desktop/Robotica1-26/robotics/final_ws/install/warehouse_moveit_config:/home/agonb/Desktop/Robotica1-26/robotics/final_ws/install/warehouse_interfaces:${CMAKE_PREFIX_PATH} DEBUGINFOD_URLS=https://debuginfod.ubuntu.com LD_LIBRARY_PATH=/home/agonb/Desktop/Robotica1-26/robotics/final_ws/install/warehouse_interfaces/lib:${LD_LIBRARY_PATH} PYTHONPATH=/home/agonb/Desktop/Robotica1-26/robotics/final_ws/install/warehouse_interfaces/lib/python3.12/site-packages:${PYTHONPATH} /usr/bin/cmake --build /home/agonb/Desktop/Robotica1-26/robotics/final_ws/build/warehouse_task_manager -- -j12 -l12
[0.940s] DEBUG:colcon.colcon_core.event_handler.log_command:Invoked command in '/home/agonb/Desktop/Robotica1-26/robotics/final_ws/build/warehouse_task_manager' returned '0': AMENT_PREFIX_PATH=/home/agonb/Desktop/Robotica1-26/robotics/final_ws/install/warehouse_perception:/home/agonb/Desktop/Robotica1-26/robotics/final_ws/install/warehouse_manipulation:/home/agonb/Desktop/Robotica1-26/robotics/final_ws/install/warehouse_inventory:/home/agonb/Desktop/Robotica1-26/robotics/final_ws/install/warehouse_navigation:/home/agonb/Desktop/Robotica1-26/robotics/final_ws/install/warehouse_moveit_config:/home/agonb/Desktop/Robotica1-26/robotics/final_ws/install/warehouse_interfaces:${AMENT_PREFIX_PATH} CMAKE_PREFIX_PATH=/opt/ros/jazzy:/home/agonb/Desktop/Robotica1-26/robotics/final_ws/install/warehouse_perception:/home/agonb/Desktop/Robotica1-26/robotics/final_ws/install/warehouse_manipulation:/home/agonb/Desktop/Robotica1-26/robotics/final_ws/install/warehouse_inventory:/home/agonb/Desktop/Robotica1-26/robotics/final_ws/install/warehouse_navigation:/home/agonb/Desktop/Robotica1-26/robotics/final_ws/install/warehouse_moveit_config:/home/agonb/Desktop/Robotica1-26/robotics/final_ws/install/warehouse_interfaces:${CMAKE_PREFIX_PATH} DEBUGINFOD_URLS=https://debuginfod.ubuntu.com LD_LIBRARY_PATH=/home/agonb/Desktop/Robotica1-26/robotics/final_ws/install/warehouse_interfaces/lib:${LD_LIBRARY_PATH} PYTHONPATH=/home/agonb/Desktop/Robotica1-26/robotics/final_ws/install/warehouse_interfaces/lib/python3.12/site-packages:${PYTHONPATH} /usr/bin/cmake --build /home/agonb/Desktop/Robotica1-26/robotics/final_ws/build/warehouse_task_manager -- -j12 -l12
[0.944s] DEBUG:colcon.colcon_core.event_handler.log_command:Invoking command in '/home/agonb/Desktop/Robotica1-26/robotics/final_ws/build/warehouse_task_manager': AMENT_PREFIX_PATH=/home/agonb/Desktop/Robotica1-26/robotics/final_ws/install/warehouse_perception:/home/agonb/Desktop/Robotica1-26/robotics/final_ws/install/warehouse_manipulation:/home/agonb/Desktop/Robotica1-26/robotics/final_ws/install/warehouse_inventory:/home/agonb/Desktop/Robotica1-26/robotics/final_ws/install/warehouse_navigation:/home/agonb/Desktop/Robotica1-26/robotics/final_ws/install/warehouse_moveit_config:/home/agonb/Desktop/Robotica1-26/robotics/final_ws/install/warehouse_interfaces:${AMENT_PREFIX_PATH} CMAKE_PREFIX_PATH=/opt/ros/jazzy:/home/agonb/Desktop/Robotica1-26/robotics/final_ws/install/warehouse_perception:/home/agonb/Desktop/Robotica1-26/robotics/final_ws/install/warehouse_manipulation:/home/agonb/Desktop/Robotica1-26/robotics/final_ws/install/warehouse_inventory:/home/agonb/Desktop/Robotica1-26/robotics/final_ws/install/warehouse_navigation:/home/agonb/Desktop/Robotica1-26/robotics/final_ws/install/warehouse_moveit_config:/home/agonb/Desktop/Robotica1-26/robotics/final_ws/install/warehouse_interfaces:${CMAKE_PREFIX_PATH} DEBUGINFOD_URLS=https://debuginfod.ubuntu.com LD_LIBRARY_PATH=/home/agonb/Desktop/Robotica1-26/robotics/final_ws/install/warehouse_interfaces/lib:${LD_LIBRARY_PATH} PYTHONPATH=/home/agonb/Desktop/Robotica1-26/robotics/final_ws/install/warehouse_interfaces/lib/python3.12/site-packages:${PYTHONPATH} /usr/bin/cmake --install /home/agonb/Desktop/Robotica1-26/robotics/final_ws/build/warehouse_task_manager
[0.982s] Level 1:colcon.colcon_core.environment:create_environment_scripts_only(warehouse_task_manager)
[0.983s] Level 1:colcon.colcon_core.environment:checking '/home/agonb/Desktop/Robotica1-26/robotics/final_ws/install/warehouse_task_manager' for CMake module files
[0.984s] Level 1:colcon.colcon_core.environment:checking '/home/agonb/Desktop/Robotica1-26/robotics/final_ws/install/warehouse_task_manager' for CMake config files
[0.985s] Level 1:colcon.colcon_core.shell:create_environment_hook('warehouse_task_manager', 'cmake_prefix_path')
[0.985s] INFO:colcon.colcon_core.shell:Creating environment hook '/home/agonb/Desktop/Robotica1-26/robotics/final_ws/install/warehouse_task_manager/share/warehouse_task_manager/hook/cmake_prefix_path.ps1'
[0.986s] INFO:colcon.colcon_core.shell:Creating environment descriptor '/home/agonb/Desktop/Robotica1-26/robotics/final_ws/install/warehouse_task_manager/share/warehouse_task_manager/hook/cmake_prefix_path.dsv'
[0.987s] INFO:colcon.colcon_core.shell:Creating environment hook '/home/agonb/Desktop/Robotica1-26/robotics/final_ws/install/warehouse_task_manager/share/warehouse_task_manager/hook/cmake_prefix_path.sh'
[0.988s] DEBUG:colcon.colcon_core.event_handler.log_command:Invoked command in '/home/agonb/Desktop/Robotica1-26/robotics/final_ws/build/warehouse_task_manager' returned '0': AMENT_PREFIX_PATH=/home/agonb/Desktop/Robotica1-26/robotics/final_ws/install/warehouse_perception:/home/agonb/Desktop/Robotica1-26/robotics/final_ws/install/warehouse_manipulation:/home/agonb/Desktop/Robotica1-26/robotics/final_ws/install/warehouse_inventory:/home/agonb/Desktop/Robotica1-26/robotics/final_ws/install/warehouse_navigation:/home/agonb/Desktop/Robotica1-26/robotics/final_ws/install/warehouse_moveit_config:/home/agonb/Desktop/Robotica1-26/robotics/final_ws/install/warehouse_interfaces:${AMENT_PREFIX_PATH} CMAKE_PREFIX_PATH=/opt/ros/jazzy:/home/agonb/Desktop/Robotica1-26/robotics/final_ws/install/warehouse_perception:/home/agonb/Desktop/Robotica1-26/robotics/final_ws/install/warehouse_manipulation:/home/agonb/Desktop/Robotica1-26/robotics/final_ws/install/warehouse_inventory:/home/agonb/Desktop/Robotica1-26/robotics/final_ws/install/warehouse_navigation:/home/agonb/Desktop/Robotica1-26/robotics/final_ws/install/warehouse_moveit_config:/home/agonb/Desktop/Robotica1-26/robotics/final_ws/install/warehouse_interfaces:${CMAKE_PREFIX_PATH} DEBUGINFOD_URLS=https://debuginfod.ubuntu.com LD_LIBRARY_PATH=/home/agonb/Desktop/Robotica1-26/robotics/final_ws/install/warehouse_interfaces/lib:${LD_LIBRARY_PATH} PYTHONPATH=/home/agonb/Desktop/Robotica1-26/robotics/final_ws/install/warehouse_interfaces/lib/python3.12/site-packages:${PYTHONPATH} /usr/bin/cmake --install /home/agonb/Desktop/Robotica1-26/robotics/final_ws/build/warehouse_task_manager
[0.988s] Level 1:colcon.colcon_core.environment:checking '/home/agonb/Desktop/Robotica1-26/robotics/final_ws/install/warehouse_task_manager/lib'
[0.989s] Level 1:colcon.colcon_core.environment:checking '/home/agonb/Desktop/Robotica1-26/robotics/final_ws/install/warehouse_task_manager/bin'
[0.989s] Level 1:colcon.colcon_core.environment:checking '/home/agonb/Desktop/Robotica1-26/robotics/final_ws/install/warehouse_task_manager/lib/pkgconfig/warehouse_task_manager.pc'
[0.989s] Level 1:colcon.colcon_core.environment:checking '/home/agonb/Desktop/Robotica1-26/robotics/final_ws/install/warehouse_task_manager/lib/python3.12/site-packages'
[0.990s] Level 1:colcon.colcon_core.environment:checking '/home/agonb/Desktop/Robotica1-26/robotics/final_ws/install/warehouse_task_manager/bin'
[0.990s] INFO:colcon.colcon_core.shell:Creating package script '/home/agonb/Desktop/Robotica1-26/robotics/final_ws/install/warehouse_task_manager/share/warehouse_task_manager/package.ps1'
[0.991s] INFO:colcon.colcon_core.shell:Creating package descriptor '/home/agonb/Desktop/Robotica1-26/robotics/final_ws/install/warehouse_task_manager/share/warehouse_task_manager/package.dsv'
[0.992s] INFO:colcon.colcon_core.shell:Creating package script '/home/agonb/Desktop/Robotica1-26/robotics/final_ws/install/warehouse_task_manager/share/warehouse_task_manager/package.sh'
[0.992s] INFO:colcon.colcon_core.shell:Creating package script '/home/agonb/Desktop/Robotica1-26/robotics/final_ws/install/warehouse_task_manager/share/warehouse_task_manager/package.bash'
[0.992s] INFO:colcon.colcon_core.shell:Creating package script '/home/agonb/Desktop/Robotica1-26/robotics/final_ws/install/warehouse_task_manager/share/warehouse_task_manager/package.zsh'
[0.993s] Level 1:colcon.colcon_core.environment:create_file_with_runtime_dependencies(/home/agonb/Desktop/Robotica1-26/robotics/final_ws/install/warehouse_task_manager/share/colcon-core/packages/warehouse_task_manager)
[0.994s] Level 1:colcon.colcon_core.environment:create_environment_scripts_only(warehouse_task_manager)
[0.994s] Level 1:colcon.colcon_core.environment:checking '/home/agonb/Desktop/Robotica1-26/robotics/final_ws/install/warehouse_task_manager' for CMake module files
[0.995s] Level 1:colcon.colcon_core.environment:checking '/home/agonb/Desktop/Robotica1-26/robotics/final_ws/install/warehouse_task_manager' for CMake config files
[0.995s] Level 1:colcon.colcon_core.shell:create_environment_hook('warehouse_task_manager', 'cmake_prefix_path')
[0.996s] INFO:colcon.colcon_core.shell:Creating environment hook '/home/agonb/Desktop/Robotica1-26/robotics/final_ws/install/warehouse_task_manager/share/warehouse_task_manager/hook/cmake_prefix_path.ps1'
[0.997s] INFO:colcon.colcon_core.shell:Creating environment descriptor '/home/agonb/Desktop/Robotica1-26/robotics/final_ws/install/warehouse_task_manager/share/warehouse_task_manager/hook/cmake_prefix_path.dsv'
[0.998s] INFO:colcon.colcon_core.shell:Creating environment hook '/home/agonb/Desktop/Robotica1-26/robotics/final_ws/install/warehouse_task_manager/share/warehouse_task_manager/hook/cmake_prefix_path.sh'
[1.000s] Level 1:colcon.colcon_core.environment:checking '/home/agonb/Desktop/Robotica1-26/robotics/final_ws/install/warehouse_task_manager/lib'
[1.000s] Level 1:colcon.colcon_core.environment:checking '/home/agonb/Desktop/Robotica1-26/robotics/final_ws/install/warehouse_task_manager/bin'
[1.000s] Level 1:colcon.colcon_core.environment:checking '/home/agonb/Desktop/Robotica1-26/robotics/final_ws/install/warehouse_task_manager/lib/pkgconfig/warehouse_task_manager.pc'
[1.000s] Level 1:colcon.colcon_core.environment:checking '/home/agonb/Desktop/Robotica1-26/robotics/final_ws/install/warehouse_task_manager/lib/python3.12/site-packages'
[1.001s] Level 1:colcon.colcon_core.environment:checking '/home/agonb/Desktop/Robotica1-26/robotics/final_ws/install/warehouse_task_manager/bin'
[1.001s] INFO:colcon.colcon_core.shell:Creating package script '/home/agonb/Desktop/Robotica1-26/robotics/final_ws/install/warehouse_task_manager/share/warehouse_task_manager/package.ps1'
[1.003s] INFO:colcon.colcon_core.shell:Creating package descriptor '/home/agonb/Desktop/Robotica1-26/robotics/final_ws/install/warehouse_task_manager/share/warehouse_task_manager/package.dsv'
[1.004s] INFO:colcon.colcon_core.shell:Creating package script '/home/agonb/Desktop/Robotica1-26/robotics/final_ws/install/warehouse_task_manager/share/warehouse_task_manager/package.sh'
[1.004s] INFO:colcon.colcon_core.shell:Creating package script '/home/agonb/Desktop/Robotica1-26/robotics/final_ws/install/warehouse_task_manager/share/warehouse_task_manager/package.bash'
[1.005s] INFO:colcon.colcon_core.shell:Creating package script '/home/agonb/Desktop/Robotica1-26/robotics/final_ws/install/warehouse_task_manager/share/warehouse_task_manager/package.zsh'
[1.006s] Level 1:colcon.colcon_core.environment:create_file_with_runtime_dependencies(/home/agonb/Desktop/Robotica1-26/robotics/final_ws/install/warehouse_task_manager/share/colcon-core/packages/warehouse_task_manager)
[1.006s] DEBUG:colcon.colcon_parallel_executor.executor.parallel:closing loop
[1.006s] DEBUG:colcon.colcon_parallel_executor.executor.parallel:loop closed
[1.006s] DEBUG:colcon.colcon_parallel_executor.executor.parallel:run_until_complete finished with '0'
[1.007s] DEBUG:colcon.colcon_core.event_reactor:joining thread
[1.022s] INFO:colcon.colcon_core.plugin_system:Skipping extension 'colcon_notification.desktop_notification.terminal_notifier': Not used on non-Darwin systems
[1.022s] INFO:colcon.colcon_core.plugin_system:Skipping extension 'colcon_notification.desktop_notification.win32': Not used on non-Windows systems
[1.023s] INFO:colcon.colcon_notification.desktop_notification:Sending desktop notification using 'notify2'
[1.062s] DEBUG:colcon.colcon_core.event_reactor:joined thread
[1.063s] INFO:colcon.colcon_core.shell:Creating prefix script '/home/agonb/Desktop/Robotica1-26/robotics/final_ws/install/local_setup.ps1'
[1.067s] INFO:colcon.colcon_core.shell:Creating prefix util module '/home/agonb/Desktop/Robotica1-26/robotics/final_ws/install/_local_setup_util_ps1.py'
[1.071s] INFO:colcon.colcon_core.shell:Creating prefix chain script '/home/agonb/Desktop/Robotica1-26/robotics/final_ws/install/setup.ps1'
[1.072s] INFO:colcon.colcon_core.shell:Creating prefix script '/home/agonb/Desktop/Robotica1-26/robotics/final_ws/install/local_setup.sh'
[1.073s] INFO:colcon.colcon_core.shell:Creating prefix util module '/home/agonb/Desktop/Robotica1-26/robotics/final_ws/install/_local_setup_util_sh.py'
[1.074s] INFO:colcon.colcon_core.shell:Creating prefix chain script '/home/agonb/Desktop/Robotica1-26/robotics/final_ws/install/setup.sh'
[1.076s] INFO:colcon.colcon_core.shell:Creating prefix script '/home/agonb/Desktop/Robotica1-26/robotics/final_ws/install/local_setup.bash'
[1.076s] INFO:colcon.colcon_core.shell:Creating prefix chain script '/home/agonb/Desktop/Robotica1-26/robotics/final_ws/install/setup.bash'
[1.078s] INFO:colcon.colcon_core.shell:Creating prefix script '/home/agonb/Desktop/Robotica1-26/robotics/final_ws/install/local_setup.zsh'
[1.079s] INFO:colcon.colcon_core.shell:Creating prefix chain script '/home/agonb/Desktop/Robotica1-26/robotics/final_ws/install/setup.zsh'
