[100%] Built target inventory_manager
-- Install configuration: ""
-- Up-to-date: /home/agonb/Desktop/Robotica1-26/robotics/final_ws/install/warehouse_inventory/lib/warehouse_inventory/inventory_manager
-- Up-to-date: /home/agonb/Desktop/Robotica1-26/robotics/final_ws/install/warehouse_inventory/share/warehouse_inventory/launch
-- Up-to-date: /home/agonb/Desktop/Robotica1-26/robotics/final_ws/install/warehouse_inventory/share/warehouse_inventory/launch/inventory_manager.launch.py
-- Up-to-date: /home/agonb/Desktop/Robotica1-26/robotics/final_ws/install/warehouse_inventory/share/ament_index/resource_index/package_run_dependencies/warehouse_inventory
-- Up-to-date: /home/agonb/Desktop/Robotica1-26/robotics/final_ws/install/warehouse_inventory/share/ament_index/resource_index/parent_prefix_path/warehouse_inventory
-- Up-to-date: /home/agonb/Desktop/Robotica1-26/robotics/final_ws/install/warehouse_inventory/share/warehouse_inventory/environment/ament_prefix_path.sh
-- Up-to-date: /home/agonb/Desktop/Robotica1-26/robotics/final_ws/install/warehouse_inventory/share/warehouse_inventory/environment/ament_prefix_path.dsv
-- Up-to-date: /home/agonb/Desktop/Robotica1-26/robotics/final_ws/install/warehouse_inventory/share/warehouse_inventory/environment/path.sh
-- Up-to-date: /home/agonb/Desktop/Robotica1-26/robotics/final_ws/install/warehouse_inventory/share/warehouse_inventory/environment/path.dsv
-- Up-to-date: /home/agonb/Desktop/Robotica1-26/robotics/final_ws/install/warehouse_inventory/share/warehouse_inventory/local_setup.bash
-- Up-to-date: /home/agonb/Desktop/Robotica1-26/robotics/final_ws/install/warehouse_inventory/share/warehouse_inventory/local_setup.sh
-- Up-to-date: /home/agonb/Desktop/Robotica1-26/robotics/final_ws/install/warehouse_inventory/share/warehouse_inventory/local_setup.zsh
-- Up-to-date: /home/agonb/Desktop/Robotica1-26/robotics/final_ws/install/warehouse_inventory/share/warehouse_inventory/local_setup.dsv
-- Installing: /home/agonb/Desktop/Robotica1-26/robotics/final_ws/install/warehouse_inventory/share/warehouse_inventory/package.dsv
-- Up-to-date: /home/agonb/Desktop/Robotica1-26/robotics/final_ws/install/warehouse_inventory/share/ament_index/resource_index/packages/warehouse_inventory
-- Up-to-date: /home/agonb/Desktop/Robotica1-26/robotics/final_ws/install/warehouse_inventory/share/warehouse_inventory/cmake/warehouse_inventoryConfig.cmake
-- Up-to-date: /home/agonb/Desktop/Robotica1-26/robotics/final_ws/install/warehouse_inventory/share/warehouse_inventory/cmake/warehouse_inventoryConfig-version.cmake
-- Up-to-date: /home/agonb/Desktop/Robotica1-26/robotics/final_ws/install/warehouse_inventory/share/warehouse_inventory/package.xml
