[0.038s] Invoking command in '/home/agonb/Desktop/Robotica1-26/robotics/final_ws/build/warehouse_bringup': DEBUGINFOD_URLS=https://debuginfod.ubuntu.com /usr/bin/cmake --build /home/agonb/Desktop/Robotica1-26/robotics/final_ws/build/warehouse_bringup -- -j12 -l12
[0.082s] Invoked command in '/home/agonb/Desktop/Robotica1-26/robotics/final_ws/build/warehouse_bringup' returned '0': DEBUGINFOD_URLS=https://debuginfod.ubuntu.com /usr/bin/cmake --build /home/agonb/Desktop/Robotica1-26/robotics/final_ws/build/warehouse_bringup -- -j12 -l12
[0.093s] Invoking command in '/home/agonb/Desktop/Robotica1-26/robotics/final_ws/build/warehouse_bringup': DEBUGINFOD_URLS=https://debuginfod.ubuntu.com /usr/bin/cmake --install /home/agonb/Desktop/Robotica1-26/robotics/final_ws/build/warehouse_bringup
[0.105s] -- Install configuration: ""
[0.105s] -- Up-to-date: /home/agonb/Desktop/Robotica1-26/robotics/final_ws/install/warehouse_bringup/share/ament_index/resource_index/package_run_dependencies/warehouse_bringup
[0.106s] -- Up-to-date: /home/agonb/Desktop/Robotica1-26/robotics/final_ws/install/warehouse_bringup/share/ament_index/resource_index/parent_prefix_path/warehouse_bringup
[0.106s] -- Up-to-date: /home/agonb/Desktop/Robotica1-26/robotics/final_ws/install/warehouse_bringup/share/warehouse_bringup/environment/ament_prefix_path.sh
[0.106s] -- Up-to-date: /home/agonb/Desktop/Robotica1-26/robotics/final_ws/install/warehouse_bringup/share/warehouse_bringup/environment/ament_prefix_path.dsv
[0.106s] -- Up-to-date: /home/agonb/Desktop/Robotica1-26/robotics/final_ws/install/warehouse_bringup/share/warehouse_bringup/environment/path.sh
[0.107s] -- Up-to-date: /home/agonb/Desktop/Robotica1-26/robotics/final_ws/install/warehouse_bringup/share/warehouse_bringup/environment/path.dsv
[0.107s] -- Up-to-date: /home/agonb/Desktop/Robotica1-26/robotics/final_ws/install/warehouse_bringup/share/warehouse_bringup/local_setup.bash
[0.107s] -- Up-to-date: /home/agonb/Desktop/Robotica1-26/robotics/final_ws/install/warehouse_bringup/share/warehouse_bringup/local_setup.sh
[0.107s] -- Up-to-date: /home/agonb/Desktop/Robotica1-26/robotics/final_ws/install/warehouse_bringup/share/warehouse_bringup/local_setup.zsh
[0.108s] -- Up-to-date: /home/agonb/Desktop/Robotica1-26/robotics/final_ws/install/warehouse_bringup/share/warehouse_bringup/local_setup.dsv
[0.108s] -- Installing: /home/agonb/Desktop/Robotica1-26/robotics/final_ws/install/warehouse_bringup/share/warehouse_bringup/package.dsv
[0.108s] -- Up-to-date: /home/agonb/Desktop/Robotica1-26/robotics/final_ws/install/warehouse_bringup/share/ament_index/resource_index/packages/warehouse_bringup
[0.108s] -- Up-to-date: /home/agonb/Desktop/Robotica1-26/robotics/final_ws/install/warehouse_bringup/share/warehouse_bringup/cmake/warehouse_bringupConfig.cmake
[0.108s] -- Up-to-date: /home/agonb/Desktop/Robotica1-26/robotics/final_ws/install/warehouse_bringup/share/warehouse_bringup/cmake/warehouse_bringupConfig-version.cmake
[0.108s] -- Up-to-date: /home/agonb/Desktop/Robotica1-26/robotics/final_ws/install/warehouse_bringup/share/warehouse_bringup/package.xml
[0.126s] Invoked command in '/home/agonb/Desktop/Robotica1-26/robotics/final_ws/build/warehouse_bringup' returned '0': DEBUGINFOD_URLS=https://debuginfod.ubuntu.com /usr/bin/cmake --install /home/agonb/Desktop/Robotica1-26/robotics/final_ws/build/warehouse_bringup
