[0.031s] Invoking command in '/home/agonb/Desktop/Robotica1-26/robotics/final_ws/build/warehouse_robot_description': DEBUGINFOD_URLS=https://debuginfod.ubuntu.com /usr/bin/cmake /home/agonb/Desktop/Robotica1-26/robotics/final_ws/src/warehouse_robot_description -DCMAKE_INSTALL_PREFIX=/home/agonb/Desktop/Robotica1-26/robotics/final_ws/install/warehouse_robot_description
[1.231s] -- The C compiler identification is GNU 13.3.0
[1.231s] -- The CXX compiler identification is GNU 13.3.0
[1.231s] -- Detecting C compiler ABI info
[1.231s] -- Detecting C compiler ABI info - done
[1.231s] -- Check for working C compiler: /usr/bin/cc - skipped
[1.231s] -- Detecting C compile features
[1.231s] -- Detecting C compile features - done
[1.231s] -- Detecting CXX compiler ABI info
[1.232s] -- Detecting CXX compiler ABI info - done
[1.232s] -- Check for working CXX compiler: /usr/bin/c++ - skipped
[1.232s] -- Detecting CXX compile features
[1.232s] -- Detecting CXX compile features - done
[1.232s] -- Found ament_cmake: 2.5.6 (/opt/ros/jazzy/share/ament_cmake/cmake)
[1.232s] -- Found Python3: /usr/bin/python3 (found version "3.12.3") found components: Interpreter 
[1.233s] Error parsing '/home/agonb/Desktop/Robotica1-26/robotics/final_ws/src/warehouse_robot_description/package.xml':
[3.069s] Traceback (most recent call last):
[3.070s]   File "/usr/lib/python3/dist-packages/catkin_pkg/package.py", line 610, in parse_package_string
[3.070s]     root = dom.parseString(data)
[3.070s]            ^^^^^^^^^^^^^^^^^^^^^
[3.070s]   File "/usr/lib/python3.12/xml/dom/minidom.py", line 1995, in parseString
[3.070s]     return expatbuilder.parseString(string)
[3.070s]            ^^^^^^^^^^^^^^^^^^^^^^^^^^^^^^^^
[3.070s]   File "/usr/lib/python3.12/xml/dom/expatbuilder.py", line 922, in parseString
[3.070s]     return builder.parseString(string)
[3.070s]            ^^^^^^^^^^^^^^^^^^^^^^^^^^^
[3.070s]   File "/usr/lib/python3.12/xml/dom/expatbuilder.py", line 220, in parseString
[3.070s]     parser.Parse(string, True)
[3.070s] xml.parsers.expat.ExpatError: junk after document element: line 12, column 0
[3.070s] 
[3.070s] During handling of the above exception, another exception occurred:
[3.070s] 
[3.070s] Traceback (most recent call last):
[3.070s]   File "/opt/ros/jazzy/share/ament_cmake_core/cmake/core/package_xml_2_cmake.py", line 150, in <module>
[3.070s]     main()
[3.070s]   File "/opt/ros/jazzy/share/ament_cmake_core/cmake/core/package_xml_2_cmake.py", line 53, in main
[3.070s]     raise e
[3.071s]   File "/opt/ros/jazzy/share/ament_cmake_core/cmake/core/package_xml_2_cmake.py", line 49, in main
[3.071s]     package = parse_package_string(
[3.071s]               ^^^^^^^^^^^^^^^^^^^^^
[3.071s]   File "/usr/lib/python3/dist-packages/catkin_pkg/package.py", line 612, in parse_package_string
[3.071s]     raise InvalidPackage('The manifest contains invalid XML:\n%s' % ex, filename)
[3.071s] catkin_pkg.package.InvalidPackage: Error(s) in package '/home/agonb/Desktop/Robotica1-26/robotics/final_ws/src/warehouse_robot_description/package.xml':
[3.071s] The manifest contains invalid XML:
[3.071s] junk after document element: line 12, column 0
[3.116s] [31mCMake Error at /opt/ros/jazzy/share/ament_cmake_core/cmake/core/ament_package_xml.cmake:95 (message):
[3.116s]   execute_process(/usr/bin/python3
[3.116s]   /opt/ros/jazzy/share/ament_cmake_core/cmake/core/package_xml_2_cmake.py
[3.116s]   /home/agonb/Desktop/Robotica1-26/robotics/final_ws/src/warehouse_robot_description/package.xml
[3.116s]   /home/agonb/Desktop/Robotica1-26/robotics/final_ws/build/warehouse_robot_description/ament_cmake_core/package.cmake)
[3.116s]   returned error code 1
[3.117s] Call Stack (most recent call first):
[3.117s]   /opt/ros/jazzy/share/ament_cmake_core/cmake/core/ament_package_xml.cmake:49 (_ament_package_xml)
[3.117s]   /opt/ros/jazzy/share/ament_cmake_core/cmake/core/ament_package.cmake:63 (ament_package_xml)
[3.117s]   CMakeLists.txt:6 (ament_package)
[3.117s] 
[3.117s] [0m
[3.117s] -- Configuring incomplete, errors occurred!
