[0.023s] Invoking command in '/home/agonb/Desktop/Robotica1-26/robotics/final_ws/build/warehouse_navigation': DEBUGINFOD_URLS=https://debuginfod.ubuntu.com /usr/bin/cmake /home/agonb/Desktop/Robotica1-26/robotics/final_ws/src/warehouse_navigation -DCATKIN_INSTALL_INTO_PREFIX_ROOT=0 -DCMAKE_INSTALL_PREFIX=/home/agonb/Desktop/Robotica1-26/robotics/final_ws/install/warehouse_navigation
[0.036s] -- Found ament_cmake: 2.5.6 (/opt/ros/jazzy/share/ament_cmake/cmake)
[0.464s] -- Configuring done (0.4s)
[0.466s] -- Generating done (0.0s)
[0.467s] -- Build files have been written to: /home/agonb/Desktop/Robotica1-26/robotics/final_ws/build/warehouse_navigation
[0.490s] Invoked command in '/home/agonb/Desktop/Robotica1-26/robotics/final_ws/build/warehouse_navigation' returned '0': DEBUGINFOD_URLS=https://debuginfod.ubuntu.com /usr/bin/cmake /home/agonb/Desktop/Robotica1-26/robotics/final_ws/src/warehouse_navigation -DCATKIN_INSTALL_INTO_PREFIX_ROOT=0 -DCMAKE_INSTALL_PREFIX=/home/agonb/Desktop/Robotica1-26/robotics/final_ws/install/warehouse_navigation
[0.491s] Invoking command in '/home/agonb/Desktop/Robotica1-26/robotics/final_ws/build/warehouse_navigation': DEBUGINFOD_URLS=https://debuginfod.ubuntu.com /usr/bin/cmake --build /home/agonb/Desktop/Robotica1-26/robotics/final_ws/build/warehouse_navigation -- -j12 -l12
[0.540s] Invoked command in '/home/agonb/Desktop/Robotica1-26/robotics/final_ws/build/warehouse_navigation' returned '0': DEBUGINFOD_URLS=https://debuginfod.ubuntu.com /usr/bin/cmake --build /home/agonb/Desktop/Robotica1-26/robotics/final_ws/build/warehouse_navigation -- -j12 -l12
[0.541s] Invoking command in '/home/agonb/Desktop/Robotica1-26/robotics/final_ws/build/warehouse_navigation': DEBUGINFOD_URLS=https://debuginfod.ubuntu.com /usr/bin/cmake --install /home/agonb/Desktop/Robotica1-26/robotics/final_ws/build/warehouse_navigation
[0.556s] -- Install configuration: ""
[0.556s] -- Up-to-date: /home/agonb/Desktop/Robotica1-26/robotics/final_ws/install/warehouse_navigation/share/ament_index/resource_index/package_run_dependencies/warehouse_navigation
[0.556s] -- Installing: /home/agonb/Desktop/Robotica1-26/robotics/final_ws/install/warehouse_navigation/share/ament_index/resource_index/parent_prefix_path/warehouse_navigation
[0.557s] -- Up-to-date: /home/agonb/Desktop/Robotica1-26/robotics/final_ws/install/warehouse_navigation/share/warehouse_navigation/environment/ament_prefix_path.sh
[0.557s] -- Up-to-date: /home/agonb/Desktop/Robotica1-26/robotics/final_ws/install/warehouse_navigation/share/warehouse_navigation/environment/ament_prefix_path.dsv
[0.557s] -- Up-to-date: /home/agonb/Desktop/Robotica1-26/robotics/final_ws/install/warehouse_navigation/share/warehouse_navigation/environment/path.sh
[0.557s] -- Up-to-date: /home/agonb/Desktop/Robotica1-26/robotics/final_ws/install/warehouse_navigation/share/warehouse_navigation/environment/path.dsv
[0.558s] -- Up-to-date: /home/agonb/Desktop/Robotica1-26/robotics/final_ws/install/warehouse_navigation/share/warehouse_navigation/local_setup.bash
[0.558s] -- Up-to-date: /home/agonb/Desktop/Robotica1-26/robotics/final_ws/install/warehouse_navigation/share/warehouse_navigation/local_setup.sh
[0.558s] -- Up-to-date: /home/agonb/Desktop/Robotica1-26/robotics/final_ws/install/warehouse_navigation/share/warehouse_navigation/local_setup.zsh
[0.558s] -- Up-to-date: /home/agonb/Desktop/Robotica1-26/robotics/final_ws/install/warehouse_navigation/share/warehouse_navigation/local_setup.dsv
[0.558s] -- Installing: /home/agonb/Desktop/Robotica1-26/robotics/final_ws/install/warehouse_navigation/share/warehouse_navigation/package.dsv
[0.559s] -- Up-to-date: /home/agonb/Desktop/Robotica1-26/robotics/final_ws/install/warehouse_navigation/share/ament_index/resource_index/packages/warehouse_navigation
[0.559s] -- Up-to-date: /home/agonb/Desktop/Robotica1-26/robotics/final_ws/install/warehouse_navigation/share/warehouse_navigation/cmake/warehouse_navigationConfig.cmake
[0.559s] -- Up-to-date: /home/agonb/Desktop/Robotica1-26/robotics/final_ws/install/warehouse_navigation/share/warehouse_navigation/cmake/warehouse_navigationConfig-version.cmake
[0.559s] -- Up-to-date: /home/agonb/Desktop/Robotica1-26/robotics/final_ws/install/warehouse_navigation/share/warehouse_navigation/package.xml
[0.559s] -- Up-to-date: /home/agonb/Desktop/Robotica1-26/robotics/final_ws/install/warehouse_navigation/share/warehouse_navigation/launch
[0.559s] -- Up-to-date: /home/agonb/Desktop/Robotica1-26/robotics/final_ws/install/warehouse_navigation/share/warehouse_navigation/launch/navigation_launch.py
[0.559s] -- Up-to-date: /home/agonb/Desktop/Robotica1-26/robotics/final_ws/install/warehouse_navigation/share/warehouse_navigation/config
[0.559s] -- Up-to-date: /home/agonb/Desktop/Robotica1-26/robotics/final_ws/install/warehouse_navigation/share/warehouse_navigation/config/nav2_params.yaml
[0.560s] Invoked command in '/home/agonb/Desktop/Robotica1-26/robotics/final_ws/build/warehouse_navigation' returned '0': DEBUGINFOD_URLS=https://debuginfod.ubuntu.com /usr/bin/cmake --install /home/agonb/Desktop/Robotica1-26/robotics/final_ws/build/warehouse_navigation
