[0.025s] Invoking command in '/home/agonb/Desktop/Robotica1-26/robotics/final_ws/build/warehouse_navigation': DEBUGINFOD_URLS=https://debuginfod.ubuntu.com /usr/bin/cmake /home/agonb/Desktop/Robotica1-26/robotics/final_ws/src/warehouse_navigation -DCATKIN_INSTALL_INTO_PREFIX_ROOT=0 -DCATKIN_SYMLINK_INSTALL=ON -DCMAKE_INSTALL_PREFIX=/home/agonb/Desktop/Robotica1-26/robotics/final_ws/install/warehouse_navigation
[0.043s] -- Found ament_cmake: 2.5.6 (/opt/ros/jazzy/share/ament_cmake/cmake)
[0.466s] -- Configuring done (0.4s)
[0.474s] -- Generating done (0.0s)
[0.477s] -- Build files have been written to: /home/agonb/Desktop/Robotica1-26/robotics/final_ws/build/warehouse_navigation
[0.483s] Invoked command in '/home/agonb/Desktop/Robotica1-26/robotics/final_ws/build/warehouse_navigation' returned '0': DEBUGINFOD_URLS=https://debuginfod.ubuntu.com /usr/bin/cmake /home/agonb/Desktop/Robotica1-26/robotics/final_ws/src/warehouse_navigation -DCATKIN_INSTALL_INTO_PREFIX_ROOT=0 -DCATKIN_SYMLINK_INSTALL=ON -DCMAKE_INSTALL_PREFIX=/home/agonb/Desktop/Robotica1-26/robotics/final_ws/install/warehouse_navigation
[0.483s] Invoking command in '/home/agonb/Desktop/Robotica1-26/robotics/final_ws/build/warehouse_navigation': DEBUGINFOD_URLS=https://debuginfod.ubuntu.com /usr/bin/cmake --build /home/agonb/Desktop/Robotica1-26/robotics/final_ws/build/warehouse_navigation -- -j12 -l12
[0.572s] Invoked command in '/home/agonb/Desktop/Robotica1-26/robotics/final_ws/build/warehouse_navigation' returned '0': DEBUGINFOD_URLS=https://debuginfod.ubuntu.com /usr/bin/cmake --build /home/agonb/Desktop/Robotica1-26/robotics/final_ws/build/warehouse_navigation -- -j12 -l12
[0.573s] Invoking command in '/home/agonb/Desktop/Robotica1-26/robotics/final_ws/build/warehouse_navigation': DEBUGINFOD_URLS=https://debuginfod.ubuntu.com /usr/bin/cmake --install /home/agonb/Desktop/Robotica1-26/robotics/final_ws/build/warehouse_navigation
[0.590s] -- Install configuration: ""
[0.590s] -- Up-to-date: /home/agonb/Desktop/Robotica1-26/robotics/final_ws/install/warehouse_navigation/share/ament_index/resource_index/package_run_dependencies/warehouse_navigation
[0.590s] -- Installing: /home/agonb/Desktop/Robotica1-26/robotics/final_ws/install/warehouse_navigation/share/ament_index/resource_index/parent_prefix_path/warehouse_navigation
[0.591s] -- Up-to-date: /home/agonb/Desktop/Robotica1-26/robotics/final_ws/install/warehouse_navigation/share/warehouse_navigation/environment/ament_prefix_path.sh
[0.591s] -- Up-to-date: /home/agonb/Desktop/Robotica1-26/robotics/final_ws/install/warehouse_navigation/share/warehouse_navigation/environment/ament_prefix_path.dsv
[0.591s] -- Up-to-date: /home/agonb/Desktop/Robotica1-26/robotics/final_ws/install/warehouse_navigation/share/warehouse_navigation/environment/path.sh
[0.591s] -- Up-to-date: /home/agonb/Desktop/Robotica1-26/robotics/final_ws/install/warehouse_navigation/share/warehouse_navigation/environment/path.dsv
[0.591s] -- Up-to-date: /home/agonb/Desktop/Robotica1-26/robotics/final_ws/install/warehouse_navigation/share/warehouse_navigation/local_setup.bash
[0.591s] -- Up-to-date: /home/agonb/Desktop/Robotica1-26/robotics/final_ws/install/warehouse_navigation/share/warehouse_navigation/local_setup.sh
[0.592s] -- Up-to-date: /home/agonb/Desktop/Robotica1-26/robotics/final_ws/install/warehouse_navigation/share/warehouse_navigation/local_setup.zsh
[0.592s] -- Up-to-date: /home/agonb/Desktop/Robotica1-26/robotics/final_ws/install/warehouse_navigation/share/warehouse_navigation/local_setup.dsv
[0.592s] -- Installing: /home/agonb/Desktop/Robotica1-26/robotics/final_ws/install/warehouse_navigation/share/warehouse_navigation/package.dsv
[0.592s] -- Up-to-date: /home/agonb/Desktop/Robotica1-26/robotics/final_ws/install/warehouse_navigation/share/ament_index/resource_index/packages/warehouse_navigation
[0.592s] -- Up-to-date: /home/agonb/Desktop/Robotica1-26/robotics/final_ws/install/warehouse_navigation/share/warehouse_navigation/cmake/warehouse_navigationConfig.cmake
[0.593s] -- Up-to-date: /home/agonb/Desktop/Robotica1-26/robotics/final_ws/install/warehouse_navigation/share/warehouse_navigation/cmake/warehouse_navigationConfig-version.cmake
[0.593s] -- Up-to-date: /home/agonb/Desktop/Robotica1-26/robotics/final_ws/install/warehouse_navigation/share/warehouse_navigation/package.xml
[0.593s] -- Up-to-date: /home/agonb/Desktop/Robotica1-26/robotics/final_ws/install/warehouse_navigation/share/warehouse_navigation/launch
[0.593s] -- Up-to-date: /home/agonb/Desktop/Robotica1-26/robotics/final_ws/install/warehouse_navigation/share/warehouse_navigation/launch/navigation_launch.py
[0.593s] -- Up-to-date: /home/agonb/Desktop/Robotica1-26/robotics/final_ws/install/warehouse_navigation/share/warehouse_navigation/config
[0.593s] -- Up-to-date: /home/agonb/Desktop/Robotica1-26/robotics/final_ws/install/warehouse_navigation/share/warehouse_navigation/config/nav2_params.yaml
[0.610s] Invoked command in '/home/agonb/Desktop/Robotica1-26/robotics/final_ws/build/warehouse_navigation' returned '0': DEBUGINFOD_URLS=https://debuginfod.ubuntu.com /usr/bin/cmake --install /home/agonb/Desktop/Robotica1-26/robotics/final_ws/build/warehouse_navigation
