[0.026s] Invoking command in '/home/agonb/Desktop/Robotica1-26/robotics/final_ws/build/warehouse_robot_description': DEBUGINFOD_URLS=https://debuginfod.ubuntu.com /usr/bin/cmake /home/agonb/Desktop/Robotica1-26/robotics/final_ws/src/warehouse_robot_description -DCMAKE_INSTALL_PREFIX=/home/agonb/Desktop/Robotica1-26/robotics/final_ws/install/warehouse_robot_description
[0.068s] -- Found ament_cmake: 2.5.6 (/opt/ros/jazzy/share/ament_cmake/cmake)
[0.302s] Error parsing '/home/agonb/Desktop/Robotica1-26/robotics/final_ws/src/warehouse_robot_description/package.xml':
[1.655s] Traceback (most recent call last):
[1.655s]   File "/usr/lib/python3/dist-packages/catkin_pkg/package.py", line 610, in parse_package_string
[1.655s]     root = dom.parseString(data)
[1.655s]            ^^^^^^^^^^^^^^^^^^^^^
[1.655s]   File "/usr/lib/python3.12/xml/dom/minidom.py", line 1995, in parseString
[1.655s]     return expatbuilder.parseString(string)
[1.655s]            ^^^^^^^^^^^^^^^^^^^^^^^^^^^^^^^^
[1.655s]   File "/usr/lib/python3.12/xml/dom/expatbuilder.py", line 922, in parseString
[1.656s]     return builder.parseString(string)
[1.656s]            ^^^^^^^^^^^^^^^^^^^^^^^^^^^
[1.656s]   File "/usr/lib/python3.12/xml/dom/expatbuilder.py", line 220, in parseString
[1.656s]     parser.Parse(string, True)
[1.656s] xml.parsers.expat.ExpatError: junk after document element: line 12, column 0
[1.656s] 
[1.656s] During handling of the above exception, another exception occurred:
[1.656s] 
[1.656s] Traceback (most recent call last):
[1.656s]   File "/opt/ros/jazzy/share/ament_cmake_core/cmake/core/package_xml_2_cmake.py", line 150, in <module>
[1.657s]     main()
[1.657s]   File "/opt/ros/jazzy/share/ament_cmake_core/cmake/core/package_xml_2_cmake.py", line 53, in main
[1.657s]     raise e
[1.657s]   File "/opt/ros/jazzy/share/ament_cmake_core/cmake/core/package_xml_2_cmake.py", line 49, in main
[1.657s]     package = parse_package_string(
[1.657s]               ^^^^^^^^^^^^^^^^^^^^^
[1.657s]   File "/usr/lib/python3/dist-packages/catkin_pkg/package.py", line 612, in parse_package_string
[1.657s]     raise InvalidPackage('The manifest contains invalid XML:\n%s' % ex, filename)
[1.657s] catkin_pkg.package.InvalidPackage: Error(s) in package '/home/agonb/Desktop/Robotica1-26/robotics/final_ws/src/warehouse_robot_description/package.xml':
[1.658s] The manifest contains invalid XML:
[1.658s] junk after document element: line 12, column 0
[1.688s] [31mCMake Error at /opt/ros/jazzy/share/ament_cmake_core/cmake/core/ament_package_xml.cmake:95 (message):
[1.689s]   execute_process(/usr/bin/python3
[1.689s]   /opt/ros/jazzy/share/ament_cmake_core/cmake/core/package_xml_2_cmake.py
[1.689s]   /home/agonb/Desktop/Robotica1-26/robotics/final_ws/src/warehouse_robot_description/package.xml
[1.689s]   /home/agonb/Desktop/Robotica1-26/robotics/final_ws/build/warehouse_robot_description/ament_cmake_core/package.cmake)
[1.689s]   returned error code 1
[1.689s] Call Stack (most recent call first):
[1.689s]   /opt/ros/jazzy/share/ament_cmake_core/cmake/core/ament_package_xml.cmake:49 (_ament_package_xml)
[1.689s]   /opt/ros/jazzy/share/ament_cmake_core/cmake/core/ament_package.cmake:63 (ament_package_xml)
[1.689s]   CMakeLists.txt:6 (ament_package)
[1.689s] 
[1.689s] [0m
[1.690s] -- Configuring incomplete, errors occurred!
