[0.012s] Invoking command in '/home/agonb/Desktop/Robotica1-26/robotics/final_ws/build/warehouse_moveit_config': CMAKE_PREFIX_PATH=/opt/ros/jazzy:${CMAKE_PREFIX_PATH} DEBUGINFOD_URLS=https://debuginfod.ubuntu.com /usr/bin/cmake --build /home/agonb/Desktop/Robotica1-26/robotics/final_ws/build/warehouse_moveit_config -- -j12 -l12
[0.047s] Invoked command in '/home/agonb/Desktop/Robotica1-26/robotics/final_ws/build/warehouse_moveit_config' returned '0': CMAKE_PREFIX_PATH=/opt/ros/jazzy:${CMAKE_PREFIX_PATH} DEBUGINFOD_URLS=https://debuginfod.ubuntu.com /usr/bin/cmake --build /home/agonb/Desktop/Robotica1-26/robotics/final_ws/build/warehouse_moveit_config -- -j12 -l12
[0.048s] Invoking command in '/home/agonb/Desktop/Robotica1-26/robotics/final_ws/build/warehouse_moveit_config': CMAKE_PREFIX_PATH=/opt/ros/jazzy:${CMAKE_PREFIX_PATH} DEBUGINFOD_URLS=https://debuginfod.ubuntu.com /usr/bin/cmake --install /home/agonb/Desktop/Robotica1-26/robotics/final_ws/build/warehouse_moveit_config
[0.054s] -- Install configuration: ""
[0.054s] -- Execute custom install script
[0.055s] -- Up-to-date symlink: /home/agonb/Desktop/Robotica1-26/robotics/final_ws/install/warehouse_moveit_config/share/warehouse_moveit_config/config/joint_limits.yaml
[0.055s] -- Up-to-date symlink: /home/agonb/Desktop/Robotica1-26/robotics/final_ws/install/warehouse_moveit_config/share/warehouse_moveit_config/config/kinematics.yaml
[0.055s] -- Up-to-date symlink: /home/agonb/Desktop/Robotica1-26/robotics/final_ws/install/warehouse_moveit_config/share/warehouse_moveit_config/config/moveit_controllers.yaml
[0.055s] -- Up-to-date symlink: /home/agonb/Desktop/Robotica1-26/robotics/final_ws/install/warehouse_moveit_config/share/warehouse_moveit_config/config/ompl_planning.yaml
[0.055s] -- Up-to-date symlink: /home/agonb/Desktop/Robotica1-26/robotics/final_ws/install/warehouse_moveit_config/share/warehouse_moveit_config/config/warehouse_robot.srdf
[0.056s] -- Up-to-date symlink: /home/agonb/Desktop/Robotica1-26/robotics/final_ws/install/warehouse_moveit_config/share/warehouse_moveit_config/launch/move_group.launch.py
[0.056s] -- Up-to-date symlink: /home/agonb/Desktop/Robotica1-26/robotics/final_ws/install/warehouse_moveit_config/share/ament_index/resource_index/package_run_dependencies/warehouse_moveit_config
[0.056s] -- Up-to-date symlink: /home/agonb/Desktop/Robotica1-26/robotics/final_ws/install/warehouse_moveit_config/share/ament_index/resource_index/parent_prefix_path/warehouse_moveit_config
[0.056s] -- Up-to-date symlink: /home/agonb/Desktop/Robotica1-26/robotics/final_ws/install/warehouse_moveit_config/share/warehouse_moveit_config/environment/ament_prefix_path.sh
[0.057s] -- Up-to-date symlink: /home/agonb/Desktop/Robotica1-26/robotics/final_ws/install/warehouse_moveit_config/share/warehouse_moveit_config/environment/ament_prefix_path.dsv
[0.057s] -- Up-to-date symlink: /home/agonb/Desktop/Robotica1-26/robotics/final_ws/install/warehouse_moveit_config/share/warehouse_moveit_config/environment/path.sh
[0.057s] -- Up-to-date symlink: /home/agonb/Desktop/Robotica1-26/robotics/final_ws/install/warehouse_moveit_config/share/warehouse_moveit_config/environment/path.dsv
[0.057s] -- Up-to-date symlink: /home/agonb/Desktop/Robotica1-26/robotics/final_ws/install/warehouse_moveit_config/share/warehouse_moveit_config/local_setup.bash
[0.057s] -- Up-to-date symlink: /home/agonb/Desktop/Robotica1-26/robotics/final_ws/install/warehouse_moveit_config/share/warehouse_moveit_config/local_setup.sh
[0.057s] -- Up-to-date symlink: /home/agonb/Desktop/Robotica1-26/robotics/final_ws/install/warehouse_moveit_config/share/warehouse_moveit_config/local_setup.zsh
[0.058s] -- Up-to-date symlink: /home/agonb/Desktop/Robotica1-26/robotics/final_ws/install/warehouse_moveit_config/share/warehouse_moveit_config/local_setup.dsv
[0.058s] -- Symlinking: /home/agonb/Desktop/Robotica1-26/robotics/final_ws/install/warehouse_moveit_config/share/warehouse_moveit_config/package.dsv
[0.081s] -- Up-to-date symlink: /home/agonb/Desktop/Robotica1-26/robotics/final_ws/install/warehouse_moveit_config/share/ament_index/resource_index/packages/warehouse_moveit_config
[0.081s] -- Up-to-date symlink: /home/agonb/Desktop/Robotica1-26/robotics/final_ws/install/warehouse_moveit_config/share/warehouse_moveit_config/cmake/warehouse_moveit_configConfig.cmake
[0.081s] -- Up-to-date symlink: /home/agonb/Desktop/Robotica1-26/robotics/final_ws/install/warehouse_moveit_config/share/warehouse_moveit_config/cmake/warehouse_moveit_configConfig-version.cmake
[0.081s] -- Up-to-date symlink: /home/agonb/Desktop/Robotica1-26/robotics/final_ws/install/warehouse_moveit_config/share/warehouse_moveit_config/package.xml
[0.081s] Invoked command in '/home/agonb/Desktop/Robotica1-26/robotics/final_ws/build/warehouse_moveit_config' returned '0': CMAKE_PREFIX_PATH=/opt/ros/jazzy:${CMAKE_PREFIX_PATH} DEBUGINFOD_URLS=https://debuginfod.ubuntu.com /usr/bin/cmake --install /home/agonb/Desktop/Robotica1-26/robotics/final_ws/build/warehouse_moveit_config
