[0.054s] Invoking command in '/home/agonb/Desktop/Robotica1-26/robotics/final_ws/build/warehouse_robot_description': CMAKE_PREFIX_PATH=/opt/ros/jazzy:${CMAKE_PREFIX_PATH} DEBUGINFOD_URLS=https://debuginfod.ubuntu.com /usr/bin/cmake /home/agonb/Desktop/Robotica1-26/robotics/final_ws/src/warehouse_robot_description -DAMENT_CMAKE_SYMLINK_INSTALL=1 -DCMAKE_INSTALL_PREFIX=/home/agonb/Desktop/Robotica1-26/robotics/final_ws/install/warehouse_robot_description
[0.102s] -- Found ament_cmake: 2.5.6 (/opt/ros/jazzy/share/ament_cmake/cmake)
[0.575s] -- Override CMake install command with custom implementation using symlinks instead of copying resources
[0.590s] -- Found urdf: 2.10.1 (/opt/ros/jazzy/share/urdf/cmake)
[0.657s] -- Found TinyXML2 via Config file: /usr/lib/x86_64-linux-gnu/cmake/tinyxml2
[0.666s] -- Found xacro: 2.1.1 (/opt/ros/jazzy/share/xacro/cmake)
[0.668s] -- Found robot_state_publisher: 3.3.4 (/opt/ros/jazzy/share/robot_state_publisher/cmake)
[0.702s] -- Found rosidl_generator_c: 4.6.9 (/opt/ros/jazzy/share/rosidl_generator_c/cmake)
[0.724s] -- Found rosidl_generator_cpp: 4.6.9 (/opt/ros/jazzy/share/rosidl_generator_cpp/cmake)
[0.753s] -- Using all available rosidl_typesupport_c: rosidl_typesupport_fastrtps_c;rosidl_typesupport_introspection_c
[0.776s] -- Using all available rosidl_typesupport_cpp: rosidl_typesupport_fastrtps_cpp;rosidl_typesupport_introspection_cpp
[0.919s] -- Found rmw_implementation_cmake: 7.3.3 (/opt/ros/jazzy/share/rmw_implementation_cmake/cmake)
[0.921s] -- Found rmw_fastrtps_cpp: 8.4.4 (/opt/ros/jazzy/share/rmw_fastrtps_cpp/cmake)
[0.960s] -- Found TinyXML2 via Config file: /usr/lib/x86_64-linux-gnu/cmake/tinyxml2
[0.980s] -- Found TinyXML2 via Config file: /usr/lib/x86_64-linux-gnu/cmake/tinyxml2
[1.030s] -- Found TinyXML2 via Config file: /usr/lib/x86_64-linux-gnu/cmake/tinyxml2
[1.050s] -- Found TinyXML2 via Config file: /usr/lib/x86_64-linux-gnu/cmake/tinyxml2
[1.081s] -- Using RMW implementation 'rmw_fastrtps_cpp' as default
[1.798s] -- Found rviz2: 14.1.22 (/opt/ros/jazzy/share/rviz2/cmake)
[2.016s] -- Configuring done (1.9s)
[2.037s] -- Generating done (0.0s)
[2.047s] -- Build files have been written to: /home/agonb/Desktop/Robotica1-26/robotics/final_ws/build/warehouse_robot_description
[2.074s] Invoked command in '/home/agonb/Desktop/Robotica1-26/robotics/final_ws/build/warehouse_robot_description' returned '0': CMAKE_PREFIX_PATH=/opt/ros/jazzy:${CMAKE_PREFIX_PATH} DEBUGINFOD_URLS=https://debuginfod.ubuntu.com /usr/bin/cmake /home/agonb/Desktop/Robotica1-26/robotics/final_ws/src/warehouse_robot_description -DAMENT_CMAKE_SYMLINK_INSTALL=1 -DCMAKE_INSTALL_PREFIX=/home/agonb/Desktop/Robotica1-26/robotics/final_ws/install/warehouse_robot_description
[2.075s] Invoking command in '/home/agonb/Desktop/Robotica1-26/robotics/final_ws/build/warehouse_robot_description': CMAKE_PREFIX_PATH=/opt/ros/jazzy:${CMAKE_PREFIX_PATH} DEBUGINFOD_URLS=https://debuginfod.ubuntu.com /usr/bin/cmake --build /home/agonb/Desktop/Robotica1-26/robotics/final_ws/build/warehouse_robot_description -- -j12 -l12
[2.160s] Invoked command in '/home/agonb/Desktop/Robotica1-26/robotics/final_ws/build/warehouse_robot_description' returned '0': CMAKE_PREFIX_PATH=/opt/ros/jazzy:${CMAKE_PREFIX_PATH} DEBUGINFOD_URLS=https://debuginfod.ubuntu.com /usr/bin/cmake --build /home/agonb/Desktop/Robotica1-26/robotics/final_ws/build/warehouse_robot_description -- -j12 -l12
[2.161s] Invoking command in '/home/agonb/Desktop/Robotica1-26/robotics/final_ws/build/warehouse_robot_description': CMAKE_PREFIX_PATH=/opt/ros/jazzy:${CMAKE_PREFIX_PATH} DEBUGINFOD_URLS=https://debuginfod.ubuntu.com /usr/bin/cmake --install /home/agonb/Desktop/Robotica1-26/robotics/final_ws/build/warehouse_robot_description
[2.175s] -- Install configuration: ""
[2.176s] -- Execute custom install script
[2.177s] -- Up-to-date symlink: /home/agonb/Desktop/Robotica1-26/robotics/final_ws/install/warehouse_robot_description/share/warehouse_robot_description/urdf/arm.xacro
[2.181s] -- Up-to-date symlink: /home/agonb/Desktop/Robotica1-26/robotics/final_ws/install/warehouse_robot_description/share/warehouse_robot_description/urdf/arm_mount.xacro
[2.182s] -- Up-to-date symlink: /home/agonb/Desktop/Robotica1-26/robotics/final_ws/install/warehouse_robot_description/share/warehouse_robot_description/urdf/base.xacro
[2.182s] -- Up-to-date symlink: /home/agonb/Desktop/Robotica1-26/robotics/final_ws/install/warehouse_robot_description/share/warehouse_robot_description/urdf/gripper.xacro
[2.182s] -- Up-to-date symlink: /home/agonb/Desktop/Robotica1-26/robotics/final_ws/install/warehouse_robot_description/share/warehouse_robot_description/urdf/robot.urdf.xacro
[2.184s] -- Up-to-date symlink: /home/agonb/Desktop/Robotica1-26/robotics/final_ws/install/warehouse_robot_description/share/warehouse_robot_description/urdf/ros2_control.xacro
[2.184s] -- Up-to-date symlink: /home/agonb/Desktop/Robotica1-26/robotics/final_ws/install/warehouse_robot_description/share/warehouse_robot_description/urdf/sensors.xacro
[2.184s] -- Up-to-date symlink: /home/agonb/Desktop/Robotica1-26/robotics/final_ws/install/warehouse_robot_description/share/warehouse_robot_description/urdf/wheels.xacro
[2.184s] -- Up-to-date symlink: /home/agonb/Desktop/Robotica1-26/robotics/final_ws/install/warehouse_robot_description/share/warehouse_robot_description/launch/display.launch.py
[2.184s] -- Up-to-date symlink: /home/agonb/Desktop/Robotica1-26/robotics/final_ws/install/warehouse_robot_description/share/warehouse_robot_description/rviz/urdf.rviz
[2.184s] -- Up-to-date symlink: /home/agonb/Desktop/Robotica1-26/robotics/final_ws/install/warehouse_robot_description/share/ament_index/resource_index/package_run_dependencies/warehouse_robot_description
[2.184s] -- Up-to-date symlink: /home/agonb/Desktop/Robotica1-26/robotics/final_ws/install/warehouse_robot_description/share/ament_index/resource_index/parent_prefix_path/warehouse_robot_description
[2.184s] -- Up-to-date symlink: /home/agonb/Desktop/Robotica1-26/robotics/final_ws/install/warehouse_robot_description/share/warehouse_robot_description/environment/ament_prefix_path.sh
[2.185s] -- Up-to-date symlink: /home/agonb/Desktop/Robotica1-26/robotics/final_ws/install/warehouse_robot_description/share/warehouse_robot_description/environment/ament_prefix_path.dsv
[2.185s] -- Up-to-date symlink: /home/agonb/Desktop/Robotica1-26/robotics/final_ws/install/warehouse_robot_description/share/warehouse_robot_description/environment/path.sh
[2.185s] -- Up-to-date symlink: /home/agonb/Desktop/Robotica1-26/robotics/final_ws/install/warehouse_robot_description/share/warehouse_robot_description/environment/path.dsv
[2.185s] -- Up-to-date symlink: /home/agonb/Desktop/Robotica1-26/robotics/final_ws/install/warehouse_robot_description/share/warehouse_robot_description/local_setup.bash
[2.185s] -- Up-to-date symlink: /home/agonb/Desktop/Robotica1-26/robotics/final_ws/install/warehouse_robot_description/share/warehouse_robot_description/local_setup.sh
[2.185s] -- Up-to-date symlink: /home/agonb/Desktop/Robotica1-26/robotics/final_ws/install/warehouse_robot_description/share/warehouse_robot_description/local_setup.zsh
[2.185s] -- Up-to-date symlink: /home/agonb/Desktop/Robotica1-26/robotics/final_ws/install/warehouse_robot_description/share/warehouse_robot_description/local_setup.dsv
[2.188s] -- Symlinking: /home/agonb/Desktop/Robotica1-26/robotics/final_ws/install/warehouse_robot_description/share/warehouse_robot_description/package.dsv
[2.199s] -- Up-to-date symlink: /home/agonb/Desktop/Robotica1-26/robotics/final_ws/install/warehouse_robot_description/share/ament_index/resource_index/packages/warehouse_robot_description
[2.200s] -- Up-to-date symlink: /home/agonb/Desktop/Robotica1-26/robotics/final_ws/install/warehouse_robot_description/share/warehouse_robot_description/cmake/warehouse_robot_descriptionConfig.cmake
[2.201s] -- Up-to-date symlink: /home/agonb/Desktop/Robotica1-26/robotics/final_ws/install/warehouse_robot_description/share/warehouse_robot_description/cmake/warehouse_robot_descriptionConfig-version.cmake
[2.201s] -- Up-to-date symlink: /home/agonb/Desktop/Robotica1-26/robotics/final_ws/install/warehouse_robot_description/share/warehouse_robot_description/package.xml
[2.204s] Invoked command in '/home/agonb/Desktop/Robotica1-26/robotics/final_ws/build/warehouse_robot_description' returned '0': CMAKE_PREFIX_PATH=/opt/ros/jazzy:${CMAKE_PREFIX_PATH} DEBUGINFOD_URLS=https://debuginfod.ubuntu.com /usr/bin/cmake --install /home/agonb/Desktop/Robotica1-26/robotics/final_ws/build/warehouse_robot_description
