[ 33%] Built target demo_pick_place
[ 50%] Building CXX object CMakeFiles/pick_product_server.dir/src/pick_product_server.cpp.o
/home/agonb/Desktop/Robotica1-26/robotics/final_ws/src/warehouse_manipulation/src/pick_product_server.cpp: In constructor ‘PickProductServer::PickProductServer(const rclcpp::Node::SharedPtr&)’:
/home/agonb/Desktop/Robotica1-26/robotics/final_ws/src/warehouse_manipulation/src/pick_product_server.cpp:73:71: warning: ‘typename rclcpp::Client<ServiceT>::SharedPtr rclcpp::Node::create_client(const std::string&, const rmw_qos_profile_t&, rclcpp::CallbackGroup::SharedPtr) [with ServiceT = std_srvs::srv::Empty; typename rclcpp::Client<ServiceT>::SharedPtr = std::shared_ptr<rclcpp::Client<std_srvs::srv::Empty> >; std::string = std::__cxx11::basic_string<char>; rmw_qos_profile_t = rmw_qos_profile_s; rclcpp::CallbackGroup::SharedPtr = std::shared_ptr<rclcpp::CallbackGroup>]’ is deprecated: use rclcpp::QoS instead of rmw_qos_profile_t [-Wdeprecated-declarations]
   73 |     clear_octomap_client_ = node_->create_client<std_srvs::srv::Empty>(
      |                             ~~~~~~~~~~~~~~~~~~~~~~~~~~~~~~~~~~~~~~~~~~^
   74 |       "/clear_octomap", rmw_qos_profile_services_default, callback_group_);
      |       ~~~~~~~~~~~~~~~~~~~~~~~~~~~~~~~~~~~~~~~~~~~~~~~~~~~~~~~~~~~~~~~~~~~~
In file included from /opt/ros/jazzy/include/rclcpp/rclcpp/node.hpp:1663,
                 from /opt/ros/jazzy/include/moveit_core/moveit/kinematics_base/kinematics_base.hpp:43,
                 from /opt/ros/jazzy/include/moveit_core/moveit/robot_model/joint_model_group.hpp:42,
                 from /opt/ros/jazzy/include/moveit_core/moveit/robot_model/robot_model.hpp:45,
                 from /opt/ros/jazzy/include/moveit_core/moveit/robot_state/robot_state.hpp:40,
                 from /opt/ros/jazzy/include/moveit_ros_planning_interface/moveit/move_group_interface/move_group_interface.hpp:41,
                 from /home/agonb/Desktop/Robotica1-26/robotics/final_ws/src/warehouse_manipulation/src/pick_product_server.cpp:11:
/opt/ros/jazzy/include/rclcpp/rclcpp/node_impl.hpp:159:1: note: declared here
  159 | Node::create_client(
      | ^~~~
[ 66%] Linking CXX executable pick_product_server
[ 66%] Built target pick_product_server
[100%] Built target place_product_server
-- Install configuration: ""
-- Execute custom install script
-- Up-to-date symlink: /home/agonb/Desktop/Robotica1-26/robotics/final_ws/install/warehouse_manipulation/lib/warehouse_manipulation/demo_pick_place
-- Up-to-date symlink: /home/agonb/Desktop/Robotica1-26/robotics/final_ws/install/warehouse_manipulation/lib/warehouse_manipulation/place_product_server
-- Up-to-date symlink: /home/agonb/Desktop/Robotica1-26/robotics/final_ws/install/warehouse_manipulation/lib/warehouse_manipulation/pick_product_server
-- Up-to-date symlink: /home/agonb/Desktop/Robotica1-26/robotics/final_ws/install/warehouse_manipulation/share/warehouse_manipulation/launch/pick_product_server.launch.py
-- Up-to-date symlink: /home/agonb/Desktop/Robotica1-26/robotics/final_ws/install/warehouse_manipulation/share/warehouse_manipulation/launch/place_product_server.launch.py
-- Up-to-date symlink: /home/agonb/Desktop/Robotica1-26/robotics/final_ws/install/warehouse_manipulation/share/ament_index/resource_index/package_run_dependencies/warehouse_manipulation
-- Up-to-date symlink: /home/agonb/Desktop/Robotica1-26/robotics/final_ws/install/warehouse_manipulation/share/ament_index/resource_index/parent_prefix_path/warehouse_manipulation
-- Up-to-date symlink: /home/agonb/Desktop/Robotica1-26/robotics/final_ws/install/warehouse_manipulation/share/warehouse_manipulation/environment/ament_prefix_path.sh
-- Up-to-date symlink: /home/agonb/Desktop/Robotica1-26/robotics/final_ws/install/warehouse_manipulation/share/warehouse_manipulation/environment/ament_prefix_path.dsv
-- Up-to-date symlink: /home/agonb/Desktop/Robotica1-26/robotics/final_ws/install/warehouse_manipulation/share/warehouse_manipulation/environment/path.sh
-- Up-to-date symlink: /home/agonb/Desktop/Robotica1-26/robotics/final_ws/install/warehouse_manipulation/share/warehouse_manipulation/environment/path.dsv
-- Up-to-date symlink: /home/agonb/Desktop/Robotica1-26/robotics/final_ws/install/warehouse_manipulation/share/warehouse_manipulation/local_setup.bash
-- Up-to-date symlink: /home/agonb/Desktop/Robotica1-26/robotics/final_ws/install/warehouse_manipulation/share/warehouse_manipulation/local_setup.sh
-- Up-to-date symlink: /home/agonb/Desktop/Robotica1-26/robotics/final_ws/install/warehouse_manipulation/share/warehouse_manipulation/local_setup.zsh
-- Up-to-date symlink: /home/agonb/Desktop/Robotica1-26/robotics/final_ws/install/warehouse_manipulation/share/warehouse_manipulation/local_setup.dsv
-- Symlinking: /home/agonb/Desktop/Robotica1-26/robotics/final_ws/install/warehouse_manipulation/share/warehouse_manipulation/package.dsv
-- Up-to-date symlink: /home/agonb/Desktop/Robotica1-26/robotics/final_ws/install/warehouse_manipulation/share/ament_index/resource_index/packages/warehouse_manipulation
-- Up-to-date symlink: /home/agonb/Desktop/Robotica1-26/robotics/final_ws/install/warehouse_manipulation/share/warehouse_manipulation/cmake/warehouse_manipulationConfig.cmake
-- Up-to-date symlink: /home/agonb/Desktop/Robotica1-26/robotics/final_ws/install/warehouse_manipulation/share/warehouse_manipulation/cmake/warehouse_manipulationConfig-version.cmake
-- Up-to-date symlink: /home/agonb/Desktop/Robotica1-26/robotics/final_ws/install/warehouse_manipulation/share/warehouse_manipulation/package.xml
