[0.039s] Invoking command in '/home/agonb/Desktop/Robotica1-26/robotics/final_ws/build/warehouse_interfaces': CMAKE_PREFIX_PATH=${CMAKE_PREFIX_PATH}:/opt/ros/jazzy DEBUGINFOD_URLS=https://debuginfod.ubuntu.com /usr/bin/cmake /home/agonb/Desktop/Robotica1-26/robotics/final_ws/src/warehouse_interfaces -DAMENT_CMAKE_SYMLINK_INSTALL=1 -DCMAKE_INSTALL_PREFIX=/home/agonb/Desktop/Robotica1-26/robotics/final_ws/install/warehouse_interfaces
[0.130s] -- The C compiler identification is GNU 13.3.0
[0.201s] -- The CXX compiler identification is GNU 13.3.0
[0.221s] -- Detecting C compiler ABI info
[0.298s] -- Detecting C compiler ABI info - done
[0.304s] -- Check for working C compiler: /usr/bin/cc - skipped
[0.304s] -- Detecting C compile features
[0.304s] -- Detecting C compile features - done
[0.313s] -- Detecting CXX compiler ABI info
[0.391s] -- Detecting CXX compiler ABI info - done
[0.400s] -- Check for working CXX compiler: /usr/bin/c++ - skipped
[0.400s] -- Detecting CXX compile features
[0.400s] -- Detecting CXX compile features - done
[0.403s] -- Found ament_cmake: 2.5.6 (/opt/ros/jazzy/share/ament_cmake/cmake)
[0.536s] -- Found Python3: /usr/bin/python3 (found version "3.12.3") found components: Interpreter 
[0.589s] -- Override CMake install command with custom implementation using symlinks instead of copying resources
[0.640s] -- Found rosidl_default_generators: 1.6.1 (/opt/ros/jazzy/share/rosidl_default_generators/cmake)
[0.646s] -- Using all available rosidl_typesupport_c: rosidl_typesupport_fastrtps_c;rosidl_typesupport_introspection_c
[0.694s] -- Using all available rosidl_typesupport_cpp: rosidl_typesupport_fastrtps_cpp;rosidl_typesupport_introspection_cpp
[0.734s] -- Found rosidl_adapter: 4.6.9 (/opt/ros/jazzy/share/rosidl_adapter/cmake)
[1.030s] [31mCMake Error at /opt/ros/jazzy/share/rosidl_cmake/cmake/rosidl_generate_interfaces.cmake:223 (message):
[1.031s]   Packages installing interfaces must include
[1.031s]   '<member_of_group>rosidl_interface_packages</member_of_group>' in their
[1.031s]   package.xml
[1.031s] Call Stack (most recent call first):
[1.031s]   CMakeLists.txt:7 (rosidl_generate_interfaces)
[1.031s] 
[1.031s] [0m
[1.031s] -- Configuring incomplete, errors occurred!
