[0.109s] Invoking command in '/home/agonb/Desktop/Robotica1-26/robotics/final_ws/build/warehouse_interfaces': CMAKE_PREFIX_PATH=/opt/ros/jazzy:${CMAKE_PREFIX_PATH} DEBUGINFOD_URLS=https://debuginfod.ubuntu.com /usr/bin/cmake --build /home/agonb/Desktop/Robotica1-26/robotics/final_ws/build/warehouse_interfaces -- -j12 -l12
[0.264s] [  1%] Built target warehouse_interfaces__rosidl_generator_type_description
[0.408s] [  1%] Built target ament_cmake_python_symlink_warehouse_interfaces
[0.544s] [ 26%] Built target warehouse_interfaces__rosidl_generator_c
[1.037s] running egg_info
[1.087s] writing warehouse_interfaces.egg-info/PKG-INFO
[1.092s] writing dependency_links to warehouse_interfaces.egg-info/dependency_links.txt
[1.095s] writing top-level names to warehouse_interfaces.egg-info/top_level.txt
[1.219s] reading manifest file 'warehouse_interfaces.egg-info/SOURCES.txt'
[1.226s] writing manifest file 'warehouse_interfaces.egg-info/SOURCES.txt'
[1.421s] [ 26%] Built target ament_cmake_python_build_warehouse_interfaces_egg
[1.478s] [ 35%] Built target warehouse_interfaces__rosidl_typesupport_c
[1.543s] [ 44%] Built target warehouse_interfaces__rosidl_typesupport_introspection_c
[1.602s] [ 53%] Built target warehouse_interfaces__rosidl_typesupport_fastrtps_c
[1.647s] [ 53%] Built target warehouse_interfaces__cpp
[1.710s] [ 54%] Built target warehouse_interfaces__rs
[1.773s] [ 64%] Built target warehouse_interfaces__rosidl_typesupport_introspection_cpp
[1.823s] [ 74%] Built target warehouse_interfaces__rosidl_typesupport_fastrtps_cpp
[1.865s] [ 84%] Built target warehouse_interfaces__rosidl_typesupport_cpp
[1.929s] [ 84%] Built target warehouse_interfaces
[1.999s] [ 85%] Built target warehouse_interfaces__py
[2.068s] [ 94%] Built target warehouse_interfaces__rosidl_generator_py
[2.126s] [ 96%] Built target warehouse_interfaces_s__rosidl_typesupport_fastrtps_c
[2.173s] [ 98%] Built target warehouse_interfaces_s__rosidl_typesupport_c
[2.247s] [100%] Built target warehouse_interfaces_s__rosidl_typesupport_introspection_c
[2.278s] Invoked command in '/home/agonb/Desktop/Robotica1-26/robotics/final_ws/build/warehouse_interfaces' returned '0': CMAKE_PREFIX_PATH=/opt/ros/jazzy:${CMAKE_PREFIX_PATH} DEBUGINFOD_URLS=https://debuginfod.ubuntu.com /usr/bin/cmake --build /home/agonb/Desktop/Robotica1-26/robotics/final_ws/build/warehouse_interfaces -- -j12 -l12
[2.282s] Invoking command in '/home/agonb/Desktop/Robotica1-26/robotics/final_ws/build/warehouse_interfaces': CMAKE_PREFIX_PATH=/opt/ros/jazzy:${CMAKE_PREFIX_PATH} DEBUGINFOD_URLS=https://debuginfod.ubuntu.com /usr/bin/cmake --install /home/agonb/Desktop/Robotica1-26/robotics/final_ws/build/warehouse_interfaces
[2.299s] -- Install configuration: ""
[2.299s] -- Execute custom install script
[2.300s] -- Up-to-date symlink: /home/agonb/Desktop/Robotica1-26/robotics/final_ws/install/warehouse_interfaces/share/ament_index/resource_index/rosidl_interfaces/warehouse_interfaces
[2.301s] -- Up-to-date symlink: /home/agonb/Desktop/Robotica1-26/robotics/final_ws/install/warehouse_interfaces/share/warehouse_interfaces/msg/DetectedProduct.json
[2.303s] -- Up-to-date symlink: /home/agonb/Desktop/Robotica1-26/robotics/final_ws/install/warehouse_interfaces/share/warehouse_interfaces/msg/ProductRecord.json
[2.303s] -- Up-to-date symlink: /home/agonb/Desktop/Robotica1-26/robotics/final_ws/install/warehouse_interfaces/share/warehouse_interfaces/msg/StorageLocation.json
[2.303s] -- Up-to-date symlink: /home/agonb/Desktop/Robotica1-26/robotics/final_ws/install/warehouse_interfaces/share/warehouse_interfaces/srv/RegisterProduct.json
[2.304s] -- Up-to-date symlink: /home/agonb/Desktop/Robotica1-26/robotics/final_ws/install/warehouse_interfaces/share/warehouse_interfaces/srv/AssignStorageLocation.json
[2.304s] -- Up-to-date symlink: /home/agonb/Desktop/Robotica1-26/robotics/final_ws/install/warehouse_interfaces/share/warehouse_interfaces/srv/UpdateInventory.json
[2.305s] -- Up-to-date symlink: /home/agonb/Desktop/Robotica1-26/robotics/final_ws/install/warehouse_interfaces/share/warehouse_interfaces/srv/PlaceProduct.json
[2.305s] -- Up-to-date symlink: /home/agonb/Desktop/Robotica1-26/robotics/final_ws/install/warehouse_interfaces/share/warehouse_interfaces/action/ExecuteStorageMission.json
[2.306s] -- Up-to-date symlink: /home/agonb/Desktop/Robotica1-26/robotics/final_ws/install/warehouse_interfaces/include/warehouse_interfaces/warehouse_interfaces/action/detail/execute_storage_mission__functions.h
[2.306s] -- Up-to-date symlink: /home/agonb/Desktop/Robotica1-26/robotics/final_ws/install/warehouse_interfaces/include/warehouse_interfaces/warehouse_interfaces/action/detail/execute_storage_mission__struct.h
[2.308s] -- Up-to-date symlink: /home/agonb/Desktop/Robotica1-26/robotics/final_ws/install/warehouse_interfaces/include/warehouse_interfaces/warehouse_interfaces/action/detail/execute_storage_mission__type_support.h
[2.309s] -- Up-to-date symlink: /home/agonb/Desktop/Robotica1-26/robotics/final_ws/install/warehouse_interfaces/include/warehouse_interfaces/warehouse_interfaces/action/execute_storage_mission.h
[2.310s] -- Up-to-date symlink: /home/agonb/Desktop/Robotica1-26/robotics/final_ws/install/warehouse_interfaces/include/warehouse_interfaces/warehouse_interfaces/msg/detail/detected_product__functions.h
[2.311s] -- Up-to-date symlink: /home/agonb/Desktop/Robotica1-26/robotics/final_ws/install/warehouse_interfaces/include/warehouse_interfaces/warehouse_interfaces/msg/detail/detected_product__struct.h
[2.312s] -- Up-to-date symlink: /home/agonb/Desktop/Robotica1-26/robotics/final_ws/install/warehouse_interfaces/include/warehouse_interfaces/warehouse_interfaces/msg/detail/detected_product__type_support.h
[2.313s] -- Up-to-date symlink: /home/agonb/Desktop/Robotica1-26/robotics/final_ws/install/warehouse_interfaces/include/warehouse_interfaces/warehouse_interfaces/msg/detail/product_record__functions.h
[2.315s] -- Up-to-date symlink: /home/agonb/Desktop/Robotica1-26/robotics/final_ws/install/warehouse_interfaces/include/warehouse_interfaces/warehouse_interfaces/msg/detail/product_record__struct.h
[2.315s] -- Up-to-date symlink: /home/agonb/Desktop/Robotica1-26/robotics/final_ws/install/warehouse_interfaces/include/warehouse_interfaces/warehouse_interfaces/msg/detail/product_record__type_support.h
[2.315s] -- Up-to-date symlink: /home/agonb/Desktop/Robotica1-26/robotics/final_ws/install/warehouse_interfaces/include/warehouse_interfaces/warehouse_interfaces/msg/detail/storage_location__functions.h
[2.315s] -- Up-to-date symlink: /home/agonb/Desktop/Robotica1-26/robotics/final_ws/install/warehouse_interfaces/include/warehouse_interfaces/warehouse_interfaces/msg/detail/storage_location__struct.h
[2.315s] -- Up-to-date symlink: /home/agonb/Desktop/Robotica1-26/robotics/final_ws/install/warehouse_interfaces/include/warehouse_interfaces/warehouse_interfaces/msg/detail/storage_location__type_support.h
[2.315s] -- Up-to-date symlink: /home/agonb/Desktop/Robotica1-26/robotics/final_ws/install/warehouse_interfaces/include/warehouse_interfaces/warehouse_interfaces/msg/detected_product.h
[2.315s] -- Up-to-date symlink: /home/agonb/Desktop/Robotica1-26/robotics/final_ws/install/warehouse_interfaces/include/warehouse_interfaces/warehouse_interfaces/msg/product_record.h
[2.317s] -- Up-to-date symlink: /home/agonb/Desktop/Robotica1-26/robotics/final_ws/install/warehouse_interfaces/include/warehouse_interfaces/warehouse_interfaces/msg/rosidl_generator_c__visibility_control.h
[2.318s] -- Up-to-date symlink: /home/agonb/Desktop/Robotica1-26/robotics/final_ws/install/warehouse_interfaces/include/warehouse_interfaces/warehouse_interfaces/msg/storage_location.h
[2.318s] -- Up-to-date symlink: /home/agonb/Desktop/Robotica1-26/robotics/final_ws/install/warehouse_interfaces/include/warehouse_interfaces/warehouse_interfaces/srv/assign_storage_location.h
[2.320s] -- Up-to-date symlink: /home/agonb/Desktop/Robotica1-26/robotics/final_ws/install/warehouse_interfaces/include/warehouse_interfaces/warehouse_interfaces/srv/detail/assign_storage_location__functions.h
[2.322s] -- Up-to-date symlink: /home/agonb/Desktop/Robotica1-26/robotics/final_ws/install/warehouse_interfaces/include/warehouse_interfaces/warehouse_interfaces/srv/detail/assign_storage_location__struct.h
[2.323s] -- Up-to-date symlink: /home/agonb/Desktop/Robotica1-26/robotics/final_ws/install/warehouse_interfaces/include/warehouse_interfaces/warehouse_interfaces/srv/detail/assign_storage_location__type_support.h
[2.323s] -- Up-to-date symlink: /home/agonb/Desktop/Robotica1-26/robotics/final_ws/install/warehouse_interfaces/include/warehouse_interfaces/warehouse_interfaces/srv/detail/place_product__functions.h
[2.327s] -- Up-to-date symlink: /home/agonb/Desktop/Robotica1-26/robotics/final_ws/install/warehouse_interfaces/include/warehouse_interfaces/warehouse_interfaces/srv/detail/place_product__struct.h
[2.329s] -- Up-to-date symlink: /home/agonb/Desktop/Robotica1-26/robotics/final_ws/install/warehouse_interfaces/include/warehouse_interfaces/warehouse_interfaces/srv/detail/place_product__type_support.h
[2.331s] -- Up-to-date symlink: /home/agonb/Desktop/Robotica1-26/robotics/final_ws/install/warehouse_interfaces/include/warehouse_interfaces/warehouse_interfaces/srv/detail/register_product__functions.h
[2.332s] -- Up-to-date symlink: /home/agonb/Desktop/Robotica1-26/robotics/final_ws/install/warehouse_interfaces/include/warehouse_interfaces/warehouse_interfaces/srv/detail/register_product__struct.h
[2.333s] -- Up-to-date symlink: /home/agonb/Desktop/Robotica1-26/robotics/final_ws/install/warehouse_interfaces/include/warehouse_interfaces/warehouse_interfaces/srv/detail/register_product__type_support.h
[2.334s] -- Up-to-date symlink: /home/agonb/Desktop/Robotica1-26/robotics/final_ws/install/warehouse_interfaces/include/warehouse_interfaces/warehouse_interfaces/srv/detail/update_inventory__functions.h
[2.335s] -- Up-to-date symlink: /home/agonb/Desktop/Robotica1-26/robotics/final_ws/install/warehouse_interfaces/include/warehouse_interfaces/warehouse_interfaces/srv/detail/update_inventory__struct.h
[2.335s] -- Up-to-date symlink: /home/agonb/Desktop/Robotica1-26/robotics/final_ws/install/warehouse_interfaces/include/warehouse_interfaces/warehouse_interfaces/srv/detail/update_inventory__type_support.h
[2.335s] -- Up-to-date symlink: /home/agonb/Desktop/Robotica1-26/robotics/final_ws/install/warehouse_interfaces/include/warehouse_interfaces/warehouse_interfaces/srv/place_product.h
[2.335s] -- Up-to-date symlink: /home/agonb/Desktop/Robotica1-26/robotics/final_ws/install/warehouse_interfaces/include/warehouse_interfaces/warehouse_interfaces/srv/register_product.h
[2.337s] -- Up-to-date symlink: /home/agonb/Desktop/Robotica1-26/robotics/final_ws/install/warehouse_interfaces/include/warehouse_interfaces/warehouse_interfaces/srv/update_inventory.h
[2.338s] -- Up-to-date symlink: /home/agonb/Desktop/Robotica1-26/robotics/final_ws/install/warehouse_interfaces/share/warehouse_interfaces/environment/library_path.sh
[2.338s] -- Up-to-date symlink: /home/agonb/Desktop/Robotica1-26/robotics/final_ws/install/warehouse_interfaces/share/warehouse_interfaces/environment/library_path.dsv
[2.339s] -- Up-to-date symlink: /home/agonb/Desktop/Robotica1-26/robotics/final_ws/install/warehouse_interfaces/include/warehouse_interfaces/warehouse_interfaces/action/detail/execute_storage_mission__rosidl_typesupport_fastrtps_c.h
[2.339s] -- Up-to-date symlink: /home/agonb/Desktop/Robotica1-26/robotics/final_ws/install/warehouse_interfaces/include/warehouse_interfaces/warehouse_interfaces/msg/detail/detected_product__rosidl_typesupport_fastrtps_c.h
[2.340s] -- Up-to-date symlink: /home/agonb/Desktop/Robotica1-26/robotics/final_ws/install/warehouse_interfaces/include/warehouse_interfaces/warehouse_interfaces/msg/detail/product_record__rosidl_typesupport_fastrtps_c.h
[2.340s] -- Up-to-date symlink: /home/agonb/Desktop/Robotica1-26/robotics/final_ws/install/warehouse_interfaces/include/warehouse_interfaces/warehouse_interfaces/msg/detail/storage_location__rosidl_typesupport_fastrtps_c.h
[2.340s] -- Up-to-date symlink: /home/agonb/Desktop/Robotica1-26/robotics/final_ws/install/warehouse_interfaces/include/warehouse_interfaces/warehouse_interfaces/msg/rosidl_typesupport_fastrtps_c__visibility_control.h
[2.341s] -- Up-to-date symlink: /home/agonb/Desktop/Robotica1-26/robotics/final_ws/install/warehouse_interfaces/include/warehouse_interfaces/warehouse_interfaces/srv/detail/assign_storage_location__rosidl_typesupport_fastrtps_c.h
[2.342s] -- Up-to-date symlink: /home/agonb/Desktop/Robotica1-26/robotics/final_ws/install/warehouse_interfaces/include/warehouse_interfaces/warehouse_interfaces/srv/detail/place_product__rosidl_typesupport_fastrtps_c.h
[2.343s] -- Up-to-date symlink: /home/agonb/Desktop/Robotica1-26/robotics/final_ws/install/warehouse_interfaces/include/warehouse_interfaces/warehouse_interfaces/srv/detail/register_product__rosidl_typesupport_fastrtps_c.h
[2.344s] -- Up-to-date symlink: /home/agonb/Desktop/Robotica1-26/robotics/final_ws/install/warehouse_interfaces/include/warehouse_interfaces/warehouse_interfaces/srv/detail/update_inventory__rosidl_typesupport_fastrtps_c.h
[2.344s] -- Up-to-date symlink: /home/agonb/Desktop/Robotica1-26/robotics/final_ws/install/warehouse_interfaces/include/warehouse_interfaces/warehouse_interfaces/action/detail/execute_storage_mission__rosidl_typesupport_introspection_c.h
[2.345s] -- Up-to-date symlink: /home/agonb/Desktop/Robotica1-26/robotics/final_ws/install/warehouse_interfaces/include/warehouse_interfaces/warehouse_interfaces/msg/detail/detected_product__rosidl_typesupport_introspection_c.h
[2.346s] -- Up-to-date symlink: /home/agonb/Desktop/Robotica1-26/robotics/final_ws/install/warehouse_interfaces/include/warehouse_interfaces/warehouse_interfaces/msg/detail/product_record__rosidl_typesupport_introspection_c.h
[2.347s] -- Up-to-date symlink: /home/agonb/Desktop/Robotica1-26/robotics/final_ws/install/warehouse_interfaces/include/warehouse_interfaces/warehouse_interfaces/msg/detail/storage_location__rosidl_typesupport_introspection_c.h
[2.348s] -- Up-to-date symlink: /home/agonb/Desktop/Robotica1-26/robotics/final_ws/install/warehouse_interfaces/include/warehouse_interfaces/warehouse_interfaces/msg/rosidl_typesupport_introspection_c__visibility_control.h
[2.348s] -- Up-to-date symlink: /home/agonb/Desktop/Robotica1-26/robotics/final_ws/install/warehouse_interfaces/include/warehouse_interfaces/warehouse_interfaces/srv/detail/assign_storage_location__rosidl_typesupport_introspection_c.h
[2.349s] -- Up-to-date symlink: /home/agonb/Desktop/Robotica1-26/robotics/final_ws/install/warehouse_interfaces/include/warehouse_interfaces/warehouse_interfaces/srv/detail/place_product__rosidl_typesupport_introspection_c.h
[2.349s] -- Up-to-date symlink: /home/agonb/Desktop/Robotica1-26/robotics/final_ws/install/warehouse_interfaces/include/warehouse_interfaces/warehouse_interfaces/srv/detail/register_product__rosidl_typesupport_introspection_c.h
[2.349s] -- Up-to-date symlink: /home/agonb/Desktop/Robotica1-26/robotics/final_ws/install/warehouse_interfaces/include/warehouse_interfaces/warehouse_interfaces/srv/detail/update_inventory__rosidl_typesupport_introspection_c.h
[2.350s] -- Up-to-date symlink: /home/agonb/Desktop/Robotica1-26/robotics/final_ws/install/warehouse_interfaces/include/warehouse_interfaces/warehouse_interfaces/action/detail/execute_storage_mission__builder.hpp
[2.350s] -- Up-to-date symlink: /home/agonb/Desktop/Robotica1-26/robotics/final_ws/install/warehouse_interfaces/include/warehouse_interfaces/warehouse_interfaces/action/detail/execute_storage_mission__struct.hpp
[2.350s] -- Up-to-date symlink: /home/agonb/Desktop/Robotica1-26/robotics/final_ws/install/warehouse_interfaces/include/warehouse_interfaces/warehouse_interfaces/action/detail/execute_storage_mission__traits.hpp
[2.351s] -- Up-to-date symlink: /home/agonb/Desktop/Robotica1-26/robotics/final_ws/install/warehouse_interfaces/include/warehouse_interfaces/warehouse_interfaces/action/detail/execute_storage_mission__type_support.hpp
[2.352s] -- Up-to-date symlink: /home/agonb/Desktop/Robotica1-26/robotics/final_ws/install/warehouse_interfaces/include/warehouse_interfaces/warehouse_interfaces/action/execute_storage_mission.hpp
[2.352s] -- Up-to-date symlink: /home/agonb/Desktop/Robotica1-26/robotics/final_ws/install/warehouse_interfaces/include/warehouse_interfaces/warehouse_interfaces/msg/detail/detected_product__builder.hpp
[2.352s] -- Up-to-date symlink: /home/agonb/Desktop/Robotica1-26/robotics/final_ws/install/warehouse_interfaces/include/warehouse_interfaces/warehouse_interfaces/msg/detail/detected_product__struct.hpp
[2.353s] -- Up-to-date symlink: /home/agonb/Desktop/Robotica1-26/robotics/final_ws/install/warehouse_interfaces/include/warehouse_interfaces/warehouse_interfaces/msg/detail/detected_product__traits.hpp
[2.353s] -- Up-to-date symlink: /home/agonb/Desktop/Robotica1-26/robotics/final_ws/install/warehouse_interfaces/include/warehouse_interfaces/warehouse_interfaces/msg/detail/detected_product__type_support.hpp
[2.354s] -- Up-to-date symlink: /home/agonb/Desktop/Robotica1-26/robotics/final_ws/install/warehouse_interfaces/include/warehouse_interfaces/warehouse_interfaces/msg/detail/product_record__builder.hpp
[2.354s] -- Up-to-date symlink: /home/agonb/Desktop/Robotica1-26/robotics/final_ws/install/warehouse_interfaces/include/warehouse_interfaces/warehouse_interfaces/msg/detail/product_record__struct.hpp
[2.354s] -- Up-to-date symlink: /home/agonb/Desktop/Robotica1-26/robotics/final_ws/install/warehouse_interfaces/include/warehouse_interfaces/warehouse_interfaces/msg/detail/product_record__traits.hpp
[2.355s] -- Up-to-date symlink: /home/agonb/Desktop/Robotica1-26/robotics/final_ws/install/warehouse_interfaces/include/warehouse_interfaces/warehouse_interfaces/msg/detail/product_record__type_support.hpp
[2.355s] -- Up-to-date symlink: /home/agonb/Desktop/Robotica1-26/robotics/final_ws/install/warehouse_interfaces/include/warehouse_interfaces/warehouse_interfaces/msg/detail/storage_location__builder.hpp
[2.355s] -- Up-to-date symlink: /home/agonb/Desktop/Robotica1-26/robotics/final_ws/install/warehouse_interfaces/include/warehouse_interfaces/warehouse_interfaces/msg/detail/storage_location__struct.hpp
[2.356s] -- Up-to-date symlink: /home/agonb/Desktop/Robotica1-26/robotics/final_ws/install/warehouse_interfaces/include/warehouse_interfaces/warehouse_interfaces/msg/detail/storage_location__traits.hpp
[2.356s] -- Up-to-date symlink: /home/agonb/Desktop/Robotica1-26/robotics/final_ws/install/warehouse_interfaces/include/warehouse_interfaces/warehouse_interfaces/msg/detail/storage_location__type_support.hpp
[2.358s] -- Up-to-date symlink: /home/agonb/Desktop/Robotica1-26/robotics/final_ws/install/warehouse_interfaces/include/warehouse_interfaces/warehouse_interfaces/msg/detected_product.hpp
[2.358s] -- Up-to-date symlink: /home/agonb/Desktop/Robotica1-26/robotics/final_ws/install/warehouse_interfaces/include/warehouse_interfaces/warehouse_interfaces/msg/product_record.hpp
[2.359s] -- Up-to-date symlink: /home/agonb/Desktop/Robotica1-26/robotics/final_ws/install/warehouse_interfaces/include/warehouse_interfaces/warehouse_interfaces/msg/rosidl_generator_cpp__visibility_control.hpp
[2.360s] -- Up-to-date symlink: /home/agonb/Desktop/Robotica1-26/robotics/final_ws/install/warehouse_interfaces/include/warehouse_interfaces/warehouse_interfaces/msg/storage_location.hpp
[2.360s] -- Up-to-date symlink: /home/agonb/Desktop/Robotica1-26/robotics/final_ws/install/warehouse_interfaces/include/warehouse_interfaces/warehouse_interfaces/srv/assign_storage_location.hpp
[2.360s] -- Up-to-date symlink: /home/agonb/Desktop/Robotica1-26/robotics/final_ws/install/warehouse_interfaces/include/warehouse_interfaces/warehouse_interfaces/srv/detail/assign_storage_location__builder.hpp
[2.361s] -- Up-to-date symlink: /home/agonb/Desktop/Robotica1-26/robotics/final_ws/install/warehouse_interfaces/include/warehouse_interfaces/warehouse_interfaces/srv/detail/assign_storage_location__struct.hpp
[2.362s] -- Up-to-date symlink: /home/agonb/Desktop/Robotica1-26/robotics/final_ws/install/warehouse_interfaces/include/warehouse_interfaces/warehouse_interfaces/srv/detail/assign_storage_location__traits.hpp
[2.363s] -- Up-to-date symlink: /home/agonb/Desktop/Robotica1-26/robotics/final_ws/install/warehouse_interfaces/include/warehouse_interfaces/warehouse_interfaces/srv/detail/assign_storage_location__type_support.hpp
[2.363s] -- Up-to-date symlink: /home/agonb/Desktop/Robotica1-26/robotics/final_ws/install/warehouse_interfaces/include/warehouse_interfaces/warehouse_interfaces/srv/detail/place_product__builder.hpp
[2.364s] -- Up-to-date symlink: /home/agonb/Desktop/Robotica1-26/robotics/final_ws/install/warehouse_interfaces/include/warehouse_interfaces/warehouse_interfaces/srv/detail/place_product__struct.hpp
[2.364s] -- Up-to-date symlink: /home/agonb/Desktop/Robotica1-26/robotics/final_ws/install/warehouse_interfaces/include/warehouse_interfaces/warehouse_interfaces/srv/detail/place_product__traits.hpp
[2.364s] -- Up-to-date symlink: /home/agonb/Desktop/Robotica1-26/robotics/final_ws/install/warehouse_interfaces/include/warehouse_interfaces/warehouse_interfaces/srv/detail/place_product__type_support.hpp
[2.365s] -- Up-to-date symlink: /home/agonb/Desktop/Robotica1-26/robotics/final_ws/install/warehouse_interfaces/include/warehouse_interfaces/warehouse_interfaces/srv/detail/register_product__builder.hpp
[2.365s] -- Up-to-date symlink: /home/agonb/Desktop/Robotica1-26/robotics/final_ws/install/warehouse_interfaces/include/warehouse_interfaces/warehouse_interfaces/srv/detail/register_product__struct.hpp
[2.365s] -- Up-to-date symlink: /home/agonb/Desktop/Robotica1-26/robotics/final_ws/install/warehouse_interfaces/include/warehouse_interfaces/warehouse_interfaces/srv/detail/register_product__traits.hpp
[2.366s] -- Up-to-date symlink: /home/agonb/Desktop/Robotica1-26/robotics/final_ws/install/warehouse_interfaces/include/warehouse_interfaces/warehouse_interfaces/srv/detail/register_product__type_support.hpp
[2.366s] -- Up-to-date symlink: /home/agonb/Desktop/Robotica1-26/robotics/final_ws/install/warehouse_interfaces/include/warehouse_interfaces/warehouse_interfaces/srv/detail/update_inventory__builder.hpp
[2.367s] -- Up-to-date symlink: /home/agonb/Desktop/Robotica1-26/robotics/final_ws/install/warehouse_interfaces/include/warehouse_interfaces/warehouse_interfaces/srv/detail/update_inventory__struct.hpp
[2.367s] -- Up-to-date symlink: /home/agonb/Desktop/Robotica1-26/robotics/final_ws/install/warehouse_interfaces/include/warehouse_interfaces/warehouse_interfaces/srv/detail/update_inventory__traits.hpp
[2.367s] -- Up-to-date symlink: /home/agonb/Desktop/Robotica1-26/robotics/final_ws/install/warehouse_interfaces/include/warehouse_interfaces/warehouse_interfaces/srv/detail/update_inventory__type_support.hpp
[2.367s] -- Up-to-date symlink: /home/agonb/Desktop/Robotica1-26/robotics/final_ws/install/warehouse_interfaces/include/warehouse_interfaces/warehouse_interfaces/srv/place_product.hpp
[2.368s] -- Up-to-date symlink: /home/agonb/Desktop/Robotica1-26/robotics/final_ws/install/warehouse_interfaces/include/warehouse_interfaces/warehouse_interfaces/srv/register_product.hpp
[2.368s] -- Up-to-date symlink: /home/agonb/Desktop/Robotica1-26/robotics/final_ws/install/warehouse_interfaces/include/warehouse_interfaces/warehouse_interfaces/srv/update_inventory.hpp
[2.368s] -- Up-to-date symlink: /home/agonb/Desktop/Robotica1-26/robotics/final_ws/install/warehouse_interfaces/include/warehouse_interfaces/warehouse_interfaces/action/detail/execute_storage_mission__rosidl_typesupport_fastrtps_cpp.hpp
[2.369s] -- Up-to-date symlink: /home/agonb/Desktop/Robotica1-26/robotics/final_ws/install/warehouse_interfaces/include/warehouse_interfaces/warehouse_interfaces/msg/detail/detected_product__rosidl_typesupport_fastrtps_cpp.hpp
[2.369s] -- Up-to-date symlink: /home/agonb/Desktop/Robotica1-26/robotics/final_ws/install/warehouse_interfaces/include/warehouse_interfaces/warehouse_interfaces/msg/detail/product_record__rosidl_typesupport_fastrtps_cpp.hpp
[2.369s] -- Up-to-date symlink: /home/agonb/Desktop/Robotica1-26/robotics/final_ws/install/warehouse_interfaces/include/warehouse_interfaces/warehouse_interfaces/msg/detail/storage_location__rosidl_typesupport_fastrtps_cpp.hpp
[2.369s] -- Up-to-date symlink: /home/agonb/Desktop/Robotica1-26/robotics/final_ws/install/warehouse_interfaces/include/warehouse_interfaces/warehouse_interfaces/msg/rosidl_typesupport_fastrtps_cpp__visibility_control.h
[2.370s] -- Up-to-date symlink: /home/agonb/Desktop/Robotica1-26/robotics/final_ws/install/warehouse_interfaces/include/warehouse_interfaces/warehouse_interfaces/srv/detail/assign_storage_location__rosidl_typesupport_fastrtps_cpp.hpp
[2.370s] -- Up-to-date symlink: /home/agonb/Desktop/Robotica1-26/robotics/final_ws/install/warehouse_interfaces/include/warehouse_interfaces/warehouse_interfaces/srv/detail/place_product__rosidl_typesupport_fastrtps_cpp.hpp
[2.370s] -- Up-to-date symlink: /home/agonb/Desktop/Robotica1-26/robotics/final_ws/install/warehouse_interfaces/include/warehouse_interfaces/warehouse_interfaces/srv/detail/register_product__rosidl_typesupport_fastrtps_cpp.hpp
[2.371s] -- Up-to-date symlink: /home/agonb/Desktop/Robotica1-26/robotics/final_ws/install/warehouse_interfaces/include/warehouse_interfaces/warehouse_interfaces/srv/detail/update_inventory__rosidl_typesupport_fastrtps_cpp.hpp
[2.371s] -- Up-to-date symlink: /home/agonb/Desktop/Robotica1-26/robotics/final_ws/install/warehouse_interfaces/include/warehouse_interfaces/warehouse_interfaces/action/detail/execute_storage_mission__rosidl_typesupport_introspection_cpp.hpp
[2.372s] -- Up-to-date symlink: /home/agonb/Desktop/Robotica1-26/robotics/final_ws/install/warehouse_interfaces/include/warehouse_interfaces/warehouse_interfaces/msg/detail/detected_product__rosidl_typesupport_introspection_cpp.hpp
[2.372s] -- Up-to-date symlink: /home/agonb/Desktop/Robotica1-26/robotics/final_ws/install/warehouse_interfaces/include/warehouse_interfaces/warehouse_interfaces/msg/detail/product_record__rosidl_typesupport_introspection_cpp.hpp
[2.372s] -- Up-to-date symlink: /home/agonb/Desktop/Robotica1-26/robotics/final_ws/install/warehouse_interfaces/include/warehouse_interfaces/warehouse_interfaces/msg/detail/storage_location__rosidl_typesupport_introspection_cpp.hpp
[2.373s] -- Up-to-date symlink: /home/agonb/Desktop/Robotica1-26/robotics/final_ws/install/warehouse_interfaces/include/warehouse_interfaces/warehouse_interfaces/srv/detail/assign_storage_location__rosidl_typesupport_introspection_cpp.hpp
[2.373s] -- Up-to-date symlink: /home/agonb/Desktop/Robotica1-26/robotics/final_ws/install/warehouse_interfaces/include/warehouse_interfaces/warehouse_interfaces/srv/detail/place_product__rosidl_typesupport_introspection_cpp.hpp
[2.373s] -- Up-to-date symlink: /home/agonb/Desktop/Robotica1-26/robotics/final_ws/install/warehouse_interfaces/include/warehouse_interfaces/warehouse_interfaces/srv/detail/register_product__rosidl_typesupport_introspection_cpp.hpp
[2.373s] -- Up-to-date symlink: /home/agonb/Desktop/Robotica1-26/robotics/final_ws/install/warehouse_interfaces/include/warehouse_interfaces/warehouse_interfaces/srv/detail/update_inventory__rosidl_typesupport_introspection_cpp.hpp
[2.374s] -- Up-to-date symlink: /home/agonb/Desktop/Robotica1-26/robotics/final_ws/install/warehouse_interfaces/share/warehouse_interfaces/environment/pythonpath.sh
[2.374s] -- Up-to-date symlink: /home/agonb/Desktop/Robotica1-26/robotics/final_ws/install/warehouse_interfaces/share/warehouse_interfaces/environment/pythonpath.dsv
[2.375s] -- Up-to-date symlink: /home/agonb/Desktop/Robotica1-26/robotics/final_ws/install/warehouse_interfaces/lib/python3.12/site-packages/warehouse_interfaces-0.1.0-py3.12.egg-info/PKG-INFO
[2.375s] -- Up-to-date symlink: /home/agonb/Desktop/Robotica1-26/robotics/final_ws/install/warehouse_interfaces/lib/python3.12/site-packages/warehouse_interfaces-0.1.0-py3.12.egg-info/SOURCES.txt
[2.375s] -- Up-to-date symlink: /home/agonb/Desktop/Robotica1-26/robotics/final_ws/install/warehouse_interfaces/lib/python3.12/site-packages/warehouse_interfaces-0.1.0-py3.12.egg-info/dependency_links.txt
[2.376s] -- Up-to-date symlink: /home/agonb/Desktop/Robotica1-26/robotics/final_ws/install/warehouse_interfaces/lib/python3.12/site-packages/warehouse_interfaces-0.1.0-py3.12.egg-info/top_level.txt
[2.376s] -- Up-to-date symlink: /home/agonb/Desktop/Robotica1-26/robotics/final_ws/install/warehouse_interfaces/lib/python3.12/site-packages/warehouse_interfaces/__init__.py
[2.376s] -- Up-to-date symlink: /home/agonb/Desktop/Robotica1-26/robotics/final_ws/install/warehouse_interfaces/lib/python3.12/site-packages/warehouse_interfaces/_warehouse_interfaces_s.ep.rosidl_typesupport_c.c
[2.376s] -- Up-to-date symlink: /home/agonb/Desktop/Robotica1-26/robotics/final_ws/install/warehouse_interfaces/lib/python3.12/site-packages/warehouse_interfaces/_warehouse_interfaces_s.ep.rosidl_typesupport_fastrtps_c.c
[2.377s] -- Up-to-date symlink: /home/agonb/Desktop/Robotica1-26/robotics/final_ws/install/warehouse_interfaces/lib/python3.12/site-packages/warehouse_interfaces/_warehouse_interfaces_s.ep.rosidl_typesupport_introspection_c.c
[2.377s] -- Up-to-date symlink: /home/agonb/Desktop/Robotica1-26/robotics/final_ws/install/warehouse_interfaces/lib/python3.12/site-packages/warehouse_interfaces/action/__init__.py
[2.377s] -- Up-to-date symlink: /home/agonb/Desktop/Robotica1-26/robotics/final_ws/install/warehouse_interfaces/lib/python3.12/site-packages/warehouse_interfaces/action/_execute_storage_mission.py
[2.377s] -- Up-to-date symlink: /home/agonb/Desktop/Robotica1-26/robotics/final_ws/install/warehouse_interfaces/lib/python3.12/site-packages/warehouse_interfaces/action/_execute_storage_mission_s.c
[2.377s] -- Up-to-date symlink: /home/agonb/Desktop/Robotica1-26/robotics/final_ws/install/warehouse_interfaces/lib/python3.12/site-packages/warehouse_interfaces/msg/__init__.py
[2.377s] -- Up-to-date symlink: /home/agonb/Desktop/Robotica1-26/robotics/final_ws/install/warehouse_interfaces/lib/python3.12/site-packages/warehouse_interfaces/msg/_detected_product.py
[2.377s] -- Up-to-date symlink: /home/agonb/Desktop/Robotica1-26/robotics/final_ws/install/warehouse_interfaces/lib/python3.12/site-packages/warehouse_interfaces/msg/_detected_product_s.c
[2.378s] -- Up-to-date symlink: /home/agonb/Desktop/Robotica1-26/robotics/final_ws/install/warehouse_interfaces/lib/python3.12/site-packages/warehouse_interfaces/msg/_product_record.py
[2.378s] -- Up-to-date symlink: /home/agonb/Desktop/Robotica1-26/robotics/final_ws/install/warehouse_interfaces/lib/python3.12/site-packages/warehouse_interfaces/msg/_product_record_s.c
[2.379s] -- Up-to-date symlink: /home/agonb/Desktop/Robotica1-26/robotics/final_ws/install/warehouse_interfaces/lib/python3.12/site-packages/warehouse_interfaces/msg/_storage_location.py
[2.379s] -- Up-to-date symlink: /home/agonb/Desktop/Robotica1-26/robotics/final_ws/install/warehouse_interfaces/lib/python3.12/site-packages/warehouse_interfaces/msg/_storage_location_s.c
[2.379s] -- Up-to-date symlink: /home/agonb/Desktop/Robotica1-26/robotics/final_ws/install/warehouse_interfaces/lib/python3.12/site-packages/warehouse_interfaces/srv/__init__.py
[2.379s] -- Up-to-date symlink: /home/agonb/Desktop/Robotica1-26/robotics/final_ws/install/warehouse_interfaces/lib/python3.12/site-packages/warehouse_interfaces/srv/_assign_storage_location.py
[2.380s] -- Up-to-date symlink: /home/agonb/Desktop/Robotica1-26/robotics/final_ws/install/warehouse_interfaces/lib/python3.12/site-packages/warehouse_interfaces/srv/_assign_storage_location_s.c
[2.380s] -- Up-to-date symlink: /home/agonb/Desktop/Robotica1-26/robotics/final_ws/install/warehouse_interfaces/lib/python3.12/site-packages/warehouse_interfaces/srv/_place_product.py
[2.381s] -- Up-to-date symlink: /home/agonb/Desktop/Robotica1-26/robotics/final_ws/install/warehouse_interfaces/lib/python3.12/site-packages/warehouse_interfaces/srv/_place_product_s.c
[2.381s] -- Up-to-date symlink: /home/agonb/Desktop/Robotica1-26/robotics/final_ws/install/warehouse_interfaces/lib/python3.12/site-packages/warehouse_interfaces/srv/_register_product.py
[2.381s] -- Up-to-date symlink: /home/agonb/Desktop/Robotica1-26/robotics/final_ws/install/warehouse_interfaces/lib/python3.12/site-packages/warehouse_interfaces/srv/_register_product_s.c
[2.381s] -- Up-to-date symlink: /home/agonb/Desktop/Robotica1-26/robotics/final_ws/install/warehouse_interfaces/lib/python3.12/site-packages/warehouse_interfaces/srv/_update_inventory.py
[2.381s] -- Up-to-date symlink: /home/agonb/Desktop/Robotica1-26/robotics/final_ws/install/warehouse_interfaces/lib/python3.12/site-packages/warehouse_interfaces/srv/_update_inventory_s.c
[2.381s] -- Up-to-date symlink: /home/agonb/Desktop/Robotica1-26/robotics/final_ws/install/warehouse_interfaces/lib/python3.12/site-packages/warehouse_interfaces/warehouse_interfaces_s__rosidl_typesupport_c.so
[2.381s] -- Up-to-date symlink: /home/agonb/Desktop/Robotica1-26/robotics/final_ws/install/warehouse_interfaces/lib/python3.12/site-packages/warehouse_interfaces/warehouse_interfaces_s__rosidl_typesupport_fastrtps_c.so
[2.382s] -- Up-to-date symlink: /home/agonb/Desktop/Robotica1-26/robotics/final_ws/install/warehouse_interfaces/lib/python3.12/site-packages/warehouse_interfaces/warehouse_interfaces_s__rosidl_typesupport_introspection_c.so
[2.382s] -- Up-to-date symlink: /home/agonb/Desktop/Robotica1-26/robotics/final_ws/install/warehouse_interfaces/lib/python3.12/site-packages/warehouse_interfaces/warehouse_interfaces_s__rosidl_typesupport_fastrtps_c.so
[2.382s] -- Up-to-date symlink: /home/agonb/Desktop/Robotica1-26/robotics/final_ws/install/warehouse_interfaces/lib/python3.12/site-packages/warehouse_interfaces/warehouse_interfaces_s__rosidl_typesupport_introspection_c.so
[2.383s] -- Up-to-date symlink: /home/agonb/Desktop/Robotica1-26/robotics/final_ws/install/warehouse_interfaces/lib/python3.12/site-packages/warehouse_interfaces/warehouse_interfaces_s__rosidl_typesupport_c.so
[2.383s] -- Up-to-date symlink: /home/agonb/Desktop/Robotica1-26/robotics/final_ws/install/warehouse_interfaces/share/ament_index/resource_index/rust_packages/warehouse_interfaces
[2.386s] -- Up-to-date symlink: /home/agonb/Desktop/Robotica1-26/robotics/final_ws/install/warehouse_interfaces/share/warehouse_interfaces/rust/Cargo.toml
[2.386s] -- Up-to-date symlink: /home/agonb/Desktop/Robotica1-26/robotics/final_ws/install/warehouse_interfaces/share/warehouse_interfaces/rust/build.rs
[2.386s] -- Up-to-date symlink: /home/agonb/Desktop/Robotica1-26/robotics/final_ws/install/warehouse_interfaces/share/warehouse_interfaces/rust/src/action.rs
[2.387s] -- Up-to-date symlink: /home/agonb/Desktop/Robotica1-26/robotics/final_ws/install/warehouse_interfaces/share/warehouse_interfaces/rust/src/action/rmw.rs
[2.387s] -- Up-to-date symlink: /home/agonb/Desktop/Robotica1-26/robotics/final_ws/install/warehouse_interfaces/share/warehouse_interfaces/rust/src/lib.rs
[2.387s] -- Up-to-date symlink: /home/agonb/Desktop/Robotica1-26/robotics/final_ws/install/warehouse_interfaces/share/warehouse_interfaces/rust/src/msg.rs
[2.388s] -- Up-to-date symlink: /home/agonb/Desktop/Robotica1-26/robotics/final_ws/install/warehouse_interfaces/share/warehouse_interfaces/rust/src/msg/rmw.rs
[2.388s] -- Up-to-date symlink: /home/agonb/Desktop/Robotica1-26/robotics/final_ws/install/warehouse_interfaces/share/warehouse_interfaces/rust/src/srv.rs
[2.388s] -- Up-to-date symlink: /home/agonb/Desktop/Robotica1-26/robotics/final_ws/install/warehouse_interfaces/share/warehouse_interfaces/rust/src/srv/rmw.rs
[2.388s] -- Up-to-date symlink: /home/agonb/Desktop/Robotica1-26/robotics/final_ws/install/warehouse_interfaces/share/warehouse_interfaces/msg/DetectedProduct.idl
[2.389s] -- Up-to-date symlink: /home/agonb/Desktop/Robotica1-26/robotics/final_ws/install/warehouse_interfaces/share/warehouse_interfaces/msg/ProductRecord.idl
[2.390s] -- Up-to-date symlink: /home/agonb/Desktop/Robotica1-26/robotics/final_ws/install/warehouse_interfaces/share/warehouse_interfaces/msg/StorageLocation.idl
[2.392s] -- Up-to-date symlink: /home/agonb/Desktop/Robotica1-26/robotics/final_ws/install/warehouse_interfaces/share/warehouse_interfaces/srv/RegisterProduct.idl
[2.392s] -- Up-to-date symlink: /home/agonb/Desktop/Robotica1-26/robotics/final_ws/install/warehouse_interfaces/share/warehouse_interfaces/srv/AssignStorageLocation.idl
[2.392s] -- Up-to-date symlink: /home/agonb/Desktop/Robotica1-26/robotics/final_ws/install/warehouse_interfaces/share/warehouse_interfaces/srv/UpdateInventory.idl
[2.392s] -- Up-to-date symlink: /home/agonb/Desktop/Robotica1-26/robotics/final_ws/install/warehouse_interfaces/share/warehouse_interfaces/srv/PlaceProduct.idl
[2.393s] -- Up-to-date symlink: /home/agonb/Desktop/Robotica1-26/robotics/final_ws/install/warehouse_interfaces/share/warehouse_interfaces/action/ExecuteStorageMission.idl
[2.393s] -- Up-to-date symlink: /home/agonb/Desktop/Robotica1-26/robotics/final_ws/install/warehouse_interfaces/share/warehouse_interfaces/msg/DetectedProduct.msg
[2.394s] -- Up-to-date symlink: /home/agonb/Desktop/Robotica1-26/robotics/final_ws/install/warehouse_interfaces/share/warehouse_interfaces/msg/ProductRecord.msg
[2.395s] -- Up-to-date symlink: /home/agonb/Desktop/Robotica1-26/robotics/final_ws/install/warehouse_interfaces/share/warehouse_interfaces/msg/StorageLocation.msg
[2.396s] -- Up-to-date symlink: /home/agonb/Desktop/Robotica1-26/robotics/final_ws/install/warehouse_interfaces/share/warehouse_interfaces/srv/RegisterProduct.srv
[2.397s] -- Up-to-date symlink: /home/agonb/Desktop/Robotica1-26/robotics/final_ws/install/warehouse_interfaces/share/warehouse_interfaces/srv/AssignStorageLocation.srv
[2.397s] -- Up-to-date symlink: /home/agonb/Desktop/Robotica1-26/robotics/final_ws/install/warehouse_interfaces/share/warehouse_interfaces/srv/UpdateInventory.srv
[2.397s] -- Up-to-date symlink: /home/agonb/Desktop/Robotica1-26/robotics/final_ws/install/warehouse_interfaces/share/warehouse_interfaces/srv/PlaceProduct.srv
[2.398s] -- Up-to-date symlink: /home/agonb/Desktop/Robotica1-26/robotics/final_ws/install/warehouse_interfaces/share/warehouse_interfaces/action/ExecuteStorageMission.action
[2.399s] -- Up-to-date symlink: /home/agonb/Desktop/Robotica1-26/robotics/final_ws/install/warehouse_interfaces/share/ament_index/resource_index/package_run_dependencies/warehouse_interfaces
[2.399s] -- Up-to-date symlink: /home/agonb/Desktop/Robotica1-26/robotics/final_ws/install/warehouse_interfaces/share/ament_index/resource_index/parent_prefix_path/warehouse_interfaces
[2.400s] -- Up-to-date symlink: /home/agonb/Desktop/Robotica1-26/robotics/final_ws/install/warehouse_interfaces/share/warehouse_interfaces/environment/ament_prefix_path.sh
[2.401s] -- Up-to-date symlink: /home/agonb/Desktop/Robotica1-26/robotics/final_ws/install/warehouse_interfaces/share/warehouse_interfaces/environment/ament_prefix_path.dsv
[2.402s] -- Up-to-date symlink: /home/agonb/Desktop/Robotica1-26/robotics/final_ws/install/warehouse_interfaces/share/warehouse_interfaces/environment/path.sh
[2.403s] -- Up-to-date symlink: /home/agonb/Desktop/Robotica1-26/robotics/final_ws/install/warehouse_interfaces/share/warehouse_interfaces/environment/path.dsv
[2.403s] -- Up-to-date symlink: /home/agonb/Desktop/Robotica1-26/robotics/final_ws/install/warehouse_interfaces/share/warehouse_interfaces/local_setup.bash
[2.404s] -- Up-to-date symlink: /home/agonb/Desktop/Robotica1-26/robotics/final_ws/install/warehouse_interfaces/share/warehouse_interfaces/local_setup.sh
[2.404s] -- Up-to-date symlink: /home/agonb/Desktop/Robotica1-26/robotics/final_ws/install/warehouse_interfaces/share/warehouse_interfaces/local_setup.zsh
[2.404s] -- Up-to-date symlink: /home/agonb/Desktop/Robotica1-26/robotics/final_ws/install/warehouse_interfaces/share/warehouse_interfaces/local_setup.dsv
[2.405s] -- Symlinking: /home/agonb/Desktop/Robotica1-26/robotics/final_ws/install/warehouse_interfaces/share/warehouse_interfaces/package.dsv
[2.405s] -- Up-to-date symlink: /home/agonb/Desktop/Robotica1-26/robotics/final_ws/install/warehouse_interfaces/share/ament_index/resource_index/packages/warehouse_interfaces
[2.405s] -- Up-to-date symlink: /home/agonb/Desktop/Robotica1-26/robotics/final_ws/install/warehouse_interfaces/share/warehouse_interfaces/cmake/rosidl_cmake-extras.cmake
[2.407s] -- Up-to-date symlink: /home/agonb/Desktop/Robotica1-26/robotics/final_ws/install/warehouse_interfaces/share/warehouse_interfaces/cmake/ament_cmake_export_dependencies-extras.cmake
[2.407s] -- Up-to-date symlink: /home/agonb/Desktop/Robotica1-26/robotics/final_ws/install/warehouse_interfaces/share/warehouse_interfaces/cmake/ament_cmake_export_include_directories-extras.cmake
[2.407s] -- Up-to-date symlink: /home/agonb/Desktop/Robotica1-26/robotics/final_ws/install/warehouse_interfaces/share/warehouse_interfaces/cmake/ament_cmake_export_libraries-extras.cmake
[2.407s] -- Up-to-date symlink: /home/agonb/Desktop/Robotica1-26/robotics/final_ws/install/warehouse_interfaces/share/warehouse_interfaces/cmake/ament_cmake_export_targets-extras.cmake
[2.407s] -- Up-to-date symlink: /home/agonb/Desktop/Robotica1-26/robotics/final_ws/install/warehouse_interfaces/share/warehouse_interfaces/cmake/rosidl_cmake_export_typesupport_targets-extras.cmake
[2.408s] -- Up-to-date symlink: /home/agonb/Desktop/Robotica1-26/robotics/final_ws/install/warehouse_interfaces/share/warehouse_interfaces/cmake/rosidl_cmake_export_typesupport_libraries-extras.cmake
[2.408s] -- Up-to-date symlink: /home/agonb/Desktop/Robotica1-26/robotics/final_ws/install/warehouse_interfaces/share/warehouse_interfaces/cmake/rosidl_cmake_aggregate_target-extras.cmake
[2.408s] -- Up-to-date symlink: /home/agonb/Desktop/Robotica1-26/robotics/final_ws/install/warehouse_interfaces/share/warehouse_interfaces/cmake/warehouse_interfacesConfig.cmake
[2.408s] -- Up-to-date symlink: /home/agonb/Desktop/Robotica1-26/robotics/final_ws/install/warehouse_interfaces/share/warehouse_interfaces/cmake/warehouse_interfacesConfig-version.cmake
[2.408s] -- Up-to-date symlink: /home/agonb/Desktop/Robotica1-26/robotics/final_ws/install/warehouse_interfaces/share/warehouse_interfaces/package.xml
[2.408s] -- Up-to-date: /home/agonb/Desktop/Robotica1-26/robotics/final_ws/install/warehouse_interfaces/lib/libwarehouse_interfaces__rosidl_generator_c.so
[2.408s] -- Up-to-date: /home/agonb/Desktop/Robotica1-26/robotics/final_ws/install/warehouse_interfaces/lib/libwarehouse_interfaces__rosidl_typesupport_fastrtps_c.so
[2.409s] -- Up-to-date: /home/agonb/Desktop/Robotica1-26/robotics/final_ws/install/warehouse_interfaces/lib/libwarehouse_interfaces__rosidl_typesupport_introspection_c.so
[2.409s] -- Up-to-date: /home/agonb/Desktop/Robotica1-26/robotics/final_ws/install/warehouse_interfaces/lib/libwarehouse_interfaces__rosidl_typesupport_c.so
[2.409s] -- Up-to-date: /home/agonb/Desktop/Robotica1-26/robotics/final_ws/install/warehouse_interfaces/lib/libwarehouse_interfaces__rosidl_typesupport_fastrtps_cpp.so
[2.409s] -- Up-to-date: /home/agonb/Desktop/Robotica1-26/robotics/final_ws/install/warehouse_interfaces/lib/libwarehouse_interfaces__rosidl_typesupport_introspection_cpp.so
[2.409s] -- Up-to-date: /home/agonb/Desktop/Robotica1-26/robotics/final_ws/install/warehouse_interfaces/lib/libwarehouse_interfaces__rosidl_typesupport_cpp.so
[2.478s] Listing '/home/agonb/Desktop/Robotica1-26/robotics/final_ws/install/warehouse_interfaces/lib/python3.12/site-packages/warehouse_interfaces'...
[2.478s] Listing '/home/agonb/Desktop/Robotica1-26/robotics/final_ws/install/warehouse_interfaces/lib/python3.12/site-packages/warehouse_interfaces/action'...
[2.479s] Listing '/home/agonb/Desktop/Robotica1-26/robotics/final_ws/install/warehouse_interfaces/lib/python3.12/site-packages/warehouse_interfaces/msg'...
[2.479s] Listing '/home/agonb/Desktop/Robotica1-26/robotics/final_ws/install/warehouse_interfaces/lib/python3.12/site-packages/warehouse_interfaces/srv'...
[2.489s] -- Up-to-date: /home/agonb/Desktop/Robotica1-26/robotics/final_ws/install/warehouse_interfaces/lib/libwarehouse_interfaces__rosidl_generator_py.so
[2.491s] -- Up-to-date: /home/agonb/Desktop/Robotica1-26/robotics/final_ws/install/warehouse_interfaces/share/warehouse_interfaces/cmake/export_warehouse_interfaces__rosidl_generator_cExport.cmake
[2.491s] -- Up-to-date: /home/agonb/Desktop/Robotica1-26/robotics/final_ws/install/warehouse_interfaces/share/warehouse_interfaces/cmake/export_warehouse_interfaces__rosidl_generator_cExport-noconfig.cmake
[2.491s] -- Up-to-date: /home/agonb/Desktop/Robotica1-26/robotics/final_ws/install/warehouse_interfaces/share/warehouse_interfaces/cmake/export_warehouse_interfaces__rosidl_typesupport_fastrtps_cExport.cmake
[2.492s] -- Up-to-date: /home/agonb/Desktop/Robotica1-26/robotics/final_ws/install/warehouse_interfaces/share/warehouse_interfaces/cmake/export_warehouse_interfaces__rosidl_typesupport_fastrtps_cExport-noconfig.cmake
[2.494s] -- Up-to-date: /home/agonb/Desktop/Robotica1-26/robotics/final_ws/install/warehouse_interfaces/share/warehouse_interfaces/cmake/warehouse_interfaces__rosidl_typesupport_introspection_cExport.cmake
[2.494s] -- Up-to-date: /home/agonb/Desktop/Robotica1-26/robotics/final_ws/install/warehouse_interfaces/share/warehouse_interfaces/cmake/warehouse_interfaces__rosidl_typesupport_introspection_cExport-noconfig.cmake
[2.494s] -- Up-to-date: /home/agonb/Desktop/Robotica1-26/robotics/final_ws/install/warehouse_interfaces/share/warehouse_interfaces/cmake/warehouse_interfaces__rosidl_typesupport_cExport.cmake
[2.494s] -- Up-to-date: /home/agonb/Desktop/Robotica1-26/robotics/final_ws/install/warehouse_interfaces/share/warehouse_interfaces/cmake/warehouse_interfaces__rosidl_typesupport_cExport-noconfig.cmake
[2.494s] -- Up-to-date: /home/agonb/Desktop/Robotica1-26/robotics/final_ws/install/warehouse_interfaces/share/warehouse_interfaces/cmake/export_warehouse_interfaces__rosidl_generator_cppExport.cmake
[2.494s] -- Up-to-date: /home/agonb/Desktop/Robotica1-26/robotics/final_ws/install/warehouse_interfaces/share/warehouse_interfaces/cmake/export_warehouse_interfaces__rosidl_typesupport_fastrtps_cppExport.cmake
[2.494s] -- Up-to-date: /home/agonb/Desktop/Robotica1-26/robotics/final_ws/install/warehouse_interfaces/share/warehouse_interfaces/cmake/export_warehouse_interfaces__rosidl_typesupport_fastrtps_cppExport-noconfig.cmake
[2.494s] -- Up-to-date: /home/agonb/Desktop/Robotica1-26/robotics/final_ws/install/warehouse_interfaces/share/warehouse_interfaces/cmake/warehouse_interfaces__rosidl_typesupport_introspection_cppExport.cmake
[2.494s] -- Up-to-date: /home/agonb/Desktop/Robotica1-26/robotics/final_ws/install/warehouse_interfaces/share/warehouse_interfaces/cmake/warehouse_interfaces__rosidl_typesupport_introspection_cppExport-noconfig.cmake
[2.494s] -- Up-to-date: /home/agonb/Desktop/Robotica1-26/robotics/final_ws/install/warehouse_interfaces/share/warehouse_interfaces/cmake/warehouse_interfaces__rosidl_typesupport_cppExport.cmake
[2.494s] -- Up-to-date: /home/agonb/Desktop/Robotica1-26/robotics/final_ws/install/warehouse_interfaces/share/warehouse_interfaces/cmake/warehouse_interfaces__rosidl_typesupport_cppExport-noconfig.cmake
[2.494s] -- Up-to-date: /home/agonb/Desktop/Robotica1-26/robotics/final_ws/install/warehouse_interfaces/share/warehouse_interfaces/cmake/export_warehouse_interfaces__rosidl_generator_pyExport.cmake
[2.494s] -- Up-to-date: /home/agonb/Desktop/Robotica1-26/robotics/final_ws/install/warehouse_interfaces/share/warehouse_interfaces/cmake/export_warehouse_interfaces__rosidl_generator_pyExport-noconfig.cmake
[2.501s] Invoked command in '/home/agonb/Desktop/Robotica1-26/robotics/final_ws/build/warehouse_interfaces' returned '0': CMAKE_PREFIX_PATH=/opt/ros/jazzy:${CMAKE_PREFIX_PATH} DEBUGINFOD_URLS=https://debuginfod.ubuntu.com /usr/bin/cmake --install /home/agonb/Desktop/Robotica1-26/robotics/final_ws/build/warehouse_interfaces
