-- Install configuration: ""
-- Execute custom install script
-- Up-to-date symlink: /home/agonb/Desktop/Robotica1-26/robotics/final_ws/install/warehouse_gazebo/share/warehouse_gazebo/worlds/warehouse_level2.world
-- Up-to-date symlink: /home/agonb/Desktop/Robotica1-26/robotics/final_ws/install/warehouse_gazebo/share/warehouse_gazebo/models/conveyor_belt/model.config
-- Up-to-date symlink: /home/agonb/Desktop/Robotica1-26/robotics/final_ws/install/warehouse_gazebo/share/warehouse_gazebo/models/conveyor_belt/model.sdf
-- Up-to-date symlink: /home/agonb/Desktop/Robotica1-26/robotics/final_ws/install/warehouse_gazebo/share/warehouse_gazebo/models/product_box/materials/textures/aruco_1.png
-- Up-to-date symlink: /home/agonb/Desktop/Robotica1-26/robotics/final_ws/install/warehouse_gazebo/share/warehouse_gazebo/models/product_box/model.config
-- Up-to-date symlink: /home/agonb/Desktop/Robotica1-26/robotics/final_ws/install/warehouse_gazebo/share/warehouse_gazebo/models/product_box/model.sdf
-- Up-to-date symlink: /home/agonb/Desktop/Robotica1-26/robotics/final_ws/install/warehouse_gazebo/share/warehouse_gazebo/models/shelf/model.config
-- Up-to-date symlink: /home/agonb/Desktop/Robotica1-26/robotics/final_ws/install/warehouse_gazebo/share/warehouse_gazebo/models/shelf/model.sdf
-- Symlinking: /home/agonb/Desktop/Robotica1-26/robotics/final_ws/install/warehouse_gazebo/share/warehouse_gazebo/launch/__pycache__/warehouse.launch.cpython-312.pyc
-- Up-to-date symlink: /home/agonb/Desktop/Robotica1-26/robotics/final_ws/install/warehouse_gazebo/share/warehouse_gazebo/launch/warehouse.launch.py
-- Up-to-date symlink: /home/agonb/Desktop/Robotica1-26/robotics/final_ws/install/warehouse_gazebo/lib/warehouse_gazebo/conveyor_spawner.py
-- Up-to-date symlink: /home/agonb/Desktop/Robotica1-26/robotics/final_ws/install/warehouse_gazebo/share/ament_index/resource_index/package_run_dependencies/warehouse_gazebo
-- Up-to-date symlink: /home/agonb/Desktop/Robotica1-26/robotics/final_ws/install/warehouse_gazebo/share/ament_index/resource_index/parent_prefix_path/warehouse_gazebo
-- Up-to-date symlink: /home/agonb/Desktop/Robotica1-26/robotics/final_ws/install/warehouse_gazebo/share/warehouse_gazebo/environment/ament_prefix_path.sh
-- Up-to-date symlink: /home/agonb/Desktop/Robotica1-26/robotics/final_ws/install/warehouse_gazebo/share/warehouse_gazebo/environment/ament_prefix_path.dsv
-- Up-to-date symlink: /home/agonb/Desktop/Robotica1-26/robotics/final_ws/install/warehouse_gazebo/share/warehouse_gazebo/environment/path.sh
-- Up-to-date symlink: /home/agonb/Desktop/Robotica1-26/robotics/final_ws/install/warehouse_gazebo/share/warehouse_gazebo/environment/path.dsv
-- Up-to-date symlink: /home/agonb/Desktop/Robotica1-26/robotics/final_ws/install/warehouse_gazebo/share/warehouse_gazebo/local_setup.bash
-- Up-to-date symlink: /home/agonb/Desktop/Robotica1-26/robotics/final_ws/install/warehouse_gazebo/share/warehouse_gazebo/local_setup.sh
-- Up-to-date symlink: /home/agonb/Desktop/Robotica1-26/robotics/final_ws/install/warehouse_gazebo/share/warehouse_gazebo/local_setup.zsh
-- Up-to-date symlink: /home/agonb/Desktop/Robotica1-26/robotics/final_ws/install/warehouse_gazebo/share/warehouse_gazebo/local_setup.dsv
-- Symlinking: /home/agonb/Desktop/Robotica1-26/robotics/final_ws/install/warehouse_gazebo/share/warehouse_gazebo/package.dsv
-- Up-to-date symlink: /home/agonb/Desktop/Robotica1-26/robotics/final_ws/install/warehouse_gazebo/share/ament_index/resource_index/packages/warehouse_gazebo
-- Up-to-date symlink: /home/agonb/Desktop/Robotica1-26/robotics/final_ws/install/warehouse_gazebo/share/warehouse_gazebo/cmake/warehouse_gazeboConfig.cmake
-- Up-to-date symlink: /home/agonb/Desktop/Robotica1-26/robotics/final_ws/install/warehouse_gazebo/share/warehouse_gazebo/cmake/warehouse_gazeboConfig-version.cmake
-- Up-to-date symlink: /home/agonb/Desktop/Robotica1-26/robotics/final_ws/install/warehouse_gazebo/share/warehouse_gazebo/package.xml
