-- Found ament_cmake: 2.5.6 (/opt/ros/jazzy/share/ament_cmake/cmake)
-- Override CMake install command with custom implementation using symlinks instead of copying resources
-- Found urdf: 2.10.1 (/opt/ros/jazzy/share/urdf/cmake)
-- Found TinyXML2 via Config file: /usr/lib/x86_64-linux-gnu/cmake/tinyxml2
-- Found xacro: 2.1.1 (/opt/ros/jazzy/share/xacro/cmake)
-- Found robot_state_publisher: 3.3.4 (/opt/ros/jazzy/share/robot_state_publisher/cmake)
-- Found rosidl_generator_c: 4.6.9 (/opt/ros/jazzy/share/rosidl_generator_c/cmake)
-- Found rosidl_generator_cpp: 4.6.9 (/opt/ros/jazzy/share/rosidl_generator_cpp/cmake)
-- Using all available rosidl_typesupport_c: rosidl_typesupport_fastrtps_c;rosidl_typesupport_introspection_c
-- Using all available rosidl_typesupport_cpp: rosidl_typesupport_fastrtps_cpp;rosidl_typesupport_introspection_cpp
-- Found rmw_implementation_cmake: 7.3.3 (/opt/ros/jazzy/share/rmw_implementation_cmake/cmake)
-- Found rmw_fastrtps_cpp: 8.4.4 (/opt/ros/jazzy/share/rmw_fastrtps_cpp/cmake)
-- Found TinyXML2 via Config file: /usr/lib/x86_64-linux-gnu/cmake/tinyxml2
-- Found TinyXML2 via Config file: /usr/lib/x86_64-linux-gnu/cmake/tinyxml2
-- Found TinyXML2 via Config file: /usr/lib/x86_64-linux-gnu/cmake/tinyxml2
-- Found TinyXML2 via Config file: /usr/lib/x86_64-linux-gnu/cmake/tinyxml2
-- Using RMW implementation 'rmw_fastrtps_cpp' as default
-- Found rviz2: 14.1.22 (/opt/ros/jazzy/share/rviz2/cmake)
-- Configuring done (0.6s)
-- Generating done (0.0s)
-- Build files have been written to: /home/agonb/Desktop/Robotica1-26/robotics/final_ws/build/warehouse_robot_description
-- Install configuration: ""
-- Execute custom install script
-- Symlinking: /home/agonb/Desktop/Robotica1-26/robotics/final_ws/install/warehouse_robot_description/share/warehouse_robot_description/urdf/arm_mount.xacro
-- Symlinking: /home/agonb/Desktop/Robotica1-26/robotics/final_ws/install/warehouse_robot_description/share/warehouse_robot_description/urdf/base.xacro
-- Symlinking: /home/agonb/Desktop/Robotica1-26/robotics/final_ws/install/warehouse_robot_description/share/warehouse_robot_description/urdf/robot.urdf.xacro
-- Symlinking: /home/agonb/Desktop/Robotica1-26/robotics/final_ws/install/warehouse_robot_description/share/warehouse_robot_description/urdf/sensors.xacro
-- Symlinking: /home/agonb/Desktop/Robotica1-26/robotics/final_ws/install/warehouse_robot_description/share/warehouse_robot_description/urdf/wheels.xacro
-- Symlinking: /home/agonb/Desktop/Robotica1-26/robotics/final_ws/install/warehouse_robot_description/share/warehouse_robot_description/launch/display.launch.py
-- Symlinking: /home/agonb/Desktop/Robotica1-26/robotics/final_ws/install/warehouse_robot_description/share/warehouse_robot_description/rviz/urdf.rviz
-- Symlinking: /home/agonb/Desktop/Robotica1-26/robotics/final_ws/install/warehouse_robot_description/share/ament_index/resource_index/package_run_dependencies/warehouse_robot_description
-- Symlinking: /home/agonb/Desktop/Robotica1-26/robotics/final_ws/install/warehouse_robot_description/share/ament_index/resource_index/parent_prefix_path/warehouse_robot_description
-- Symlinking: /home/agonb/Desktop/Robotica1-26/robotics/final_ws/install/warehouse_robot_description/share/warehouse_robot_description/environment/ament_prefix_path.sh
-- Symlinking: /home/agonb/Desktop/Robotica1-26/robotics/final_ws/install/warehouse_robot_description/share/warehouse_robot_description/environment/ament_prefix_path.dsv
-- Symlinking: /home/agonb/Desktop/Robotica1-26/robotics/final_ws/install/warehouse_robot_description/share/warehouse_robot_description/environment/path.sh
-- Symlinking: /home/agonb/Desktop/Robotica1-26/robotics/final_ws/install/warehouse_robot_description/share/warehouse_robot_description/environment/path.dsv
-- Symlinking: /home/agonb/Desktop/Robotica1-26/robotics/final_ws/install/warehouse_robot_description/share/warehouse_robot_description/local_setup.bash
-- Symlinking: /home/agonb/Desktop/Robotica1-26/robotics/final_ws/install/warehouse_robot_description/share/warehouse_robot_description/local_setup.sh
-- Symlinking: /home/agonb/Desktop/Robotica1-26/robotics/final_ws/install/warehouse_robot_description/share/warehouse_robot_description/local_setup.zsh
-- Symlinking: /home/agonb/Desktop/Robotica1-26/robotics/final_ws/install/warehouse_robot_description/share/warehouse_robot_description/local_setup.dsv
-- Symlinking: /home/agonb/Desktop/Robotica1-26/robotics/final_ws/install/warehouse_robot_description/share/warehouse_robot_description/package.dsv
-- Symlinking: /home/agonb/Desktop/Robotica1-26/robotics/final_ws/install/warehouse_robot_description/share/ament_index/resource_index/packages/warehouse_robot_description
-- Symlinking: /home/agonb/Desktop/Robotica1-26/robotics/final_ws/install/warehouse_robot_description/share/warehouse_robot_description/cmake/warehouse_robot_descriptionConfig.cmake
-- Symlinking: /home/agonb/Desktop/Robotica1-26/robotics/final_ws/install/warehouse_robot_description/share/warehouse_robot_description/cmake/warehouse_robot_descriptionConfig-version.cmake
-- Symlinking: /home/agonb/Desktop/Robotica1-26/robotics/final_ws/install/warehouse_robot_description/share/warehouse_robot_description/package.xml
