[0.098s] DEBUG:colcon:Command line arguments: ['/usr/bin/colcon', 'list']
[0.098s] DEBUG:colcon:Parsed command line arguments: Namespace(log_base=None, log_level=None, verb_name='list', build_base='build', ignore_user_meta=False, metas=['./colcon.meta'], base_paths=['.'], packages_ignore=None, packages_ignore_regex=None, paths=None, packages_up_to=None, packages_up_to_regex=None, packages_above=None, packages_above_and_dependencies=None, packages_above_depth=None, packages_select_by_dep=None, packages_skip_by_dep=None, packages_skip_up_to=None, packages_select_build_failed=False, packages_skip_build_finished=False, packages_select_test_failures=False, packages_skip_test_passed=False, packages_select=None, packages_skip=None, packages_select_regex=None, packages_skip_regex=None, packages_start=None, packages_end=None, allow_overriding=[], topological_order=False, names_only=False, paths_only=False, topological_graph=False, topological_graph_dot=False, topological_graph_density=False, topological_graph_legend=False, topological_graph_dot_cluster=False, topological_graph_dot_include_skipped=False, mixin_files=None, mixin=None, verb_parser=<colcon_mixin.mixin.mixin_argument.MixinArgumentDecorator object at 0x7384a6ba7350>, verb_extension=<colcon_package_information.verb.list.ListVerb object at 0x7384a6ba6540>, main=<bound method ListVerb.main of <colcon_package_information.verb.list.ListVerb object at 0x7384a6ba6540>>, mixin_verb=('list',))
[0.140s] Level 1:colcon.colcon_core.package_discovery:discover_packages(colcon_meta) check parameters
[0.140s] Level 1:colcon.colcon_core.package_discovery:discover_packages(recursive) check parameters
[0.140s] Level 1:colcon.colcon_core.package_discovery:discover_packages(ignore) check parameters
[0.140s] Level 1:colcon.colcon_core.package_discovery:discover_packages(path) check parameters
[0.140s] Level 1:colcon.colcon_core.package_discovery:discover_packages(colcon_meta) discover
[0.140s] Level 1:colcon.colcon_core.package_discovery:discover_packages(recursive) discover
[0.140s] INFO:colcon.colcon_core.package_discovery:Crawling recursively for packages in '/home/agonb/Desktop/Robotica1-26/robotics/final_ws'
[0.141s] Level 1:colcon.colcon_core.package_identification:_identify(.) by extensions ['ignore', 'ignore_ament_install']
[0.141s] Level 1:colcon.colcon_core.package_identification:_identify(.) by extension 'ignore'
[0.141s] Level 1:colcon.colcon_core.package_identification:_identify(.) by extension 'ignore_ament_install'
[0.141s] Level 1:colcon.colcon_core.package_identification:_identify(.) by extensions ['colcon_pkg']
[0.141s] Level 1:colcon.colcon_core.package_identification:_identify(.) by extension 'colcon_pkg'
[0.141s] Level 1:colcon.colcon_core.package_identification:_identify(.) by extensions ['colcon_meta']
[0.141s] Level 1:colcon.colcon_core.package_identification:_identify(.) by extension 'colcon_meta'
[0.142s] Level 1:colcon.colcon_core.package_identification:_identify(.) by extensions ['ros']
[0.142s] Level 1:colcon.colcon_core.package_identification:_identify(.) by extension 'ros'
[0.185s] Level 1:colcon.colcon_core.package_identification:_identify(.) by extensions ['cmake', 'python']
[0.185s] Level 1:colcon.colcon_core.package_identification:_identify(.) by extension 'cmake'
[0.185s] Level 1:colcon.colcon_core.package_identification:_identify(.) by extension 'python'
[0.185s] Level 1:colcon.colcon_core.package_identification:_identify(.) by extensions ['python_setup_py']
[0.185s] Level 1:colcon.colcon_core.package_identification:_identify(.) by extension 'python_setup_py'
[0.185s] Level 1:colcon.colcon_core.package_identification:_identify(build) by extensions ['ignore', 'ignore_ament_install']
[0.185s] Level 1:colcon.colcon_core.package_identification:_identify(build) by extension 'ignore'
[0.186s] Level 1:colcon.colcon_core.package_identification:_identify(build) ignored
[0.186s] Level 1:colcon.colcon_core.package_identification:_identify(database) by extensions ['ignore', 'ignore_ament_install']
[0.186s] Level 1:colcon.colcon_core.package_identification:_identify(database) by extension 'ignore'
[0.186s] Level 1:colcon.colcon_core.package_identification:_identify(database) by extension 'ignore_ament_install'
[0.186s] Level 1:colcon.colcon_core.package_identification:_identify(database) by extensions ['colcon_pkg']
[0.186s] Level 1:colcon.colcon_core.package_identification:_identify(database) by extension 'colcon_pkg'
[0.187s] Level 1:colcon.colcon_core.package_identification:_identify(database) by extensions ['colcon_meta']
[0.187s] Level 1:colcon.colcon_core.package_identification:_identify(database) by extension 'colcon_meta'
[0.187s] Level 1:colcon.colcon_core.package_identification:_identify(database) by extensions ['ros']
[0.187s] Level 1:colcon.colcon_core.package_identification:_identify(database) by extension 'ros'
[0.187s] Level 1:colcon.colcon_core.package_identification:_identify(database) by extensions ['cmake', 'python']
[0.187s] Level 1:colcon.colcon_core.package_identification:_identify(database) by extension 'cmake'
[0.187s] Level 1:colcon.colcon_core.package_identification:_identify(database) by extension 'python'
[0.187s] Level 1:colcon.colcon_core.package_identification:_identify(database) by extensions ['python_setup_py']
[0.187s] Level 1:colcon.colcon_core.package_identification:_identify(database) by extension 'python_setup_py'
[0.187s] Level 1:colcon.colcon_core.package_identification:_identify(docs) by extensions ['ignore', 'ignore_ament_install']
[0.187s] Level 1:colcon.colcon_core.package_identification:_identify(docs) by extension 'ignore'
[0.188s] Level 1:colcon.colcon_core.package_identification:_identify(docs) by extension 'ignore_ament_install'
[0.188s] Level 1:colcon.colcon_core.package_identification:_identify(docs) by extensions ['colcon_pkg']
[0.188s] Level 1:colcon.colcon_core.package_identification:_identify(docs) by extension 'colcon_pkg'
[0.188s] Level 1:colcon.colcon_core.package_identification:_identify(docs) by extensions ['colcon_meta']
[0.188s] Level 1:colcon.colcon_core.package_identification:_identify(docs) by extension 'colcon_meta'
[0.188s] Level 1:colcon.colcon_core.package_identification:_identify(docs) by extensions ['ros']
[0.188s] Level 1:colcon.colcon_core.package_identification:_identify(docs) by extension 'ros'
[0.188s] Level 1:colcon.colcon_core.package_identification:_identify(docs) by extensions ['cmake', 'python']
[0.188s] Level 1:colcon.colcon_core.package_identification:_identify(docs) by extension 'cmake'
[0.188s] Level 1:colcon.colcon_core.package_identification:_identify(docs) by extension 'python'
[0.188s] Level 1:colcon.colcon_core.package_identification:_identify(docs) by extensions ['python_setup_py']
[0.188s] Level 1:colcon.colcon_core.package_identification:_identify(docs) by extension 'python_setup_py'
[0.188s] Level 1:colcon.colcon_core.package_identification:_identify(docs/adr) by extensions ['ignore', 'ignore_ament_install']
[0.188s] Level 1:colcon.colcon_core.package_identification:_identify(docs/adr) by extension 'ignore'
[0.189s] Level 1:colcon.colcon_core.package_identification:_identify(docs/adr) by extension 'ignore_ament_install'
[0.189s] Level 1:colcon.colcon_core.package_identification:_identify(docs/adr) by extensions ['colcon_pkg']
[0.189s] Level 1:colcon.colcon_core.package_identification:_identify(docs/adr) by extension 'colcon_pkg'
[0.189s] Level 1:colcon.colcon_core.package_identification:_identify(docs/adr) by extensions ['colcon_meta']
[0.189s] Level 1:colcon.colcon_core.package_identification:_identify(docs/adr) by extension 'colcon_meta'
[0.189s] Level 1:colcon.colcon_core.package_identification:_identify(docs/adr) by extensions ['ros']
[0.189s] Level 1:colcon.colcon_core.package_identification:_identify(docs/adr) by extension 'ros'
[0.189s] Level 1:colcon.colcon_core.package_identification:_identify(docs/adr) by extensions ['cmake', 'python']
[0.189s] Level 1:colcon.colcon_core.package_identification:_identify(docs/adr) by extension 'cmake'
[0.189s] Level 1:colcon.colcon_core.package_identification:_identify(docs/adr) by extension 'python'
[0.189s] Level 1:colcon.colcon_core.package_identification:_identify(docs/adr) by extensions ['python_setup_py']
[0.189s] Level 1:colcon.colcon_core.package_identification:_identify(docs/adr) by extension 'python_setup_py'
[0.189s] Level 1:colcon.colcon_core.package_identification:_identify(docs/audit) by extensions ['ignore', 'ignore_ament_install']
[0.189s] Level 1:colcon.colcon_core.package_identification:_identify(docs/audit) by extension 'ignore'
[0.189s] Level 1:colcon.colcon_core.package_identification:_identify(docs/audit) by extension 'ignore_ament_install'
[0.190s] Level 1:colcon.colcon_core.package_identification:_identify(docs/audit) by extensions ['colcon_pkg']
[0.190s] Level 1:colcon.colcon_core.package_identification:_identify(docs/audit) by extension 'colcon_pkg'
[0.190s] Level 1:colcon.colcon_core.package_identification:_identify(docs/audit) by extensions ['colcon_meta']
[0.190s] Level 1:colcon.colcon_core.package_identification:_identify(docs/audit) by extension 'colcon_meta'
[0.190s] Level 1:colcon.colcon_core.package_identification:_identify(docs/audit) by extensions ['ros']
[0.190s] Level 1:colcon.colcon_core.package_identification:_identify(docs/audit) by extension 'ros'
[0.190s] Level 1:colcon.colcon_core.package_identification:_identify(docs/audit) by extensions ['cmake', 'python']
[0.190s] Level 1:colcon.colcon_core.package_identification:_identify(docs/audit) by extension 'cmake'
[0.190s] Level 1:colcon.colcon_core.package_identification:_identify(docs/audit) by extension 'python'
[0.190s] Level 1:colcon.colcon_core.package_identification:_identify(docs/audit) by extensions ['python_setup_py']
[0.190s] Level 1:colcon.colcon_core.package_identification:_identify(docs/audit) by extension 'python_setup_py'
[0.190s] Level 1:colcon.colcon_core.package_identification:_identify(docs/director) by extensions ['ignore', 'ignore_ament_install']
[0.190s] Level 1:colcon.colcon_core.package_identification:_identify(docs/director) by extension 'ignore'
[0.190s] Level 1:colcon.colcon_core.package_identification:_identify(docs/director) by extension 'ignore_ament_install'
[0.190s] Level 1:colcon.colcon_core.package_identification:_identify(docs/director) by extensions ['colcon_pkg']
[0.191s] Level 1:colcon.colcon_core.package_identification:_identify(docs/director) by extension 'colcon_pkg'
[0.191s] Level 1:colcon.colcon_core.package_identification:_identify(docs/director) by extensions ['colcon_meta']
[0.191s] Level 1:colcon.colcon_core.package_identification:_identify(docs/director) by extension 'colcon_meta'
[0.191s] Level 1:colcon.colcon_core.package_identification:_identify(docs/director) by extensions ['ros']
[0.191s] Level 1:colcon.colcon_core.package_identification:_identify(docs/director) by extension 'ros'
[0.191s] Level 1:colcon.colcon_core.package_identification:_identify(docs/director) by extensions ['cmake', 'python']
[0.191s] Level 1:colcon.colcon_core.package_identification:_identify(docs/director) by extension 'cmake'
[0.191s] Level 1:colcon.colcon_core.package_identification:_identify(docs/director) by extension 'python'
[0.191s] Level 1:colcon.colcon_core.package_identification:_identify(docs/director) by extensions ['python_setup_py']
[0.191s] Level 1:colcon.colcon_core.package_identification:_identify(docs/director) by extension 'python_setup_py'
[0.192s] Level 1:colcon.colcon_core.package_identification:_identify(install) by extensions ['ignore', 'ignore_ament_install']
[0.192s] Level 1:colcon.colcon_core.package_identification:_identify(install) by extension 'ignore'
[0.192s] Level 1:colcon.colcon_core.package_identification:_identify(install) ignored
[0.192s] Level 1:colcon.colcon_core.package_identification:_identify(log) by extensions ['ignore', 'ignore_ament_install']
[0.192s] Level 1:colcon.colcon_core.package_identification:_identify(log) by extension 'ignore'
[0.192s] Level 1:colcon.colcon_core.package_identification:_identify(log) ignored
[0.192s] Level 1:colcon.colcon_core.package_identification:_identify(src) by extensions ['ignore', 'ignore_ament_install']
[0.192s] Level 1:colcon.colcon_core.package_identification:_identify(src) by extension 'ignore'
[0.193s] Level 1:colcon.colcon_core.package_identification:_identify(src) by extension 'ignore_ament_install'
[0.193s] Level 1:colcon.colcon_core.package_identification:_identify(src) by extensions ['colcon_pkg']
[0.193s] Level 1:colcon.colcon_core.package_identification:_identify(src) by extension 'colcon_pkg'
[0.193s] Level 1:colcon.colcon_core.package_identification:_identify(src) by extensions ['colcon_meta']
[0.193s] Level 1:colcon.colcon_core.package_identification:_identify(src) by extension 'colcon_meta'
[0.193s] Level 1:colcon.colcon_core.package_identification:_identify(src) by extensions ['ros']
[0.193s] Level 1:colcon.colcon_core.package_identification:_identify(src) by extension 'ros'
[0.193s] Level 1:colcon.colcon_core.package_identification:_identify(src) by extensions ['cmake', 'python']
[0.194s] Level 1:colcon.colcon_core.package_identification:_identify(src) by extension 'cmake'
[0.194s] Level 1:colcon.colcon_core.package_identification:_identify(src) by extension 'python'
[0.194s] Level 1:colcon.colcon_core.package_identification:_identify(src) by extensions ['python_setup_py']
[0.194s] Level 1:colcon.colcon_core.package_identification:_identify(src) by extension 'python_setup_py'
[0.194s] Level 1:colcon.colcon_core.package_identification:_identify(src/robot_amr_description) by extensions ['ignore', 'ignore_ament_install']
[0.194s] Level 1:colcon.colcon_core.package_identification:_identify(src/robot_amr_description) by extension 'ignore'
[0.194s] Level 1:colcon.colcon_core.package_identification:_identify(src/robot_amr_description) by extension 'ignore_ament_install'
[0.194s] Level 1:colcon.colcon_core.package_identification:_identify(src/robot_amr_description) by extensions ['colcon_pkg']
[0.194s] Level 1:colcon.colcon_core.package_identification:_identify(src/robot_amr_description) by extension 'colcon_pkg'
[0.194s] Level 1:colcon.colcon_core.package_identification:_identify(src/robot_amr_description) by extensions ['colcon_meta']
[0.194s] Level 1:colcon.colcon_core.package_identification:_identify(src/robot_amr_description) by extension 'colcon_meta'
[0.195s] Level 1:colcon.colcon_core.package_identification:_identify(src/robot_amr_description) by extensions ['ros']
[0.195s] Level 1:colcon.colcon_core.package_identification:_identify(src/robot_amr_description) by extension 'ros'
[0.200s] DEBUG:colcon.colcon_core.package_identification:Package 'src/robot_amr_description' with type 'ros.ament_cmake' and name 'robot_amr_description'
[0.200s] Level 1:colcon.colcon_core.package_identification:_identify(src/warehouse_bringup) by extensions ['ignore', 'ignore_ament_install']
[0.201s] Level 1:colcon.colcon_core.package_identification:_identify(src/warehouse_bringup) by extension 'ignore'
[0.201s] Level 1:colcon.colcon_core.package_identification:_identify(src/warehouse_bringup) by extension 'ignore_ament_install'
[0.201s] Level 1:colcon.colcon_core.package_identification:_identify(src/warehouse_bringup) by extensions ['colcon_pkg']
[0.201s] Level 1:colcon.colcon_core.package_identification:_identify(src/warehouse_bringup) by extension 'colcon_pkg'
[0.201s] Level 1:colcon.colcon_core.package_identification:_identify(src/warehouse_bringup) by extensions ['colcon_meta']
[0.201s] Level 1:colcon.colcon_core.package_identification:_identify(src/warehouse_bringup) by extension 'colcon_meta'
[0.201s] Level 1:colcon.colcon_core.package_identification:_identify(src/warehouse_bringup) by extensions ['ros']
[0.201s] Level 1:colcon.colcon_core.package_identification:_identify(src/warehouse_bringup) by extension 'ros'
[0.202s] DEBUG:colcon.colcon_core.package_identification:Package 'src/warehouse_bringup' with type 'ros.ament_cmake' and name 'warehouse_bringup'
[0.202s] Level 1:colcon.colcon_core.package_identification:_identify(src/warehouse_gazebo) by extensions ['ignore', 'ignore_ament_install']
[0.202s] Level 1:colcon.colcon_core.package_identification:_identify(src/warehouse_gazebo) by extension 'ignore'
[0.202s] Level 1:colcon.colcon_core.package_identification:_identify(src/warehouse_gazebo) by extension 'ignore_ament_install'
[0.202s] Level 1:colcon.colcon_core.package_identification:_identify(src/warehouse_gazebo) by extensions ['colcon_pkg']
[0.202s] Level 1:colcon.colcon_core.package_identification:_identify(src/warehouse_gazebo) by extension 'colcon_pkg'
[0.202s] Level 1:colcon.colcon_core.package_identification:_identify(src/warehouse_gazebo) by extensions ['colcon_meta']
[0.203s] Level 1:colcon.colcon_core.package_identification:_identify(src/warehouse_gazebo) by extension 'colcon_meta'
[0.203s] Level 1:colcon.colcon_core.package_identification:_identify(src/warehouse_gazebo) by extensions ['ros']
[0.203s] Level 1:colcon.colcon_core.package_identification:_identify(src/warehouse_gazebo) by extension 'ros'
[0.204s] DEBUG:colcon.colcon_core.package_identification:Package 'src/warehouse_gazebo' with type 'ros.ament_cmake' and name 'warehouse_gazebo'
[0.204s] Level 1:colcon.colcon_core.package_identification:_identify(src/warehouse_interfaces) by extensions ['ignore', 'ignore_ament_install']
[0.204s] Level 1:colcon.colcon_core.package_identification:_identify(src/warehouse_interfaces) by extension 'ignore'
[0.204s] Level 1:colcon.colcon_core.package_identification:_identify(src/warehouse_interfaces) by extension 'ignore_ament_install'
[0.204s] Level 1:colcon.colcon_core.package_identification:_identify(src/warehouse_interfaces) by extensions ['colcon_pkg']
[0.204s] Level 1:colcon.colcon_core.package_identification:_identify(src/warehouse_interfaces) by extension 'colcon_pkg'
[0.204s] Level 1:colcon.colcon_core.package_identification:_identify(src/warehouse_interfaces) by extensions ['colcon_meta']
[0.204s] Level 1:colcon.colcon_core.package_identification:_identify(src/warehouse_interfaces) by extension 'colcon_meta'
[0.204s] Level 1:colcon.colcon_core.package_identification:_identify(src/warehouse_interfaces) by extensions ['ros']
[0.204s] Level 1:colcon.colcon_core.package_identification:_identify(src/warehouse_interfaces) by extension 'ros'
[0.205s] DEBUG:colcon.colcon_core.package_identification:Package 'src/warehouse_interfaces' with type 'ros.ament_cmake' and name 'warehouse_interfaces'
[0.205s] Level 1:colcon.colcon_core.package_identification:_identify(src/warehouse_inventory) by extensions ['ignore', 'ignore_ament_install']
[0.205s] Level 1:colcon.colcon_core.package_identification:_identify(src/warehouse_inventory) by extension 'ignore'
[0.205s] Level 1:colcon.colcon_core.package_identification:_identify(src/warehouse_inventory) by extension 'ignore_ament_install'
[0.205s] Level 1:colcon.colcon_core.package_identification:_identify(src/warehouse_inventory) by extensions ['colcon_pkg']
[0.205s] Level 1:colcon.colcon_core.package_identification:_identify(src/warehouse_inventory) by extension 'colcon_pkg'
[0.205s] Level 1:colcon.colcon_core.package_identification:_identify(src/warehouse_inventory) by extensions ['colcon_meta']
[0.205s] Level 1:colcon.colcon_core.package_identification:_identify(src/warehouse_inventory) by extension 'colcon_meta'
[0.205s] Level 1:colcon.colcon_core.package_identification:_identify(src/warehouse_inventory) by extensions ['ros']
[0.205s] Level 1:colcon.colcon_core.package_identification:_identify(src/warehouse_inventory) by extension 'ros'
[0.206s] DEBUG:colcon.colcon_core.package_identification:Package 'src/warehouse_inventory' with type 'ros.ament_cmake' and name 'warehouse_inventory'
[0.206s] Level 1:colcon.colcon_core.package_identification:_identify(src/warehouse_manipulation) by extensions ['ignore', 'ignore_ament_install']
[0.206s] Level 1:colcon.colcon_core.package_identification:_identify(src/warehouse_manipulation) by extension 'ignore'
[0.206s] Level 1:colcon.colcon_core.package_identification:_identify(src/warehouse_manipulation) by extension 'ignore_ament_install'
[0.206s] Level 1:colcon.colcon_core.package_identification:_identify(src/warehouse_manipulation) by extensions ['colcon_pkg']
[0.206s] Level 1:colcon.colcon_core.package_identification:_identify(src/warehouse_manipulation) by extension 'colcon_pkg'
[0.206s] Level 1:colcon.colcon_core.package_identification:_identify(src/warehouse_manipulation) by extensions ['colcon_meta']
[0.206s] Level 1:colcon.colcon_core.package_identification:_identify(src/warehouse_manipulation) by extension 'colcon_meta'
[0.206s] Level 1:colcon.colcon_core.package_identification:_identify(src/warehouse_manipulation) by extensions ['ros']
[0.206s] Level 1:colcon.colcon_core.package_identification:_identify(src/warehouse_manipulation) by extension 'ros'
[0.207s] DEBUG:colcon.colcon_core.package_identification:Package 'src/warehouse_manipulation' with type 'ros.ament_cmake' and name 'warehouse_manipulation'
[0.207s] Level 1:colcon.colcon_core.package_identification:_identify(src/warehouse_moveit_config) by extensions ['ignore', 'ignore_ament_install']
[0.207s] Level 1:colcon.colcon_core.package_identification:_identify(src/warehouse_moveit_config) by extension 'ignore'
[0.207s] Level 1:colcon.colcon_core.package_identification:_identify(src/warehouse_moveit_config) by extension 'ignore_ament_install'
[0.207s] Level 1:colcon.colcon_core.package_identification:_identify(src/warehouse_moveit_config) by extensions ['colcon_pkg']
[0.207s] Level 1:colcon.colcon_core.package_identification:_identify(src/warehouse_moveit_config) by extension 'colcon_pkg'
[0.207s] Level 1:colcon.colcon_core.package_identification:_identify(src/warehouse_moveit_config) by extensions ['colcon_meta']
[0.207s] Level 1:colcon.colcon_core.package_identification:_identify(src/warehouse_moveit_config) by extension 'colcon_meta'
[0.207s] Level 1:colcon.colcon_core.package_identification:_identify(src/warehouse_moveit_config) by extensions ['ros']
[0.207s] Level 1:colcon.colcon_core.package_identification:_identify(src/warehouse_moveit_config) by extension 'ros'
[0.208s] DEBUG:colcon.colcon_core.package_identification:Package 'src/warehouse_moveit_config' with type 'ros.ament_cmake' and name 'warehouse_moveit_config'
[0.208s] Level 1:colcon.colcon_core.package_identification:_identify(src/warehouse_navigation) by extensions ['ignore', 'ignore_ament_install']
[0.208s] Level 1:colcon.colcon_core.package_identification:_identify(src/warehouse_navigation) by extension 'ignore'
[0.208s] Level 1:colcon.colcon_core.package_identification:_identify(src/warehouse_navigation) by extension 'ignore_ament_install'
[0.208s] Level 1:colcon.colcon_core.package_identification:_identify(src/warehouse_navigation) by extensions ['colcon_pkg']
[0.208s] Level 1:colcon.colcon_core.package_identification:_identify(src/warehouse_navigation) by extension 'colcon_pkg'
[0.208s] Level 1:colcon.colcon_core.package_identification:_identify(src/warehouse_navigation) by extensions ['colcon_meta']
[0.208s] Level 1:colcon.colcon_core.package_identification:_identify(src/warehouse_navigation) by extension 'colcon_meta'
[0.208s] Level 1:colcon.colcon_core.package_identification:_identify(src/warehouse_navigation) by extensions ['ros']
[0.208s] Level 1:colcon.colcon_core.package_identification:_identify(src/warehouse_navigation) by extension 'ros'
[0.209s] DEBUG:colcon.colcon_core.package_identification:Package 'src/warehouse_navigation' with type 'ros.ament_cmake' and name 'warehouse_navigation'
[0.209s] Level 1:colcon.colcon_core.package_identification:_identify(src/warehouse_perception) by extensions ['ignore', 'ignore_ament_install']
[0.209s] Level 1:colcon.colcon_core.package_identification:_identify(src/warehouse_perception) by extension 'ignore'
[0.209s] Level 1:colcon.colcon_core.package_identification:_identify(src/warehouse_perception) by extension 'ignore_ament_install'
[0.209s] Level 1:colcon.colcon_core.package_identification:_identify(src/warehouse_perception) by extensions ['colcon_pkg']
[0.210s] Level 1:colcon.colcon_core.package_identification:_identify(src/warehouse_perception) by extension 'colcon_pkg'
[0.210s] Level 1:colcon.colcon_core.package_identification:_identify(src/warehouse_perception) by extensions ['colcon_meta']
[0.210s] Level 1:colcon.colcon_core.package_identification:_identify(src/warehouse_perception) by extension 'colcon_meta'
[0.210s] Level 1:colcon.colcon_core.package_identification:_identify(src/warehouse_perception) by extensions ['ros']
[0.210s] Level 1:colcon.colcon_core.package_identification:_identify(src/warehouse_perception) by extension 'ros'
[0.211s] DEBUG:colcon.colcon_core.package_identification:Package 'src/warehouse_perception' with type 'ros.ament_cmake' and name 'warehouse_perception'
[0.211s] Level 1:colcon.colcon_core.package_identification:_identify(src/warehouse_robot_description) by extensions ['ignore', 'ignore_ament_install']
[0.211s] Level 1:colcon.colcon_core.package_identification:_identify(src/warehouse_robot_description) by extension 'ignore'
[0.211s] Level 1:colcon.colcon_core.package_identification:_identify(src/warehouse_robot_description) by extension 'ignore_ament_install'
[0.211s] Level 1:colcon.colcon_core.package_identification:_identify(src/warehouse_robot_description) by extensions ['colcon_pkg']
[0.211s] Level 1:colcon.colcon_core.package_identification:_identify(src/warehouse_robot_description) by extension 'colcon_pkg'
[0.211s] Level 1:colcon.colcon_core.package_identification:_identify(src/warehouse_robot_description) by extensions ['colcon_meta']
[0.211s] Level 1:colcon.colcon_core.package_identification:_identify(src/warehouse_robot_description) by extension 'colcon_meta'
[0.212s] Level 1:colcon.colcon_core.package_identification:_identify(src/warehouse_robot_description) by extensions ['ros']
[0.212s] Level 1:colcon.colcon_core.package_identification:_identify(src/warehouse_robot_description) by extension 'ros'
[0.212s] DEBUG:colcon.colcon_core.package_identification:Package 'src/warehouse_robot_description' with type 'ros.ament_cmake' and name 'warehouse_robot_description'
[0.212s] Level 1:colcon.colcon_core.package_identification:_identify(src/warehouse_task_manager) by extensions ['ignore', 'ignore_ament_install']
[0.213s] Level 1:colcon.colcon_core.package_identification:_identify(src/warehouse_task_manager) by extension 'ignore'
[0.213s] Level 1:colcon.colcon_core.package_identification:_identify(src/warehouse_task_manager) by extension 'ignore_ament_install'
[0.213s] Level 1:colcon.colcon_core.package_identification:_identify(src/warehouse_task_manager) by extensions ['colcon_pkg']
[0.213s] Level 1:colcon.colcon_core.package_identification:_identify(src/warehouse_task_manager) by extension 'colcon_pkg'
[0.213s] Level 1:colcon.colcon_core.package_identification:_identify(src/warehouse_task_manager) by extensions ['colcon_meta']
[0.213s] Level 1:colcon.colcon_core.package_identification:_identify(src/warehouse_task_manager) by extension 'colcon_meta'
[0.213s] Level 1:colcon.colcon_core.package_identification:_identify(src/warehouse_task_manager) by extensions ['ros']
[0.213s] Level 1:colcon.colcon_core.package_identification:_identify(src/warehouse_task_manager) by extension 'ros'
[0.213s] DEBUG:colcon.colcon_core.package_identification:Package 'src/warehouse_task_manager' with type 'ros.ament_cmake' and name 'warehouse_task_manager'
[0.213s] Level 1:colcon.colcon_core.package_discovery:discover_packages(recursive) using defaults
[0.213s] Level 1:colcon.colcon_core.package_discovery:discover_packages(ignore) discover
[0.213s] Level 1:colcon.colcon_core.package_discovery:discover_packages(ignore) using defaults
[0.213s] Level 1:colcon.colcon_core.package_discovery:discover_packages(path) discover
[0.213s] Level 1:colcon.colcon_core.package_discovery:discover_packages(path) using defaults
