-- Found ament_cmake: 2.5.6 (/opt/ros/jazzy/share/ament_cmake/cmake)
-- Override CMake install command with custom implementation using symlinks instead of copying resources
-- Found rclcpp: 28.1.21 (/opt/ros/jazzy/share/rclcpp/cmake)
-- Found rosidl_generator_c: 4.6.9 (/opt/ros/jazzy/share/rosidl_generator_c/cmake)
-- Found rosidl_generator_cpp: 4.6.9 (/opt/ros/jazzy/share/rosidl_generator_cpp/cmake)
-- Using all available rosidl_typesupport_c: rosidl_typesupport_fastrtps_c;rosidl_typesupport_introspection_c
-- Using all available rosidl_typesupport_cpp: rosidl_typesupport_fastrtps_cpp;rosidl_typesupport_introspection_cpp
-- Found rmw_implementation_cmake: 7.3.3 (/opt/ros/jazzy/share/rmw_implementation_cmake/cmake)
-- Found rmw_fastrtps_cpp: 8.4.4 (/opt/ros/jazzy/share/rmw_fastrtps_cpp/cmake)
-- Using RMW implementation 'rmw_fastrtps_cpp' as default
-- Found rclcpp_action: 28.1.21 (/opt/ros/jazzy/share/rclcpp_action/cmake)
-- Found control_msgs: 5.9.0 (/opt/ros/jazzy/share/control_msgs/cmake)
-- Found moveit_ros_planning_interface: 2.12.4 (/opt/ros/jazzy/share/moveit_ros_planning_interface/cmake)
-- Found Boost: /usr/lib/x86_64-linux-gnu/cmake/Boost-1.83.0/BoostConfig.cmake (found version "1.83.0") found components: date_time filesystem program_options system thread 
-- Found Boost: /usr/lib/x86_64-linux-gnu/cmake/Boost-1.83.0/BoostConfig.cmake (found version "1.83.0") found components: chrono date_time filesystem iostreams program_options regex serialization system thread 
-- Found parameter_traits: 0.7.3 (/opt/ros/jazzy/share/parameter_traits/cmake)
-- Found rclcpp_lifecycle: 28.1.21 (/opt/ros/jazzy/share/rclcpp_lifecycle/cmake)
-- Ensuring Eigen3 include directory is part of orocos-kdl CMake target
-- Found Boost: /usr/lib/x86_64-linux-gnu/cmake/Boost-1.83.0/BoostConfig.cmake (found version "1.83.0") found components: system filesystem date_time program_options thread chrono 
-- Found Boost: /usr/lib/x86_64-linux-gnu/cmake/Boost-1.83.0/BoostConfig.cmake (found version "1.83.0") found components: thread system filesystem regex date_time program_options 
-- Found Boost: /usr/lib/x86_64-linux-gnu/cmake/Boost-1.83.0/BoostConfig.cmake (found version "1.83.0") found components: system filesystem date_time program_options thread 
-- Found warehouse_interfaces: 0.1.0 (/home/agonb/Desktop/Robotica1-26/robotics/final_ws/install/warehouse_interfaces/share/warehouse_interfaces/cmake)
-- Configuring done (1.0s)
-- Generating done (0.0s)
-- Build files have been written to: /home/agonb/Desktop/Robotica1-26/robotics/final_ws/build/warehouse_manipulation
[ 25%] Building CXX object CMakeFiles/place_product_server.dir/src/place_product_server.cpp.o
[ 75%] Built target demo_pick_place
